[ 2016-12-26T09:21:05+08:00 ] 127.0.0.1 /shanghua/index.php/home
INFO: [ app_init ] --START--
INFO: Run Behavior\BuildLiteBehavior [ RunTime:0.000048s ]
INFO: [ app_init ] --END-- [ RunTime:0.012292s ]
INFO: [ app_begin ] --START--
INFO: Run Behavior\ReadHtmlCacheBehavior [ RunTime:0.015654s ]
INFO: [ app_begin ] --END-- [ RunTime:0.015898s ]
SQL: SHOW COLUMNS FROM `news` [ RunTime:0.0379s ]
SQL: SELECT * FROM `news`  [ RunTime:0.0012s ]
SQL: SHOW COLUMNS FROM `product` [ RunTime:0.0363s ]
SQL: SELECT * FROM `product`  [ RunTime:0.0016s ]
INFO: [ view_parse ] --START--
INFO: [ template_filter ] --START--
INFO: Run Behavior\ContentReplaceBehavior [ RunTime:0.000611s ]
INFO: [ template_filter ] --END-- [ RunTime:0.000901s ]
INFO: Run Behavior\ParseTemplateBehavior [ RunTime:0.166511s ]
INFO: [ view_parse ] --END-- [ RunTime:0.166898s ]
INFO: [ view_filter ] --START--
INFO: Run Behavior\WriteHtmlCacheBehavior [ RunTime:0.012304s ]
INFO: [ view_filter ] --END-- [ RunTime:0.012480s ]
INFO: [ app_end ] --START--
INFO: Run Behavior\ShowPageTraceBehavior [ RunTime:0.034511s ]
INFO: [ app_end ] --END-- [ RunTime:0.034767s ]

[ 2016-12-26T14:14:39+08:00 ] 127.0.0.1 /shanghua/index.php/home
INFO: [ app_init ] --START--
INFO: Run Behavior\BuildLiteBehavior [ RunTime:0.000030s ]
INFO: [ app_init ] --END-- [ RunTime:0.035405s ]
INFO: [ app_begin ] --START--
INFO: Run Behavior\ReadHtmlCacheBehavior [ RunTime:0.015058s ]
INFO: [ app_begin ] --END-- [ RunTime:0.015226s ]
SQL: SHOW COLUMNS FROM `news` [ RunTime:0.0492s ]
SQL: SELECT * FROM `news`  [ RunTime:0.0022s ]
SQL: SHOW COLUMNS FROM `product` [ RunTime:0.0707s ]
SQL: SELECT * FROM `product`  [ RunTime:0.0043s ]
INFO: [ view_parse ] --START--
INFO: [ template_filter ] --START--
INFO: Run Behavior\ContentReplaceBehavior [ RunTime:0.000463s ]
INFO: [ template_filter ] --END-- [ RunTime:0.000662s ]
INFO: Run Behavior\ParseTemplateBehavior [ RunTime:0.146562s ]
INFO: [ view_parse ] --END-- [ RunTime:0.146844s ]
INFO: [ view_filter ] --START--
INFO: Run Behavior\WriteHtmlCacheBehavior [ RunTime:0.017466s ]
INFO: [ view_filter ] --END-- [ RunTime:0.017858s ]
INFO: [ app_end ] --START--
INFO: Run Behavior\ShowPageTraceBehavior [ RunTime:0.040635s ]
INFO: [ app_end ] --END-- [ RunTime:0.040904s ]

[ 2016-12-26T14:15:02+08:00 ] 127.0.0.1 /shanghua/index.php/Home/Index/indexe
INFO: [ app_init ] --START--
INFO: Run Behavior\BuildLiteBehavior [ RunTime:0.000048s ]
INFO: [ app_init ] --END-- [ RunTime:0.002018s ]
INFO: [ app_begin ] --START--
INFO: Run Behavior\ReadHtmlCacheBehavior [ RunTime:0.001600s ]
INFO: [ app_begin ] --END-- [ RunTime:0.001832s ]
SQL: SHOW COLUMNS FROM `newsen` [ RunTime:0.0395s ]
SQL: SELECT * FROM `newsen`  [ RunTime:0.0013s ]
SQL: SHOW COLUMNS FROM `producten` [ RunTime:0.0460s ]
SQL: SELECT * FROM `producten`  [ RunTime:0.0020s ]
INFO: [ view_parse ] --START--
INFO: [ template_filter ] --START--
INFO: Run Behavior\ContentReplaceBehavior [ RunTime:0.000536s ]
INFO: [ template_filter ] --END-- [ RunTime:0.000749s ]
INFO: Run Behavior\ParseTemplateBehavior [ RunTime:0.069768s ]
INFO: [ view_parse ] --END-- [ RunTime:0.069983s ]
INFO: [ view_filter ] --START--
INFO: Run Behavior\WriteHtmlCacheBehavior [ RunTime:0.000725s ]
INFO: [ view_filter ] --END-- [ RunTime:0.000882s ]
INFO: [ app_end ] --START--
INFO: Run Behavior\ShowPageTraceBehavior [ RunTime:0.002004s ]
INFO: [ app_end ] --END-- [ RunTime:0.002229s ]

[ 2016-12-26T14:15:13+08:00 ] 127.0.0.1 /shanghua/index.php/Home/Product/producte
INFO: [ app_init ] --START--
INFO: Run Behavior\BuildLiteBehavior [ RunTime:0.000047s ]
INFO: [ app_init ] --END-- [ RunTime:0.001322s ]
INFO: [ app_begin ] --START--
INFO: Run Behavior\ReadHtmlCacheBehavior [ RunTime:0.001888s ]
INFO: [ app_begin ] --END-- [ RunTime:0.002098s ]
SQL: SHOW COLUMNS FROM `producten` [ RunTime:0.0163s ]
SQL: SELECT * FROM `producten`  [ RunTime:0.0021s ]
INFO: [ view_parse ] --START--
INFO: [ template_filter ] --START--
INFO: Run Behavior\ContentReplaceBehavior [ RunTime:0.000407s ]
INFO: [ template_filter ] --END-- [ RunTime:0.000637s ]
INFO: Run Behavior\ParseTemplateBehavior [ RunTime:0.110090s ]
INFO: [ view_parse ] --END-- [ RunTime:0.110317s ]
INFO: [ view_filter ] --START--
INFO: Run Behavior\WriteHtmlCacheBehavior [ RunTime:0.001148s ]
INFO: [ view_filter ] --END-- [ RunTime:0.001308s ]
INFO: [ app_end ] --START--
INFO: Run Behavior\ShowPageTraceBehavior [ RunTime:0.003691s ]
INFO: [ app_end ] --END-- [ RunTime:0.003929s ]

[ 2016-12-26T14:42:06+08:00 ] 127.0.0.1 /shanghua/index.php
INFO: [ app_init ] --START--
INFO: Run Behavior\BuildLiteBehavior [ RunTime:0.000060s ]
INFO: [ app_init ] --END-- [ RunTime:0.002507s ]
INFO: [ app_begin ] --START--
INFO: Run Behavior\ReadHtmlCacheBehavior [ RunTime:0.003453s ]
INFO: [ app_begin ] --END-- [ RunTime:0.003769s ]
ERR: SQLSTATE[28000] [1045] Access denied for user 'root'@'localhost' (using password: YES)

[ 2016-12-26T14:44:30+08:00 ] 127.0.0.1 /shanghua/index.php
INFO: [ app_init ] --START--
INFO: Run Behavior\BuildLiteBehavior [ RunTime:0.000046s ]
INFO: [ app_init ] --END-- [ RunTime:0.001769s ]
INFO: [ app_begin ] --START--
INFO: Run Behavior\ReadHtmlCacheBehavior [ RunTime:0.004914s ]
INFO: [ app_begin ] --END-- [ RunTime:0.005164s ]
SQL: SHOW COLUMNS FROM `news` [ RunTime:0.0814s ]
SQL: SELECT * FROM `news`  [ RunTime:0.0020s ]
SQL: SHOW COLUMNS FROM `product` [ RunTime:0.0972s ]
SQL: SELECT * FROM `product`  [ RunTime:0.0027s ]
INFO: [ view_parse ] --START--
INFO: [ template_filter ] --START--
INFO: Run Behavior\ContentReplaceBehavior [ RunTime:0.000648s ]
INFO: [ template_filter ] --END-- [ RunTime:0.000895s ]
INFO: Run Behavior\ParseTemplateBehavior [ RunTime:0.112959s ]
INFO: [ view_parse ] --END-- [ RunTime:0.113228s ]
INFO: [ view_filter ] --START--
INFO: Run Behavior\WriteHtmlCacheBehavior [ RunTime:0.001970s ]
INFO: [ view_filter ] --END-- [ RunTime:0.002179s ]
INFO: [ app_end ] --START--
INFO: Run Behavior\ShowPageTraceBehavior [ RunTime:0.004513s ]
INFO: [ app_end ] --END-- [ RunTime:0.005510s ]

[ 2016-12-26T14:45:00+08:00 ] 127.0.0.1 /shanghua/index.php/Home/Index/indexe
INFO: [ app_init ] --START--
INFO: Run Behavior\BuildLiteBehavior [ RunTime:0.000054s ]
INFO: [ app_init ] --END-- [ RunTime:0.003090s ]
INFO: [ app_begin ] --START--
INFO: Run Behavior\ReadHtmlCacheBehavior [ RunTime:0.003136s ]
INFO: [ app_begin ] --END-- [ RunTime:0.003423s ]
SQL: SHOW COLUMNS FROM `newsen` [ RunTime:0.1161s ]
SQL: SELECT * FROM `newsen`  [ RunTime:0.0023s ]
SQL: SHOW COLUMNS FROM `producten` [ RunTime:0.1075s ]
SQL: SELECT * FROM `producten`  [ RunTime:0.0041s ]
INFO: [ view_parse ] --START--
INFO: [ template_filter ] --START--
INFO: Run Behavior\ContentReplaceBehavior [ RunTime:0.000526s ]
INFO: [ template_filter ] --END-- [ RunTime:0.000758s ]
INFO: Run Behavior\ParseTemplateBehavior [ RunTime:0.081739s ]
INFO: [ view_parse ] --END-- [ RunTime:0.081974s ]
INFO: [ view_filter ] --START--
INFO: Run Behavior\WriteHtmlCacheBehavior [ RunTime:0.001689s ]
INFO: [ view_filter ] --END-- [ RunTime:0.001872s ]
INFO: [ app_end ] --START--
INFO: Run Behavior\ShowPageTraceBehavior [ RunTime:0.011450s ]
INFO: [ app_end ] --END-- [ RunTime:0.012146s ]

[ 2016-12-26T14:46:19+08:00 ] 127.0.0.1 /shanghua/index.php
INFO: [ app_init ] --START--
INFO: Run Behavior\BuildLiteBehavior [ RunTime:0.000047s ]
INFO: [ app_init ] --END-- [ RunTime:0.001819s ]
INFO: [ app_begin ] --START--
INFO: Run Behavior\ReadHtmlCacheBehavior [ RunTime:0.007540s ]
INFO: [ app_begin ] --END-- [ RunTime:0.008020s ]
SQL: SHOW COLUMNS FROM `news` [ RunTime:0.0488s ]
SQL: SELECT * FROM `news`  [ RunTime:0.0013s ]
SQL: SHOW COLUMNS FROM `product` [ RunTime:0.0300s ]
SQL: SELECT * FROM `product`  [ RunTime:0.0016s ]
INFO: [ view_parse ] --START--
INFO: [ template_filter ] --START--
INFO: Run Behavior\ContentReplaceBehavior [ RunTime:0.000449s ]
INFO: [ template_filter ] --END-- [ RunTime:0.000626s ]
INFO: Run Behavior\ParseTemplateBehavior [ RunTime:0.061438s ]
INFO: [ view_parse ] --END-- [ RunTime:0.061611s ]
INFO: [ view_filter ] --START--
INFO: Run Behavior\WriteHtmlCacheBehavior [ RunTime:0.001414s ]
INFO: [ view_filter ] --END-- [ RunTime:0.001559s ]
INFO: [ app_end ] --START--
INFO: Run Behavior\ShowPageTraceBehavior [ RunTime:0.006358s ]
INFO: [ app_end ] --END-- [ RunTime:0.006552s ]

[ 2016-12-26T14:46:21+08:00 ] 127.0.0.1 /shanghua/index.php/Home/Honor/jianjie
INFO: [ app_init ] --START--
INFO: Run Behavior\BuildLiteBehavior [ RunTime:0.000032s ]
INFO: [ app_init ] --END-- [ RunTime:0.001092s ]
INFO: [ app_begin ] --START--
INFO: Run Behavior\ReadHtmlCacheBehavior [ RunTime:0.001469s ]
INFO: [ app_begin ] --END-- [ RunTime:0.001632s ]
INFO: [ view_parse ] --START--
INFO: [ template_filter ] --START--
INFO: Run Behavior\ContentReplaceBehavior [ RunTime:0.000227s ]
INFO: [ template_filter ] --END-- [ RunTime:0.000381s ]
INFO: Run Behavior\ParseTemplateBehavior [ RunTime:0.034443s ]
INFO: [ view_parse ] --END-- [ RunTime:0.034612s ]
INFO: [ view_filter ] --START--
INFO: Run Behavior\WriteHtmlCacheBehavior [ RunTime:0.001965s ]
INFO: [ view_filter ] --END-- [ RunTime:0.002107s ]
INFO: [ app_end ] --START--
INFO: Run Behavior\ShowPageTraceBehavior [ RunTime:0.002149s ]
INFO: [ app_end ] --END-- [ RunTime:0.002369s ]

[ 2016-12-26T14:46:24+08:00 ] 127.0.0.1 /shanghua/index.php/Home/Honor/wenhua
INFO: [ app_init ] --START--
INFO: Run Behavior\BuildLiteBehavior [ RunTime:0.000029s ]
INFO: [ app_init ] --END-- [ RunTime:0.000883s ]
INFO: [ app_begin ] --START--
INFO: Run Behavior\ReadHtmlCacheBehavior [ RunTime:0.001271s ]
INFO: [ app_begin ] --END-- [ RunTime:0.001404s ]
INFO: [ view_parse ] --START--
INFO: [ template_filter ] --START--
INFO: Run Behavior\ContentReplaceBehavior [ RunTime:0.000221s ]
INFO: [ template_filter ] --END-- [ RunTime:0.000399s ]
INFO: Run Behavior\ParseTemplateBehavior [ RunTime:0.037699s ]
INFO: [ view_parse ] --END-- [ RunTime:0.037912s ]
INFO: [ view_filter ] --START--
INFO: Run Behavior\WriteHtmlCacheBehavior [ RunTime:0.000955s ]
INFO: [ view_filter ] --END-- [ RunTime:0.001059s ]
INFO: [ app_end ] --START--
INFO: Run Behavior\ShowPageTraceBehavior [ RunTime:0.003981s ]
INFO: [ app_end ] --END-- [ RunTime:0.004190s ]

[ 2016-12-26T14:46:28+08:00 ] 127.0.0.1 /shanghua/index.php/Home/Honor/rongyu
INFO: [ app_init ] --START--
INFO: Run Behavior\BuildLiteBehavior [ RunTime:0.000068s ]
INFO: [ app_init ] --END-- [ RunTime:0.002121s ]
INFO: [ app_begin ] --START--
INFO: Run Behavior\ReadHtmlCacheBehavior [ RunTime:0.002976s ]
INFO: [ app_begin ] --END-- [ RunTime:0.003275s ]
SQL: SHOW COLUMNS FROM `honor` [ RunTime:0.1078s ]
SQL: SELECT * FROM `honor`  [ RunTime:0.0021s ]
INFO: [ view_parse ] --START--
INFO: [ template_filter ] --START--
INFO: Run Behavior\ContentReplaceBehavior [ RunTime:0.000520s ]
INFO: [ template_filter ] --END-- [ RunTime:0.000833s ]
INFO: Run Behavior\ParseTemplateBehavior [ RunTime:0.073777s ]
INFO: [ view_parse ] --END-- [ RunTime:0.074075s ]
INFO: [ view_filter ] --START--
INFO: Run Behavior\WriteHtmlCacheBehavior [ RunTime:0.002039s ]
INFO: [ view_filter ] --END-- [ RunTime:0.002312s ]
INFO: [ app_end ] --START--
INFO: Run Behavior\ShowPageTraceBehavior [ RunTime:0.003678s ]
INFO: [ app_end ] --END-- [ RunTime:0.004008s ]

[ 2016-12-26T14:46:32+08:00 ] 127.0.0.1 /shanghua/index.php/Home/Job/join/p/1
INFO: [ app_init ] --START--
INFO: Run Behavior\BuildLiteBehavior [ RunTime:0.000065s ]
INFO: [ app_init ] --END-- [ RunTime:0.002774s ]
INFO: [ app_begin ] --START--
INFO: Run Behavior\ReadHtmlCacheBehavior [ RunTime:0.003132s ]
INFO: [ app_begin ] --END-- [ RunTime:0.003446s ]
SQL: SHOW COLUMNS FROM `job` [ RunTime:0.1240s ]
NOTIC: [2] Missing argument 1 for Think\Model::where(), called in D:\PHP\shanghua\Application\Home\Controller\JobController.class.php on line 53 and defined D:\PHP\shanghua\ThinkPHP\Library\Think\Model.class.php 第 1797 行.
NOTIC: [8] Undefined variable: where D:\PHP\shanghua\ThinkPHP\Library\Think\Model.class.php 第 1805 行.
NOTIC: [8] Undefined variable: where D:\PHP\shanghua\ThinkPHP\Library\Think\Model.class.php 第 1808 行.
NOTIC: [8] Undefined variable: where D:\PHP\shanghua\ThinkPHP\Library\Think\Model.class.php 第 1816 行.
SQL: SELECT * FROM `job` ORDER BY time desc LIMIT 0,3   [ RunTime:0.0029s ]
SQL: SELECT COUNT(*) AS tp_count FROM `job` LIMIT 1   [ RunTime:0.0019s ]
INFO: [ view_parse ] --START--
INFO: [ template_filter ] --START--
INFO: Run Behavior\ContentReplaceBehavior [ RunTime:0.000440s ]
INFO: [ template_filter ] --END-- [ RunTime:0.000680s ]
INFO: Run Behavior\ParseTemplateBehavior [ RunTime:0.078098s ]
INFO: [ view_parse ] --END-- [ RunTime:0.078382s ]
INFO: [ view_filter ] --START--
INFO: Run Behavior\WriteHtmlCacheBehavior [ RunTime:0.001524s ]
INFO: [ view_filter ] --END-- [ RunTime:0.001720s ]
INFO: [ app_end ] --START--
INFO: Run Behavior\ShowPageTraceBehavior [ RunTime:0.002462s ]
INFO: [ app_end ] --END-- [ RunTime:0.002734s ]

[ 2016-12-26T14:46:36+08:00 ] 127.0.0.1 /shanghua/index.php/Home/Product/intergrade
INFO: [ app_init ] --START--
INFO: Run Behavior\BuildLiteBehavior [ RunTime:0.000074s ]
INFO: [ app_init ] --END-- [ RunTime:0.002225s ]
INFO: [ app_begin ] --START--
INFO: Run Behavior\ReadHtmlCacheBehavior [ RunTime:0.004429s ]
INFO: [ app_begin ] --END-- [ RunTime:0.004833s ]
SQL: SHOW COLUMNS FROM `product` [ RunTime:0.0484s ]
SQL: SELECT * FROM `product`  [ RunTime:0.0031s ]
INFO: [ view_parse ] --START--
INFO: [ template_filter ] --START--
INFO: Run Behavior\ContentReplaceBehavior [ RunTime:0.000443s ]
INFO: [ template_filter ] --END-- [ RunTime:0.000725s ]
INFO: Run Behavior\ParseTemplateBehavior [ RunTime:0.062346s ]
INFO: [ view_parse ] --END-- [ RunTime:0.062671s ]
INFO: [ view_filter ] --START--
INFO: Run Behavior\WriteHtmlCacheBehavior [ RunTime:0.001849s ]
INFO: [ view_filter ] --END-- [ RunTime:0.002109s ]
INFO: [ app_end ] --START--
INFO: Run Behavior\ShowPageTraceBehavior [ RunTime:0.008797s ]
INFO: [ app_end ] --END-- [ RunTime:0.009227s ]

[ 2016-12-26T14:46:40+08:00 ] 127.0.0.1 /shanghua/index.php/Home/Product/operation
INFO: [ app_init ] --START--
INFO: Run Behavior\BuildLiteBehavior [ RunTime:0.000044s ]
INFO: [ app_init ] --END-- [ RunTime:0.001538s ]
INFO: [ app_begin ] --START--
INFO: Run Behavior\ReadHtmlCacheBehavior [ RunTime:0.002310s ]
INFO: [ app_begin ] --END-- [ RunTime:0.002520s ]
SQL: SHOW COLUMNS FROM `product` [ RunTime:0.0474s ]
SQL: SELECT * FROM `product`  [ RunTime:0.0029s ]
INFO: [ view_parse ] --START--
INFO: [ template_filter ] --START--
INFO: Run Behavior\ContentReplaceBehavior [ RunTime:0.000434s ]
INFO: [ template_filter ] --END-- [ RunTime:0.000826s ]
INFO: Run Behavior\ParseTemplateBehavior [ RunTime:0.097976s ]
INFO: [ view_parse ] --END-- [ RunTime:0.098283s ]
INFO: [ view_filter ] --START--
INFO: Run Behavior\WriteHtmlCacheBehavior [ RunTime:0.005404s ]
INFO: [ view_filter ] --END-- [ RunTime:0.005755s ]
INFO: [ app_end ] --START--
INFO: Run Behavior\ShowPageTraceBehavior [ RunTime:0.007939s ]
INFO: [ app_end ] --END-- [ RunTime:0.008311s ]

[ 2016-12-26T14:46:45+08:00 ] 127.0.0.1 /shanghua/index.php/Home/New/company/p/1
INFO: [ app_init ] --START--
INFO: Run Behavior\BuildLiteBehavior [ RunTime:0.000071s ]
INFO: [ app_init ] --END-- [ RunTime:0.004705s ]
INFO: [ app_begin ] --START--
INFO: Run Behavior\ReadHtmlCacheBehavior [ RunTime:0.002937s ]
INFO: [ app_begin ] --END-- [ RunTime:0.003248s ]
SQL: SHOW COLUMNS FROM `news` [ RunTime:0.0493s ]
NOTIC: [2] Missing argument 1 for Think\Model::where(), called in D:\PHP\shanghua\Application\Home\Controller\NewController.class.php on line 10 and defined D:\PHP\shanghua\ThinkPHP\Library\Think\Model.class.php 第 1797 行.
NOTIC: [8] Undefined variable: where D:\PHP\shanghua\ThinkPHP\Library\Think\Model.class.php 第 1805 行.
NOTIC: [8] Undefined variable: where D:\PHP\shanghua\ThinkPHP\Library\Think\Model.class.php 第 1808 行.
NOTIC: [8] Undefined variable: where D:\PHP\shanghua\ThinkPHP\Library\Think\Model.class.php 第 1816 行.
SQL: SELECT * FROM `news` ORDER BY time desc LIMIT 0,3   [ RunTime:0.0023s ]
SQL: SELECT COUNT(*) AS tp_count FROM `news` LIMIT 1   [ RunTime:0.0015s ]
INFO: [ view_parse ] --START--
INFO: [ template_filter ] --START--
INFO: Run Behavior\ContentReplaceBehavior [ RunTime:0.000528s ]
INFO: [ template_filter ] --END-- [ RunTime:0.000813s ]
NOTIC: [8] Use of undefined constant ture - assumed 'ture' D:\PHP\shanghua\Application\Runtime\Cache\Home\119279b27ec7e72f58d56ac028020dbd.php 第 188 行.
NOTIC: [8] Use of undefined constant ture - assumed 'ture' D:\PHP\shanghua\Application\Runtime\Cache\Home\119279b27ec7e72f58d56ac028020dbd.php 第 188 行.
NOTIC: [8] Use of undefined constant ture - assumed 'ture' D:\PHP\shanghua\Application\Runtime\Cache\Home\119279b27ec7e72f58d56ac028020dbd.php 第 188 行.
INFO: Run Behavior\ParseTemplateBehavior [ RunTime:0.082621s ]
INFO: [ view_parse ] --END-- [ RunTime:0.082915s ]
INFO: [ view_filter ] --START--
INFO: Run Behavior\WriteHtmlCacheBehavior [ RunTime:0.002216s ]
INFO: [ view_filter ] --END-- [ RunTime:0.002610s ]
INFO: [ app_end ] --START--
INFO: Run Behavior\ShowPageTraceBehavior [ RunTime:0.004942s ]
INFO: [ app_end ] --END-- [ RunTime:0.005486s ]

[ 2016-12-26T14:46:48+08:00 ] 127.0.0.1 /shanghua/index.php/Home/Honor/jianjie
INFO: [ app_init ] --START--
INFO: Run Behavior\BuildLiteBehavior [ RunTime:0.000053s ]
INFO: [ app_init ] --END-- [ RunTime:0.001874s ]
INFO: [ app_begin ] --START--
INFO: Run Behavior\ReadHtmlCacheBehavior [ RunTime:0.002607s ]
INFO: [ app_begin ] --END-- [ RunTime:0.002871s ]
INFO: [ view_parse ] --START--
INFO: [ template_filter ] --START--
INFO: Run Behavior\ContentReplaceBehavior [ RunTime:0.000403s ]
INFO: [ template_filter ] --END-- [ RunTime:0.000650s ]
INFO: Run Behavior\ParseTemplateBehavior [ RunTime:0.062662s ]
INFO: [ view_parse ] --END-- [ RunTime:0.062932s ]
INFO: [ view_filter ] --START--
INFO: Run Behavior\WriteHtmlCacheBehavior [ RunTime:0.001456s ]
INFO: [ view_filter ] --END-- [ RunTime:0.001657s ]
INFO: [ app_end ] --START--
INFO: Run Behavior\ShowPageTraceBehavior [ RunTime:0.003486s ]
INFO: [ app_end ] --END-- [ RunTime:0.008526s ]

[ 2016-12-26T14:46:51+08:00 ] 127.0.0.1 /shanghua/index.php/Home/Honor/wenhua
INFO: [ app_init ] --START--
INFO: Run Behavior\BuildLiteBehavior [ RunTime:0.000070s ]
INFO: [ app_init ] --END-- [ RunTime:0.004045s ]
INFO: [ app_begin ] --START--
INFO: Run Behavior\ReadHtmlCacheBehavior [ RunTime:0.003137s ]
INFO: [ app_begin ] --END-- [ RunTime:0.003463s ]
INFO: [ view_parse ] --START--
INFO: [ template_filter ] --START--
INFO: Run Behavior\ContentReplaceBehavior [ RunTime:0.000450s ]
INFO: [ template_filter ] --END-- [ RunTime:0.000761s ]
INFO: Run Behavior\ParseTemplateBehavior [ RunTime:0.075312s ]
INFO: [ view_parse ] --END-- [ RunTime:0.075686s ]
INFO: [ view_filter ] --START--
INFO: Run Behavior\WriteHtmlCacheBehavior [ RunTime:0.003186s ]
INFO: [ view_filter ] --END-- [ RunTime:0.003479s ]
INFO: [ app_end ] --START--
INFO: Run Behavior\ShowPageTraceBehavior [ RunTime:0.015227s ]
INFO: [ app_end ] --END-- [ RunTime:0.015627s ]

[ 2016-12-26T14:46:55+08:00 ] 127.0.0.1 /shanghua/index.php/Home/Honor/rongyu
INFO: [ app_init ] --START--
INFO: Run Behavior\BuildLiteBehavior [ RunTime:0.000067s ]
INFO: [ app_init ] --END-- [ RunTime:0.004137s ]
INFO: [ app_begin ] --START--
INFO: Run Behavior\ReadHtmlCacheBehavior [ RunTime:0.005902s ]
INFO: [ app_begin ] --END-- [ RunTime:0.006233s ]
SQL: SHOW COLUMNS FROM `honor` [ RunTime:0.0483s ]
SQL: SELECT * FROM `honor`  [ RunTime:0.0018s ]
INFO: [ view_parse ] --START--
INFO: [ template_filter ] --START--
INFO: Run Behavior\ContentReplaceBehavior [ RunTime:0.000528s ]
INFO: [ template_filter ] --END-- [ RunTime:0.000925s ]
INFO: Run Behavior\ParseTemplateBehavior [ RunTime:0.073667s ]
INFO: [ view_parse ] --END-- [ RunTime:0.074032s ]
INFO: [ view_filter ] --START--
INFO: Run Behavior\WriteHtmlCacheBehavior [ RunTime:0.001886s ]
INFO: [ view_filter ] --END-- [ RunTime:0.002158s ]
INFO: [ app_end ] --START--
INFO: Run Behavior\ShowPageTraceBehavior [ RunTime:0.007209s ]
INFO: [ app_end ] --END-- [ RunTime:0.007508s ]

[ 2016-12-26T14:46:59+08:00 ] 127.0.0.1 /shanghua/index.php/Home/Job/join/p/1
INFO: [ app_init ] --START--
INFO: Run Behavior\BuildLiteBehavior [ RunTime:0.000044s ]
INFO: [ app_init ] --END-- [ RunTime:0.001423s ]
INFO: [ app_begin ] --START--
INFO: Run Behavior\ReadHtmlCacheBehavior [ RunTime:0.004729s ]
INFO: [ app_begin ] --END-- [ RunTime:0.005419s ]
SQL: SHOW COLUMNS FROM `job` [ RunTime:0.0410s ]
NOTIC: [2] Missing argument 1 for Think\Model::where(), called in D:\PHP\shanghua\Application\Home\Controller\JobController.class.php on line 53 and defined D:\PHP\shanghua\ThinkPHP\Library\Think\Model.class.php 第 1797 行.
NOTIC: [8] Undefined variable: where D:\PHP\shanghua\ThinkPHP\Library\Think\Model.class.php 第 1805 行.
NOTIC: [8] Undefined variable: where D:\PHP\shanghua\ThinkPHP\Library\Think\Model.class.php 第 1808 行.
NOTIC: [8] Undefined variable: where D:\PHP\shanghua\ThinkPHP\Library\Think\Model.class.php 第 1816 行.
SQL: SELECT * FROM `job` ORDER BY time desc LIMIT 0,3   [ RunTime:0.0024s ]
SQL: SELECT COUNT(*) AS tp_count FROM `job` LIMIT 1   [ RunTime:0.0012s ]
INFO: [ view_parse ] --START--
INFO: [ template_filter ] --START--
INFO: Run Behavior\ContentReplaceBehavior [ RunTime:0.000450s ]
INFO: [ template_filter ] --END-- [ RunTime:0.000687s ]
INFO: Run Behavior\ParseTemplateBehavior [ RunTime:0.063712s ]
INFO: [ view_parse ] --END-- [ RunTime:0.063979s ]
INFO: [ view_filter ] --START--
INFO: Run Behavior\WriteHtmlCacheBehavior [ RunTime:0.001489s ]
INFO: [ view_filter ] --END-- [ RunTime:0.001684s ]
INFO: [ app_end ] --START--
INFO: Run Behavior\ShowPageTraceBehavior [ RunTime:0.003728s ]
INFO: [ app_end ] --END-- [ RunTime:0.004414s ]

[ 2016-12-26T14:47:07+08:00 ] 127.0.0.1 /shanghua/index.php/Home/Product/intergrade
INFO: [ app_init ] --START--
INFO: Run Behavior\BuildLiteBehavior [ RunTime:0.000053s ]
INFO: [ app_init ] --END-- [ RunTime:0.002135s ]
INFO: [ app_begin ] --START--
INFO: Run Behavior\ReadHtmlCacheBehavior [ RunTime:0.003151s ]
INFO: [ app_begin ] --END-- [ RunTime:0.003675s ]
SQL: SHOW COLUMNS FROM `product` [ RunTime:0.0493s ]
SQL: SELECT * FROM `product`  [ RunTime:0.0031s ]
INFO: [ view_parse ] --START--
INFO: [ template_filter ] --START--
INFO: Run Behavior\ContentReplaceBehavior [ RunTime:0.000487s ]
INFO: [ template_filter ] --END-- [ RunTime:0.000784s ]
INFO: Run Behavior\ParseTemplateBehavior [ RunTime:0.085813s ]
INFO: [ view_parse ] --END-- [ RunTime:0.086136s ]
INFO: [ view_filter ] --START--
INFO: Run Behavior\WriteHtmlCacheBehavior [ RunTime:0.004116s ]
INFO: [ view_filter ] --END-- [ RunTime:0.004448s ]
INFO: [ app_end ] --START--
INFO: Run Behavior\ShowPageTraceBehavior [ RunTime:0.009974s ]
INFO: [ app_end ] --END-- [ RunTime:0.010355s ]

[ 2016-12-26T16:15:53+08:00 ] 127.0.0.1 /shanghua/index.php
INFO: [ app_init ] --START--
INFO: Run Behavior\BuildLiteBehavior [ RunTime:0.000044s ]
INFO: [ app_init ] --END-- [ RunTime:0.001548s ]
INFO: [ app_begin ] --START--
INFO: Run Behavior\ReadHtmlCacheBehavior [ RunTime:0.002232s ]
INFO: [ app_begin ] --END-- [ RunTime:0.002441s ]
SQL: SHOW COLUMNS FROM `news` [ RunTime:0.0242s ]
SQL: SELECT * FROM `news`  [ RunTime:0.0012s ]
SQL: SHOW COLUMNS FROM `product` [ RunTime:0.0249s ]
SQL: SELECT * FROM `product`  [ RunTime:0.0014s ]
INFO: [ view_parse ] --START--
INFO: [ template_filter ] --START--
INFO: Run Behavior\ContentReplaceBehavior [ RunTime:0.000398s ]
INFO: [ template_filter ] --END-- [ RunTime:0.000562s ]
INFO: Run Behavior\ParseTemplateBehavior [ RunTime:0.039734s ]
INFO: [ view_parse ] --END-- [ RunTime:0.039911s ]
INFO: [ view_filter ] --START--
INFO: Run Behavior\WriteHtmlCacheBehavior [ RunTime:0.001455s ]
INFO: [ view_filter ] --END-- [ RunTime:0.001586s ]
INFO: [ app_end ] --START--
INFO: Run Behavior\ShowPageTraceBehavior [ RunTime:0.002043s ]
INFO: [ app_end ] --END-- [ RunTime:0.002233s ]

[ 2016-12-26T16:36:22+08:00 ] 127.0.0.1 /shanghua/index.php
INFO: [ app_init ] --START--
INFO: Run Behavior\BuildLiteBehavior [ RunTime:0.000054s ]
INFO: [ app_init ] --END-- [ RunTime:0.002307s ]
INFO: [ app_begin ] --START--
INFO: Run Behavior\ReadHtmlCacheBehavior [ RunTime:0.004944s ]
INFO: [ app_begin ] --END-- [ RunTime:0.005222s ]
SQL: SHOW COLUMNS FROM `news` [ RunTime:0.0413s ]
SQL: SELECT * FROM `news`  [ RunTime:0.0016s ]
SQL: SHOW COLUMNS FROM `product` [ RunTime:0.0410s ]
SQL: SELECT * FROM `product`  [ RunTime:0.0023s ]
INFO: [ view_parse ] --START--
INFO: [ template_filter ] --START--
INFO: Run Behavior\ContentReplaceBehavior [ RunTime:0.000650s ]
INFO: [ template_filter ] --END-- [ RunTime:0.000907s ]
INFO: Run Behavior\ParseTemplateBehavior [ RunTime:0.074322s ]
INFO: [ view_parse ] --END-- [ RunTime:0.075433s ]
INFO: [ view_filter ] --START--
INFO: Run Behavior\WriteHtmlCacheBehavior [ RunTime:0.002267s ]
INFO: [ view_filter ] --END-- [ RunTime:0.002505s ]
INFO: [ app_end ] --START--
INFO: Run Behavior\ShowPageTraceBehavior [ RunTime:0.004704s ]
INFO: [ app_end ] --END-- [ RunTime:0.009221s ]

[ 2016-12-26T16:36:25+08:00 ] 127.0.0.1 /shanghua/index.php/Home/Honor/jianjie
INFO: [ app_init ] --START--
INFO: Run Behavior\BuildLiteBehavior [ RunTime:0.000066s ]
INFO: [ app_init ] --END-- [ RunTime:0.002696s ]
INFO: [ app_begin ] --START--
INFO: Run Behavior\ReadHtmlCacheBehavior [ RunTime:0.009459s ]
INFO: [ app_begin ] --END-- [ RunTime:0.009884s ]
INFO: [ view_parse ] --START--
INFO: [ template_filter ] --START--
INFO: Run Behavior\ContentReplaceBehavior [ RunTime:0.000491s ]
INFO: [ template_filter ] --END-- [ RunTime:0.000797s ]
INFO: Run Behavior\ParseTemplateBehavior [ RunTime:0.103098s ]
INFO: [ view_parse ] --END-- [ RunTime:0.103493s ]
INFO: [ view_filter ] --START--
INFO: Run Behavior\WriteHtmlCacheBehavior [ RunTime:0.008201s ]
INFO: [ view_filter ] --END-- [ RunTime:0.008487s ]
INFO: [ app_end ] --START--
INFO: Run Behavior\ShowPageTraceBehavior [ RunTime:0.006676s ]
INFO: [ app_end ] --END-- [ RunTime:0.006967s ]

[ 2016-12-26T16:36:28+08:00 ] 127.0.0.1 /shanghua/index.php/Home/Honor/wenhua
INFO: [ app_init ] --START--
INFO: Run Behavior\BuildLiteBehavior [ RunTime:0.000067s ]
INFO: [ app_init ] --END-- [ RunTime:0.016450s ]
INFO: [ app_begin ] --START--
INFO: Run Behavior\ReadHtmlCacheBehavior [ RunTime:0.003930s ]
INFO: [ app_begin ] --END-- [ RunTime:0.004258s ]
INFO: [ view_parse ] --START--
INFO: [ template_filter ] --START--
INFO: Run Behavior\ContentReplaceBehavior [ RunTime:0.000477s ]
INFO: [ template_filter ] --END-- [ RunTime:0.000818s ]
INFO: Run Behavior\ParseTemplateBehavior [ RunTime:0.077575s ]
INFO: [ view_parse ] --END-- [ RunTime:0.077941s ]
INFO: [ view_filter ] --START--
INFO: Run Behavior\WriteHtmlCacheBehavior [ RunTime:0.002627s ]
INFO: [ view_filter ] --END-- [ RunTime:0.002895s ]
INFO: [ app_end ] --START--
INFO: Run Behavior\ShowPageTraceBehavior [ RunTime:0.013322s ]
INFO: [ app_end ] --END-- [ RunTime:0.013818s ]

[ 2016-12-26T16:36:31+08:00 ] 127.0.0.1 /shanghua/index.php/Home/Honor/rongyu
INFO: [ app_init ] --START--
INFO: Run Behavior\BuildLiteBehavior [ RunTime:0.000087s ]
INFO: [ app_init ] --END-- [ RunTime:0.006560s ]
INFO: [ app_begin ] --START--
INFO: Run Behavior\ReadHtmlCacheBehavior [ RunTime:0.003964s ]
INFO: [ app_begin ] --END-- [ RunTime:0.004285s ]
SQL: SHOW COLUMNS FROM `honor` [ RunTime:0.0510s ]
SQL: SELECT * FROM `honor`  [ RunTime:0.0018s ]
INFO: [ view_parse ] --START--
INFO: [ template_filter ] --START--
INFO: Run Behavior\ContentReplaceBehavior [ RunTime:0.000510s ]
INFO: [ template_filter ] --END-- [ RunTime:0.000818s ]
INFO: Run Behavior\ParseTemplateBehavior [ RunTime:0.080747s ]
INFO: [ view_parse ] --END-- [ RunTime:0.081045s ]
INFO: [ view_filter ] --START--
INFO: Run Behavior\WriteHtmlCacheBehavior [ RunTime:0.002571s ]
INFO: [ view_filter ] --END-- [ RunTime:0.002841s ]
INFO: [ app_end ] --START--
INFO: Run Behavior\ShowPageTraceBehavior [ RunTime:0.014281s ]
INFO: [ app_end ] --END-- [ RunTime:0.015124s ]

[ 2016-12-26T16:36:35+08:00 ] 127.0.0.1 /shanghua/index.php/Home/Job/join/p/1
INFO: [ app_init ] --START--
INFO: Run Behavior\BuildLiteBehavior [ RunTime:0.000067s ]
INFO: [ app_init ] --END-- [ RunTime:0.002268s ]
INFO: [ app_begin ] --START--
INFO: Run Behavior\ReadHtmlCacheBehavior [ RunTime:0.006115s ]
INFO: [ app_begin ] --END-- [ RunTime:0.006747s ]
SQL: SHOW COLUMNS FROM `job` [ RunTime:0.0528s ]
NOTIC: [2] Missing argument 1 for Think\Model::where(), called in D:\PHP\shanghua\Application\Home\Controller\JobController.class.php on line 53 and defined D:\PHP\shanghua\ThinkPHP\Library\Think\Model.class.php 第 1797 行.
NOTIC: [8] Undefined variable: where D:\PHP\shanghua\ThinkPHP\Library\Think\Model.class.php 第 1805 行.
NOTIC: [8] Undefined variable: where D:\PHP\shanghua\ThinkPHP\Library\Think\Model.class.php 第 1808 行.
NOTIC: [8] Undefined variable: where D:\PHP\shanghua\ThinkPHP\Library\Think\Model.class.php 第 1816 行.
SQL: SELECT * FROM `job` ORDER BY time desc LIMIT 0,3   [ RunTime:0.0028s ]
SQL: SELECT COUNT(*) AS tp_count FROM `job` LIMIT 1   [ RunTime:0.0013s ]
INFO: [ view_parse ] --START--
INFO: [ template_filter ] --START--
INFO: Run Behavior\ContentReplaceBehavior [ RunTime:0.000548s ]
INFO: [ template_filter ] --END-- [ RunTime:0.000921s ]
INFO: Run Behavior\ParseTemplateBehavior [ RunTime:0.086361s ]
INFO: [ view_parse ] --END-- [ RunTime:0.087129s ]
INFO: [ view_filter ] --START--
INFO: Run Behavior\WriteHtmlCacheBehavior [ RunTime:0.004138s ]
INFO: [ view_filter ] --END-- [ RunTime:0.004485s ]
INFO: [ app_end ] --START--
INFO: Run Behavior\ShowPageTraceBehavior [ RunTime:0.003798s ]
INFO: [ app_end ] --END-- [ RunTime:0.004098s ]

[ 2016-12-26T16:36:39+08:00 ] 127.0.0.1 /shanghua/index.php/Home/Product/intergrade
INFO: [ app_init ] --START--
INFO: Run Behavior\BuildLiteBehavior [ RunTime:0.000064s ]
INFO: [ app_init ] --END-- [ RunTime:0.005053s ]
INFO: [ app_begin ] --START--
INFO: Run Behavior\ReadHtmlCacheBehavior [ RunTime:0.005923s ]
INFO: [ app_begin ] --END-- [ RunTime:0.006274s ]
SQL: SHOW COLUMNS FROM `product` [ RunTime:0.0411s ]
SQL: SELECT * FROM `product`  [ RunTime:0.0023s ]
INFO: [ view_parse ] --START--
INFO: [ template_filter ] --START--
INFO: Run Behavior\ContentReplaceBehavior [ RunTime:0.000374s ]
INFO: [ template_filter ] --END-- [ RunTime:0.000608s ]
INFO: Run Behavior\ParseTemplateBehavior [ RunTime:0.052635s ]
INFO: [ view_parse ] --END-- [ RunTime:0.052896s ]
INFO: [ view_filter ] --START--
INFO: Run Behavior\WriteHtmlCacheBehavior [ RunTime:0.002149s ]
INFO: [ view_filter ] --END-- [ RunTime:0.002353s ]
INFO: [ app_end ] --START--
INFO: Run Behavior\ShowPageTraceBehavior [ RunTime:0.005533s ]
INFO: [ app_end ] --END-- [ RunTime:0.006238s ]

[ 2016-12-26T16:36:42+08:00 ] 127.0.0.1 /shanghua/index.php/Home/Product/operation
INFO: [ app_init ] --START--
INFO: Run Behavior\BuildLiteBehavior [ RunTime:0.000066s ]
INFO: [ app_init ] --END-- [ RunTime:0.002491s ]
INFO: [ app_begin ] --START--
INFO: Run Behavior\ReadHtmlCacheBehavior [ RunTime:0.003959s ]
INFO: [ app_begin ] --END-- [ RunTime:0.004276s ]
SQL: SHOW COLUMNS FROM `product` [ RunTime:0.0415s ]
SQL: SELECT * FROM `product`  [ RunTime:0.0031s ]
INFO: [ view_parse ] --START--
INFO: [ template_filter ] --START--
INFO: Run Behavior\ContentReplaceBehavior [ RunTime:0.000356s ]
INFO: [ template_filter ] --END-- [ RunTime:0.000587s ]
INFO: Run Behavior\ParseTemplateBehavior [ RunTime:0.062194s ]
INFO: [ view_parse ] --END-- [ RunTime:0.062464s ]
INFO: [ view_filter ] --START--
INFO: Run Behavior\WriteHtmlCacheBehavior [ RunTime:0.002357s ]
INFO: [ view_filter ] --END-- [ RunTime:0.002589s ]
INFO: [ app_end ] --START--
INFO: Run Behavior\ShowPageTraceBehavior [ RunTime:0.038366s ]
INFO: [ app_end ] --END-- [ RunTime:0.038631s ]

[ 2016-12-26T16:36:46+08:00 ] 127.0.0.1 /shanghua/index.php/Home/New/company/p/1
INFO: [ app_init ] --START--
INFO: Run Behavior\BuildLiteBehavior [ RunTime:0.000063s ]
INFO: [ app_init ] --END-- [ RunTime:0.002798s ]
INFO: [ app_begin ] --START--
INFO: Run Behavior\ReadHtmlCacheBehavior [ RunTime:0.003766s ]
INFO: [ app_begin ] --END-- [ RunTime:0.004078s ]
SQL: SHOW COLUMNS FROM `news` [ RunTime:0.0413s ]
NOTIC: [2] Missing argument 1 for Think\Model::where(), called in D:\PHP\shanghua\Application\Home\Controller\NewController.class.php on line 10 and defined D:\PHP\shanghua\ThinkPHP\Library\Think\Model.class.php 第 1797 行.
NOTIC: [8] Undefined variable: where D:\PHP\shanghua\ThinkPHP\Library\Think\Model.class.php 第 1805 行.
NOTIC: [8] Undefined variable: where D:\PHP\shanghua\ThinkPHP\Library\Think\Model.class.php 第 1808 行.
NOTIC: [8] Undefined variable: where D:\PHP\shanghua\ThinkPHP\Library\Think\Model.class.php 第 1816 行.
SQL: SELECT * FROM `news` ORDER BY time desc LIMIT 0,3   [ RunTime:0.0018s ]
SQL: SELECT COUNT(*) AS tp_count FROM `news` LIMIT 1   [ RunTime:0.0013s ]
INFO: [ view_parse ] --START--
INFO: [ template_filter ] --START--
INFO: Run Behavior\ContentReplaceBehavior [ RunTime:0.000429s ]
INFO: [ template_filter ] --END-- [ RunTime:0.000669s ]
NOTIC: [8] Use of undefined constant ture - assumed 'ture' D:\PHP\shanghua\Application\Runtime\Cache\Home\119279b27ec7e72f58d56ac028020dbd.php 第 188 行.
NOTIC: [8] Use of undefined constant ture - assumed 'ture' D:\PHP\shanghua\Application\Runtime\Cache\Home\119279b27ec7e72f58d56ac028020dbd.php 第 188 行.
NOTIC: [8] Use of undefined constant ture - assumed 'ture' D:\PHP\shanghua\Application\Runtime\Cache\Home\119279b27ec7e72f58d56ac028020dbd.php 第 188 行.
INFO: Run Behavior\ParseTemplateBehavior [ RunTime:0.067807s ]
INFO: [ view_parse ] --END-- [ RunTime:0.068033s ]
INFO: [ view_filter ] --START--
INFO: Run Behavior\WriteHtmlCacheBehavior [ RunTime:0.002208s ]
INFO: [ view_filter ] --END-- [ RunTime:0.002434s ]
INFO: [ app_end ] --START--
INFO: Run Behavior\ShowPageTraceBehavior [ RunTime:0.012378s ]
INFO: [ app_end ] --END-- [ RunTime:0.013106s ]

[ 2016-12-26T16:36:49+08:00 ] 127.0.0.1 /shanghua/index.php/Home/Industry/industry/p/1
INFO: [ app_init ] --START--
INFO: Run Behavior\BuildLiteBehavior [ RunTime:0.000069s ]
INFO: [ app_init ] --END-- [ RunTime:0.005020s ]
INFO: [ app_begin ] --START--
INFO: Run Behavior\ReadHtmlCacheBehavior [ RunTime:0.003838s ]
INFO: [ app_begin ] --END-- [ RunTime:0.004163s ]
SQL: SHOW COLUMNS FROM `industry` [ RunTime:0.0672s ]
NOTIC: [2] Missing argument 1 for Think\Model::where(), called in D:\PHP\shanghua\Application\Home\Controller\IndustryController.class.php on line 10 and defined D:\PHP\shanghua\ThinkPHP\Library\Think\Model.class.php 第 1797 行.
NOTIC: [8] Undefined variable: where D:\PHP\shanghua\ThinkPHP\Library\Think\Model.class.php 第 1805 行.
NOTIC: [8] Undefined variable: where D:\PHP\shanghua\ThinkPHP\Library\Think\Model.class.php 第 1808 行.
NOTIC: [8] Undefined variable: where D:\PHP\shanghua\ThinkPHP\Library\Think\Model.class.php 第 1816 行.
SQL: SELECT * FROM `industry` ORDER BY time desc LIMIT 0,3   [ RunTime:0.0018s ]
SQL: SELECT COUNT(*) AS tp_count FROM `industry` LIMIT 1   [ RunTime:0.0013s ]
INFO: [ view_parse ] --START--
INFO: [ template_filter ] --START--
INFO: Run Behavior\ContentReplaceBehavior [ RunTime:0.000450s ]
INFO: [ template_filter ] --END-- [ RunTime:0.000690s ]
NOTIC: [8] Use of undefined constant ture - assumed 'ture' D:\PHP\shanghua\Application\Runtime\Cache\Home\c26c818421f70c3910bde0a1f8de4210.php 第 186 行.
NOTIC: [8] Use of undefined constant ture - assumed 'ture' D:\PHP\shanghua\Application\Runtime\Cache\Home\c26c818421f70c3910bde0a1f8de4210.php 第 186 行.
NOTIC: [8] Use of undefined constant ture - assumed 'ture' D:\PHP\shanghua\Application\Runtime\Cache\Home\c26c818421f70c3910bde0a1f8de4210.php 第 186 行.
INFO: Run Behavior\ParseTemplateBehavior [ RunTime:0.094669s ]
INFO: [ view_parse ] --END-- [ RunTime:0.094906s ]
INFO: [ view_filter ] --START--
INFO: Run Behavior\WriteHtmlCacheBehavior [ RunTime:0.002300s ]
INFO: [ view_filter ] --END-- [ RunTime:0.002630s ]
INFO: [ app_end ] --START--
INFO: Run Behavior\ShowPageTraceBehavior [ RunTime:0.008073s ]
INFO: [ app_end ] --END-- [ RunTime:0.008398s ]

[ 2016-12-26T16:43:28+08:00 ] 127.0.0.1 /shanghua/index.php
INFO: [ app_init ] --START--
INFO: Run Behavior\BuildLiteBehavior [ RunTime:0.000034s ]
INFO: [ app_init ] --END-- [ RunTime:0.001227s ]
INFO: [ app_begin ] --START--
INFO: Run Behavior\ReadHtmlCacheBehavior [ RunTime:0.002226s ]
INFO: [ app_begin ] --END-- [ RunTime:0.002476s ]
SQL: SHOW COLUMNS FROM `news` [ RunTime:0.0297s ]
SQL: SELECT * FROM `news`  [ RunTime:0.0010s ]
SQL: SHOW COLUMNS FROM `product` [ RunTime:0.0286s ]
SQL: SELECT * FROM `product`  [ RunTime:0.0014s ]
INFO: [ view_parse ] --START--
INFO: [ template_filter ] --START--
INFO: Run Behavior\ContentReplaceBehavior [ RunTime:0.000365s ]
INFO: [ template_filter ] --END-- [ RunTime:0.000518s ]
INFO: Run Behavior\ParseTemplateBehavior [ RunTime:0.039897s ]
INFO: [ view_parse ] --END-- [ RunTime:0.040149s ]
INFO: [ view_filter ] --START--
INFO: Run Behavior\WriteHtmlCacheBehavior [ RunTime:0.001897s ]
INFO: [ view_filter ] --END-- [ RunTime:0.002036s ]
INFO: [ app_end ] --START--
INFO: Run Behavior\ShowPageTraceBehavior [ RunTime:0.002009s ]
INFO: [ app_end ] --END-- [ RunTime:0.002187s ]

[ 2016-12-26T16:55:03+08:00 ] 127.0.0.1 /shanghua/index.php/Home/Index/index
INFO: [ app_init ] --START--
INFO: Run Behavior\BuildLiteBehavior [ RunTime:0.000035s ]
INFO: [ app_init ] --END-- [ RunTime:0.001079s ]
INFO: [ app_begin ] --START--
INFO: Run Behavior\ReadHtmlCacheBehavior [ RunTime:0.008025s ]
INFO: [ app_begin ] --END-- [ RunTime:0.008209s ]
SQL: SHOW COLUMNS FROM `news` [ RunTime:0.0475s ]
SQL: SELECT * FROM `news`  [ RunTime:0.0020s ]
SQL: SHOW COLUMNS FROM `product` [ RunTime:0.0478s ]
SQL: SELECT * FROM `product`  [ RunTime:0.0030s ]
INFO: [ view_parse ] --START--
INFO: [ template_filter ] --START--
INFO: Run Behavior\ContentReplaceBehavior [ RunTime:0.000914s ]
INFO: [ template_filter ] --END-- [ RunTime:0.003077s ]
INFO: Run Behavior\ParseTemplateBehavior [ RunTime:0.093187s ]
INFO: [ view_parse ] --END-- [ RunTime:0.093499s ]
INFO: [ view_filter ] --START--
INFO: Run Behavior\WriteHtmlCacheBehavior [ RunTime:0.002289s ]
INFO: [ view_filter ] --END-- [ RunTime:0.002562s ]
INFO: [ app_end ] --START--
INFO: Run Behavior\ShowPageTraceBehavior [ RunTime:0.008974s ]
INFO: [ app_end ] --END-- [ RunTime:0.009345s ]

[ 2016-12-26T17:12:05+08:00 ] 127.0.0.1 /shanghua/index.php
INFO: [ app_init ] --START--
INFO: Run Behavior\BuildLiteBehavior [ RunTime:0.000066s ]
INFO: [ app_init ] --END-- [ RunTime:0.013038s ]
INFO: [ app_begin ] --START--
INFO: Run Behavior\ReadHtmlCacheBehavior [ RunTime:0.005398s ]
INFO: [ app_begin ] --END-- [ RunTime:0.005976s ]
SQL: SHOW COLUMNS FROM `news` [ RunTime:0.0385s ]
SQL: SELECT * FROM `news`  [ RunTime:0.0019s ]
SQL: SHOW COLUMNS FROM `product` [ RunTime:0.0381s ]
SQL: SELECT * FROM `product`  [ RunTime:0.0024s ]
INFO: [ view_parse ] --START--
INFO: [ template_filter ] --START--
INFO: Run Behavior\ContentReplaceBehavior [ RunTime:0.000659s ]
INFO: [ template_filter ] --END-- [ RunTime:0.000926s ]
INFO: Run Behavior\ParseTemplateBehavior [ RunTime:0.073277s ]
INFO: [ view_parse ] --END-- [ RunTime:0.073522s ]
INFO: [ view_filter ] --START--
INFO: Run Behavior\WriteHtmlCacheBehavior [ RunTime:0.002423s ]
INFO: [ view_filter ] --END-- [ RunTime:0.002658s ]
INFO: [ app_end ] --START--
INFO: Run Behavior\ShowPageTraceBehavior [ RunTime:0.010702s ]
INFO: [ app_end ] --END-- [ RunTime:0.011118s ]

[ 2016-12-26T17:12:09+08:00 ] 127.0.0.1 /shanghua/index.php/Home/New/company/p/1
INFO: [ app_init ] --START--
INFO: Run Behavior\BuildLiteBehavior [ RunTime:0.000046s ]
INFO: [ app_init ] --END-- [ RunTime:0.001491s ]
INFO: [ app_begin ] --START--
INFO: Run Behavior\ReadHtmlCacheBehavior [ RunTime:0.002589s ]
INFO: [ app_begin ] --END-- [ RunTime:0.002893s ]
SQL: SHOW COLUMNS FROM `news` [ RunTime:0.0298s ]
NOTIC: [2] Missing argument 1 for Think\Model::where(), called in D:\PHP\shanghua\Application\Home\Controller\NewController.class.php on line 10 and defined D:\PHP\shanghua\ThinkPHP\Library\Think\Model.class.php 第 1797 行.
NOTIC: [8] Undefined variable: where D:\PHP\shanghua\ThinkPHP\Library\Think\Model.class.php 第 1805 行.
NOTIC: [8] Undefined variable: where D:\PHP\shanghua\ThinkPHP\Library\Think\Model.class.php 第 1808 行.
NOTIC: [8] Undefined variable: where D:\PHP\shanghua\ThinkPHP\Library\Think\Model.class.php 第 1816 行.
SQL: SELECT * FROM `news` ORDER BY time desc LIMIT 0,3   [ RunTime:0.0015s ]
SQL: SELECT COUNT(*) AS tp_count FROM `news` LIMIT 1   [ RunTime:0.0010s ]
INFO: [ view_parse ] --START--
INFO: [ template_filter ] --START--
INFO: Run Behavior\ContentReplaceBehavior [ RunTime:0.000323s ]
INFO: [ template_filter ] --END-- [ RunTime:0.000500s ]
NOTIC: [8] Use of undefined constant ture - assumed 'ture' D:\PHP\shanghua\Application\Runtime\Cache\Home\119279b27ec7e72f58d56ac028020dbd.php 第 188 行.
NOTIC: [8] Use of undefined constant ture - assumed 'ture' D:\PHP\shanghua\Application\Runtime\Cache\Home\119279b27ec7e72f58d56ac028020dbd.php 第 188 行.
NOTIC: [8] Use of undefined constant ture - assumed 'ture' D:\PHP\shanghua\Application\Runtime\Cache\Home\119279b27ec7e72f58d56ac028020dbd.php 第 188 行.
INFO: Run Behavior\ParseTemplateBehavior [ RunTime:0.049558s ]
INFO: [ view_parse ] --END-- [ RunTime:0.049754s ]
INFO: [ view_filter ] --START--
INFO: Run Behavior\WriteHtmlCacheBehavior [ RunTime:0.001905s ]
INFO: [ view_filter ] --END-- [ RunTime:0.002083s ]
INFO: [ app_end ] --START--
INFO: Run Behavior\ShowPageTraceBehavior [ RunTime:0.003860s ]
INFO: [ app_end ] --END-- [ RunTime:0.004059s ]

[ 2016-12-26T17:12:17+08:00 ] 127.0.0.1 /shanghua/index.php/Home/Product/fengli
INFO: [ app_init ] --START--
INFO: Run Behavior\BuildLiteBehavior [ RunTime:0.000054s ]
INFO: [ app_init ] --END-- [ RunTime:0.003138s ]
INFO: [ app_begin ] --START--
INFO: Run Behavior\ReadHtmlCacheBehavior [ RunTime:0.003270s ]
INFO: [ app_begin ] --END-- [ RunTime:0.003551s ]
SQL: SHOW COLUMNS FROM `product` [ RunTime:0.0371s ]
SQL: SELECT * FROM `product`  [ RunTime:0.0024s ]
INFO: [ view_parse ] --START--
INFO: [ template_filter ] --START--
INFO: Run Behavior\ContentReplaceBehavior [ RunTime:0.000369s ]
INFO: [ template_filter ] --END-- [ RunTime:0.000598s ]
INFO: Run Behavior\ParseTemplateBehavior [ RunTime:0.070250s ]
INFO: [ view_parse ] --END-- [ RunTime:0.070507s ]
INFO: [ view_filter ] --START--
INFO: Run Behavior\WriteHtmlCacheBehavior [ RunTime:0.004022s ]
INFO: [ view_filter ] --END-- [ RunTime:0.004251s ]
INFO: [ app_end ] --START--
INFO: Run Behavior\ShowPageTraceBehavior [ RunTime:0.004578s ]
INFO: [ app_end ] --END-- [ RunTime:0.004842s ]

[ 2016-12-26T17:12:26+08:00 ] 127.0.0.1 /shanghua/index.php/Home/Success/gl
INFO: [ app_init ] --START--
INFO: Run Behavior\BuildLiteBehavior [ RunTime:0.000029s ]
INFO: [ app_init ] --END-- [ RunTime:0.000926s ]
INFO: [ app_begin ] --START--
INFO: Run Behavior\ReadHtmlCacheBehavior [ RunTime:0.001639s ]
INFO: [ app_begin ] --END-- [ RunTime:0.001794s ]
SQL: SHOW COLUMNS FROM `case` [ RunTime:0.0677s ]
SQL: SELECT * FROM `case`  [ RunTime:0.0018s ]
INFO: [ view_parse ] --START--
INFO: [ template_filter ] --START--
INFO: Run Behavior\ContentReplaceBehavior [ RunTime:0.000285s ]
INFO: [ template_filter ] --END-- [ RunTime:0.000468s ]
INFO: Run Behavior\ParseTemplateBehavior [ RunTime:0.040137s ]
INFO: [ view_parse ] --END-- [ RunTime:0.040334s ]
INFO: [ view_filter ] --START--
INFO: Run Behavior\WriteHtmlCacheBehavior [ RunTime:0.001293s ]
INFO: [ view_filter ] --END-- [ RunTime:0.001437s ]
INFO: [ app_end ] --START--
INFO: Run Behavior\ShowPageTraceBehavior [ RunTime:0.002059s ]
INFO: [ app_end ] --END-- [ RunTime:0.002245s ]

[ 2016-12-26T17:12:27+08:00 ] 127.0.0.1 /shanghua/index.php/Home/Success/[object%20HTMLDivElement]
INFO: [ app_init ] --START--
INFO: Run Behavior\BuildLiteBehavior [ RunTime:0.000032s ]
INFO: [ app_init ] --END-- [ RunTime:0.000991s ]
INFO: [ app_begin ] --START--
INFO: Run Behavior\ReadHtmlCacheBehavior [ RunTime:0.001758s ]
INFO: [ app_begin ] --END-- [ RunTime:0.001923s ]
ERR: 非法操作:[object HTMLDivElement]

[ 2016-12-26T17:12:40+08:00 ] 127.0.0.1 /shanghua/index.php/Home/Apply/apply
INFO: [ app_init ] --START--
INFO: Run Behavior\BuildLiteBehavior [ RunTime:0.000040s ]
INFO: [ app_init ] --END-- [ RunTime:0.001364s ]
INFO: [ app_begin ] --START--
INFO: Run Behavior\ReadHtmlCacheBehavior [ RunTime:0.001721s ]
INFO: [ app_begin ] --END-- [ RunTime:0.001893s ]
INFO: [ view_parse ] --START--
INFO: [ template_filter ] --START--
INFO: Run Behavior\ContentReplaceBehavior [ RunTime:0.000209s ]
INFO: [ template_filter ] --END-- [ RunTime:0.000366s ]
INFO: Run Behavior\ParseTemplateBehavior [ RunTime:0.029192s ]
INFO: [ view_parse ] --END-- [ RunTime:0.029359s ]
INFO: [ view_filter ] --START--
INFO: Run Behavior\WriteHtmlCacheBehavior [ RunTime:0.005764s ]
INFO: [ view_filter ] --END-- [ RunTime:0.005913s ]
INFO: [ app_end ] --START--
INFO: Run Behavior\ShowPageTraceBehavior [ RunTime:0.007149s ]
INFO: [ app_end ] --END-- [ RunTime:0.008320s ]

[ 2016-12-26T17:12:45+08:00 ] 127.0.0.1 /shanghua/index.php/Home/Advice/suggest
INFO: [ app_init ] --START--
INFO: Run Behavior\BuildLiteBehavior [ RunTime:0.000030s ]
INFO: [ app_init ] --END-- [ RunTime:0.001056s ]
INFO: [ app_begin ] --START--
INFO: Run Behavior\ReadHtmlCacheBehavior [ RunTime:0.003137s ]
INFO: [ app_begin ] --END-- [ RunTime:0.003315s ]
INFO: [ view_parse ] --START--
INFO: [ template_filter ] --START--
INFO: Run Behavior\ContentReplaceBehavior [ RunTime:0.000204s ]
INFO: [ template_filter ] --END-- [ RunTime:0.000368s ]
INFO: Run Behavior\ParseTemplateBehavior [ RunTime:0.067568s ]
INFO: [ view_parse ] --END-- [ RunTime:0.067781s ]
INFO: [ view_filter ] --START--
INFO: Run Behavior\WriteHtmlCacheBehavior [ RunTime:0.002761s ]
INFO: [ view_filter ] --END-- [ RunTime:0.002918s ]
INFO: [ app_end ] --START--
INFO: Run Behavior\ShowPageTraceBehavior [ RunTime:0.002700s ]
INFO: [ app_end ] --END-- [ RunTime:0.002922s ]

[ 2016-12-26T17:12:52+08:00 ] 127.0.0.1 /shanghua/index.php/Home/Contact/contact
INFO: [ app_init ] --START--
INFO: Run Behavior\BuildLiteBehavior [ RunTime:0.000035s ]
INFO: [ app_init ] --END-- [ RunTime:0.001177s ]
INFO: [ app_begin ] --START--
INFO: Run Behavior\ReadHtmlCacheBehavior [ RunTime:0.001278s ]
INFO: [ app_begin ] --END-- [ RunTime:0.001430s ]
INFO: [ view_parse ] --START--
INFO: [ template_filter ] --START--
INFO: Run Behavior\ContentReplaceBehavior [ RunTime:0.000203s ]
INFO: [ template_filter ] --END-- [ RunTime:0.000360s ]
INFO: Run Behavior\ParseTemplateBehavior [ RunTime:0.061008s ]
INFO: [ view_parse ] --END-- [ RunTime:0.061198s ]
INFO: [ view_filter ] --START--
INFO: Run Behavior\WriteHtmlCacheBehavior [ RunTime:0.000809s ]
INFO: [ view_filter ] --END-- [ RunTime:0.000924s ]
INFO: [ app_end ] --START--
INFO: Run Behavior\ShowPageTraceBehavior [ RunTime:0.003637s ]
INFO: [ app_end ] --END-- [ RunTime:0.005767s ]

[ 2016-12-26T17:12:57+08:00 ] 127.0.0.1 /shanghua/index.php/Home/Contact/contacte
INFO: [ app_init ] --START--
INFO: Run Behavior\BuildLiteBehavior [ RunTime:0.000037s ]
INFO: [ app_init ] --END-- [ RunTime:0.001014s ]
INFO: [ app_begin ] --START--
INFO: Run Behavior\ReadHtmlCacheBehavior [ RunTime:0.002591s ]
INFO: [ app_begin ] --END-- [ RunTime:0.002864s ]
INFO: [ view_parse ] --START--
INFO: [ template_filter ] --START--
INFO: Run Behavior\ContentReplaceBehavior [ RunTime:0.000200s ]
INFO: [ template_filter ] --END-- [ RunTime:0.000365s ]
INFO: Run Behavior\ParseTemplateBehavior [ RunTime:0.033596s ]
INFO: [ view_parse ] --END-- [ RunTime:0.033793s ]
INFO: [ view_filter ] --START--
INFO: Run Behavior\WriteHtmlCacheBehavior [ RunTime:0.001235s ]
INFO: [ view_filter ] --END-- [ RunTime:0.001377s ]
INFO: [ app_end ] --START--
INFO: Run Behavior\ShowPageTraceBehavior [ RunTime:0.003219s ]
INFO: [ app_end ] --END-- [ RunTime:0.003450s ]

[ 2016-12-26T17:13:02+08:00 ] 127.0.0.1 /shanghua/index.php/Home/Honor/jianjiee
INFO: [ app_init ] --START--
INFO: Run Behavior\BuildLiteBehavior [ RunTime:0.000039s ]
INFO: [ app_init ] --END-- [ RunTime:0.001541s ]
INFO: [ app_begin ] --START--
INFO: Run Behavior\ReadHtmlCacheBehavior [ RunTime:0.001744s ]
INFO: [ app_begin ] --END-- [ RunTime:0.001946s ]
INFO: [ view_parse ] --START--
INFO: [ template_filter ] --START--
INFO: Run Behavior\ContentReplaceBehavior [ RunTime:0.000368s ]
INFO: [ template_filter ] --END-- [ RunTime:0.000561s ]
INFO: Run Behavior\ParseTemplateBehavior [ RunTime:0.050667s ]
INFO: [ view_parse ] --END-- [ RunTime:0.050867s ]
INFO: [ view_filter ] --START--
INFO: Run Behavior\WriteHtmlCacheBehavior [ RunTime:0.001624s ]
INFO: [ view_filter ] --END-- [ RunTime:0.001807s ]
INFO: [ app_end ] --START--
INFO: Run Behavior\ShowPageTraceBehavior [ RunTime:0.003779s ]
INFO: [ app_end ] --END-- [ RunTime:0.003996s ]

[ 2016-12-26T17:13:06+08:00 ] 127.0.0.1 /shanghua/index.php/Home/Honor/jianjie
INFO: [ app_init ] --START--
INFO: Run Behavior\BuildLiteBehavior [ RunTime:0.000037s ]
INFO: [ app_init ] --END-- [ RunTime:0.001161s ]
INFO: [ app_begin ] --START--
INFO: Run Behavior\ReadHtmlCacheBehavior [ RunTime:0.001912s ]
INFO: [ app_begin ] --END-- [ RunTime:0.002101s ]
INFO: [ view_parse ] --START--
INFO: [ template_filter ] --START--
INFO: Run Behavior\ContentReplaceBehavior [ RunTime:0.000230s ]
INFO: [ template_filter ] --END-- [ RunTime:0.000383s ]
INFO: Run Behavior\ParseTemplateBehavior [ RunTime:0.036854s ]
INFO: [ view_parse ] --END-- [ RunTime:0.037037s ]
INFO: [ view_filter ] --START--
INFO: Run Behavior\WriteHtmlCacheBehavior [ RunTime:0.001264s ]
INFO: [ view_filter ] --END-- [ RunTime:0.001398s ]
INFO: [ app_end ] --START--
INFO: Run Behavior\ShowPageTraceBehavior [ RunTime:0.002630s ]
INFO: [ app_end ] --END-- [ RunTime:0.002810s ]

[ 2016-12-26T17:13:24+08:00 ] 127.0.0.1 /shanghua/index.php/Home/Product/lvse
INFO: [ app_init ] --START--
INFO: Run Behavior\BuildLiteBehavior [ RunTime:0.000067s ]
INFO: [ app_init ] --END-- [ RunTime:0.002195s ]
INFO: [ app_begin ] --START--
INFO: Run Behavior\ReadHtmlCacheBehavior [ RunTime:0.004191s ]
INFO: [ app_begin ] --END-- [ RunTime:0.004522s ]
SQL: SHOW COLUMNS FROM `product` [ RunTime:0.0403s ]
SQL: SELECT * FROM `product`  [ RunTime:0.0024s ]
INFO: [ view_parse ] --START--
INFO: [ template_filter ] --START--
INFO: Run Behavior\ContentReplaceBehavior [ RunTime:0.000416s ]
INFO: [ template_filter ] --END-- [ RunTime:0.000681s ]
INFO: Run Behavior\ParseTemplateBehavior [ RunTime:0.077018s ]
INFO: [ view_parse ] --END-- [ RunTime:0.077257s ]
INFO: [ view_filter ] --START--
INFO: Run Behavior\WriteHtmlCacheBehavior [ RunTime:0.002127s ]
INFO: [ view_filter ] --END-- [ RunTime:0.002325s ]
INFO: [ app_end ] --START--
INFO: Run Behavior\ShowPageTraceBehavior [ RunTime:0.011051s ]
INFO: [ app_end ] --END-- [ RunTime:0.011315s ]

[ 2016-12-26T17:13:42+08:00 ] 127.0.0.1 /shanghua/index.php/Home/Index/index
INFO: [ app_init ] --START--
INFO: Run Behavior\BuildLiteBehavior [ RunTime:0.000029s ]
INFO: [ app_init ] --END-- [ RunTime:0.000928s ]
INFO: [ app_begin ] --START--
INFO: Run Behavior\ReadHtmlCacheBehavior [ RunTime:0.001741s ]
INFO: [ app_begin ] --END-- [ RunTime:0.001979s ]
SQL: SHOW COLUMNS FROM `news` [ RunTime:0.0270s ]
SQL: SELECT * FROM `news`  [ RunTime:0.0011s ]
SQL: SHOW COLUMNS FROM `product` [ RunTime:0.0267s ]
SQL: SELECT * FROM `product`  [ RunTime:0.0014s ]
INFO: [ view_parse ] --START--
INFO: [ template_filter ] --START--
INFO: Run Behavior\ContentReplaceBehavior [ RunTime:0.000364s ]
INFO: [ template_filter ] --END-- [ RunTime:0.000520s ]
INFO: Run Behavior\ParseTemplateBehavior [ RunTime:0.038769s ]
INFO: [ view_parse ] --END-- [ RunTime:0.039141s ]
INFO: [ view_filter ] --START--
INFO: Run Behavior\WriteHtmlCacheBehavior [ RunTime:0.001255s ]
INFO: [ view_filter ] --END-- [ RunTime:0.001401s ]
INFO: [ app_end ] --START--
INFO: Run Behavior\ShowPageTraceBehavior [ RunTime:0.001781s ]
INFO: [ app_end ] --END-- [ RunTime:0.001967s ]

[ 2016-12-26T17:13:45+08:00 ] 127.0.0.1 /shanghua/index.php/Home/Index/indexe
INFO: [ app_init ] --START--
INFO: Run Behavior\BuildLiteBehavior [ RunTime:0.000027s ]
INFO: [ app_init ] --END-- [ RunTime:0.000879s ]
INFO: [ app_begin ] --START--
INFO: Run Behavior\ReadHtmlCacheBehavior [ RunTime:0.002649s ]
INFO: [ app_begin ] --END-- [ RunTime:0.003455s ]
SQL: SHOW COLUMNS FROM `newsen` [ RunTime:0.0252s ]
SQL: SELECT * FROM `newsen`  [ RunTime:0.0011s ]
SQL: SHOW COLUMNS FROM `producten` [ RunTime:0.0262s ]
SQL: SELECT * FROM `producten`  [ RunTime:0.0017s ]
INFO: [ view_parse ] --START--
INFO: [ template_filter ] --START--
INFO: Run Behavior\ContentReplaceBehavior [ RunTime:0.000377s ]
INFO: [ template_filter ] --END-- [ RunTime:0.000537s ]
INFO: Run Behavior\ParseTemplateBehavior [ RunTime:0.038087s ]
INFO: [ view_parse ] --END-- [ RunTime:0.038249s ]
INFO: [ view_filter ] --START--
INFO: Run Behavior\WriteHtmlCacheBehavior [ RunTime:0.001094s ]
INFO: [ view_filter ] --END-- [ RunTime:0.001220s ]
INFO: [ app_end ] --START--
INFO: Run Behavior\ShowPageTraceBehavior [ RunTime:0.003846s ]
INFO: [ app_end ] --END-- [ RunTime:0.004031s ]

[ 2016-12-26T17:13:59+08:00 ] 127.0.0.1 /shanghua/index.php/Home/Honor/wenhuae
INFO: [ app_init ] --START--
INFO: Run Behavior\BuildLiteBehavior [ RunTime:0.000038s ]
INFO: [ app_init ] --END-- [ RunTime:0.002287s ]
INFO: [ app_begin ] --START--
INFO: Run Behavior\ReadHtmlCacheBehavior [ RunTime:0.001848s ]
INFO: [ app_begin ] --END-- [ RunTime:0.002017s ]
INFO: [ view_parse ] --START--
INFO: [ template_filter ] --START--
INFO: Run Behavior\ContentReplaceBehavior [ RunTime:0.000218s ]
INFO: [ template_filter ] --END-- [ RunTime:0.000374s ]
INFO: Run Behavior\ParseTemplateBehavior [ RunTime:0.032973s ]
INFO: [ view_parse ] --END-- [ RunTime:0.033157s ]
INFO: [ view_filter ] --START--
INFO: Run Behavior\WriteHtmlCacheBehavior [ RunTime:0.001407s ]
INFO: [ view_filter ] --END-- [ RunTime:0.001525s ]
INFO: [ app_end ] --START--
INFO: Run Behavior\ShowPageTraceBehavior [ RunTime:0.004295s ]
INFO: [ app_end ] --END-- [ RunTime:0.005430s ]

[ 2016-12-26T17:14:07+08:00 ] 127.0.0.1 /shanghua/index.php/Home/Honor/wenhua
INFO: [ app_init ] --START--
INFO: Run Behavior\BuildLiteBehavior [ RunTime:0.000033s ]
INFO: [ app_init ] --END-- [ RunTime:0.001016s ]
INFO: [ app_begin ] --START--
INFO: Run Behavior\ReadHtmlCacheBehavior [ RunTime:0.001422s ]
INFO: [ app_begin ] --END-- [ RunTime:0.001592s ]
INFO: [ view_parse ] --START--
INFO: [ template_filter ] --START--
INFO: Run Behavior\ContentReplaceBehavior [ RunTime:0.000258s ]
INFO: [ template_filter ] --END-- [ RunTime:0.000423s ]
INFO: Run Behavior\ParseTemplateBehavior [ RunTime:0.035720s ]
INFO: [ view_parse ] --END-- [ RunTime:0.035930s ]
INFO: [ view_filter ] --START--
INFO: Run Behavior\WriteHtmlCacheBehavior [ RunTime:0.001749s ]
INFO: [ view_filter ] --END-- [ RunTime:0.002091s ]
INFO: [ app_end ] --START--
INFO: Run Behavior\ShowPageTraceBehavior [ RunTime:0.003458s ]
INFO: [ app_end ] --END-- [ RunTime:0.004294s ]

[ 2016-12-26T17:16:00+08:00 ] 127.0.0.1 /shanghua/index.php/Home/Honor/wenhua
INFO: [ app_init ] --START--
INFO: Run Behavior\BuildLiteBehavior [ RunTime:0.000045s ]
INFO: [ app_init ] --END-- [ RunTime:0.001808s ]
INFO: [ app_begin ] --START--
INFO: Run Behavior\ReadHtmlCacheBehavior [ RunTime:0.002502s ]
INFO: [ app_begin ] --END-- [ RunTime:0.002726s ]
INFO: [ view_parse ] --START--
INFO: [ template_filter ] --START--
INFO: Run Behavior\ContentReplaceBehavior [ RunTime:0.000705s ]
INFO: [ template_filter ] --END-- [ RunTime:0.001231s ]
INFO: Run Behavior\ParseTemplateBehavior [ RunTime:0.057171s ]
INFO: [ view_parse ] --END-- [ RunTime:0.057452s ]
INFO: [ view_filter ] --START--
INFO: Run Behavior\WriteHtmlCacheBehavior [ RunTime:0.001967s ]
INFO: [ view_filter ] --END-- [ RunTime:0.002150s ]
INFO: [ app_end ] --START--
INFO: Run Behavior\ShowPageTraceBehavior [ RunTime:0.004031s ]
INFO: [ app_end ] --END-- [ RunTime:0.004989s ]

[ 2016-12-26T17:16:08+08:00 ] 127.0.0.1 /shanghua/index.php/Home/Honor/wenhuae
INFO: [ app_init ] --START--
INFO: Run Behavior\BuildLiteBehavior [ RunTime:0.000203s ]
INFO: [ app_init ] --END-- [ RunTime:0.002807s ]
INFO: [ app_begin ] --START--
INFO: Run Behavior\ReadHtmlCacheBehavior [ RunTime:0.007651s ]
INFO: [ app_begin ] --END-- [ RunTime:0.007986s ]
INFO: [ view_parse ] --START--
INFO: [ template_filter ] --START--
INFO: Run Behavior\ContentReplaceBehavior [ RunTime:0.000451s ]
INFO: [ template_filter ] --END-- [ RunTime:0.000770s ]
INFO: Run Behavior\ParseTemplateBehavior [ RunTime:0.076703s ]
INFO: [ view_parse ] --END-- [ RunTime:0.077015s ]
INFO: [ view_filter ] --START--
INFO: Run Behavior\WriteHtmlCacheBehavior [ RunTime:0.004174s ]
INFO: [ view_filter ] --END-- [ RunTime:0.004510s ]
INFO: [ app_end ] --START--
INFO: Run Behavior\ShowPageTraceBehavior [ RunTime:0.007590s ]
INFO: [ app_end ] --END-- [ RunTime:0.008092s ]

[ 2016-12-26T17:16:13+08:00 ] 127.0.0.1 /shanghua/index.php/Home/Apply/applye
INFO: [ app_init ] --START--
INFO: Run Behavior\BuildLiteBehavior [ RunTime:0.000056s ]
INFO: [ app_init ] --END-- [ RunTime:0.001793s ]
INFO: [ app_begin ] --START--
INFO: Run Behavior\ReadHtmlCacheBehavior [ RunTime:0.005615s ]
INFO: [ app_begin ] --END-- [ RunTime:0.005895s ]
INFO: [ view_parse ] --START--
INFO: [ template_filter ] --START--
INFO: Run Behavior\ContentReplaceBehavior [ RunTime:0.000424s ]
INFO: [ template_filter ] --END-- [ RunTime:0.000691s ]
INFO: Run Behavior\ParseTemplateBehavior [ RunTime:0.054979s ]
INFO: [ view_parse ] --END-- [ RunTime:0.055230s ]
INFO: [ view_filter ] --START--
INFO: Run Behavior\WriteHtmlCacheBehavior [ RunTime:0.003366s ]
INFO: [ view_filter ] --END-- [ RunTime:0.003581s ]
INFO: [ app_end ] --START--
INFO: Run Behavior\ShowPageTraceBehavior [ RunTime:0.003379s ]
INFO: [ app_end ] --END-- [ RunTime:0.003743s ]

[ 2016-12-26T17:16:19+08:00 ] 127.0.0.1 /shanghua/index.php/Home/Advice/suggeste
INFO: [ app_init ] --START--
INFO: Run Behavior\BuildLiteBehavior [ RunTime:0.000064s ]
INFO: [ app_init ] --END-- [ RunTime:0.002678s ]
INFO: [ app_begin ] --START--
INFO: Run Behavior\ReadHtmlCacheBehavior [ RunTime:0.003528s ]
INFO: [ app_begin ] --END-- [ RunTime:0.003959s ]
INFO: [ view_parse ] --START--
INFO: [ template_filter ] --START--
INFO: Run Behavior\ContentReplaceBehavior [ RunTime:0.000525s ]
INFO: [ template_filter ] --END-- [ RunTime:0.000963s ]
INFO: Run Behavior\ParseTemplateBehavior [ RunTime:0.111858s ]
INFO: [ view_parse ] --END-- [ RunTime:0.112238s ]
INFO: [ view_filter ] --START--
INFO: Run Behavior\WriteHtmlCacheBehavior [ RunTime:0.006038s ]
INFO: [ view_filter ] --END-- [ RunTime:0.006414s ]
INFO: [ app_end ] --START--
INFO: Run Behavior\ShowPageTraceBehavior [ RunTime:0.005761s ]
INFO: [ app_end ] --END-- [ RunTime:0.006309s ]

[ 2016-12-26T17:16:27+08:00 ] 127.0.0.1 /shanghua/index.php/Home/Advice/suggeste
INFO: [ app_init ] --START--
INFO: Run Behavior\BuildLiteBehavior [ RunTime:0.000046s ]
INFO: [ app_init ] --END-- [ RunTime:0.001567s ]
INFO: [ app_begin ] --START--
INFO: Run Behavior\ReadHtmlCacheBehavior [ RunTime:0.002450s ]
INFO: [ app_begin ] --END-- [ RunTime:0.002709s ]
INFO: [ view_parse ] --START--
INFO: [ template_filter ] --START--
INFO: Run Behavior\ContentReplaceBehavior [ RunTime:0.000358s ]
INFO: [ template_filter ] --END-- [ RunTime:0.000610s ]
INFO: Run Behavior\ParseTemplateBehavior [ RunTime:0.061684s ]
INFO: [ view_parse ] --END-- [ RunTime:0.061999s ]
INFO: [ view_filter ] --START--
INFO: Run Behavior\WriteHtmlCacheBehavior [ RunTime:0.002052s ]
INFO: [ view_filter ] --END-- [ RunTime:0.002250s ]
INFO: [ app_end ] --START--
INFO: Run Behavior\ShowPageTraceBehavior [ RunTime:0.005694s ]
INFO: [ app_end ] --END-- [ RunTime:0.005952s ]

[ 2016-12-26T17:16:29+08:00 ] 127.0.0.1 /shanghua/index.php/Home/Advice/suggest
INFO: [ app_init ] --START--
INFO: Run Behavior\BuildLiteBehavior [ RunTime:0.000048s ]
INFO: [ app_init ] --END-- [ RunTime:0.001619s ]
INFO: [ app_begin ] --START--
INFO: Run Behavior\ReadHtmlCacheBehavior [ RunTime:0.002234s ]
INFO: [ app_begin ] --END-- [ RunTime:0.002475s ]
INFO: [ view_parse ] --START--
INFO: [ template_filter ] --START--
INFO: Run Behavior\ContentReplaceBehavior [ RunTime:0.000274s ]
INFO: [ template_filter ] --END-- [ RunTime:0.000529s ]
INFO: Run Behavior\ParseTemplateBehavior [ RunTime:0.075697s ]
INFO: [ view_parse ] --END-- [ RunTime:0.075993s ]
INFO: [ view_filter ] --START--
INFO: Run Behavior\WriteHtmlCacheBehavior [ RunTime:0.005363s ]
INFO: [ view_filter ] --END-- [ RunTime:0.005643s ]
INFO: [ app_end ] --START--
INFO: Run Behavior\ShowPageTraceBehavior [ RunTime:0.009008s ]
INFO: [ app_end ] --END-- [ RunTime:0.009315s ]

[ 2016-12-26T17:16:50+08:00 ] 127.0.0.1 /shanghua/index.php/Home/Index/index
INFO: [ app_init ] --START--
INFO: Run Behavior\BuildLiteBehavior [ RunTime:0.000042s ]
INFO: [ app_init ] --END-- [ RunTime:0.001595s ]
INFO: [ app_begin ] --START--
INFO: Run Behavior\ReadHtmlCacheBehavior [ RunTime:0.002466s ]
INFO: [ app_begin ] --END-- [ RunTime:0.002689s ]
SQL: SHOW COLUMNS FROM `news` [ RunTime:0.0298s ]
SQL: SELECT * FROM `news`  [ RunTime:0.0013s ]
SQL: SHOW COLUMNS FROM `product` [ RunTime:0.0285s ]
SQL: SELECT * FROM `product`  [ RunTime:0.0018s ]
INFO: [ view_parse ] --START--
INFO: [ template_filter ] --START--
INFO: Run Behavior\ContentReplaceBehavior [ RunTime:0.000447s ]
INFO: [ template_filter ] --END-- [ RunTime:0.000634s ]
INFO: Run Behavior\ParseTemplateBehavior [ RunTime:0.047785s ]
INFO: [ view_parse ] --END-- [ RunTime:0.047980s ]
INFO: [ view_filter ] --START--
INFO: Run Behavior\WriteHtmlCacheBehavior [ RunTime:0.001579s ]
INFO: [ view_filter ] --END-- [ RunTime:0.001742s ]
INFO: [ app_end ] --START--
INFO: Run Behavior\ShowPageTraceBehavior [ RunTime:0.003331s ]
INFO: [ app_end ] --END-- [ RunTime:0.003538s ]

