[ 2018-04-28T00:00:47+08:00 ] 127.0.0.1 /restaurant/restaurant/index.php/Home/Menu/content/id/6
INFO: [ app_init ] --START--
INFO: Run Behavior\BuildLiteBehavior [ RunTime:0.000049s ]
INFO: [ app_init ] --END-- [ RunTime:0.001266s ]
INFO: [ app_begin ] --START--
INFO: Run Behavior\ReadHtmlCacheBehavior [ RunTime:0.001925s ]
INFO: [ app_begin ] --END-- [ RunTime:0.002134s ]
SQL: SHOW COLUMNS FROM `todayfood` [ RunTime:0.0198s ]
SQL: SELECT * FROM `todayfood` WHERE `id` = 6 LIMIT 1   [ RunTime:0.0012s ]
SQL: SHOW COLUMNS FROM `news` [ RunTime:0.0184s ]
SQL: SELECT * FROM `news` WHERE `type` = '健康饮食'  [ RunTime:0.0017s ]
SQL: SELECT * FROM `news` WHERE `type` = '饮食咨询'  [ RunTime:0.0018s ]
SQL: SELECT * FROM `news` WHERE `type` = '为您推荐'  [ RunTime:0.0014s ]
SQL: SHOW COLUMNS FROM `food` [ RunTime:0.0194s ]
SQL: SELECT * FROM `food` WHERE `type` = '甜品饮品' LIMIT 0,4   [ RunTime:0.0017s ]
SQL: SHOW COLUMNS FROM `evaluate` [ RunTime:0.0170s ]
SQL: SELECT * FROM `evaluate`  [ RunTime:0.0012s ]
INFO: [ view_parse ] --START--
INFO: [ template_filter ] --START--
INFO: Run Behavior\ContentReplaceBehavior [ RunTime:0.000390s ]
INFO: [ template_filter ] --END-- [ RunTime:0.000617s ]
NOTIC: [8] Undefined variable: evaluate D:\apa\PHP1\restaurant\restaurant\Application\Runtime\Cache\Home\3b92e5aee561cba8eaafd2831ee92d6e.php 第 97 行.
INFO: Run Behavior\ParseTemplateBehavior [ RunTime:0.056640s ]
INFO: [ view_parse ] --END-- [ RunTime:0.056853s ]
INFO: [ view_filter ] --START--
INFO: Run Behavior\WriteHtmlCacheBehavior [ RunTime:0.000983s ]
INFO: [ view_filter ] --END-- [ RunTime:0.001153s ]
INFO: [ app_end ] --START--
INFO: Run Behavior\ShowPageTraceBehavior [ RunTime:0.003452s ]
INFO: [ app_end ] --END-- [ RunTime:0.003732s ]

[ 2018-04-28T00:00:52+08:00 ] 127.0.0.1 /restaurant/restaurant/index.php/Home/Menu/content/id/6
INFO: [ app_init ] --START--
INFO: Run Behavior\BuildLiteBehavior [ RunTime:0.000109s ]
INFO: [ app_init ] --END-- [ RunTime:0.002388s ]
INFO: [ app_begin ] --START--
INFO: Run Behavior\ReadHtmlCacheBehavior [ RunTime:0.001674s ]
INFO: [ app_begin ] --END-- [ RunTime:0.001914s ]
SQL: SHOW COLUMNS FROM `todayfood` [ RunTime:0.0179s ]
SQL: SELECT * FROM `todayfood` WHERE `id` = 6 LIMIT 1   [ RunTime:0.0017s ]
SQL: SHOW COLUMNS FROM `news` [ RunTime:0.0207s ]
SQL: SELECT * FROM `news` WHERE `type` = '健康饮食'  [ RunTime:0.0018s ]
SQL: SELECT * FROM `news` WHERE `type` = '饮食咨询'  [ RunTime:0.0017s ]
SQL: SELECT * FROM `news` WHERE `type` = '为您推荐'  [ RunTime:0.0015s ]
SQL: SHOW COLUMNS FROM `food` [ RunTime:0.0187s ]
SQL: SELECT * FROM `food` WHERE `type` = '甜品饮品' LIMIT 0,4   [ RunTime:0.0010s ]
SQL: SHOW COLUMNS FROM `evaluate` [ RunTime:0.0170s ]
SQL: SELECT * FROM `evaluate`  [ RunTime:0.0008s ]
INFO: [ view_parse ] --START--
INFO: [ template_filter ] --START--
INFO: Run Behavior\ContentReplaceBehavior [ RunTime:0.000388s ]
INFO: [ template_filter ] --END-- [ RunTime:0.000603s ]
NOTIC: [8] Undefined variable: evaluate D:\apa\PHP1\restaurant\restaurant\Application\Runtime\Cache\Home\3b92e5aee561cba8eaafd2831ee92d6e.php 第 97 行.
INFO: Run Behavior\ParseTemplateBehavior [ RunTime:0.051926s ]
INFO: [ view_parse ] --END-- [ RunTime:0.052365s ]
INFO: [ view_filter ] --START--
INFO: Run Behavior\WriteHtmlCacheBehavior [ RunTime:0.001799s ]
INFO: [ view_filter ] --END-- [ RunTime:0.002061s ]
INFO: [ app_end ] --START--
INFO: Run Behavior\ShowPageTraceBehavior [ RunTime:0.001836s ]
INFO: [ app_end ] --END-- [ RunTime:0.002039s ]

[ 2018-04-28T00:01:03+08:00 ] 127.0.0.1 /restaurant/restaurant/index.php/Home/Menu/content/id/6
INFO: [ app_init ] --START--
INFO: Run Behavior\BuildLiteBehavior [ RunTime:0.000098s ]
INFO: [ app_init ] --END-- [ RunTime:0.002896s ]
INFO: [ app_begin ] --START--
INFO: Run Behavior\ReadHtmlCacheBehavior [ RunTime:0.001974s ]
INFO: [ app_begin ] --END-- [ RunTime:0.002196s ]
SQL: SHOW COLUMNS FROM `todayfood` [ RunTime:0.0196s ]
SQL: SELECT * FROM `todayfood` WHERE `id` = 6 LIMIT 1   [ RunTime:0.0013s ]
SQL: SHOW COLUMNS FROM `news` [ RunTime:0.0167s ]
SQL: SELECT * FROM `news` WHERE `type` = '健康饮食'  [ RunTime:0.0017s ]
SQL: SELECT * FROM `news` WHERE `type` = '饮食咨询'  [ RunTime:0.0017s ]
SQL: SELECT * FROM `news` WHERE `type` = '为您推荐'  [ RunTime:0.0016s ]
SQL: SHOW COLUMNS FROM `food` [ RunTime:0.0195s ]
SQL: SELECT * FROM `food` WHERE `type` = '甜品饮品' LIMIT 0,4   [ RunTime:0.0013s ]
SQL: SHOW COLUMNS FROM `evaluate` [ RunTime:0.0178s ]
NOTIC: [8] Undefined index: name D:\apa\PHP1\restaurant\restaurant\Application\Home\Controller\MenuController.class.php 第 67 行.
SQL: SELECT * FROM `evaluate` WHERE `foodname` = null  [ RunTime:0.0012s ]
INFO: [ view_parse ] --START--
INFO: [ template_filter ] --START--
INFO: Run Behavior\ContentReplaceBehavior [ RunTime:0.000478s ]
INFO: [ template_filter ] --END-- [ RunTime:0.000721s ]
INFO: Run Behavior\ParseTemplateBehavior [ RunTime:0.055633s ]
INFO: [ view_parse ] --END-- [ RunTime:0.055902s ]
INFO: [ view_filter ] --START--
INFO: Run Behavior\WriteHtmlCacheBehavior [ RunTime:0.001115s ]
INFO: [ view_filter ] --END-- [ RunTime:0.001284s ]
INFO: [ app_end ] --START--
INFO: Run Behavior\ShowPageTraceBehavior [ RunTime:0.007076s ]
INFO: [ app_end ] --END-- [ RunTime:0.007438s ]

[ 2018-04-28T00:01:07+08:00 ] 127.0.0.1 /restaurant/restaurant/index.php/Home/Menu/content/id/6
INFO: [ app_init ] --START--
INFO: Run Behavior\BuildLiteBehavior [ RunTime:0.000065s ]
INFO: [ app_init ] --END-- [ RunTime:0.001561s ]
INFO: [ app_begin ] --START--
INFO: Run Behavior\ReadHtmlCacheBehavior [ RunTime:0.001670s ]
INFO: [ app_begin ] --END-- [ RunTime:0.001910s ]
SQL: SHOW COLUMNS FROM `todayfood` [ RunTime:0.0184s ]
SQL: SELECT * FROM `todayfood` WHERE `id` = 6 LIMIT 1   [ RunTime:0.0013s ]
SQL: SHOW COLUMNS FROM `news` [ RunTime:0.0188s ]
SQL: SELECT * FROM `news` WHERE `type` = '健康饮食'  [ RunTime:0.0019s ]
SQL: SELECT * FROM `news` WHERE `type` = '饮食咨询'  [ RunTime:0.0016s ]
SQL: SELECT * FROM `news` WHERE `type` = '为您推荐'  [ RunTime:0.0015s ]
SQL: SHOW COLUMNS FROM `food` [ RunTime:0.0185s ]
SQL: SELECT * FROM `food` WHERE `type` = '甜品饮品' LIMIT 0,4   [ RunTime:0.0011s ]
SQL: SHOW COLUMNS FROM `evaluate` [ RunTime:0.0181s ]
NOTIC: [8] Undefined index: name D:\apa\PHP1\restaurant\restaurant\Application\Home\Controller\MenuController.class.php 第 67 行.
SQL: SELECT * FROM `evaluate` WHERE `foodname` = null  [ RunTime:0.0010s ]
INFO: [ view_parse ] --START--
INFO: [ template_filter ] --START--
INFO: Run Behavior\ContentReplaceBehavior [ RunTime:0.000397s ]
INFO: [ template_filter ] --END-- [ RunTime:0.000652s ]
INFO: Run Behavior\ParseTemplateBehavior [ RunTime:0.051043s ]
INFO: [ view_parse ] --END-- [ RunTime:0.051322s ]
INFO: [ view_filter ] --START--
INFO: Run Behavior\WriteHtmlCacheBehavior [ RunTime:0.000695s ]
INFO: [ view_filter ] --END-- [ RunTime:0.000867s ]
INFO: [ app_end ] --START--
INFO: Run Behavior\ShowPageTraceBehavior [ RunTime:0.001774s ]
INFO: [ app_end ] --END-- [ RunTime:0.001977s ]

[ 2018-04-28T00:02:30+08:00 ] 127.0.0.1 /restaurant/restaurant/index.php/Home/Menu/content/id/6
INFO: [ app_init ] --START--
INFO: Run Behavior\BuildLiteBehavior [ RunTime:0.000053s ]
INFO: [ app_init ] --END-- [ RunTime:0.001248s ]
INFO: [ app_begin ] --START--
INFO: Run Behavior\ReadHtmlCacheBehavior [ RunTime:0.001668s ]
INFO: [ app_begin ] --END-- [ RunTime:0.001932s ]
SQL: SHOW COLUMNS FROM `todayfood` [ RunTime:0.0205s ]
SQL: SELECT * FROM `todayfood` WHERE `id` = 6 LIMIT 1   [ RunTime:0.0014s ]
SQL: SHOW COLUMNS FROM `evaluate` [ RunTime:0.0184s ]
SQL: SELECT * FROM `evaluate` WHERE `foodname` = '豆浆'  [ RunTime:0.0008s ]
SQL: SHOW COLUMNS FROM `news` [ RunTime:0.0187s ]
SQL: SELECT * FROM `news` WHERE `type` = '健康饮食'  [ RunTime:0.0021s ]
SQL: SELECT * FROM `news` WHERE `type` = '饮食咨询'  [ RunTime:0.0017s ]
SQL: SELECT * FROM `news` WHERE `type` = '为您推荐'  [ RunTime:0.0014s ]
SQL: SHOW COLUMNS FROM `food` [ RunTime:0.0181s ]
SQL: SELECT * FROM `food` WHERE `type` = '甜品饮品' LIMIT 0,4   [ RunTime:0.0008s ]
INFO: [ view_parse ] --START--
INFO: [ template_filter ] --START--
INFO: Run Behavior\ContentReplaceBehavior [ RunTime:0.000399s ]
INFO: [ template_filter ] --END-- [ RunTime:0.000629s ]
INFO: Run Behavior\ParseTemplateBehavior [ RunTime:0.053080s ]
INFO: [ view_parse ] --END-- [ RunTime:0.053303s ]
INFO: [ view_filter ] --START--
INFO: Run Behavior\WriteHtmlCacheBehavior [ RunTime:0.001413s ]
INFO: [ view_filter ] --END-- [ RunTime:0.001670s ]
INFO: [ app_end ] --START--
INFO: Run Behavior\ShowPageTraceBehavior [ RunTime:0.002827s ]
INFO: [ app_end ] --END-- [ RunTime:0.003236s ]

[ 2018-04-28T00:02:50+08:00 ] 127.0.0.1 /restaurant/restaurant/index.php/Home/News/news
INFO: [ app_init ] --START--
INFO: Run Behavior\BuildLiteBehavior [ RunTime:0.000061s ]
INFO: [ app_init ] --END-- [ RunTime:0.001205s ]
INFO: [ app_begin ] --START--
INFO: Run Behavior\ReadHtmlCacheBehavior [ RunTime:0.001537s ]
INFO: [ app_begin ] --END-- [ RunTime:0.001755s ]
SQL: SHOW COLUMNS FROM `news` [ RunTime:0.0175s ]
SQL: SELECT * FROM `news` WHERE `type` = '健康饮食'  [ RunTime:0.0022s ]
SQL: SELECT * FROM `news` WHERE `type` = '饮食咨询'  [ RunTime:0.0018s ]
SQL: SELECT * FROM `news` WHERE `type` = '为您推荐'  [ RunTime:0.0017s ]
SQL: SELECT * FROM `news` ORDER BY click desc LIMIT 0,5   [ RunTime:0.0015s ]
SQL: SHOW COLUMNS FROM `newstype` [ RunTime:0.0185s ]
NOTIC: [8] Undefined variable: id D:\apa\PHP1\restaurant\restaurant\Application\Home\Controller\NewsController.class.php 第 25 行.
SQL: SELECT * FROM `newstype`  [ RunTime:0.0008s ]
INFO: [ view_parse ] --START--
INFO: [ template_filter ] --START--
INFO: Run Behavior\ContentReplaceBehavior [ RunTime:0.000473s ]
INFO: [ template_filter ] --END-- [ RunTime:0.000735s ]
NOTIC: [8] Use of undefined constant ture - assumed 'ture' D:\apa\PHP1\restaurant\restaurant\Application\Runtime\Cache\Home\6be51b3900cccae2c73119baf20891ff.php 第 128 行.
NOTIC: [8] Use of undefined constant ture - assumed 'ture' D:\apa\PHP1\restaurant\restaurant\Application\Runtime\Cache\Home\6be51b3900cccae2c73119baf20891ff.php 第 128 行.
NOTIC: [8] Use of undefined constant ture - assumed 'ture' D:\apa\PHP1\restaurant\restaurant\Application\Runtime\Cache\Home\6be51b3900cccae2c73119baf20891ff.php 第 128 行.
NOTIC: [8] Use of undefined constant ture - assumed 'ture' D:\apa\PHP1\restaurant\restaurant\Application\Runtime\Cache\Home\6be51b3900cccae2c73119baf20891ff.php 第 128 行.
NOTIC: [8] Use of undefined constant ture - assumed 'ture' D:\apa\PHP1\restaurant\restaurant\Application\Runtime\Cache\Home\6be51b3900cccae2c73119baf20891ff.php 第 128 行.
NOTIC: [8] Use of undefined constant ture - assumed 'ture' D:\apa\PHP1\restaurant\restaurant\Application\Runtime\Cache\Home\6be51b3900cccae2c73119baf20891ff.php 第 128 行.
NOTIC: [8] Use of undefined constant ture - assumed 'ture' D:\apa\PHP1\restaurant\restaurant\Application\Runtime\Cache\Home\6be51b3900cccae2c73119baf20891ff.php 第 144 行.
NOTIC: [8] Use of undefined constant ture - assumed 'ture' D:\apa\PHP1\restaurant\restaurant\Application\Runtime\Cache\Home\6be51b3900cccae2c73119baf20891ff.php 第 144 行.
NOTIC: [8] Use of undefined constant ture - assumed 'ture' D:\apa\PHP1\restaurant\restaurant\Application\Runtime\Cache\Home\6be51b3900cccae2c73119baf20891ff.php 第 144 行.
NOTIC: [8] Use of undefined constant ture - assumed 'ture' D:\apa\PHP1\restaurant\restaurant\Application\Runtime\Cache\Home\6be51b3900cccae2c73119baf20891ff.php 第 144 行.
NOTIC: [8] Use of undefined constant ture - assumed 'ture' D:\apa\PHP1\restaurant\restaurant\Application\Runtime\Cache\Home\6be51b3900cccae2c73119baf20891ff.php 第 144 行.
NOTIC: [8] Use of undefined constant ture - assumed 'ture' D:\apa\PHP1\restaurant\restaurant\Application\Runtime\Cache\Home\6be51b3900cccae2c73119baf20891ff.php 第 144 行.
NOTIC: [8] Use of undefined constant ture - assumed 'ture' D:\apa\PHP1\restaurant\restaurant\Application\Runtime\Cache\Home\6be51b3900cccae2c73119baf20891ff.php 第 160 行.
NOTIC: [8] Use of undefined constant ture - assumed 'ture' D:\apa\PHP1\restaurant\restaurant\Application\Runtime\Cache\Home\6be51b3900cccae2c73119baf20891ff.php 第 160 行.
NOTIC: [8] Use of undefined constant ture - assumed 'ture' D:\apa\PHP1\restaurant\restaurant\Application\Runtime\Cache\Home\6be51b3900cccae2c73119baf20891ff.php 第 160 行.
NOTIC: [8] Use of undefined constant ture - assumed 'ture' D:\apa\PHP1\restaurant\restaurant\Application\Runtime\Cache\Home\6be51b3900cccae2c73119baf20891ff.php 第 160 行.
NOTIC: [8] Use of undefined constant ture - assumed 'ture' D:\apa\PHP1\restaurant\restaurant\Application\Runtime\Cache\Home\6be51b3900cccae2c73119baf20891ff.php 第 160 行.
NOTIC: [8] Use of undefined constant ture - assumed 'ture' D:\apa\PHP1\restaurant\restaurant\Application\Runtime\Cache\Home\6be51b3900cccae2c73119baf20891ff.php 第 160 行.
INFO: Run Behavior\ParseTemplateBehavior [ RunTime:0.056092s ]
INFO: [ view_parse ] --END-- [ RunTime:0.056316s ]
INFO: [ view_filter ] --START--
INFO: Run Behavior\WriteHtmlCacheBehavior [ RunTime:0.000879s ]
INFO: [ view_filter ] --END-- [ RunTime:0.001059s ]
INFO: [ app_end ] --START--
INFO: Run Behavior\ShowPageTraceBehavior [ RunTime:0.003677s ]
INFO: [ app_end ] --END-- [ RunTime:0.003920s ]

[ 2018-04-28T00:02:53+08:00 ] 127.0.0.1 /restaurant/restaurant/index.php/Home/Index/index
INFO: [ app_init ] --START--
INFO: Run Behavior\BuildLiteBehavior [ RunTime:0.000052s ]
INFO: [ app_init ] --END-- [ RunTime:0.001387s ]
INFO: [ app_begin ] --START--
INFO: Run Behavior\ReadHtmlCacheBehavior [ RunTime:0.002998s ]
INFO: [ app_begin ] --END-- [ RunTime:0.003629s ]
SQL: SHOW COLUMNS FROM `news` [ RunTime:0.0183s ]
SQL: SELECT * FROM `news` WHERE `type` = '健康饮食'  [ RunTime:0.0019s ]
SQL: SELECT * FROM `news` WHERE `type` = '饮食咨询'  [ RunTime:0.0017s ]
SQL: SELECT * FROM `news` WHERE `type` = '为您推荐'  [ RunTime:0.0015s ]
SQL: SHOW COLUMNS FROM `todayfood` [ RunTime:0.0189s ]
SQL: SELECT * FROM `todayfood`  [ RunTime:0.0014s ]
SQL: SHOW COLUMNS FROM `food` [ RunTime:0.0193s ]
SQL: SELECT * FROM `food` ORDER BY num desc LIMIT 0,16   [ RunTime:0.0010s ]
SQL: SELECT * FROM `food` WHERE `type` = '早餐'  [ RunTime:0.0009s ]
SQL: SELECT * FROM `food` WHERE `type` = '午餐'  [ RunTime:0.0011s ]
SQL: SELECT * FROM `food` WHERE `type` = '下午茶'  [ RunTime:0.0013s ]
SQL: SELECT * FROM `food` WHERE `type` = '晚餐'  [ RunTime:0.0010s ]
SQL: SELECT * FROM `food` WHERE `type` = '甜品饮品'  [ RunTime:0.0011s ]
SQL: SELECT * FROM `food` WHERE `type` = '小吃晚餐'  [ RunTime:0.0011s ]
INFO: [ view_parse ] --START--
INFO: [ template_filter ] --START--
INFO: Run Behavior\ContentReplaceBehavior [ RunTime:0.000711s ]
INFO: [ template_filter ] --END-- [ RunTime:0.001054s ]
INFO: Run Behavior\ParseTemplateBehavior [ RunTime:0.085741s ]
INFO: [ view_parse ] --END-- [ RunTime:0.085978s ]
INFO: [ view_filter ] --START--
INFO: Run Behavior\WriteHtmlCacheBehavior [ RunTime:0.001329s ]
INFO: [ view_filter ] --END-- [ RunTime:0.001506s ]
INFO: [ app_end ] --START--
INFO: Run Behavior\ShowPageTraceBehavior [ RunTime:0.003600s ]
INFO: [ app_end ] --END-- [ RunTime:0.003996s ]

[ 2018-04-28T00:03:21+08:00 ] 127.0.0.1 /restaurant/restaurant/index.php/Home/Index/index
INFO: [ app_init ] --START--
INFO: Run Behavior\BuildLiteBehavior [ RunTime:0.000049s ]
INFO: [ app_init ] --END-- [ RunTime:0.001277s ]
INFO: [ app_begin ] --START--
INFO: Run Behavior\ReadHtmlCacheBehavior [ RunTime:0.002544s ]
INFO: [ app_begin ] --END-- [ RunTime:0.002790s ]
SQL: SHOW COLUMNS FROM `news` [ RunTime:0.0185s ]
SQL: SELECT * FROM `news` WHERE `type` = '健康饮食'  [ RunTime:0.0018s ]
SQL: SELECT * FROM `news` WHERE `type` = '饮食咨询'  [ RunTime:0.0013s ]
SQL: SELECT * FROM `news` WHERE `type` = '为您推荐'  [ RunTime:0.0024s ]
SQL: SHOW COLUMNS FROM `todayfood` [ RunTime:0.0212s ]
SQL: SELECT * FROM `todayfood`  [ RunTime:0.0014s ]
SQL: SHOW COLUMNS FROM `food` [ RunTime:0.0202s ]
SQL: SELECT * FROM `food` ORDER BY num desc LIMIT 0,16   [ RunTime:0.0009s ]
SQL: SELECT * FROM `food` WHERE `type` = '早餐'  [ RunTime:0.0008s ]
SQL: SELECT * FROM `food` WHERE `type` = '午餐'  [ RunTime:0.0007s ]
SQL: SELECT * FROM `food` WHERE `type` = '下午茶'  [ RunTime:0.0006s ]
SQL: SELECT * FROM `food` WHERE `type` = '晚餐'  [ RunTime:0.0006s ]
SQL: SELECT * FROM `food` WHERE `type` = '甜品饮品'  [ RunTime:0.0012s ]
SQL: SELECT * FROM `food` WHERE `type` = '小吃晚餐'  [ RunTime:0.0009s ]
INFO: [ view_parse ] --START--
INFO: [ template_filter ] --START--
INFO: Run Behavior\ContentReplaceBehavior [ RunTime:0.000530s ]
INFO: [ template_filter ] --END-- [ RunTime:0.000747s ]
INFO: Run Behavior\ParseTemplateBehavior [ RunTime:0.091162s ]
INFO: [ view_parse ] --END-- [ RunTime:0.091454s ]
INFO: [ view_filter ] --START--
INFO: Run Behavior\WriteHtmlCacheBehavior [ RunTime:0.001655s ]
INFO: [ view_filter ] --END-- [ RunTime:0.001832s ]
INFO: [ app_end ] --START--
INFO: Run Behavior\ShowPageTraceBehavior [ RunTime:0.013858s ]
INFO: [ app_end ] --END-- [ RunTime:0.015001s ]

[ 2018-04-28T00:03:25+08:00 ] 127.0.0.1 /restaurant/restaurant/index.php/Home/Menu/contents/id/21
INFO: [ app_init ] --START--
INFO: Run Behavior\BuildLiteBehavior [ RunTime:0.000055s ]
INFO: [ app_init ] --END-- [ RunTime:0.001600s ]
INFO: [ app_begin ] --START--
INFO: Run Behavior\ReadHtmlCacheBehavior [ RunTime:0.001989s ]
INFO: [ app_begin ] --END-- [ RunTime:0.002313s ]
SQL: SHOW COLUMNS FROM `food` [ RunTime:0.0183s ]
SQL: SELECT * FROM `food` WHERE `id` = 21 LIMIT 1   [ RunTime:0.0016s ]
SQL: SHOW COLUMNS FROM `evaluate` [ RunTime:0.0188s ]
SQL: SELECT * FROM `evaluate` WHERE `foodname` = '牛肉板面'  [ RunTime:0.0018s ]
SQL: SHOW COLUMNS FROM `news` [ RunTime:0.0186s ]
SQL: SELECT * FROM `news` WHERE `type` = '健康饮食'  [ RunTime:0.0017s ]
SQL: SELECT * FROM `news` WHERE `type` = '饮食咨询'  [ RunTime:0.0016s ]
SQL: SELECT * FROM `food` WHERE `type` = '甜品饮品' LIMIT 0,4   [ RunTime:0.0009s ]
INFO: [ view_parse ] --START--
INFO: [ template_filter ] --START--
INFO: Run Behavior\ContentReplaceBehavior [ RunTime:0.000407s ]
INFO: [ template_filter ] --END-- [ RunTime:0.000645s ]
INFO: Run Behavior\ParseTemplateBehavior [ RunTime:0.053558s ]
INFO: [ view_parse ] --END-- [ RunTime:0.053799s ]
INFO: [ view_filter ] --START--
INFO: Run Behavior\WriteHtmlCacheBehavior [ RunTime:0.000969s ]
INFO: [ view_filter ] --END-- [ RunTime:0.001144s ]
INFO: [ app_end ] --START--
INFO: Run Behavior\ShowPageTraceBehavior [ RunTime:0.001672s ]
INFO: [ app_end ] --END-- [ RunTime:0.001869s ]

[ 2018-04-28T00:03:32+08:00 ] 127.0.0.1 /restaurant/restaurant/index.php/Home/Tmenu/menu
INFO: [ app_init ] --START--
INFO: Run Behavior\BuildLiteBehavior [ RunTime:0.000052s ]
INFO: [ app_init ] --END-- [ RunTime:0.001274s ]
INFO: [ app_begin ] --START--
INFO: Run Behavior\ReadHtmlCacheBehavior [ RunTime:0.003577s ]
INFO: [ app_begin ] --END-- [ RunTime:0.003881s ]
SQL: SHOW COLUMNS FROM `todayfood` [ RunTime:0.0187s ]
SQL: SELECT * FROM `todayfood` WHERE `type` = '早餐'  [ RunTime:0.0019s ]
SQL: SELECT * FROM `todayfood` WHERE `type` = '午餐'  [ RunTime:0.0013s ]
SQL: SELECT * FROM `todayfood` WHERE `type` = '晚餐'  [ RunTime:0.0010s ]
SQL: SELECT * FROM `todayfood` WHERE `type` = '下午茶'  [ RunTime:0.0009s ]
SQL: SELECT * FROM `todayfood` WHERE `type` = '甜品饮品'  [ RunTime:0.0009s ]
SQL: SELECT * FROM `todayfood` WHERE `type` = '小吃夜宵'  [ RunTime:0.0010s ]
INFO: [ view_parse ] --START--
INFO: [ template_filter ] --START--
INFO: Run Behavior\ContentReplaceBehavior [ RunTime:0.000398s ]
INFO: [ template_filter ] --END-- [ RunTime:0.000645s ]
INFO: Run Behavior\ParseTemplateBehavior [ RunTime:0.061656s ]
INFO: [ view_parse ] --END-- [ RunTime:0.061972s ]
INFO: [ view_filter ] --START--
INFO: Run Behavior\WriteHtmlCacheBehavior [ RunTime:0.001276s ]
INFO: [ view_filter ] --END-- [ RunTime:0.001483s ]
INFO: [ app_end ] --START--
INFO: Run Behavior\ShowPageTraceBehavior [ RunTime:0.002429s ]
INFO: [ app_end ] --END-- [ RunTime:0.002652s ]

[ 2018-04-28T00:03:36+08:00 ] 127.0.0.1 /restaurant/restaurant/index.php/Home/Tmenu/content/id/13
INFO: [ app_init ] --START--
INFO: Run Behavior\BuildLiteBehavior [ RunTime:0.000055s ]
INFO: [ app_init ] --END-- [ RunTime:0.001573s ]
INFO: [ app_begin ] --START--
INFO: Run Behavior\ReadHtmlCacheBehavior [ RunTime:0.001593s ]
INFO: [ app_begin ] --END-- [ RunTime:0.001804s ]
SQL: SHOW COLUMNS FROM `todayfood` [ RunTime:0.0181s ]
SQL: SELECT * FROM `todayfood` WHERE `id` = 13 LIMIT 1   [ RunTime:0.0011s ]
SQL: SHOW COLUMNS FROM `news` [ RunTime:0.0183s ]
SQL: SELECT * FROM `news` WHERE `type` = '健康饮食'  [ RunTime:0.0021s ]
SQL: SELECT * FROM `news` WHERE `type` = '饮食咨询'  [ RunTime:0.0020s ]
SQL: SELECT * FROM `news` WHERE `type` = '为您推荐'  [ RunTime:0.0013s ]
SQL: SHOW COLUMNS FROM `food` [ RunTime:0.0191s ]
SQL: SELECT * FROM `food` WHERE `type` = '甜品饮品' LIMIT 0,4   [ RunTime:0.0010s ]
SQL: SHOW COLUMNS FROM `evaluate` [ RunTime:0.0186s ]
SQL: SELECT * FROM `evaluate`  [ RunTime:0.0009s ]
INFO: [ view_parse ] --START--
INFO: [ template_filter ] --START--
INFO: Run Behavior\ContentReplaceBehavior [ RunTime:0.000405s ]
INFO: [ template_filter ] --END-- [ RunTime:0.000632s ]
INFO: Run Behavior\ParseTemplateBehavior [ RunTime:0.050580s ]
INFO: [ view_parse ] --END-- [ RunTime:0.050807s ]
INFO: [ view_filter ] --START--
INFO: Run Behavior\WriteHtmlCacheBehavior [ RunTime:0.000894s ]
INFO: [ view_filter ] --END-- [ RunTime:0.001064s ]
INFO: [ app_end ] --START--
INFO: Run Behavior\ShowPageTraceBehavior [ RunTime:0.002514s ]
INFO: [ app_end ] --END-- [ RunTime:0.002917s ]

[ 2018-04-28T00:04:47+08:00 ] 127.0.0.1 /restaurant/restaurant/index.php/Home/Tmenu/content/id/13
INFO: [ app_init ] --START--
INFO: Run Behavior\BuildLiteBehavior [ RunTime:0.000049s ]
INFO: [ app_init ] --END-- [ RunTime:0.001143s ]
INFO: [ app_begin ] --START--
INFO: Run Behavior\ReadHtmlCacheBehavior [ RunTime:0.001566s ]
INFO: [ app_begin ] --END-- [ RunTime:0.001770s ]
SQL: SHOW COLUMNS FROM `todayfood` [ RunTime:0.0189s ]
SQL: SELECT * FROM `todayfood` WHERE `id` = 13 LIMIT 1   [ RunTime:0.0012s ]
SQL: SHOW COLUMNS FROM `evaluate` [ RunTime:0.0183s ]
SQL: SELECT * FROM `evaluate` WHERE `foodname` = '豆腐脑'  [ RunTime:0.0011s ]
SQL: SHOW COLUMNS FROM `news` [ RunTime:0.0185s ]
SQL: SELECT * FROM `news` WHERE `type` = '健康饮食'  [ RunTime:0.0019s ]
SQL: SELECT * FROM `news` WHERE `type` = '饮食咨询'  [ RunTime:0.0018s ]
SQL: SELECT * FROM `news` WHERE `type` = '为您推荐'  [ RunTime:0.0015s ]
SQL: SHOW COLUMNS FROM `food` [ RunTime:0.0180s ]
SQL: SELECT * FROM `food` WHERE `type` = '甜品饮品' LIMIT 0,4   [ RunTime:0.0011s ]
INFO: [ view_parse ] --START--
INFO: [ template_filter ] --START--
INFO: Run Behavior\ContentReplaceBehavior [ RunTime:0.000422s ]
INFO: [ template_filter ] --END-- [ RunTime:0.000646s ]
INFO: Run Behavior\ParseTemplateBehavior [ RunTime:0.052600s ]
INFO: [ view_parse ] --END-- [ RunTime:0.052883s ]
INFO: [ view_filter ] --START--
INFO: Run Behavior\WriteHtmlCacheBehavior [ RunTime:0.000937s ]
INFO: [ view_filter ] --END-- [ RunTime:0.001272s ]
INFO: [ app_end ] --START--
INFO: Run Behavior\ShowPageTraceBehavior [ RunTime:0.003056s ]
INFO: [ app_end ] --END-- [ RunTime:0.003294s ]

[ 2018-04-28T00:05:51+08:00 ] 127.0.0.1 /restaurant/restaurant/index.php/Home/Tmenu/content/id/13
INFO: [ app_init ] --START--
INFO: Run Behavior\BuildLiteBehavior [ RunTime:0.000046s ]
INFO: [ app_init ] --END-- [ RunTime:0.001184s ]
INFO: [ app_begin ] --START--
INFO: Run Behavior\ReadHtmlCacheBehavior [ RunTime:0.001913s ]
INFO: [ app_begin ] --END-- [ RunTime:0.002118s ]
SQL: SHOW COLUMNS FROM `todayfood` [ RunTime:0.0174s ]
SQL: SELECT * FROM `todayfood` WHERE `id` = 13 LIMIT 1   [ RunTime:0.0014s ]
SQL: SHOW COLUMNS FROM `evaluate` [ RunTime:0.0174s ]
SQL: SELECT * FROM `evaluate` WHERE `foodname` = '豆腐脑'  [ RunTime:0.0013s ]
SQL: SHOW COLUMNS FROM `news` [ RunTime:0.0199s ]
SQL: SELECT * FROM `news` WHERE `type` = '健康饮食'  [ RunTime:0.0018s ]
SQL: SELECT * FROM `news` WHERE `type` = '饮食咨询'  [ RunTime:0.0019s ]
SQL: SELECT * FROM `news` WHERE `type` = '为您推荐'  [ RunTime:0.0021s ]
SQL: SHOW COLUMNS FROM `food` [ RunTime:0.0199s ]
SQL: SELECT * FROM `food` WHERE `type` = '甜品饮品' LIMIT 0,4   [ RunTime:0.0009s ]
INFO: [ view_parse ] --START--
INFO: [ template_filter ] --START--
INFO: Run Behavior\ContentReplaceBehavior [ RunTime:0.000403s ]
INFO: [ template_filter ] --END-- [ RunTime:0.000670s ]
INFO: Run Behavior\ParseTemplateBehavior [ RunTime:0.061351s ]
INFO: [ view_parse ] --END-- [ RunTime:0.061604s ]
INFO: [ view_filter ] --START--
INFO: Run Behavior\WriteHtmlCacheBehavior [ RunTime:0.001907s ]
INFO: [ view_filter ] --END-- [ RunTime:0.002222s ]
INFO: [ app_end ] --START--
INFO: Run Behavior\ShowPageTraceBehavior [ RunTime:0.003323s ]
INFO: [ app_end ] --END-- [ RunTime:0.003753s ]

