[ 2018-04-27T18:34:16+08:00 ] 127.0.0.1 /restaurant/restaurant/index.php/Home/Index/index
INFO: [ app_init ] --START--
INFO: Run Behavior\BuildLiteBehavior [ RunTime:0.000047s ]
INFO: [ app_init ] --END-- [ RunTime:0.001332s ]
INFO: [ app_begin ] --START--
INFO: Run Behavior\ReadHtmlCacheBehavior [ RunTime:0.002115s ]
INFO: [ app_begin ] --END-- [ RunTime:0.002589s ]
SQL: SHOW COLUMNS FROM `news` [ RunTime:0.0198s ]
NOTIC: [8] Undefined variable: condition D:\apa\PHP1\restaurant\restaurant\Application\Home\Controller\IndexController.class.php 第 9 行.
SQL: SELECT * FROM `news`  [ RunTime:0.0050s ]
SQL: SELECT * FROM `news` WHERE `type` = '饮食咨询'  [ RunTime:0.0021s ]
SQL: SELECT * FROM `news` WHERE `type` = '为您推荐'  [ RunTime:0.0022s ]
SQL: SHOW COLUMNS FROM `todayfood` [ RunTime:0.0203s ]
SQL: SELECT * FROM `todayfood`  [ RunTime:0.0017s ]
SQL: SHOW COLUMNS FROM `food` [ RunTime:0.0217s ]
SQL: SELECT * FROM `food` ORDER BY num desc LIMIT 0,16   [ RunTime:0.0016s ]
SQL: SELECT * FROM `food` WHERE `type` = '早餐'  [ RunTime:0.0013s ]
SQL: SELECT * FROM `food` WHERE `type` = '午餐'  [ RunTime:0.0012s ]
SQL: SELECT * FROM `food` WHERE `type` = '下午茶'  [ RunTime:0.0010s ]
SQL: SELECT * FROM `food` WHERE `type` = '晚餐'  [ RunTime:0.0011s ]
SQL: SELECT * FROM `food` WHERE `type` = '甜品饮品'  [ RunTime:0.0014s ]
SQL: SELECT * FROM `food` WHERE `type` = '小吃晚餐'  [ RunTime:0.0009s ]
INFO: [ view_parse ] --START--
INFO: [ template_filter ] --START--
INFO: Run Behavior\ContentReplaceBehavior [ RunTime:0.001805s ]
INFO: [ template_filter ] --END-- [ RunTime:0.002339s ]
INFO: Run Behavior\ParseTemplateBehavior [ RunTime:0.087182s ]
INFO: [ view_parse ] --END-- [ RunTime:0.087443s ]
INFO: [ view_filter ] --START--
INFO: Run Behavior\WriteHtmlCacheBehavior [ RunTime:0.001913s ]
INFO: [ view_filter ] --END-- [ RunTime:0.002162s ]
INFO: [ app_end ] --START--
INFO: Run Behavior\ShowPageTraceBehavior [ RunTime:0.007652s ]
INFO: [ app_end ] --END-- [ RunTime:0.007959s ]

[ 2018-04-27T18:36:28+08:00 ] 127.0.0.1 /restaurant/restaurant/index.php/Home/Index/index
INFO: [ app_init ] --START--
INFO: Run Behavior\BuildLiteBehavior [ RunTime:0.000045s ]
INFO: [ app_init ] --END-- [ RunTime:0.001179s ]
INFO: [ app_begin ] --START--
INFO: Run Behavior\ReadHtmlCacheBehavior [ RunTime:0.001967s ]
INFO: [ app_begin ] --END-- [ RunTime:0.002184s ]
SQL: SHOW COLUMNS FROM `news` [ RunTime:0.0188s ]
NOTIC: [8] Undefined variable: condition D:\apa\PHP1\restaurant\restaurant\Application\Home\Controller\IndexController.class.php 第 9 行.
SQL: SELECT * FROM `news`  [ RunTime:0.0037s ]
SQL: SELECT * FROM `news` WHERE `type` = '饮食咨询'  [ RunTime:0.0019s ]
SQL: SELECT * FROM `news` WHERE `type` = '为您推荐'  [ RunTime:0.0017s ]
SQL: SHOW COLUMNS FROM `todayfood` [ RunTime:0.0198s ]
SQL: SELECT * FROM `todayfood`  [ RunTime:0.0016s ]
SQL: SHOW COLUMNS FROM `food` [ RunTime:0.0201s ]
SQL: SELECT * FROM `food` ORDER BY num desc LIMIT 0,16   [ RunTime:0.0009s ]
SQL: SELECT * FROM `food` WHERE `type` = '早餐'  [ RunTime:0.0009s ]
SQL: SELECT * FROM `food` WHERE `type` = '午餐'  [ RunTime:0.0011s ]
SQL: SELECT * FROM `food` WHERE `type` = '下午茶'  [ RunTime:0.0010s ]
SQL: SELECT * FROM `food` WHERE `type` = '晚餐'  [ RunTime:0.0008s ]
SQL: SELECT * FROM `food` WHERE `type` = '甜品饮品'  [ RunTime:0.0011s ]
SQL: SELECT * FROM `food` WHERE `type` = '小吃晚餐'  [ RunTime:0.0010s ]
INFO: [ view_parse ] --START--
INFO: [ template_filter ] --START--
INFO: Run Behavior\ContentReplaceBehavior [ RunTime:0.000731s ]
INFO: [ template_filter ] --END-- [ RunTime:0.001008s ]
INFO: Run Behavior\ParseTemplateBehavior [ RunTime:0.083830s ]
INFO: [ view_parse ] --END-- [ RunTime:0.084073s ]
INFO: [ view_filter ] --START--
INFO: Run Behavior\WriteHtmlCacheBehavior [ RunTime:0.001296s ]
INFO: [ view_filter ] --END-- [ RunTime:0.001483s ]
INFO: [ app_end ] --START--
INFO: Run Behavior\ShowPageTraceBehavior [ RunTime:0.002756s ]
INFO: [ app_end ] --END-- [ RunTime:0.003127s ]

[ 2018-04-27T18:37:43+08:00 ] 127.0.0.1 /restaurant/restaurant/index.php/Home/Index/index
INFO: [ app_init ] --START--
INFO: Run Behavior\BuildLiteBehavior [ RunTime:0.000048s ]
INFO: [ app_init ] --END-- [ RunTime:0.001261s ]
INFO: [ app_begin ] --START--
INFO: Run Behavior\ReadHtmlCacheBehavior [ RunTime:0.002130s ]
INFO: [ app_begin ] --END-- [ RunTime:0.002388s ]
SQL: SHOW COLUMNS FROM `news` [ RunTime:0.0189s ]
NOTIC: [8] Undefined variable: condition D:\apa\PHP1\restaurant\restaurant\Application\Home\Controller\IndexController.class.php 第 9 行.
SQL: SELECT * FROM `news`  [ RunTime:0.0039s ]
SQL: SELECT * FROM `news` WHERE `type` = '饮食咨询'  [ RunTime:0.0017s ]
SQL: SELECT * FROM `news` WHERE `type` = '为您推荐'  [ RunTime:0.0015s ]
SQL: SHOW COLUMNS FROM `todayfood` [ RunTime:0.0191s ]
SQL: SELECT * FROM `todayfood`  [ RunTime:0.0015s ]
SQL: SHOW COLUMNS FROM `food` [ RunTime:0.0193s ]
SQL: SELECT * FROM `food` ORDER BY num desc LIMIT 0,16   [ RunTime:0.0012s ]
SQL: SELECT * FROM `food` WHERE `type` = '早餐'  [ RunTime:0.0011s ]
SQL: SELECT * FROM `food` WHERE `type` = '午餐'  [ RunTime:0.0010s ]
SQL: SELECT * FROM `food` WHERE `type` = '下午茶'  [ RunTime:0.0008s ]
SQL: SELECT * FROM `food` WHERE `type` = '晚餐'  [ RunTime:0.0007s ]
SQL: SELECT * FROM `food` WHERE `type` = '甜品饮品'  [ RunTime:0.0009s ]
SQL: SELECT * FROM `food` WHERE `type` = '小吃晚餐'  [ RunTime:0.0008s ]
INFO: [ view_parse ] --START--
INFO: [ template_filter ] --START--
INFO: Run Behavior\ContentReplaceBehavior [ RunTime:0.000541s ]
INFO: [ template_filter ] --END-- [ RunTime:0.000762s ]
INFO: Run Behavior\ParseTemplateBehavior [ RunTime:0.081900s ]
INFO: [ view_parse ] --END-- [ RunTime:0.082137s ]
INFO: [ view_filter ] --START--
INFO: Run Behavior\WriteHtmlCacheBehavior [ RunTime:0.001499s ]
INFO: [ view_filter ] --END-- [ RunTime:0.001797s ]
INFO: [ app_end ] --START--
INFO: Run Behavior\ShowPageTraceBehavior [ RunTime:0.002345s ]
INFO: [ app_end ] --END-- [ RunTime:0.002609s ]

[ 2018-04-27T18:39:17+08:00 ] 127.0.0.1 /restaurant/restaurant/index.php/Home/Index/index
INFO: [ app_init ] --START--
INFO: Run Behavior\BuildLiteBehavior [ RunTime:0.000050s ]
INFO: [ app_init ] --END-- [ RunTime:0.001196s ]
INFO: [ app_begin ] --START--
INFO: Run Behavior\ReadHtmlCacheBehavior [ RunTime:0.002523s ]
INFO: [ app_begin ] --END-- [ RunTime:0.002930s ]
SQL: SHOW COLUMNS FROM `news` [ RunTime:0.0189s ]
SQL: SELECT * FROM `news` WHERE `type` = '健康饮食'  [ RunTime:0.0026s ]
SQL: SELECT * FROM `news` WHERE `type` = '饮食咨询'  [ RunTime:0.0016s ]
SQL: SELECT * FROM `news` WHERE `type` = '为您推荐'  [ RunTime:0.0015s ]
SQL: SHOW COLUMNS FROM `todayfood` [ RunTime:0.0187s ]
SQL: SELECT * FROM `todayfood`  [ RunTime:0.0013s ]
SQL: SHOW COLUMNS FROM `food` [ RunTime:0.0186s ]
SQL: SELECT * FROM `food` ORDER BY num desc LIMIT 0,16   [ RunTime:0.0010s ]
SQL: SELECT * FROM `food` WHERE `type` = '早餐'  [ RunTime:0.0010s ]
SQL: SELECT * FROM `food` WHERE `type` = '午餐'  [ RunTime:0.0009s ]
SQL: SELECT * FROM `food` WHERE `type` = '下午茶'  [ RunTime:0.0007s ]
SQL: SELECT * FROM `food` WHERE `type` = '晚餐'  [ RunTime:0.0006s ]
SQL: SELECT * FROM `food` WHERE `type` = '甜品饮品'  [ RunTime:0.0007s ]
SQL: SELECT * FROM `food` WHERE `type` = '小吃晚餐'  [ RunTime:0.0008s ]
INFO: [ view_parse ] --START--
INFO: [ template_filter ] --START--
INFO: Run Behavior\ContentReplaceBehavior [ RunTime:0.000623s ]
INFO: [ template_filter ] --END-- [ RunTime:0.000864s ]
INFO: Run Behavior\ParseTemplateBehavior [ RunTime:0.075748s ]
INFO: [ view_parse ] --END-- [ RunTime:0.075991s ]
INFO: [ view_filter ] --START--
INFO: Run Behavior\WriteHtmlCacheBehavior [ RunTime:0.001222s ]
INFO: [ view_filter ] --END-- [ RunTime:0.001414s ]
INFO: [ app_end ] --START--
INFO: Run Behavior\ShowPageTraceBehavior [ RunTime:0.002299s ]
INFO: [ app_end ] --END-- [ RunTime:0.002557s ]

[ 2018-04-27T18:39:32+08:00 ] 127.0.0.1 /restaurant/restaurant/index.php/Home/Index/index
INFO: [ app_init ] --START--
INFO: Run Behavior\BuildLiteBehavior [ RunTime:0.000053s ]
INFO: [ app_init ] --END-- [ RunTime:0.001304s ]
INFO: [ app_begin ] --START--
INFO: Run Behavior\ReadHtmlCacheBehavior [ RunTime:0.001750s ]
INFO: [ app_begin ] --END-- [ RunTime:0.001977s ]
SQL: SHOW COLUMNS FROM `news` [ RunTime:0.0188s ]
SQL: SELECT * FROM `news` WHERE `type` = '健康饮食'  [ RunTime:0.0019s ]
SQL: SELECT * FROM `news` WHERE `type` = '饮食咨询'  [ RunTime:0.0016s ]
SQL: SELECT * FROM `news` WHERE `type` = '为您推荐'  [ RunTime:0.0016s ]
SQL: SHOW COLUMNS FROM `todayfood` [ RunTime:0.0185s ]
SQL: SELECT * FROM `todayfood`  [ RunTime:0.0013s ]
SQL: SHOW COLUMNS FROM `food` [ RunTime:0.0188s ]
SQL: SELECT * FROM `food` ORDER BY num desc LIMIT 0,16   [ RunTime:0.0010s ]
SQL: SELECT * FROM `food` WHERE `type` = '早餐'  [ RunTime:0.0009s ]
SQL: SELECT * FROM `food` WHERE `type` = '午餐'  [ RunTime:0.0010s ]
SQL: SELECT * FROM `food` WHERE `type` = '下午茶'  [ RunTime:0.0009s ]
SQL: SELECT * FROM `food` WHERE `type` = '晚餐'  [ RunTime:0.0012s ]
SQL: SELECT * FROM `food` WHERE `type` = '甜品饮品'  [ RunTime:0.0011s ]
SQL: SELECT * FROM `food` WHERE `type` = '小吃晚餐'  [ RunTime:0.0010s ]
INFO: [ view_parse ] --START--
INFO: [ template_filter ] --START--
INFO: Run Behavior\ContentReplaceBehavior [ RunTime:0.000535s ]
INFO: [ template_filter ] --END-- [ RunTime:0.000737s ]
INFO: Run Behavior\ParseTemplateBehavior [ RunTime:0.081426s ]
INFO: [ view_parse ] --END-- [ RunTime:0.081657s ]
INFO: [ view_filter ] --START--
INFO: Run Behavior\WriteHtmlCacheBehavior [ RunTime:0.000852s ]
INFO: [ view_filter ] --END-- [ RunTime:0.001022s ]
INFO: [ app_end ] --START--
INFO: Run Behavior\ShowPageTraceBehavior [ RunTime:0.002081s ]
INFO: [ app_end ] --END-- [ RunTime:0.002330s ]

[ 2018-04-27T18:39:59+08:00 ] 127.0.0.1 /restaurant/restaurant/index.php/Home/Index/index
INFO: [ app_init ] --START--
INFO: Run Behavior\BuildLiteBehavior [ RunTime:0.000046s ]
INFO: [ app_init ] --END-- [ RunTime:0.001049s ]
INFO: [ app_begin ] --START--
INFO: Run Behavior\ReadHtmlCacheBehavior [ RunTime:0.001795s ]
INFO: [ app_begin ] --END-- [ RunTime:0.002194s ]
SQL: SHOW COLUMNS FROM `news` [ RunTime:0.0192s ]
SQL: SELECT * FROM `news` WHERE `type` = '健康饮食'  [ RunTime:0.0019s ]
SQL: SELECT * FROM `news` WHERE `type` = '饮食咨询'  [ RunTime:0.0015s ]
SQL: SELECT * FROM `news` WHERE `type` = '为您推荐'  [ RunTime:0.0018s ]
SQL: SHOW COLUMNS FROM `todayfood` [ RunTime:0.0186s ]
SQL: SELECT * FROM `todayfood`  [ RunTime:0.0013s ]
SQL: SHOW COLUMNS FROM `food` [ RunTime:0.0193s ]
SQL: SELECT * FROM `food` ORDER BY num desc LIMIT 0,16   [ RunTime:0.0011s ]
SQL: SELECT * FROM `food` WHERE `type` = '早餐'  [ RunTime:0.0012s ]
SQL: SELECT * FROM `food` WHERE `type` = '午餐'  [ RunTime:0.0012s ]
SQL: SELECT * FROM `food` WHERE `type` = '下午茶'  [ RunTime:0.0009s ]
SQL: SELECT * FROM `food` WHERE `type` = '晚餐'  [ RunTime:0.0007s ]
SQL: SELECT * FROM `food` WHERE `type` = '甜品饮品'  [ RunTime:0.0009s ]
SQL: SELECT * FROM `food` WHERE `type` = '小吃晚餐'  [ RunTime:0.0010s ]
INFO: [ view_parse ] --START--
INFO: [ template_filter ] --START--
INFO: Run Behavior\ContentReplaceBehavior [ RunTime:0.000535s ]
INFO: [ template_filter ] --END-- [ RunTime:0.000750s ]
INFO: Run Behavior\ParseTemplateBehavior [ RunTime:0.075517s ]
INFO: [ view_parse ] --END-- [ RunTime:0.075747s ]
INFO: [ view_filter ] --START--
INFO: Run Behavior\WriteHtmlCacheBehavior [ RunTime:0.000772s ]
INFO: [ view_filter ] --END-- [ RunTime:0.000938s ]
INFO: [ app_end ] --START--
INFO: Run Behavior\ShowPageTraceBehavior [ RunTime:0.001819s ]
INFO: [ app_end ] --END-- [ RunTime:0.002075s ]

[ 2018-04-27T18:40:03+08:00 ] 127.0.0.1 /restaurant/restaurant/index.php/Home/Index/index
INFO: [ app_init ] --START--
INFO: Run Behavior\BuildLiteBehavior [ RunTime:0.000046s ]
INFO: [ app_init ] --END-- [ RunTime:0.001087s ]
INFO: [ app_begin ] --START--
INFO: Run Behavior\ReadHtmlCacheBehavior [ RunTime:0.001656s ]
INFO: [ app_begin ] --END-- [ RunTime:0.001887s ]
SQL: SHOW COLUMNS FROM `news` [ RunTime:0.0181s ]
SQL: SELECT * FROM `news` WHERE `type` = '健康饮食'  [ RunTime:0.0018s ]
SQL: SELECT * FROM `news` WHERE `type` = '饮食咨询'  [ RunTime:0.0016s ]
SQL: SELECT * FROM `news` WHERE `type` = '为您推荐'  [ RunTime:0.0015s ]
SQL: SHOW COLUMNS FROM `todayfood` [ RunTime:0.0188s ]
SQL: SELECT * FROM `todayfood`  [ RunTime:0.0011s ]
SQL: SHOW COLUMNS FROM `food` [ RunTime:0.0190s ]
SQL: SELECT * FROM `food` ORDER BY num desc LIMIT 0,16   [ RunTime:0.0010s ]
SQL: SELECT * FROM `food` WHERE `type` = '早餐'  [ RunTime:0.0009s ]
SQL: SELECT * FROM `food` WHERE `type` = '午餐'  [ RunTime:0.0009s ]
SQL: SELECT * FROM `food` WHERE `type` = '下午茶'  [ RunTime:0.0007s ]
SQL: SELECT * FROM `food` WHERE `type` = '晚餐'  [ RunTime:0.0010s ]
SQL: SELECT * FROM `food` WHERE `type` = '甜品饮品'  [ RunTime:0.0009s ]
SQL: SELECT * FROM `food` WHERE `type` = '小吃晚餐'  [ RunTime:0.0009s ]
INFO: [ view_parse ] --START--
INFO: [ template_filter ] --START--
INFO: Run Behavior\ContentReplaceBehavior [ RunTime:0.000520s ]
INFO: [ template_filter ] --END-- [ RunTime:0.000751s ]
INFO: Run Behavior\ParseTemplateBehavior [ RunTime:0.080440s ]
INFO: [ view_parse ] --END-- [ RunTime:0.080716s ]
INFO: [ view_filter ] --START--
INFO: Run Behavior\WriteHtmlCacheBehavior [ RunTime:0.000677s ]
INFO: [ view_filter ] --END-- [ RunTime:0.000853s ]
INFO: [ app_end ] --START--
INFO: Run Behavior\ShowPageTraceBehavior [ RunTime:0.002832s ]
INFO: [ app_end ] --END-- [ RunTime:0.003087s ]

[ 2018-04-27T18:41:06+08:00 ] 127.0.0.1 /restaurant/restaurant/index.php/Home/Index/index
INFO: [ app_init ] --START--
INFO: Run Behavior\BuildLiteBehavior [ RunTime:0.000045s ]
INFO: [ app_init ] --END-- [ RunTime:0.001264s ]
INFO: [ app_begin ] --START--
INFO: Run Behavior\ReadHtmlCacheBehavior [ RunTime:0.002448s ]
INFO: [ app_begin ] --END-- [ RunTime:0.002689s ]
SQL: SHOW COLUMNS FROM `news` [ RunTime:0.0182s ]
SQL: SELECT * FROM `news` WHERE `type` = '健康饮食'  [ RunTime:0.0020s ]
SQL: SELECT * FROM `news` WHERE `type` = '饮食咨询'  [ RunTime:0.0019s ]
SQL: SELECT * FROM `news` WHERE `type` = '为您推荐'  [ RunTime:0.0016s ]
SQL: SHOW COLUMNS FROM `todayfood` [ RunTime:0.0209s ]
SQL: SELECT * FROM `todayfood`  [ RunTime:0.0012s ]
SQL: SHOW COLUMNS FROM `food` [ RunTime:0.0216s ]
SQL: SELECT * FROM `food` ORDER BY num desc LIMIT 0,16   [ RunTime:0.0010s ]
SQL: SELECT * FROM `food` WHERE `type` = '早餐'  [ RunTime:0.0011s ]
SQL: SELECT * FROM `food` WHERE `type` = '午餐'  [ RunTime:0.0010s ]
SQL: SELECT * FROM `food` WHERE `type` = '下午茶'  [ RunTime:0.0007s ]
SQL: SELECT * FROM `food` WHERE `type` = '晚餐'  [ RunTime:0.0009s ]
SQL: SELECT * FROM `food` WHERE `type` = '甜品饮品'  [ RunTime:0.0010s ]
SQL: SELECT * FROM `food` WHERE `type` = '小吃晚餐'  [ RunTime:0.0010s ]
INFO: [ view_parse ] --START--
INFO: [ template_filter ] --START--
INFO: Run Behavior\ContentReplaceBehavior [ RunTime:0.001088s ]
INFO: [ template_filter ] --END-- [ RunTime:0.001313s ]
INFO: Run Behavior\ParseTemplateBehavior [ RunTime:0.076848s ]
INFO: [ view_parse ] --END-- [ RunTime:0.077075s ]
INFO: [ view_filter ] --START--
INFO: Run Behavior\WriteHtmlCacheBehavior [ RunTime:0.001111s ]
INFO: [ view_filter ] --END-- [ RunTime:0.001294s ]
INFO: [ app_end ] --START--
INFO: Run Behavior\ShowPageTraceBehavior [ RunTime:0.003159s ]
INFO: [ app_end ] --END-- [ RunTime:0.003450s ]

[ 2018-04-27T18:41:49+08:00 ] 127.0.0.1 /restaurant/restaurant/index.php/Home/Index/index
INFO: [ app_init ] --START--
INFO: Run Behavior\BuildLiteBehavior [ RunTime:0.000046s ]
INFO: [ app_init ] --END-- [ RunTime:0.001230s ]
INFO: [ app_begin ] --START--
INFO: Run Behavior\ReadHtmlCacheBehavior [ RunTime:0.002435s ]
INFO: [ app_begin ] --END-- [ RunTime:0.002678s ]
SQL: SHOW COLUMNS FROM `news` [ RunTime:0.0176s ]
SQL: SELECT * FROM `news` WHERE `type` = '健康饮食'  [ RunTime:0.0017s ]
SQL: SELECT * FROM `news` WHERE `type` = '饮食咨询'  [ RunTime:0.0016s ]
SQL: SELECT * FROM `news` WHERE `type` = '为您推荐'  [ RunTime:0.0015s ]
SQL: SHOW COLUMNS FROM `todayfood` [ RunTime:0.0193s ]
SQL: SELECT * FROM `todayfood`  [ RunTime:0.0015s ]
SQL: SHOW COLUMNS FROM `food` [ RunTime:0.0189s ]
SQL: SELECT * FROM `food` ORDER BY num desc LIMIT 0,16   [ RunTime:0.0012s ]
SQL: SELECT * FROM `food` WHERE `type` = '早餐'  [ RunTime:0.0012s ]
SQL: SELECT * FROM `food` WHERE `type` = '午餐'  [ RunTime:0.0013s ]
SQL: SELECT * FROM `food` WHERE `type` = '下午茶'  [ RunTime:0.0008s ]
SQL: SELECT * FROM `food` WHERE `type` = '晚餐'  [ RunTime:0.0012s ]
SQL: SELECT * FROM `food` WHERE `type` = '甜品饮品'  [ RunTime:0.0008s ]
SQL: SELECT * FROM `food` WHERE `type` = '小吃晚餐'  [ RunTime:0.0008s ]
INFO: [ view_parse ] --START--
INFO: [ template_filter ] --START--
INFO: Run Behavior\ContentReplaceBehavior [ RunTime:0.000523s ]
INFO: [ template_filter ] --END-- [ RunTime:0.000768s ]
INFO: Run Behavior\ParseTemplateBehavior [ RunTime:0.087844s ]
INFO: [ view_parse ] --END-- [ RunTime:0.088081s ]
INFO: [ view_filter ] --START--
INFO: Run Behavior\WriteHtmlCacheBehavior [ RunTime:0.001820s ]
INFO: [ view_filter ] --END-- [ RunTime:0.002034s ]
INFO: [ app_end ] --START--
INFO: Run Behavior\ShowPageTraceBehavior [ RunTime:0.002110s ]
INFO: [ app_end ] --END-- [ RunTime:0.002322s ]

[ 2018-04-27T18:42:21+08:00 ] 127.0.0.1 /restaurant/restaurant/index.php/Home/Index/index
INFO: [ app_init ] --START--
INFO: Run Behavior\BuildLiteBehavior [ RunTime:0.000086s ]
INFO: [ app_init ] --END-- [ RunTime:0.001859s ]
INFO: [ app_begin ] --START--
INFO: Run Behavior\ReadHtmlCacheBehavior [ RunTime:0.002945s ]
INFO: [ app_begin ] --END-- [ RunTime:0.003199s ]
SQL: SHOW COLUMNS FROM `news` [ RunTime:0.0189s ]
SQL: SELECT * FROM `news` WHERE `type` = '健康饮食'  [ RunTime:0.0024s ]
SQL: SELECT * FROM `news` WHERE `type` = '饮食咨询'  [ RunTime:0.0020s ]
SQL: SELECT * FROM `news` WHERE `type` = '为您推荐'  [ RunTime:0.0022s ]
SQL: SHOW COLUMNS FROM `todayfood` [ RunTime:0.0184s ]
SQL: SELECT * FROM `todayfood`  [ RunTime:0.0015s ]
SQL: SHOW COLUMNS FROM `food` [ RunTime:0.0195s ]
SQL: SELECT * FROM `food` ORDER BY num desc LIMIT 0,16   [ RunTime:0.0014s ]
SQL: SELECT * FROM `food` WHERE `type` = '早餐'  [ RunTime:0.0013s ]
SQL: SELECT * FROM `food` WHERE `type` = '午餐'  [ RunTime:0.0012s ]
SQL: SELECT * FROM `food` WHERE `type` = '下午茶'  [ RunTime:0.0009s ]
SQL: SELECT * FROM `food` WHERE `type` = '晚餐'  [ RunTime:0.0010s ]
SQL: SELECT * FROM `food` WHERE `type` = '甜品饮品'  [ RunTime:0.0011s ]
SQL: SELECT * FROM `food` WHERE `type` = '小吃晚餐'  [ RunTime:0.0010s ]
INFO: [ view_parse ] --START--
INFO: [ template_filter ] --START--
INFO: Run Behavior\ContentReplaceBehavior [ RunTime:0.000516s ]
INFO: [ template_filter ] --END-- [ RunTime:0.000745s ]
INFO: Run Behavior\ParseTemplateBehavior [ RunTime:0.083215s ]
INFO: [ view_parse ] --END-- [ RunTime:0.083440s ]
INFO: [ view_filter ] --START--
INFO: Run Behavior\WriteHtmlCacheBehavior [ RunTime:0.001082s ]
INFO: [ view_filter ] --END-- [ RunTime:0.001253s ]
INFO: [ app_end ] --START--
INFO: Run Behavior\ShowPageTraceBehavior [ RunTime:0.002866s ]
INFO: [ app_end ] --END-- [ RunTime:0.003390s ]

[ 2018-04-27T18:42:25+08:00 ] 127.0.0.1 /restaurant/restaurant/index.php/Home/Index/index
INFO: [ app_init ] --START--
INFO: Run Behavior\BuildLiteBehavior [ RunTime:0.000046s ]
INFO: [ app_init ] --END-- [ RunTime:0.001049s ]
INFO: [ app_begin ] --START--
INFO: Run Behavior\ReadHtmlCacheBehavior [ RunTime:0.001701s ]
INFO: [ app_begin ] --END-- [ RunTime:0.001906s ]
SQL: SHOW COLUMNS FROM `news` [ RunTime:1.1361s ]
SQL: SELECT * FROM `news` WHERE `type` = '健康饮食'  [ RunTime:0.0019s ]
SQL: SELECT * FROM `news` WHERE `type` = '饮食咨询'  [ RunTime:0.0015s ]
SQL: SELECT * FROM `news` WHERE `type` = '为您推荐'  [ RunTime:0.0017s ]
SQL: SHOW COLUMNS FROM `todayfood` [ RunTime:0.0195s ]
SQL: SELECT * FROM `todayfood`  [ RunTime:0.0017s ]
SQL: SHOW COLUMNS FROM `food` [ RunTime:0.0199s ]
SQL: SELECT * FROM `food` ORDER BY num desc LIMIT 0,16   [ RunTime:0.0012s ]
SQL: SELECT * FROM `food` WHERE `type` = '早餐'  [ RunTime:0.0017s ]
SQL: SELECT * FROM `food` WHERE `type` = '午餐'  [ RunTime:0.0012s ]
SQL: SELECT * FROM `food` WHERE `type` = '下午茶'  [ RunTime:0.0011s ]
SQL: SELECT * FROM `food` WHERE `type` = '晚餐'  [ RunTime:0.0009s ]
SQL: SELECT * FROM `food` WHERE `type` = '甜品饮品'  [ RunTime:0.0010s ]
SQL: SELECT * FROM `food` WHERE `type` = '小吃晚餐'  [ RunTime:0.0010s ]
INFO: [ view_parse ] --START--
INFO: [ template_filter ] --START--
INFO: Run Behavior\ContentReplaceBehavior [ RunTime:0.000551s ]
INFO: [ template_filter ] --END-- [ RunTime:0.000802s ]
INFO: Run Behavior\ParseTemplateBehavior [ RunTime:0.119371s ]
INFO: [ view_parse ] --END-- [ RunTime:0.120210s ]
INFO: [ view_filter ] --START--
INFO: Run Behavior\WriteHtmlCacheBehavior [ RunTime:0.002229s ]
INFO: [ view_filter ] --END-- [ RunTime:0.002899s ]
INFO: [ app_end ] --START--
INFO: Run Behavior\ShowPageTraceBehavior [ RunTime:0.005408s ]
INFO: [ app_end ] --END-- [ RunTime:0.005749s ]

[ 2018-04-27T18:43:42+08:00 ] 127.0.0.1 /restaurant/restaurant/index.php/Home/Index/index
INFO: [ app_init ] --START--
INFO: Run Behavior\BuildLiteBehavior [ RunTime:0.000056s ]
INFO: [ app_init ] --END-- [ RunTime:0.001362s ]
INFO: [ app_begin ] --START--
INFO: Run Behavior\ReadHtmlCacheBehavior [ RunTime:0.001568s ]
INFO: [ app_begin ] --END-- [ RunTime:0.001791s ]
SQL: SHOW COLUMNS FROM `news` [ RunTime:0.1266s ]
SQL: SELECT * FROM `news` WHERE `type` = '健康饮食'  [ RunTime:0.0024s ]
SQL: SELECT * FROM `news` WHERE `type` = '饮食咨询'  [ RunTime:0.0018s ]
SQL: SELECT * FROM `news` WHERE `type` = '为您推荐'  [ RunTime:0.0022s ]
SQL: SHOW COLUMNS FROM `todayfood` [ RunTime:0.0195s ]
SQL: SELECT * FROM `todayfood`  [ RunTime:0.0012s ]
SQL: SHOW COLUMNS FROM `food` [ RunTime:0.0187s ]
SQL: SELECT * FROM `food` ORDER BY num desc LIMIT 0,16   [ RunTime:0.0012s ]
SQL: SELECT * FROM `food` WHERE `type` = '早餐'  [ RunTime:0.0014s ]
SQL: SELECT * FROM `food` WHERE `type` = '午餐'  [ RunTime:0.0012s ]
SQL: SELECT * FROM `food` WHERE `type` = '下午茶'  [ RunTime:0.0011s ]
SQL: SELECT * FROM `food` WHERE `type` = '晚餐'  [ RunTime:0.0010s ]
SQL: SELECT * FROM `food` WHERE `type` = '甜品饮品'  [ RunTime:0.0010s ]
SQL: SELECT * FROM `food` WHERE `type` = '小吃晚餐'  [ RunTime:0.0010s ]
INFO: [ view_parse ] --START--
INFO: [ template_filter ] --START--
INFO: Run Behavior\ContentReplaceBehavior [ RunTime:0.000517s ]
INFO: [ template_filter ] --END-- [ RunTime:0.000740s ]
INFO: Run Behavior\ParseTemplateBehavior [ RunTime:0.080171s ]
INFO: [ view_parse ] --END-- [ RunTime:0.080416s ]
INFO: [ view_filter ] --START--
INFO: Run Behavior\WriteHtmlCacheBehavior [ RunTime:0.000930s ]
INFO: [ view_filter ] --END-- [ RunTime:0.001099s ]
INFO: [ app_end ] --START--
INFO: Run Behavior\ShowPageTraceBehavior [ RunTime:0.002247s ]
INFO: [ app_end ] --END-- [ RunTime:0.002643s ]

[ 2018-04-27T18:43:47+08:00 ] 127.0.0.1 /restaurant/restaurant/index.php/Home/News/news
INFO: [ app_init ] --START--
INFO: Run Behavior\BuildLiteBehavior [ RunTime:0.000055s ]
INFO: [ app_init ] --END-- [ RunTime:0.001614s ]
INFO: [ app_begin ] --START--
INFO: Run Behavior\ReadHtmlCacheBehavior [ RunTime:0.002476s ]
INFO: [ app_begin ] --END-- [ RunTime:0.002769s ]
SQL: SHOW COLUMNS FROM `news` [ RunTime:0.0179s ]
SQL: SELECT * FROM `news` WHERE `type` = '健康饮食'  [ RunTime:0.0018s ]
NOTIC: [8] Undefined variable: news2Model D:\apa\PHP1\restaurant\restaurant\Application\Home\Controller\NewsController.class.php 第 13 行.

[ 2018-04-27T18:44:14+08:00 ] 127.0.0.1 /restaurant/restaurant/index.php/Home/News/news
INFO: [ app_init ] --START--
INFO: Run Behavior\BuildLiteBehavior [ RunTime:0.000048s ]
INFO: [ app_init ] --END-- [ RunTime:0.001349s ]
INFO: [ app_begin ] --START--
INFO: Run Behavior\ReadHtmlCacheBehavior [ RunTime:0.002193s ]
INFO: [ app_begin ] --END-- [ RunTime:0.002422s ]
SQL: SHOW COLUMNS FROM `news` [ RunTime:0.0202s ]
SQL: SELECT * FROM `news` WHERE `type` = '健康饮食'  [ RunTime:0.0020s ]
SQL: SELECT * FROM `news` WHERE `type` = '饮食咨询'  [ RunTime:0.0019s ]
SQL: SELECT * FROM `news` WHERE `type` = '为您推荐'  [ RunTime:0.0015s ]
SQL: SELECT * FROM `news` ORDER BY click desc LIMIT 0,5   [ RunTime:0.0022s ]
SQL: SHOW COLUMNS FROM `newstype` [ RunTime:0.0192s ]
NOTIC: [8] Undefined variable: id D:\apa\PHP1\restaurant\restaurant\Application\Home\Controller\NewsController.class.php 第 25 行.
SQL: SELECT * FROM `newstype`  [ RunTime:0.0008s ]
INFO: [ view_parse ] --START--
INFO: [ template_filter ] --START--
INFO: Run Behavior\ContentReplaceBehavior [ RunTime:0.000474s ]
INFO: [ template_filter ] --END-- [ RunTime:0.000707s ]
INFO: Run Behavior\ParseTemplateBehavior [ RunTime:0.054607s ]
INFO: [ view_parse ] --END-- [ RunTime:0.054880s ]
INFO: [ view_filter ] --START--
INFO: Run Behavior\WriteHtmlCacheBehavior [ RunTime:0.001046s ]
INFO: [ view_filter ] --END-- [ RunTime:0.001238s ]
INFO: [ app_end ] --START--
INFO: Run Behavior\ShowPageTraceBehavior [ RunTime:0.005669s ]
INFO: [ app_end ] --END-- [ RunTime:0.006607s ]

[ 2018-04-27T18:45:23+08:00 ] 127.0.0.1 /restaurant/restaurant/index.php/Home/News/news
INFO: [ app_init ] --START--
INFO: Run Behavior\BuildLiteBehavior [ RunTime:0.000047s ]
INFO: [ app_init ] --END-- [ RunTime:0.001285s ]
INFO: [ app_begin ] --START--
INFO: Run Behavior\ReadHtmlCacheBehavior [ RunTime:0.002211s ]
INFO: [ app_begin ] --END-- [ RunTime:0.002460s ]
SQL: SHOW COLUMNS FROM `news` [ RunTime:0.0187s ]
SQL: SELECT * FROM `news` WHERE `type` = '健康饮食'  [ RunTime:0.0019s ]
SQL: SELECT * FROM `news` WHERE `type` = '饮食咨询'  [ RunTime:0.0015s ]
SQL: SELECT * FROM `news` WHERE `type` = '为您推荐'  [ RunTime:0.0016s ]
SQL: SELECT * FROM `news` ORDER BY click desc LIMIT 0,5   [ RunTime:0.0013s ]
SQL: SHOW COLUMNS FROM `newstype` [ RunTime:0.0205s ]
NOTIC: [8] Undefined variable: id D:\apa\PHP1\restaurant\restaurant\Application\Home\Controller\NewsController.class.php 第 25 行.
SQL: SELECT * FROM `newstype`  [ RunTime:0.0007s ]
INFO: [ view_parse ] --START--
INFO: [ template_filter ] --START--
INFO: Run Behavior\ContentReplaceBehavior [ RunTime:0.000493s ]
INFO: [ template_filter ] --END-- [ RunTime:0.000741s ]
NOTIC: [8] Use of undefined constant ture - assumed 'ture' D:\apa\PHP1\restaurant\restaurant\Application\Runtime\Cache\Home\6be51b3900cccae2c73119baf20891ff.php 第 128 行.
NOTIC: [8] Use of undefined constant ture - assumed 'ture' D:\apa\PHP1\restaurant\restaurant\Application\Runtime\Cache\Home\6be51b3900cccae2c73119baf20891ff.php 第 128 行.
NOTIC: [8] Use of undefined constant ture - assumed 'ture' D:\apa\PHP1\restaurant\restaurant\Application\Runtime\Cache\Home\6be51b3900cccae2c73119baf20891ff.php 第 128 行.
NOTIC: [8] Use of undefined constant ture - assumed 'ture' D:\apa\PHP1\restaurant\restaurant\Application\Runtime\Cache\Home\6be51b3900cccae2c73119baf20891ff.php 第 128 行.
NOTIC: [8] Use of undefined constant ture - assumed 'ture' D:\apa\PHP1\restaurant\restaurant\Application\Runtime\Cache\Home\6be51b3900cccae2c73119baf20891ff.php 第 128 行.
NOTIC: [8] Use of undefined constant ture - assumed 'ture' D:\apa\PHP1\restaurant\restaurant\Application\Runtime\Cache\Home\6be51b3900cccae2c73119baf20891ff.php 第 128 行.
NOTIC: [8] Use of undefined constant ture - assumed 'ture' D:\apa\PHP1\restaurant\restaurant\Application\Runtime\Cache\Home\6be51b3900cccae2c73119baf20891ff.php 第 144 行.
NOTIC: [8] Use of undefined constant ture - assumed 'ture' D:\apa\PHP1\restaurant\restaurant\Application\Runtime\Cache\Home\6be51b3900cccae2c73119baf20891ff.php 第 144 行.
NOTIC: [8] Use of undefined constant ture - assumed 'ture' D:\apa\PHP1\restaurant\restaurant\Application\Runtime\Cache\Home\6be51b3900cccae2c73119baf20891ff.php 第 144 行.
NOTIC: [8] Use of undefined constant ture - assumed 'ture' D:\apa\PHP1\restaurant\restaurant\Application\Runtime\Cache\Home\6be51b3900cccae2c73119baf20891ff.php 第 144 行.
NOTIC: [8] Use of undefined constant ture - assumed 'ture' D:\apa\PHP1\restaurant\restaurant\Application\Runtime\Cache\Home\6be51b3900cccae2c73119baf20891ff.php 第 144 行.
NOTIC: [8] Use of undefined constant ture - assumed 'ture' D:\apa\PHP1\restaurant\restaurant\Application\Runtime\Cache\Home\6be51b3900cccae2c73119baf20891ff.php 第 144 行.
NOTIC: [8] Use of undefined constant ture - assumed 'ture' D:\apa\PHP1\restaurant\restaurant\Application\Runtime\Cache\Home\6be51b3900cccae2c73119baf20891ff.php 第 160 行.
NOTIC: [8] Use of undefined constant ture - assumed 'ture' D:\apa\PHP1\restaurant\restaurant\Application\Runtime\Cache\Home\6be51b3900cccae2c73119baf20891ff.php 第 160 行.
NOTIC: [8] Use of undefined constant ture - assumed 'ture' D:\apa\PHP1\restaurant\restaurant\Application\Runtime\Cache\Home\6be51b3900cccae2c73119baf20891ff.php 第 160 行.
NOTIC: [8] Use of undefined constant ture - assumed 'ture' D:\apa\PHP1\restaurant\restaurant\Application\Runtime\Cache\Home\6be51b3900cccae2c73119baf20891ff.php 第 160 行.
NOTIC: [8] Use of undefined constant ture - assumed 'ture' D:\apa\PHP1\restaurant\restaurant\Application\Runtime\Cache\Home\6be51b3900cccae2c73119baf20891ff.php 第 160 行.
NOTIC: [8] Use of undefined constant ture - assumed 'ture' D:\apa\PHP1\restaurant\restaurant\Application\Runtime\Cache\Home\6be51b3900cccae2c73119baf20891ff.php 第 160 行.
INFO: Run Behavior\ParseTemplateBehavior [ RunTime:0.057366s ]
INFO: [ view_parse ] --END-- [ RunTime:0.057741s ]
INFO: [ view_filter ] --START--
INFO: Run Behavior\WriteHtmlCacheBehavior [ RunTime:0.001031s ]
INFO: [ view_filter ] --END-- [ RunTime:0.001206s ]
INFO: [ app_end ] --START--
INFO: Run Behavior\ShowPageTraceBehavior [ RunTime:0.002286s ]
INFO: [ app_end ] --END-- [ RunTime:0.002566s ]

[ 2018-04-27T18:45:41+08:00 ] 127.0.0.1 /restaurant/restaurant/index.php/Home/News/news
INFO: [ app_init ] --START--
INFO: Run Behavior\BuildLiteBehavior [ RunTime:0.000051s ]
INFO: [ app_init ] --END-- [ RunTime:0.001306s ]
INFO: [ app_begin ] --START--
INFO: Run Behavior\ReadHtmlCacheBehavior [ RunTime:0.001939s ]
INFO: [ app_begin ] --END-- [ RunTime:0.002144s ]
SQL: SHOW COLUMNS FROM `news` [ RunTime:0.0200s ]
SQL: SELECT * FROM `news` WHERE `type` = '健康饮食'  [ RunTime:0.0019s ]
SQL: SELECT * FROM `news` WHERE `type` = '饮食咨询'  [ RunTime:0.0015s ]
SQL: SELECT * FROM `news` WHERE `type` = '为您推荐'  [ RunTime:0.0018s ]
SQL: SELECT * FROM `news` ORDER BY click desc LIMIT 0,5   [ RunTime:0.0016s ]
SQL: SHOW COLUMNS FROM `newstype` [ RunTime:0.0178s ]
NOTIC: [8] Undefined variable: id D:\apa\PHP1\restaurant\restaurant\Application\Home\Controller\NewsController.class.php 第 25 行.
SQL: SELECT * FROM `newstype`  [ RunTime:0.0010s ]
INFO: [ view_parse ] --START--
INFO: [ template_filter ] --START--
INFO: Run Behavior\ContentReplaceBehavior [ RunTime:0.000463s ]
INFO: [ template_filter ] --END-- [ RunTime:0.000706s ]
NOTIC: [8] Use of undefined constant ture - assumed 'ture' D:\apa\PHP1\restaurant\restaurant\Application\Runtime\Cache\Home\6be51b3900cccae2c73119baf20891ff.php 第 128 行.
NOTIC: [8] Use of undefined constant ture - assumed 'ture' D:\apa\PHP1\restaurant\restaurant\Application\Runtime\Cache\Home\6be51b3900cccae2c73119baf20891ff.php 第 128 行.
NOTIC: [8] Use of undefined constant ture - assumed 'ture' D:\apa\PHP1\restaurant\restaurant\Application\Runtime\Cache\Home\6be51b3900cccae2c73119baf20891ff.php 第 128 行.
NOTIC: [8] Use of undefined constant ture - assumed 'ture' D:\apa\PHP1\restaurant\restaurant\Application\Runtime\Cache\Home\6be51b3900cccae2c73119baf20891ff.php 第 128 行.
NOTIC: [8] Use of undefined constant ture - assumed 'ture' D:\apa\PHP1\restaurant\restaurant\Application\Runtime\Cache\Home\6be51b3900cccae2c73119baf20891ff.php 第 128 行.
NOTIC: [8] Use of undefined constant ture - assumed 'ture' D:\apa\PHP1\restaurant\restaurant\Application\Runtime\Cache\Home\6be51b3900cccae2c73119baf20891ff.php 第 128 行.
NOTIC: [8] Use of undefined constant ture - assumed 'ture' D:\apa\PHP1\restaurant\restaurant\Application\Runtime\Cache\Home\6be51b3900cccae2c73119baf20891ff.php 第 144 行.
NOTIC: [8] Use of undefined constant ture - assumed 'ture' D:\apa\PHP1\restaurant\restaurant\Application\Runtime\Cache\Home\6be51b3900cccae2c73119baf20891ff.php 第 144 行.
NOTIC: [8] Use of undefined constant ture - assumed 'ture' D:\apa\PHP1\restaurant\restaurant\Application\Runtime\Cache\Home\6be51b3900cccae2c73119baf20891ff.php 第 144 行.
NOTIC: [8] Use of undefined constant ture - assumed 'ture' D:\apa\PHP1\restaurant\restaurant\Application\Runtime\Cache\Home\6be51b3900cccae2c73119baf20891ff.php 第 144 行.
NOTIC: [8] Use of undefined constant ture - assumed 'ture' D:\apa\PHP1\restaurant\restaurant\Application\Runtime\Cache\Home\6be51b3900cccae2c73119baf20891ff.php 第 144 行.
NOTIC: [8] Use of undefined constant ture - assumed 'ture' D:\apa\PHP1\restaurant\restaurant\Application\Runtime\Cache\Home\6be51b3900cccae2c73119baf20891ff.php 第 144 行.
NOTIC: [8] Use of undefined constant ture - assumed 'ture' D:\apa\PHP1\restaurant\restaurant\Application\Runtime\Cache\Home\6be51b3900cccae2c73119baf20891ff.php 第 160 行.
NOTIC: [8] Use of undefined constant ture - assumed 'ture' D:\apa\PHP1\restaurant\restaurant\Application\Runtime\Cache\Home\6be51b3900cccae2c73119baf20891ff.php 第 160 行.
NOTIC: [8] Use of undefined constant ture - assumed 'ture' D:\apa\PHP1\restaurant\restaurant\Application\Runtime\Cache\Home\6be51b3900cccae2c73119baf20891ff.php 第 160 行.
NOTIC: [8] Use of undefined constant ture - assumed 'ture' D:\apa\PHP1\restaurant\restaurant\Application\Runtime\Cache\Home\6be51b3900cccae2c73119baf20891ff.php 第 160 行.
NOTIC: [8] Use of undefined constant ture - assumed 'ture' D:\apa\PHP1\restaurant\restaurant\Application\Runtime\Cache\Home\6be51b3900cccae2c73119baf20891ff.php 第 160 行.
NOTIC: [8] Use of undefined constant ture - assumed 'ture' D:\apa\PHP1\restaurant\restaurant\Application\Runtime\Cache\Home\6be51b3900cccae2c73119baf20891ff.php 第 160 行.
INFO: Run Behavior\ParseTemplateBehavior [ RunTime:0.059012s ]
INFO: [ view_parse ] --END-- [ RunTime:0.059278s ]
INFO: [ view_filter ] --START--
INFO: Run Behavior\WriteHtmlCacheBehavior [ RunTime:0.001548s ]
INFO: [ view_filter ] --END-- [ RunTime:0.001762s ]
INFO: [ app_end ] --START--
INFO: Run Behavior\ShowPageTraceBehavior [ RunTime:0.004086s ]
INFO: [ app_end ] --END-- [ RunTime:0.004431s ]

[ 2018-04-27T18:46:06+08:00 ] 127.0.0.1 /restaurant/restaurant/index.php/Home/News/news
INFO: [ app_init ] --START--
INFO: Run Behavior\BuildLiteBehavior [ RunTime:0.000063s ]
INFO: [ app_init ] --END-- [ RunTime:0.001275s ]
INFO: [ app_begin ] --START--
INFO: Run Behavior\ReadHtmlCacheBehavior [ RunTime:0.001642s ]
INFO: [ app_begin ] --END-- [ RunTime:0.001869s ]
SQL: SHOW COLUMNS FROM `news` [ RunTime:0.0192s ]
SQL: SELECT * FROM `news` WHERE `type` = '健康饮食'  [ RunTime:0.0019s ]
SQL: SELECT * FROM `news` WHERE `type` = '饮食咨询'  [ RunTime:0.0017s ]
SQL: SELECT * FROM `news` WHERE `type` = '为您推荐'  [ RunTime:0.0018s ]
SQL: SELECT * FROM `news` ORDER BY click desc LIMIT 0,5   [ RunTime:0.0017s ]
SQL: SHOW COLUMNS FROM `newstype` [ RunTime:0.0172s ]
NOTIC: [8] Undefined variable: id D:\apa\PHP1\restaurant\restaurant\Application\Home\Controller\NewsController.class.php 第 25 行.
SQL: SELECT * FROM `newstype`  [ RunTime:0.0009s ]
INFO: [ view_parse ] --START--
INFO: [ template_filter ] --START--
INFO: Run Behavior\ContentReplaceBehavior [ RunTime:0.000687s ]
INFO: [ template_filter ] --END-- [ RunTime:0.001022s ]
NOTIC: [8] Use of undefined constant ture - assumed 'ture' D:\apa\PHP1\restaurant\restaurant\Application\Runtime\Cache\Home\6be51b3900cccae2c73119baf20891ff.php 第 128 行.
NOTIC: [8] Use of undefined constant ture - assumed 'ture' D:\apa\PHP1\restaurant\restaurant\Application\Runtime\Cache\Home\6be51b3900cccae2c73119baf20891ff.php 第 128 行.
NOTIC: [8] Use of undefined constant ture - assumed 'ture' D:\apa\PHP1\restaurant\restaurant\Application\Runtime\Cache\Home\6be51b3900cccae2c73119baf20891ff.php 第 128 行.
NOTIC: [8] Use of undefined constant ture - assumed 'ture' D:\apa\PHP1\restaurant\restaurant\Application\Runtime\Cache\Home\6be51b3900cccae2c73119baf20891ff.php 第 128 行.
NOTIC: [8] Use of undefined constant ture - assumed 'ture' D:\apa\PHP1\restaurant\restaurant\Application\Runtime\Cache\Home\6be51b3900cccae2c73119baf20891ff.php 第 128 行.
NOTIC: [8] Use of undefined constant ture - assumed 'ture' D:\apa\PHP1\restaurant\restaurant\Application\Runtime\Cache\Home\6be51b3900cccae2c73119baf20891ff.php 第 128 行.
NOTIC: [8] Use of undefined constant ture - assumed 'ture' D:\apa\PHP1\restaurant\restaurant\Application\Runtime\Cache\Home\6be51b3900cccae2c73119baf20891ff.php 第 144 行.
NOTIC: [8] Use of undefined constant ture - assumed 'ture' D:\apa\PHP1\restaurant\restaurant\Application\Runtime\Cache\Home\6be51b3900cccae2c73119baf20891ff.php 第 144 行.
NOTIC: [8] Use of undefined constant ture - assumed 'ture' D:\apa\PHP1\restaurant\restaurant\Application\Runtime\Cache\Home\6be51b3900cccae2c73119baf20891ff.php 第 144 行.
NOTIC: [8] Use of undefined constant ture - assumed 'ture' D:\apa\PHP1\restaurant\restaurant\Application\Runtime\Cache\Home\6be51b3900cccae2c73119baf20891ff.php 第 144 行.
NOTIC: [8] Use of undefined constant ture - assumed 'ture' D:\apa\PHP1\restaurant\restaurant\Application\Runtime\Cache\Home\6be51b3900cccae2c73119baf20891ff.php 第 144 行.
NOTIC: [8] Use of undefined constant ture - assumed 'ture' D:\apa\PHP1\restaurant\restaurant\Application\Runtime\Cache\Home\6be51b3900cccae2c73119baf20891ff.php 第 144 行.
NOTIC: [8] Use of undefined constant ture - assumed 'ture' D:\apa\PHP1\restaurant\restaurant\Application\Runtime\Cache\Home\6be51b3900cccae2c73119baf20891ff.php 第 160 行.
NOTIC: [8] Use of undefined constant ture - assumed 'ture' D:\apa\PHP1\restaurant\restaurant\Application\Runtime\Cache\Home\6be51b3900cccae2c73119baf20891ff.php 第 160 行.
NOTIC: [8] Use of undefined constant ture - assumed 'ture' D:\apa\PHP1\restaurant\restaurant\Application\Runtime\Cache\Home\6be51b3900cccae2c73119baf20891ff.php 第 160 行.
NOTIC: [8] Use of undefined constant ture - assumed 'ture' D:\apa\PHP1\restaurant\restaurant\Application\Runtime\Cache\Home\6be51b3900cccae2c73119baf20891ff.php 第 160 行.
NOTIC: [8] Use of undefined constant ture - assumed 'ture' D:\apa\PHP1\restaurant\restaurant\Application\Runtime\Cache\Home\6be51b3900cccae2c73119baf20891ff.php 第 160 行.
NOTIC: [8] Use of undefined constant ture - assumed 'ture' D:\apa\PHP1\restaurant\restaurant\Application\Runtime\Cache\Home\6be51b3900cccae2c73119baf20891ff.php 第 160 行.
INFO: Run Behavior\ParseTemplateBehavior [ RunTime:0.059321s ]
INFO: [ view_parse ] --END-- [ RunTime:0.059530s ]
INFO: [ view_filter ] --START--
INFO: Run Behavior\WriteHtmlCacheBehavior [ RunTime:0.000769s ]
INFO: [ view_filter ] --END-- [ RunTime:0.000935s ]
INFO: [ app_end ] --START--
INFO: Run Behavior\ShowPageTraceBehavior [ RunTime:0.001886s ]
INFO: [ app_end ] --END-- [ RunTime:0.002106s ]

[ 2018-04-27T18:46:56+08:00 ] 127.0.0.1 /restaurant/restaurant/index.php/Home/News/news
INFO: [ app_init ] --START--
INFO: Run Behavior\BuildLiteBehavior [ RunTime:0.000050s ]
INFO: [ app_init ] --END-- [ RunTime:0.001167s ]
INFO: [ app_begin ] --START--
INFO: Run Behavior\ReadHtmlCacheBehavior [ RunTime:0.001656s ]
INFO: [ app_begin ] --END-- [ RunTime:0.001860s ]
SQL: SHOW COLUMNS FROM `news` [ RunTime:0.0189s ]
SQL: SELECT * FROM `news` WHERE `type` = '健康饮食'  [ RunTime:0.0018s ]
SQL: SELECT * FROM `news` WHERE `type` = '饮食咨询'  [ RunTime:0.0016s ]
SQL: SELECT * FROM `news` WHERE `type` = '为您推荐'  [ RunTime:0.0016s ]
SQL: SELECT * FROM `news` ORDER BY click desc LIMIT 0,5   [ RunTime:0.0014s ]
SQL: SHOW COLUMNS FROM `newstype` [ RunTime:0.0182s ]
NOTIC: [8] Undefined variable: id D:\apa\PHP1\restaurant\restaurant\Application\Home\Controller\NewsController.class.php 第 25 行.
SQL: SELECT * FROM `newstype`  [ RunTime:0.0008s ]
INFO: [ view_parse ] --START--
INFO: [ template_filter ] --START--
INFO: Run Behavior\ContentReplaceBehavior [ RunTime:0.000479s ]
INFO: [ template_filter ] --END-- [ RunTime:0.000706s ]
NOTIC: [8] Use of undefined constant ture - assumed 'ture' D:\apa\PHP1\restaurant\restaurant\Application\Runtime\Cache\Home\6be51b3900cccae2c73119baf20891ff.php 第 128 行.
NOTIC: [8] Use of undefined constant ture - assumed 'ture' D:\apa\PHP1\restaurant\restaurant\Application\Runtime\Cache\Home\6be51b3900cccae2c73119baf20891ff.php 第 128 行.
NOTIC: [8] Use of undefined constant ture - assumed 'ture' D:\apa\PHP1\restaurant\restaurant\Application\Runtime\Cache\Home\6be51b3900cccae2c73119baf20891ff.php 第 128 行.
NOTIC: [8] Use of undefined constant ture - assumed 'ture' D:\apa\PHP1\restaurant\restaurant\Application\Runtime\Cache\Home\6be51b3900cccae2c73119baf20891ff.php 第 128 行.
NOTIC: [8] Use of undefined constant ture - assumed 'ture' D:\apa\PHP1\restaurant\restaurant\Application\Runtime\Cache\Home\6be51b3900cccae2c73119baf20891ff.php 第 128 行.
NOTIC: [8] Use of undefined constant ture - assumed 'ture' D:\apa\PHP1\restaurant\restaurant\Application\Runtime\Cache\Home\6be51b3900cccae2c73119baf20891ff.php 第 128 行.
NOTIC: [8] Use of undefined constant ture - assumed 'ture' D:\apa\PHP1\restaurant\restaurant\Application\Runtime\Cache\Home\6be51b3900cccae2c73119baf20891ff.php 第 144 行.
NOTIC: [8] Use of undefined constant ture - assumed 'ture' D:\apa\PHP1\restaurant\restaurant\Application\Runtime\Cache\Home\6be51b3900cccae2c73119baf20891ff.php 第 144 行.
NOTIC: [8] Use of undefined constant ture - assumed 'ture' D:\apa\PHP1\restaurant\restaurant\Application\Runtime\Cache\Home\6be51b3900cccae2c73119baf20891ff.php 第 144 行.
NOTIC: [8] Use of undefined constant ture - assumed 'ture' D:\apa\PHP1\restaurant\restaurant\Application\Runtime\Cache\Home\6be51b3900cccae2c73119baf20891ff.php 第 144 行.
NOTIC: [8] Use of undefined constant ture - assumed 'ture' D:\apa\PHP1\restaurant\restaurant\Application\Runtime\Cache\Home\6be51b3900cccae2c73119baf20891ff.php 第 144 行.
NOTIC: [8] Use of undefined constant ture - assumed 'ture' D:\apa\PHP1\restaurant\restaurant\Application\Runtime\Cache\Home\6be51b3900cccae2c73119baf20891ff.php 第 144 行.
NOTIC: [8] Use of undefined constant ture - assumed 'ture' D:\apa\PHP1\restaurant\restaurant\Application\Runtime\Cache\Home\6be51b3900cccae2c73119baf20891ff.php 第 160 行.
NOTIC: [8] Use of undefined constant ture - assumed 'ture' D:\apa\PHP1\restaurant\restaurant\Application\Runtime\Cache\Home\6be51b3900cccae2c73119baf20891ff.php 第 160 行.
NOTIC: [8] Use of undefined constant ture - assumed 'ture' D:\apa\PHP1\restaurant\restaurant\Application\Runtime\Cache\Home\6be51b3900cccae2c73119baf20891ff.php 第 160 行.
NOTIC: [8] Use of undefined constant ture - assumed 'ture' D:\apa\PHP1\restaurant\restaurant\Application\Runtime\Cache\Home\6be51b3900cccae2c73119baf20891ff.php 第 160 行.
NOTIC: [8] Use of undefined constant ture - assumed 'ture' D:\apa\PHP1\restaurant\restaurant\Application\Runtime\Cache\Home\6be51b3900cccae2c73119baf20891ff.php 第 160 行.
NOTIC: [8] Use of undefined constant ture - assumed 'ture' D:\apa\PHP1\restaurant\restaurant\Application\Runtime\Cache\Home\6be51b3900cccae2c73119baf20891ff.php 第 160 行.
INFO: Run Behavior\ParseTemplateBehavior [ RunTime:0.059272s ]
INFO: [ view_parse ] --END-- [ RunTime:0.059481s ]
INFO: [ view_filter ] --START--
INFO: Run Behavior\WriteHtmlCacheBehavior [ RunTime:0.000909s ]
INFO: [ view_filter ] --END-- [ RunTime:0.001082s ]
INFO: [ app_end ] --START--
INFO: Run Behavior\ShowPageTraceBehavior [ RunTime:0.001925s ]
INFO: [ app_end ] --END-- [ RunTime:0.002132s ]

