[ 2018-05-07T18:00:56+08:00 ] 127.0.0.1 /restaurant/restaurant/index.php
INFO: [ app_init ] --START--
INFO: Run Behavior\BuildLiteBehavior [ RunTime:0.000058s ]
INFO: [ app_init ] --END-- [ RunTime:0.009960s ]
INFO: [ app_begin ] --START--
INFO: Run Behavior\ReadHtmlCacheBehavior [ RunTime:0.069650s ]
INFO: [ app_begin ] --END-- [ RunTime:0.069913s ]
SQL: SHOW COLUMNS FROM `news` [ RunTime:0.0914s ]
SQL: SELECT * FROM `news` WHERE `type` = '健康饮食'  [ RunTime:0.0021s ]
SQL: SELECT * FROM `news` WHERE `type` = '饮食咨询'  [ RunTime:0.0015s ]
SQL: SELECT * FROM `news` WHERE `type` = '为您推荐'  [ RunTime:0.0018s ]
SQL: SHOW COLUMNS FROM `todayfood` [ RunTime:0.0170s ]
SQL: SELECT * FROM `todayfood`  [ RunTime:0.0008s ]
SQL: SHOW COLUMNS FROM `order` [ RunTime:0.0184s ]
SQL: SELECT sum(sum),`name` FROM `order` GROUP BY name  [ RunTime:0.0009s ]
SQL: SHOW COLUMNS FROM `food` [ RunTime:0.0196s ]
SQL: SELECT * FROM `food`  [ RunTime:0.0018s ]
SQL: UPDATE `food` SET `name`='八宝粥',`price`='3',`thumb`='../Public/uploads/2018-04-15/5ad35a16bdbdf.jpg',`batch`='桂圆，花生米，葡萄干，莲子',`function`='促消化，增强食欲，补充体力，健脾养胃，消滞减肥，益气安神',`time`='2018-04-15',`type`='早餐',`num`='2' WHERE `id` = 7 [ RunTime:0.1736s ]
SQL: UPDATE `food` SET `name`='炒饼',`price`='8',`thumb`='../Public/uploads/2018-04-15/5ad35ac0eac89.jpg',`batch`='烙饼，圆白菜，里脊肉',`function`='圆白菜性平、味甘，归脾、胃经；',`time`='2018-04-15',`type`='早餐',`num`='1' WHERE `id` = 9 [ RunTime:0.1306s ]
SQL: UPDATE `food` SET `name`='发糕',`price`='3',`thumb`='../Public/uploads/2018-04-15/5ad3622e7f139.jpg',`batch`='纯粘米，加糖、发粉或糕种',`function`='其味清香，营养丰富，尤其适合老年人、儿童食用。',`time`='2018-04-15',`type`='早餐',`num`='1' WHERE `id` = 15 [ RunTime:0.1310s ]
SQL: UPDATE `food` SET `name`='水煮蛋',`price`='1',`thumb`='../Public/uploads/2018-04-24/5adf2c5b248aa.jpg',`batch`='鸡蛋',`function`='营养丰富，容易消化。',`time`='2018-04-24',`type`='早餐',`num`='1' WHERE `id` = 25 [ RunTime:0.1432s ]
SQL: UPDATE `food` SET `name`='冰红茶',`price`='3',`thumb`='../Public/uploads/2018-04-16/5ad450934b4ff.jpg',`batch`='蛋白质，脂肪，维生素',`function`='防治骨质疏松，抗衰老。',`time`='2018-04-16',`type`='甜品饮品',`num`='1' WHERE `id` = 62 [ RunTime:0.1420s ]
SQL: UPDATE `food` SET `name`='草莓奶茶',`price`='2',`thumb`='../Public/uploads/2018-04-16/5ad450edc4b63.jpg',`batch`='百花畔印尼紅茶，开水',`function`='饮品。',`time`='2018-04-16',`type`='甜品饮品',`num`='1' WHERE `id` = 64 [ RunTime:0.1209s ]
SQL: SHOW COLUMNS FROM `num` [ RunTime:0.0192s ]
NOTIC: [8] Undefined index: number D:\apa\PHP1\restaurant\restaurant\Application\Home\Controller\IndexController.class.php 第 45 行.
SQL: SELECT * FROM `num` WHERE `number` = null  [ RunTime:0.0010s ]
SQL: SELECT * FROM `food` ORDER BY num desc LIMIT 0,16   [ RunTime:0.0012s ]
SQL: SELECT * FROM `food` WHERE `type` = '早餐'  [ RunTime:0.0012s ]
SQL: SELECT * FROM `food` WHERE `type` = '午餐'  [ RunTime:0.0009s ]
SQL: SELECT * FROM `food` WHERE `type` = '下午茶'  [ RunTime:0.0007s ]
SQL: SELECT * FROM `food` WHERE `type` = '晚餐'  [ RunTime:0.0007s ]
SQL: SELECT * FROM `food` WHERE `type` = '甜品饮品'  [ RunTime:0.0008s ]
SQL: SELECT * FROM `food` WHERE `type` = '小吃夜宵'  [ RunTime:0.0007s ]
INFO: [ view_parse ] --START--
INFO: [ template_filter ] --START--
INFO: Run Behavior\ContentReplaceBehavior [ RunTime:0.000550s ]
INFO: [ template_filter ] --END-- [ RunTime:0.000888s ]
INFO: Run Behavior\ParseTemplateBehavior [ RunTime:0.507255s ]
INFO: [ view_parse ] --END-- [ RunTime:0.507521s ]
INFO: [ view_filter ] --START--
INFO: Run Behavior\WriteHtmlCacheBehavior [ RunTime:0.112268s ]
INFO: [ view_filter ] --END-- [ RunTime:0.112596s ]
INFO: [ app_end ] --START--
INFO: Run Behavior\ShowPageTraceBehavior [ RunTime:0.083119s ]
INFO: [ app_end ] --END-- [ RunTime:0.083392s ]

[ 2018-05-07T18:50:38+08:00 ] 127.0.0.1 /restaurant/restaurant/index.php
INFO: [ app_init ] --START--
INFO: Run Behavior\BuildLiteBehavior [ RunTime:0.000042s ]
INFO: [ app_init ] --END-- [ RunTime:0.001038s ]
INFO: [ app_begin ] --START--
INFO: Run Behavior\ReadHtmlCacheBehavior [ RunTime:0.001573s ]
INFO: [ app_begin ] --END-- [ RunTime:0.001769s ]
SQL: SHOW COLUMNS FROM `news` [ RunTime:0.0183s ]
SQL: SELECT * FROM `news` WHERE `type` = '健康饮食'  [ RunTime:0.0017s ]
SQL: SELECT * FROM `news` WHERE `type` = '饮食咨询'  [ RunTime:0.0013s ]
SQL: SELECT * FROM `news` WHERE `type` = '为您推荐'  [ RunTime:0.0014s ]
SQL: SHOW COLUMNS FROM `todayfood` [ RunTime:0.0176s ]
SQL: SELECT * FROM `todayfood`  [ RunTime:0.0009s ]
SQL: SHOW COLUMNS FROM `order` [ RunTime:0.0176s ]
SQL: SELECT sum(sum),`name` FROM `order` GROUP BY name  [ RunTime:0.0008s ]
SQL: SHOW COLUMNS FROM `food` [ RunTime:0.0190s ]
SQL: SELECT * FROM `food`  [ RunTime:0.0015s ]
SQL: UPDATE `food` SET `name`='八宝粥',`price`='3',`thumb`='../Public/uploads/2018-04-15/5ad35a16bdbdf.jpg',`batch`='桂圆，花生米，葡萄干，莲子',`function`='促消化，增强食欲，补充体力，健脾养胃，消滞减肥，益气安神',`time`='2018-04-15',`type`='早餐',`num`='2' WHERE `id` = 7 [ RunTime:0.1060s ]
SQL: UPDATE `food` SET `name`='炒饼',`price`='8',`thumb`='../Public/uploads/2018-04-15/5ad35ac0eac89.jpg',`batch`='烙饼，圆白菜，里脊肉',`function`='圆白菜性平、味甘，归脾、胃经；',`time`='2018-04-15',`type`='早餐',`num`='1' WHERE `id` = 9 [ RunTime:0.0644s ]
SQL: UPDATE `food` SET `name`='发糕',`price`='3',`thumb`='../Public/uploads/2018-04-15/5ad3622e7f139.jpg',`batch`='纯粘米，加糖、发粉或糕种',`function`='其味清香，营养丰富，尤其适合老年人、儿童食用。',`time`='2018-04-15',`type`='早餐',`num`='1' WHERE `id` = 15 [ RunTime:0.0423s ]
SQL: UPDATE `food` SET `name`='水煮蛋',`price`='1',`thumb`='../Public/uploads/2018-04-24/5adf2c5b248aa.jpg',`batch`='鸡蛋',`function`='营养丰富，容易消化。',`time`='2018-04-24',`type`='早餐',`num`='1' WHERE `id` = 25 [ RunTime:0.0427s ]
SQL: UPDATE `food` SET `name`='冰红茶',`price`='3',`thumb`='../Public/uploads/2018-04-16/5ad450934b4ff.jpg',`batch`='蛋白质，脂肪，维生素',`function`='防治骨质疏松，抗衰老。',`time`='2018-04-16',`type`='甜品饮品',`num`='1' WHERE `id` = 62 [ RunTime:0.0909s ]
SQL: UPDATE `food` SET `name`='草莓奶茶',`price`='2',`thumb`='../Public/uploads/2018-04-16/5ad450edc4b63.jpg',`batch`='百花畔印尼紅茶，开水',`function`='饮品。',`time`='2018-04-16',`type`='甜品饮品',`num`='1' WHERE `id` = 64 [ RunTime:0.2168s ]
SQL: SHOW COLUMNS FROM `num` [ RunTime:0.0188s ]
NOTIC: [8] Undefined index: number D:\apa\PHP1\restaurant\restaurant\Application\Home\Controller\IndexController.class.php 第 45 行.
SQL: SELECT * FROM `num` WHERE `number` = null  [ RunTime:0.0008s ]
SQL: SELECT * FROM `food` ORDER BY num desc LIMIT 0,16   [ RunTime:0.0007s ]
SQL: SELECT * FROM `food` WHERE `type` = '早餐'  [ RunTime:0.0009s ]
SQL: SELECT * FROM `food` WHERE `type` = '午餐'  [ RunTime:0.0008s ]
SQL: SELECT * FROM `food` WHERE `type` = '下午茶'  [ RunTime:0.0007s ]
SQL: SELECT * FROM `food` WHERE `type` = '晚餐'  [ RunTime:0.0010s ]
SQL: SELECT * FROM `food` WHERE `type` = '甜品饮品'  [ RunTime:0.0010s ]
SQL: SELECT * FROM `food` WHERE `type` = '小吃夜宵'  [ RunTime:0.0008s ]
INFO: [ view_parse ] --START--
INFO: [ template_filter ] --START--
INFO: Run Behavior\ContentReplaceBehavior [ RunTime:0.000692s ]
INFO: [ template_filter ] --END-- [ RunTime:0.001004s ]
INFO: Run Behavior\ParseTemplateBehavior [ RunTime:0.078240s ]
INFO: [ view_parse ] --END-- [ RunTime:0.078514s ]
INFO: [ view_filter ] --START--
INFO: Run Behavior\WriteHtmlCacheBehavior [ RunTime:0.001112s ]
INFO: [ view_filter ] --END-- [ RunTime:0.001334s ]
INFO: [ app_end ] --START--
INFO: Run Behavior\ShowPageTraceBehavior [ RunTime:0.001880s ]
INFO: [ app_end ] --END-- [ RunTime:0.002099s ]

[ 2018-05-07T18:50:48+08:00 ] 127.0.0.1 /restaurant/restaurant/index.php/Home/Index/assAdd
INFO: [ app_init ] --START--
INFO: Run Behavior\BuildLiteBehavior [ RunTime:0.000045s ]
INFO: [ app_init ] --END-- [ RunTime:0.001218s ]
INFO: [ app_begin ] --START--
INFO: Run Behavior\ReadHtmlCacheBehavior [ RunTime:0.001935s ]
INFO: [ app_begin ] --END-- [ RunTime:0.002124s ]

[ 2018-05-07T18:50:48+08:00 ] 127.0.0.1 /restaurant/restaurant/index.php/Home/Login/login
INFO: [ app_init ] --START--
INFO: Run Behavior\BuildLiteBehavior [ RunTime:0.000044s ]
INFO: [ app_init ] --END-- [ RunTime:0.001102s ]
INFO: [ app_begin ] --START--
INFO: Run Behavior\ReadHtmlCacheBehavior [ RunTime:0.003794s ]
INFO: [ app_begin ] --END-- [ RunTime:0.004131s ]
INFO: [ view_parse ] --START--
INFO: [ template_filter ] --START--
INFO: Run Behavior\ContentReplaceBehavior [ RunTime:0.000320s ]
INFO: [ template_filter ] --END-- [ RunTime:0.000670s ]
INFO: Run Behavior\ParseTemplateBehavior [ RunTime:0.146755s ]
INFO: [ view_parse ] --END-- [ RunTime:0.147019s ]
INFO: [ view_filter ] --START--
INFO: Run Behavior\WriteHtmlCacheBehavior [ RunTime:0.001016s ]
INFO: [ view_filter ] --END-- [ RunTime:0.001192s ]
INFO: [ app_end ] --START--
INFO: Run Behavior\ShowPageTraceBehavior [ RunTime:0.002136s ]
INFO: [ app_end ] --END-- [ RunTime:0.002326s ]

[ 2018-05-07T18:51:01+08:00 ] 127.0.0.1 /restaurant/restaurant/index.php/Home/Login/login
INFO: [ app_init ] --START--
INFO: Run Behavior\BuildLiteBehavior [ RunTime:0.000058s ]
INFO: [ app_init ] --END-- [ RunTime:0.001491s ]
INFO: [ app_begin ] --START--
INFO: Run Behavior\ReadHtmlCacheBehavior [ RunTime:0.002098s ]
INFO: [ app_begin ] --END-- [ RunTime:0.002368s ]
SQL: SHOW COLUMNS FROM `user` [ RunTime:0.0171s ]
SQL: SELECT COUNT(*) AS tp_count FROM `user` WHERE `number` = 2014011721 AND `password` = '123456' LIMIT 1   [ RunTime:0.0010s ]

[ 2018-05-07T18:51:04+08:00 ] 127.0.0.1 /restaurant/restaurant/index.php/Home/Index/index
INFO: [ app_init ] --START--
INFO: Run Behavior\BuildLiteBehavior [ RunTime:0.000057s ]
INFO: [ app_init ] --END-- [ RunTime:0.002063s ]
INFO: [ app_begin ] --START--
INFO: Run Behavior\ReadHtmlCacheBehavior [ RunTime:0.002570s ]
INFO: [ app_begin ] --END-- [ RunTime:0.002837s ]
SQL: SHOW COLUMNS FROM `news` [ RunTime:0.0166s ]
SQL: SELECT * FROM `news` WHERE `type` = '健康饮食'  [ RunTime:0.0018s ]
SQL: SELECT * FROM `news` WHERE `type` = '饮食咨询'  [ RunTime:0.0014s ]
SQL: SELECT * FROM `news` WHERE `type` = '为您推荐'  [ RunTime:0.0012s ]
SQL: SHOW COLUMNS FROM `todayfood` [ RunTime:0.0187s ]
SQL: SELECT * FROM `todayfood`  [ RunTime:0.0009s ]
SQL: SHOW COLUMNS FROM `order` [ RunTime:0.0173s ]
SQL: SELECT sum(sum),`name` FROM `order` GROUP BY name  [ RunTime:0.0009s ]
SQL: SHOW COLUMNS FROM `food` [ RunTime:0.0188s ]
SQL: SELECT * FROM `food`  [ RunTime:0.0012s ]
SQL: UPDATE `food` SET `name`='八宝粥',`price`='3',`thumb`='../Public/uploads/2018-04-15/5ad35a16bdbdf.jpg',`batch`='桂圆，花生米，葡萄干，莲子',`function`='促消化，增强食欲，补充体力，健脾养胃，消滞减肥，益气安神',`time`='2018-04-15',`type`='早餐',`num`='2' WHERE `id` = 7 [ RunTime:0.7468s ]
SQL: UPDATE `food` SET `name`='炒饼',`price`='8',`thumb`='../Public/uploads/2018-04-15/5ad35ac0eac89.jpg',`batch`='烙饼，圆白菜，里脊肉',`function`='圆白菜性平、味甘，归脾、胃经；',`time`='2018-04-15',`type`='早餐',`num`='1' WHERE `id` = 9 [ RunTime:0.0535s ]
SQL: UPDATE `food` SET `name`='发糕',`price`='3',`thumb`='../Public/uploads/2018-04-15/5ad3622e7f139.jpg',`batch`='纯粘米，加糖、发粉或糕种',`function`='其味清香，营养丰富，尤其适合老年人、儿童食用。',`time`='2018-04-15',`type`='早餐',`num`='1' WHERE `id` = 15 [ RunTime:0.0423s ]
SQL: UPDATE `food` SET `name`='水煮蛋',`price`='1',`thumb`='../Public/uploads/2018-04-24/5adf2c5b248aa.jpg',`batch`='鸡蛋',`function`='营养丰富，容易消化。',`time`='2018-04-24',`type`='早餐',`num`='1' WHERE `id` = 25 [ RunTime:0.0433s ]
SQL: UPDATE `food` SET `name`='冰红茶',`price`='3',`thumb`='../Public/uploads/2018-04-16/5ad450934b4ff.jpg',`batch`='蛋白质，脂肪，维生素',`function`='防治骨质疏松，抗衰老。',`time`='2018-04-16',`type`='甜品饮品',`num`='1' WHERE `id` = 62 [ RunTime:0.1242s ]
SQL: UPDATE `food` SET `name`='草莓奶茶',`price`='2',`thumb`='../Public/uploads/2018-04-16/5ad450edc4b63.jpg',`batch`='百花畔印尼紅茶，开水',`function`='饮品。',`time`='2018-04-16',`type`='甜品饮品',`num`='1' WHERE `id` = 64 [ RunTime:0.1231s ]
SQL: SHOW COLUMNS FROM `num` [ RunTime:0.0162s ]
SQL: SELECT * FROM `num` WHERE `number` = 2014011721  [ RunTime:0.0009s ]
SQL: SELECT * FROM `food` ORDER BY num desc LIMIT 0,16   [ RunTime:0.0008s ]
SQL: SELECT * FROM `food` WHERE `type` = '早餐'  [ RunTime:0.0011s ]
SQL: SELECT * FROM `food` WHERE `type` = '午餐'  [ RunTime:0.0010s ]
SQL: SELECT * FROM `food` WHERE `type` = '下午茶'  [ RunTime:0.0007s ]
SQL: SELECT * FROM `food` WHERE `type` = '晚餐'  [ RunTime:0.0006s ]
SQL: SELECT * FROM `food` WHERE `type` = '甜品饮品'  [ RunTime:0.0007s ]
SQL: SELECT * FROM `food` WHERE `type` = '小吃夜宵'  [ RunTime:0.0009s ]
INFO: [ view_parse ] --START--
INFO: [ template_filter ] --START--
INFO: Run Behavior\ContentReplaceBehavior [ RunTime:0.000557s ]
INFO: [ template_filter ] --END-- [ RunTime:0.000781s ]
INFO: Run Behavior\ParseTemplateBehavior [ RunTime:0.081483s ]
INFO: [ view_parse ] --END-- [ RunTime:0.081809s ]
INFO: [ view_filter ] --START--
INFO: Run Behavior\WriteHtmlCacheBehavior [ RunTime:0.001055s ]
INFO: [ view_filter ] --END-- [ RunTime:0.001255s ]
INFO: [ app_end ] --START--
INFO: Run Behavior\ShowPageTraceBehavior [ RunTime:0.011421s ]
INFO: [ app_end ] --END-- [ RunTime:0.011667s ]

[ 2018-05-07T18:51:42+08:00 ] 127.0.0.1 /restaurant/restaurant/index.php/Home/Tmenu/menu
INFO: [ app_init ] --START--
INFO: Run Behavior\BuildLiteBehavior [ RunTime:0.000051s ]
INFO: [ app_init ] --END-- [ RunTime:0.001545s ]
INFO: [ app_begin ] --START--
INFO: Run Behavior\ReadHtmlCacheBehavior [ RunTime:0.001621s ]
INFO: [ app_begin ] --END-- [ RunTime:0.001812s ]
SQL: SHOW COLUMNS FROM `todayfood` [ RunTime:0.0180s ]
SQL: SELECT * FROM `todayfood` WHERE `type` = '早餐'  [ RunTime:0.0014s ]
SQL: SELECT * FROM `todayfood` WHERE `type` = '午餐'  [ RunTime:0.0012s ]
SQL: SELECT * FROM `todayfood` WHERE `type` = '晚餐'  [ RunTime:0.0008s ]
SQL: SELECT * FROM `todayfood` WHERE `type` = '下午茶'  [ RunTime:0.0010s ]
SQL: SELECT * FROM `todayfood` WHERE `type` = '甜品饮品'  [ RunTime:0.0011s ]
SQL: SELECT * FROM `todayfood` WHERE `type` = '小吃夜宵'  [ RunTime:0.0009s ]
INFO: [ view_parse ] --START--
INFO: [ template_filter ] --START--
INFO: Run Behavior\ContentReplaceBehavior [ RunTime:0.000707s ]
INFO: [ template_filter ] --END-- [ RunTime:0.000966s ]
INFO: Run Behavior\ParseTemplateBehavior [ RunTime:0.100962s ]
INFO: [ view_parse ] --END-- [ RunTime:0.101250s ]
INFO: [ view_filter ] --START--
INFO: Run Behavior\WriteHtmlCacheBehavior [ RunTime:0.000736s ]
INFO: [ view_filter ] --END-- [ RunTime:0.000902s ]
INFO: [ app_end ] --START--
INFO: Run Behavior\ShowPageTraceBehavior [ RunTime:0.002070s ]
INFO: [ app_end ] --END-- [ RunTime:0.002302s ]

[ 2018-05-07T18:51:57+08:00 ] 127.0.0.1 /restaurant/restaurant/index.php/Home/News/news
INFO: [ app_init ] --START--
INFO: Run Behavior\BuildLiteBehavior [ RunTime:0.000047s ]
INFO: [ app_init ] --END-- [ RunTime:0.001179s ]
INFO: [ app_begin ] --START--
INFO: Run Behavior\ReadHtmlCacheBehavior [ RunTime:0.001942s ]
INFO: [ app_begin ] --END-- [ RunTime:0.002472s ]
SQL: SHOW COLUMNS FROM `news` [ RunTime:0.0184s ]
SQL: SELECT * FROM `news` WHERE `type` = '健康饮食'  [ RunTime:0.0019s ]
SQL: SELECT * FROM `news` WHERE `type` = '饮食咨询'  [ RunTime:0.0014s ]
SQL: SELECT * FROM `news` WHERE `type` = '为您推荐'  [ RunTime:0.0012s ]
SQL: SELECT * FROM `news` ORDER BY click desc LIMIT 0,5   [ RunTime:0.0012s ]
SQL: SHOW COLUMNS FROM `newstype` [ RunTime:0.0169s ]
NOTIC: [8] Undefined variable: id D:\apa\PHP1\restaurant\restaurant\Application\Home\Controller\NewsController.class.php 第 25 行.
SQL: SELECT * FROM `newstype`  [ RunTime:0.0008s ]
INFO: [ view_parse ] --START--
INFO: [ template_filter ] --START--
INFO: Run Behavior\ContentReplaceBehavior [ RunTime:0.000452s ]
INFO: [ template_filter ] --END-- [ RunTime:0.000684s ]
NOTIC: [8] Use of undefined constant ture - assumed 'ture' D:\apa\PHP1\restaurant\restaurant\Application\Runtime\Cache\Home\6be51b3900cccae2c73119baf20891ff.php 第 132 行.
NOTIC: [8] Use of undefined constant ture - assumed 'ture' D:\apa\PHP1\restaurant\restaurant\Application\Runtime\Cache\Home\6be51b3900cccae2c73119baf20891ff.php 第 132 行.
NOTIC: [8] Use of undefined constant ture - assumed 'ture' D:\apa\PHP1\restaurant\restaurant\Application\Runtime\Cache\Home\6be51b3900cccae2c73119baf20891ff.php 第 132 行.
NOTIC: [8] Use of undefined constant ture - assumed 'ture' D:\apa\PHP1\restaurant\restaurant\Application\Runtime\Cache\Home\6be51b3900cccae2c73119baf20891ff.php 第 132 行.
NOTIC: [8] Use of undefined constant ture - assumed 'ture' D:\apa\PHP1\restaurant\restaurant\Application\Runtime\Cache\Home\6be51b3900cccae2c73119baf20891ff.php 第 132 行.
NOTIC: [8] Use of undefined constant ture - assumed 'ture' D:\apa\PHP1\restaurant\restaurant\Application\Runtime\Cache\Home\6be51b3900cccae2c73119baf20891ff.php 第 132 行.
NOTIC: [8] Use of undefined constant ture - assumed 'ture' D:\apa\PHP1\restaurant\restaurant\Application\Runtime\Cache\Home\6be51b3900cccae2c73119baf20891ff.php 第 148 行.
NOTIC: [8] Use of undefined constant ture - assumed 'ture' D:\apa\PHP1\restaurant\restaurant\Application\Runtime\Cache\Home\6be51b3900cccae2c73119baf20891ff.php 第 148 行.
NOTIC: [8] Use of undefined constant ture - assumed 'ture' D:\apa\PHP1\restaurant\restaurant\Application\Runtime\Cache\Home\6be51b3900cccae2c73119baf20891ff.php 第 148 行.
NOTIC: [8] Use of undefined constant ture - assumed 'ture' D:\apa\PHP1\restaurant\restaurant\Application\Runtime\Cache\Home\6be51b3900cccae2c73119baf20891ff.php 第 148 行.
NOTIC: [8] Use of undefined constant ture - assumed 'ture' D:\apa\PHP1\restaurant\restaurant\Application\Runtime\Cache\Home\6be51b3900cccae2c73119baf20891ff.php 第 148 行.
NOTIC: [8] Use of undefined constant ture - assumed 'ture' D:\apa\PHP1\restaurant\restaurant\Application\Runtime\Cache\Home\6be51b3900cccae2c73119baf20891ff.php 第 148 行.
NOTIC: [8] Use of undefined constant ture - assumed 'ture' D:\apa\PHP1\restaurant\restaurant\Application\Runtime\Cache\Home\6be51b3900cccae2c73119baf20891ff.php 第 164 行.
NOTIC: [8] Use of undefined constant ture - assumed 'ture' D:\apa\PHP1\restaurant\restaurant\Application\Runtime\Cache\Home\6be51b3900cccae2c73119baf20891ff.php 第 164 行.
NOTIC: [8] Use of undefined constant ture - assumed 'ture' D:\apa\PHP1\restaurant\restaurant\Application\Runtime\Cache\Home\6be51b3900cccae2c73119baf20891ff.php 第 164 行.
NOTIC: [8] Use of undefined constant ture - assumed 'ture' D:\apa\PHP1\restaurant\restaurant\Application\Runtime\Cache\Home\6be51b3900cccae2c73119baf20891ff.php 第 164 行.
NOTIC: [8] Use of undefined constant ture - assumed 'ture' D:\apa\PHP1\restaurant\restaurant\Application\Runtime\Cache\Home\6be51b3900cccae2c73119baf20891ff.php 第 164 行.
NOTIC: [8] Use of undefined constant ture - assumed 'ture' D:\apa\PHP1\restaurant\restaurant\Application\Runtime\Cache\Home\6be51b3900cccae2c73119baf20891ff.php 第 164 行.
INFO: Run Behavior\ParseTemplateBehavior [ RunTime:0.105107s ]
INFO: [ view_parse ] --END-- [ RunTime:0.105351s ]
INFO: [ view_filter ] --START--
INFO: Run Behavior\WriteHtmlCacheBehavior [ RunTime:0.000769s ]
INFO: [ view_filter ] --END-- [ RunTime:0.000934s ]
INFO: [ app_end ] --START--
INFO: Run Behavior\ShowPageTraceBehavior [ RunTime:0.002207s ]
INFO: [ app_end ] --END-- [ RunTime:0.002476s ]

[ 2018-05-07T18:52:07+08:00 ] 127.0.0.1 /restaurant/restaurant/index.php/Home/Order/order
INFO: [ app_init ] --START--
INFO: Run Behavior\BuildLiteBehavior [ RunTime:0.000052s ]
INFO: [ app_init ] --END-- [ RunTime:0.001528s ]
INFO: [ app_begin ] --START--
INFO: Run Behavior\ReadHtmlCacheBehavior [ RunTime:0.002547s ]
INFO: [ app_begin ] --END-- [ RunTime:0.002817s ]
SQL: SHOW COLUMNS FROM `order` [ RunTime:0.0169s ]
SQL: SELECT * FROM `order` WHERE `number` = '2014011721' ORDER BY time desc  [ RunTime:0.0013s ]
INFO: [ view_parse ] --START--
INFO: [ template_filter ] --START--
INFO: Run Behavior\ContentReplaceBehavior [ RunTime:0.000317s ]
INFO: [ template_filter ] --END-- [ RunTime:0.000540s ]
INFO: Run Behavior\ParseTemplateBehavior [ RunTime:0.058929s ]
INFO: [ view_parse ] --END-- [ RunTime:0.059293s ]
INFO: [ view_filter ] --START--
INFO: Run Behavior\WriteHtmlCacheBehavior [ RunTime:0.001045s ]
INFO: [ view_filter ] --END-- [ RunTime:0.001228s ]
INFO: [ app_end ] --START--
INFO: Run Behavior\ShowPageTraceBehavior [ RunTime:0.003144s ]
INFO: [ app_end ] --END-- [ RunTime:0.003504s ]

[ 2018-05-07T18:52:17+08:00 ] 127.0.0.1 /restaurant/restaurant/index.php/Home/Person/person
INFO: [ app_init ] --START--
INFO: Run Behavior\BuildLiteBehavior [ RunTime:0.000050s ]
INFO: [ app_init ] --END-- [ RunTime:0.001173s ]
INFO: [ app_begin ] --START--
INFO: Run Behavior\ReadHtmlCacheBehavior [ RunTime:0.001611s ]
INFO: [ app_begin ] --END-- [ RunTime:0.001837s ]
SQL: SHOW COLUMNS FROM `user` [ RunTime:0.0180s ]
SQL: SELECT * FROM `user` WHERE `number` = 2014011721 LIMIT 1   [ RunTime:0.0013s ]
INFO: [ view_parse ] --START--
INFO: [ template_filter ] --START--
INFO: Run Behavior\ContentReplaceBehavior [ RunTime:0.000344s ]
INFO: [ template_filter ] --END-- [ RunTime:0.000585s ]
INFO: Run Behavior\ParseTemplateBehavior [ RunTime:0.057645s ]
INFO: [ view_parse ] --END-- [ RunTime:0.057905s ]
INFO: [ view_filter ] --START--
INFO: Run Behavior\WriteHtmlCacheBehavior [ RunTime:0.000834s ]
INFO: [ view_filter ] --END-- [ RunTime:0.001013s ]
INFO: [ app_end ] --START--
INFO: Run Behavior\ShowPageTraceBehavior [ RunTime:0.002346s ]
INFO: [ app_end ] --END-- [ RunTime:0.003597s ]

[ 2018-05-07T18:52:23+08:00 ] 127.0.0.1 /restaurant/restaurant/index.php/Home/About/about
INFO: [ app_init ] --START--
INFO: Run Behavior\BuildLiteBehavior [ RunTime:0.000073s ]
INFO: [ app_init ] --END-- [ RunTime:0.001844s ]
INFO: [ app_begin ] --START--
INFO: Run Behavior\ReadHtmlCacheBehavior [ RunTime:0.002014s ]
INFO: [ app_begin ] --END-- [ RunTime:0.002217s ]
INFO: [ view_parse ] --START--
INFO: [ template_filter ] --START--
INFO: Run Behavior\ContentReplaceBehavior [ RunTime:0.000278s ]
INFO: [ template_filter ] --END-- [ RunTime:0.000507s ]
INFO: Run Behavior\ParseTemplateBehavior [ RunTime:0.040011s ]
INFO: [ view_parse ] --END-- [ RunTime:0.040290s ]
INFO: [ view_filter ] --START--
INFO: Run Behavior\WriteHtmlCacheBehavior [ RunTime:0.001069s ]
INFO: [ view_filter ] --END-- [ RunTime:0.001357s ]
INFO: [ app_end ] --START--
INFO: Run Behavior\ShowPageTraceBehavior [ RunTime:0.002961s ]
INFO: [ app_end ] --END-- [ RunTime:0.003212s ]

[ 2018-05-07T22:02:44+08:00 ] 127.0.0.1 /restaurant/restaurant/index.php/Home/About/about
INFO: [ app_init ] --START--
INFO: Run Behavior\BuildLiteBehavior [ RunTime:0.000043s ]
INFO: [ app_init ] --END-- [ RunTime:0.001196s ]
INFO: [ app_begin ] --START--
INFO: Run Behavior\ReadHtmlCacheBehavior [ RunTime:0.002264s ]
INFO: [ app_begin ] --END-- [ RunTime:0.002523s ]
INFO: [ view_parse ] --START--
INFO: [ template_filter ] --START--
INFO: Run Behavior\ContentReplaceBehavior [ RunTime:0.000315s ]
INFO: [ template_filter ] --END-- [ RunTime:0.000725s ]
INFO: Run Behavior\ParseTemplateBehavior [ RunTime:0.032439s ]
INFO: [ view_parse ] --END-- [ RunTime:0.032679s ]
INFO: [ view_filter ] --START--
INFO: Run Behavior\WriteHtmlCacheBehavior [ RunTime:0.001198s ]
INFO: [ view_filter ] --END-- [ RunTime:0.001485s ]
INFO: [ app_end ] --START--
INFO: Run Behavior\ShowPageTraceBehavior [ RunTime:0.002171s ]
INFO: [ app_end ] --END-- [ RunTime:0.002362s ]

[ 2018-05-07T22:02:49+08:00 ] 127.0.0.1 /restaurant/restaurant/index.php/Home/Index/index
INFO: [ app_init ] --START--
INFO: Run Behavior\BuildLiteBehavior [ RunTime:0.000049s ]
INFO: [ app_init ] --END-- [ RunTime:0.001334s ]
INFO: [ app_begin ] --START--
INFO: Run Behavior\ReadHtmlCacheBehavior [ RunTime:0.001633s ]
INFO: [ app_begin ] --END-- [ RunTime:0.001854s ]
SQL: SHOW COLUMNS FROM `news` [ RunTime:0.2119s ]
SQL: SELECT * FROM `news` WHERE `type` = '健康饮食'  [ RunTime:0.0018s ]
SQL: SELECT * FROM `news` WHERE `type` = '饮食咨询'  [ RunTime:0.0016s ]
SQL: SELECT * FROM `news` WHERE `type` = '为您推荐'  [ RunTime:0.0014s ]
SQL: SHOW COLUMNS FROM `todayfood` [ RunTime:0.0195s ]
SQL: SELECT * FROM `todayfood`  [ RunTime:0.0012s ]
SQL: SHOW COLUMNS FROM `order` [ RunTime:0.0190s ]
SQL: SELECT sum(sum),`name` FROM `order` GROUP BY name  [ RunTime:0.0009s ]
SQL: SHOW COLUMNS FROM `food` [ RunTime:0.0190s ]
SQL: SELECT * FROM `food`  [ RunTime:0.0011s ]
SQL: UPDATE `food` SET `name`='八宝粥',`price`='3',`thumb`='../Public/uploads/2018-04-15/5ad35a16bdbdf.jpg',`batch`='桂圆，花生米，葡萄干，莲子',`function`='促消化，增强食欲，补充体力，健脾养胃，消滞减肥，益气安神',`time`='2018-04-15',`type`='早餐',`num`='2' WHERE `id` = 7 [ RunTime:0.2816s ]
SQL: UPDATE `food` SET `name`='炒饼',`price`='8',`thumb`='../Public/uploads/2018-04-15/5ad35ac0eac89.jpg',`batch`='烙饼，圆白菜，里脊肉',`function`='圆白菜性平、味甘，归脾、胃经；',`time`='2018-04-15',`type`='早餐',`num`='1' WHERE `id` = 9 [ RunTime:0.0837s ]
SQL: UPDATE `food` SET `name`='发糕',`price`='3',`thumb`='../Public/uploads/2018-04-15/5ad3622e7f139.jpg',`batch`='纯粘米，加糖、发粉或糕种',`function`='其味清香，营养丰富，尤其适合老年人、儿童食用。',`time`='2018-04-15',`type`='早餐',`num`='1' WHERE `id` = 15 [ RunTime:0.0425s ]
SQL: UPDATE `food` SET `name`='水煮蛋',`price`='1',`thumb`='../Public/uploads/2018-04-24/5adf2c5b248aa.jpg',`batch`='鸡蛋',`function`='营养丰富，容易消化。',`time`='2018-04-24',`type`='早餐',`num`='1' WHERE `id` = 25 [ RunTime:0.0653s ]
SQL: UPDATE `food` SET `name`='冰红茶',`price`='3',`thumb`='../Public/uploads/2018-04-16/5ad450934b4ff.jpg',`batch`='蛋白质，脂肪，维生素',`function`='防治骨质疏松，抗衰老。',`time`='2018-04-16',`type`='甜品饮品',`num`='1' WHERE `id` = 62 [ RunTime:0.0644s ]
SQL: UPDATE `food` SET `name`='草莓奶茶',`price`='2',`thumb`='../Public/uploads/2018-04-16/5ad450edc4b63.jpg',`batch`='百花畔印尼紅茶，开水',`function`='饮品。',`time`='2018-04-16',`type`='甜品饮品',`num`='1' WHERE `id` = 64 [ RunTime:0.0434s ]
SQL: SHOW COLUMNS FROM `num` [ RunTime:0.0182s ]
SQL: SELECT * FROM `num` WHERE `number` = 2014011721  [ RunTime:0.0007s ]
SQL: SELECT * FROM `food` ORDER BY num desc LIMIT 0,16   [ RunTime:0.0009s ]
SQL: SELECT * FROM `food` WHERE `type` = '早餐'  [ RunTime:0.0010s ]
SQL: SELECT * FROM `food` WHERE `type` = '午餐'  [ RunTime:0.0011s ]
SQL: SELECT * FROM `food` WHERE `type` = '下午茶'  [ RunTime:0.0009s ]
SQL: SELECT * FROM `food` WHERE `type` = '晚餐'  [ RunTime:0.0009s ]
SQL: SELECT * FROM `food` WHERE `type` = '甜品饮品'  [ RunTime:0.0008s ]
SQL: SELECT * FROM `food` WHERE `type` = '小吃夜宵'  [ RunTime:0.0008s ]
INFO: [ view_parse ] --START--
INFO: [ template_filter ] --START--
INFO: Run Behavior\ContentReplaceBehavior [ RunTime:0.000757s ]
INFO: [ template_filter ] --END-- [ RunTime:0.001112s ]
INFO: Run Behavior\ParseTemplateBehavior [ RunTime:0.079319s ]
INFO: [ view_parse ] --END-- [ RunTime:0.079541s ]
INFO: [ view_filter ] --START--
INFO: Run Behavior\WriteHtmlCacheBehavior [ RunTime:0.000947s ]
INFO: [ view_filter ] --END-- [ RunTime:0.001121s ]
INFO: [ app_end ] --START--
INFO: Run Behavior\ShowPageTraceBehavior [ RunTime:0.003529s ]
INFO: [ app_end ] --END-- [ RunTime:0.003964s ]

[ 2018-05-07T22:03:11+08:00 ] 127.0.0.1 /restaurant/restaurant/index.php/Home/Index/index
INFO: [ app_init ] --START--
INFO: Run Behavior\BuildLiteBehavior [ RunTime:0.000045s ]
INFO: [ app_init ] --END-- [ RunTime:0.001222s ]
INFO: [ app_begin ] --START--
INFO: Run Behavior\ReadHtmlCacheBehavior [ RunTime:0.002102s ]
INFO: [ app_begin ] --END-- [ RunTime:0.002308s ]
SQL: SHOW COLUMNS FROM `news` [ RunTime:0.0174s ]
SQL: SELECT * FROM `news` WHERE `type` = '健康饮食'  [ RunTime:0.0020s ]
SQL: SELECT * FROM `news` WHERE `type` = '饮食咨询'  [ RunTime:0.0015s ]
SQL: SELECT * FROM `news` WHERE `type` = '为您推荐'  [ RunTime:0.0014s ]
SQL: SHOW COLUMNS FROM `todayfood` [ RunTime:0.0175s ]
SQL: SELECT * FROM `todayfood`  [ RunTime:0.0009s ]
SQL: SHOW COLUMNS FROM `order` [ RunTime:0.0178s ]
SQL: SELECT sum(sum),`name` FROM `order` GROUP BY name  [ RunTime:0.0008s ]
SQL: SHOW COLUMNS FROM `food` [ RunTime:0.0170s ]
SQL: SELECT * FROM `food`  [ RunTime:0.0013s ]
SQL: UPDATE `food` SET `name`='八宝粥',`price`='3',`thumb`='../Public/uploads/2018-04-15/5ad35a16bdbdf.jpg',`batch`='桂圆，花生米，葡萄干，莲子',`function`='促消化，增强食欲，补充体力，健脾养胃，消滞减肥，益气安神',`time`='2018-04-15',`type`='早餐',`num`='2' WHERE `id` = 7 [ RunTime:0.3088s ]
SQL: UPDATE `food` SET `name`='炒饼',`price`='8',`thumb`='../Public/uploads/2018-04-15/5ad35ac0eac89.jpg',`batch`='烙饼，圆白菜，里脊肉',`function`='圆白菜性平、味甘，归脾、胃经；',`time`='2018-04-15',`type`='早餐',`num`='1' WHERE `id` = 9 [ RunTime:0.0407s ]
SQL: UPDATE `food` SET `name`='发糕',`price`='3',`thumb`='../Public/uploads/2018-04-15/5ad3622e7f139.jpg',`batch`='纯粘米，加糖、发粉或糕种',`function`='其味清香，营养丰富，尤其适合老年人、儿童食用。',`time`='2018-04-15',`type`='早餐',`num`='1' WHERE `id` = 15 [ RunTime:0.0436s ]
SQL: UPDATE `food` SET `name`='水煮蛋',`price`='1',`thumb`='../Public/uploads/2018-04-24/5adf2c5b248aa.jpg',`batch`='鸡蛋',`function`='营养丰富，容易消化。',`time`='2018-04-24',`type`='早餐',`num`='1' WHERE `id` = 25 [ RunTime:0.0418s ]
SQL: UPDATE `food` SET `name`='冰红茶',`price`='3',`thumb`='../Public/uploads/2018-04-16/5ad450934b4ff.jpg',`batch`='蛋白质，脂肪，维生素',`function`='防治骨质疏松，抗衰老。',`time`='2018-04-16',`type`='甜品饮品',`num`='1' WHERE `id` = 62 [ RunTime:0.0433s ]
SQL: UPDATE `food` SET `name`='草莓奶茶',`price`='2',`thumb`='../Public/uploads/2018-04-16/5ad450edc4b63.jpg',`batch`='百花畔印尼紅茶，开水',`function`='饮品。',`time`='2018-04-16',`type`='甜品饮品',`num`='1' WHERE `id` = 64 [ RunTime:0.0422s ]
SQL: SHOW COLUMNS FROM `num` [ RunTime:0.0167s ]
NOTIC: [8] Undefined index: number D:\apa\PHP1\restaurant\restaurant\Application\Home\Controller\IndexController.class.php 第 45 行.
SQL: SELECT * FROM `num` WHERE `number` = null  [ RunTime:0.0010s ]
SQL: SELECT * FROM `food` ORDER BY num desc LIMIT 0,16   [ RunTime:0.0009s ]
SQL: SELECT * FROM `food` WHERE `type` = '早餐'  [ RunTime:0.0009s ]
SQL: SELECT * FROM `food` WHERE `type` = '午餐'  [ RunTime:0.0010s ]
SQL: SELECT * FROM `food` WHERE `type` = '下午茶'  [ RunTime:0.0011s ]
SQL: SELECT * FROM `food` WHERE `type` = '晚餐'  [ RunTime:0.0009s ]
SQL: SELECT * FROM `food` WHERE `type` = '甜品饮品'  [ RunTime:0.0007s ]
SQL: SELECT * FROM `food` WHERE `type` = '小吃夜宵'  [ RunTime:0.0008s ]
INFO: [ view_parse ] --START--
INFO: [ template_filter ] --START--
INFO: Run Behavior\ContentReplaceBehavior [ RunTime:0.000577s ]
INFO: [ template_filter ] --END-- [ RunTime:0.000803s ]
INFO: Run Behavior\ParseTemplateBehavior [ RunTime:0.080188s ]
INFO: [ view_parse ] --END-- [ RunTime:0.080418s ]
INFO: [ view_filter ] --START--
INFO: Run Behavior\WriteHtmlCacheBehavior [ RunTime:0.001174s ]
INFO: [ view_filter ] --END-- [ RunTime:0.001359s ]
INFO: [ app_end ] --START--
INFO: Run Behavior\ShowPageTraceBehavior [ RunTime:0.004105s ]
INFO: [ app_end ] --END-- [ RunTime:0.004392s ]

[ 2018-05-07T22:03:27+08:00 ] 127.0.0.1 /restaurant/restaurant/index.php/Home/Index/index
INFO: [ app_init ] --START--
INFO: Run Behavior\BuildLiteBehavior [ RunTime:0.000047s ]
INFO: [ app_init ] --END-- [ RunTime:0.001222s ]
INFO: [ app_begin ] --START--
INFO: Run Behavior\ReadHtmlCacheBehavior [ RunTime:0.002222s ]
INFO: [ app_begin ] --END-- [ RunTime:0.002490s ]
SQL: SHOW COLUMNS FROM `news` [ RunTime:0.0176s ]
SQL: SELECT * FROM `news` WHERE `type` = '健康饮食'  [ RunTime:0.0019s ]
SQL: SELECT * FROM `news` WHERE `type` = '饮食咨询'  [ RunTime:0.0015s ]
SQL: SELECT * FROM `news` WHERE `type` = '为您推荐'  [ RunTime:0.0016s ]
SQL: SHOW COLUMNS FROM `todayfood` [ RunTime:0.0182s ]
SQL: SELECT * FROM `todayfood`  [ RunTime:0.0010s ]
SQL: SHOW COLUMNS FROM `order` [ RunTime:0.0183s ]
SQL: SELECT sum(sum),`name` FROM `order` GROUP BY name  [ RunTime:0.0009s ]
SQL: SHOW COLUMNS FROM `food` [ RunTime:0.0169s ]
SQL: SELECT * FROM `food`  [ RunTime:0.0012s ]
SQL: UPDATE `food` SET `name`='八宝粥',`price`='3',`thumb`='../Public/uploads/2018-04-15/5ad35a16bdbdf.jpg',`batch`='桂圆，花生米，葡萄干，莲子',`function`='促消化，增强食欲，补充体力，健脾养胃，消滞减肥，益气安神',`time`='2018-04-15',`type`='早餐',`num`='2' WHERE `id` = 7 [ RunTime:0.0947s ]
SQL: UPDATE `food` SET `name`='炒饼',`price`='8',`thumb`='../Public/uploads/2018-04-15/5ad35ac0eac89.jpg',`batch`='烙饼，圆白菜，里脊肉',`function`='圆白菜性平、味甘，归脾、胃经；',`time`='2018-04-15',`type`='早餐',`num`='1' WHERE `id` = 9 [ RunTime:0.0422s ]
SQL: UPDATE `food` SET `name`='发糕',`price`='3',`thumb`='../Public/uploads/2018-04-15/5ad3622e7f139.jpg',`batch`='纯粘米，加糖、发粉或糕种',`function`='其味清香，营养丰富，尤其适合老年人、儿童食用。',`time`='2018-04-15',`type`='早餐',`num`='1' WHERE `id` = 15 [ RunTime:0.0655s ]
SQL: UPDATE `food` SET `name`='水煮蛋',`price`='1',`thumb`='../Public/uploads/2018-04-24/5adf2c5b248aa.jpg',`batch`='鸡蛋',`function`='营养丰富，容易消化。',`time`='2018-04-24',`type`='早餐',`num`='1' WHERE `id` = 25 [ RunTime:0.0424s ]
SQL: UPDATE `food` SET `name`='冰红茶',`price`='3',`thumb`='../Public/uploads/2018-04-16/5ad450934b4ff.jpg',`batch`='蛋白质，脂肪，维生素',`function`='防治骨质疏松，抗衰老。',`time`='2018-04-16',`type`='甜品饮品',`num`='1' WHERE `id` = 62 [ RunTime:0.0432s ]
SQL: UPDATE `food` SET `name`='草莓奶茶',`price`='2',`thumb`='../Public/uploads/2018-04-16/5ad450edc4b63.jpg',`batch`='百花畔印尼紅茶，开水',`function`='饮品。',`time`='2018-04-16',`type`='甜品饮品',`num`='1' WHERE `id` = 64 [ RunTime:0.0644s ]
SQL: SHOW COLUMNS FROM `num` [ RunTime:0.0182s ]
NOTIC: [8] Undefined index: number D:\apa\PHP1\restaurant\restaurant\Application\Home\Controller\IndexController.class.php 第 45 行.
SQL: SELECT * FROM `num` WHERE `number` = null  [ RunTime:0.0008s ]
SQL: SELECT * FROM `food` ORDER BY num desc LIMIT 0,16   [ RunTime:0.0012s ]
SQL: SELECT * FROM `food` WHERE `type` = '早餐'  [ RunTime:0.0010s ]
SQL: SELECT * FROM `food` WHERE `type` = '午餐'  [ RunTime:0.0008s ]
SQL: SELECT * FROM `food` WHERE `type` = '下午茶'  [ RunTime:0.0010s ]
SQL: SELECT * FROM `food` WHERE `type` = '晚餐'  [ RunTime:0.0008s ]
SQL: SELECT * FROM `food` WHERE `type` = '甜品饮品'  [ RunTime:0.0008s ]
SQL: SELECT * FROM `food` WHERE `type` = '小吃夜宵'  [ RunTime:0.0007s ]
INFO: [ view_parse ] --START--
INFO: [ template_filter ] --START--
INFO: Run Behavior\ContentReplaceBehavior [ RunTime:0.000646s ]
INFO: [ template_filter ] --END-- [ RunTime:0.000936s ]
INFO: Run Behavior\ParseTemplateBehavior [ RunTime:0.096964s ]
INFO: [ view_parse ] --END-- [ RunTime:0.097193s ]
INFO: [ view_filter ] --START--
INFO: Run Behavior\WriteHtmlCacheBehavior [ RunTime:0.001201s ]
INFO: [ view_filter ] --END-- [ RunTime:0.001371s ]
INFO: [ app_end ] --START--
INFO: Run Behavior\ShowPageTraceBehavior [ RunTime:0.003111s ]
INFO: [ app_end ] --END-- [ RunTime:0.003470s ]

[ 2018-05-07T22:03:46+08:00 ] 127.0.0.1 /restaurant/restaurant/index.php/Home/Index/index
INFO: [ app_init ] --START--
INFO: Run Behavior\BuildLiteBehavior [ RunTime:0.000058s ]
INFO: [ app_init ] --END-- [ RunTime:0.001743s ]
INFO: [ app_begin ] --START--
INFO: Run Behavior\ReadHtmlCacheBehavior [ RunTime:0.002575s ]
INFO: [ app_begin ] --END-- [ RunTime:0.002829s ]
SQL: SHOW COLUMNS FROM `news` [ RunTime:0.0200s ]
SQL: SELECT * FROM `news` WHERE `type` = '健康饮食'  [ RunTime:0.0019s ]
SQL: SELECT * FROM `news` WHERE `type` = '饮食咨询'  [ RunTime:0.0016s ]
SQL: SELECT * FROM `news` WHERE `type` = '为您推荐'  [ RunTime:0.0019s ]
SQL: SHOW COLUMNS FROM `todayfood` [ RunTime:0.0197s ]
SQL: SELECT * FROM `todayfood`  [ RunTime:0.0010s ]
SQL: SHOW COLUMNS FROM `order` [ RunTime:0.0191s ]
SQL: SELECT sum(sum),`name` FROM `order` GROUP BY name  [ RunTime:0.0009s ]
SQL: SHOW COLUMNS FROM `food` [ RunTime:0.0190s ]
SQL: SELECT * FROM `food`  [ RunTime:0.0014s ]
SQL: UPDATE `food` SET `name`='八宝粥',`price`='3',`thumb`='../Public/uploads/2018-04-15/5ad35a16bdbdf.jpg',`batch`='桂圆，花生米，葡萄干，莲子',`function`='促消化，增强食欲，补充体力，健脾养胃，消滞减肥，益气安神',`time`='2018-04-15',`type`='早餐',`num`='2' WHERE `id` = 7 [ RunTime:0.0872s ]
SQL: UPDATE `food` SET `name`='炒饼',`price`='8',`thumb`='../Public/uploads/2018-04-15/5ad35ac0eac89.jpg',`batch`='烙饼，圆白菜，里脊肉',`function`='圆白菜性平、味甘，归脾、胃经；',`time`='2018-04-15',`type`='早餐',`num`='1' WHERE `id` = 9 [ RunTime:0.0423s ]
SQL: UPDATE `food` SET `name`='发糕',`price`='3',`thumb`='../Public/uploads/2018-04-15/5ad3622e7f139.jpg',`batch`='纯粘米，加糖、发粉或糕种',`function`='其味清香，营养丰富，尤其适合老年人、儿童食用。',`time`='2018-04-15',`type`='早餐',`num`='1' WHERE `id` = 15 [ RunTime:0.0653s ]
SQL: UPDATE `food` SET `name`='水煮蛋',`price`='1',`thumb`='../Public/uploads/2018-04-24/5adf2c5b248aa.jpg',`batch`='鸡蛋',`function`='营养丰富，容易消化。',`time`='2018-04-24',`type`='早餐',`num`='1' WHERE `id` = 25 [ RunTime:0.0420s ]
SQL: UPDATE `food` SET `name`='冰红茶',`price`='3',`thumb`='../Public/uploads/2018-04-16/5ad450934b4ff.jpg',`batch`='蛋白质，脂肪，维生素',`function`='防治骨质疏松，抗衰老。',`time`='2018-04-16',`type`='甜品饮品',`num`='1' WHERE `id` = 62 [ RunTime:0.0429s ]
SQL: UPDATE `food` SET `name`='草莓奶茶',`price`='2',`thumb`='../Public/uploads/2018-04-16/5ad450edc4b63.jpg',`batch`='百花畔印尼紅茶，开水',`function`='饮品。',`time`='2018-04-16',`type`='甜品饮品',`num`='1' WHERE `id` = 64 [ RunTime:0.0419s ]
SQL: SHOW COLUMNS FROM `num` [ RunTime:0.0191s ]
NOTIC: [8] Undefined index: number D:\apa\PHP1\restaurant\restaurant\Application\Home\Controller\IndexController.class.php 第 45 行.
SQL: SELECT * FROM `num` WHERE `number` = null  [ RunTime:0.0010s ]
SQL: SELECT * FROM `food` ORDER BY num desc LIMIT 0,16   [ RunTime:0.0012s ]
SQL: SELECT * FROM `food` WHERE `type` = '早餐'  [ RunTime:0.0010s ]
SQL: SELECT * FROM `food` WHERE `type` = '午餐'  [ RunTime:0.0010s ]
SQL: SELECT * FROM `food` WHERE `type` = '下午茶'  [ RunTime:0.0008s ]
SQL: SELECT * FROM `food` WHERE `type` = '晚餐'  [ RunTime:0.0007s ]
SQL: SELECT * FROM `food` WHERE `type` = '甜品饮品'  [ RunTime:0.0010s ]
SQL: SELECT * FROM `food` WHERE `type` = '小吃夜宵'  [ RunTime:0.0009s ]
INFO: [ view_parse ] --START--
INFO: [ template_filter ] --START--
INFO: Run Behavior\ContentReplaceBehavior [ RunTime:0.000729s ]
INFO: [ template_filter ] --END-- [ RunTime:0.001112s ]
INFO: Run Behavior\ParseTemplateBehavior [ RunTime:0.082961s ]
INFO: [ view_parse ] --END-- [ RunTime:0.083192s ]
INFO: [ view_filter ] --START--
INFO: Run Behavior\WriteHtmlCacheBehavior [ RunTime:0.001239s ]
INFO: [ view_filter ] --END-- [ RunTime:0.001422s ]
INFO: [ app_end ] --START--
INFO: Run Behavior\ShowPageTraceBehavior [ RunTime:0.003861s ]
INFO: [ app_end ] --END-- [ RunTime:0.004148s ]

[ 2018-05-07T22:04:08+08:00 ] 127.0.0.1 /restaurant/restaurant/index.php/Home/Index/index
INFO: [ app_init ] --START--
INFO: Run Behavior\BuildLiteBehavior [ RunTime:0.000046s ]
INFO: [ app_init ] --END-- [ RunTime:0.001181s ]
INFO: [ app_begin ] --START--
INFO: Run Behavior\ReadHtmlCacheBehavior [ RunTime:0.002285s ]
INFO: [ app_begin ] --END-- [ RunTime:0.002569s ]
SQL: SHOW COLUMNS FROM `news` [ RunTime:0.0177s ]
SQL: SELECT * FROM `news` WHERE `type` = '健康饮食'  [ RunTime:0.0018s ]
SQL: SELECT * FROM `news` WHERE `type` = '饮食咨询'  [ RunTime:0.0017s ]
SQL: SELECT * FROM `news` WHERE `type` = '为您推荐'  [ RunTime:0.0014s ]
SQL: SHOW COLUMNS FROM `todayfood` [ RunTime:0.0182s ]
SQL: SELECT * FROM `todayfood`  [ RunTime:0.0014s ]
SQL: SHOW COLUMNS FROM `order` [ RunTime:0.0167s ]
SQL: SELECT sum(sum),`name` FROM `order` GROUP BY name  [ RunTime:0.0009s ]
SQL: SHOW COLUMNS FROM `food` [ RunTime:0.0174s ]
SQL: SELECT * FROM `food`  [ RunTime:0.0019s ]
SQL: UPDATE `food` SET `name`='八宝粥',`price`='3',`thumb`='../Public/uploads/2018-04-15/5ad35a16bdbdf.jpg',`batch`='桂圆，花生米，葡萄干，莲子',`function`='促消化，增强食欲，补充体力，健脾养胃，消滞减肥，益气安神',`time`='2018-04-15',`type`='早餐',`num`='2' WHERE `id` = 7 [ RunTime:0.1012s ]
SQL: UPDATE `food` SET `name`='炒饼',`price`='8',`thumb`='../Public/uploads/2018-04-15/5ad35ac0eac89.jpg',`batch`='烙饼，圆白菜，里脊肉',`function`='圆白菜性平、味甘，归脾、胃经；',`time`='2018-04-15',`type`='早餐',`num`='1' WHERE `id` = 9 [ RunTime:0.1274s ]
SQL: UPDATE `food` SET `name`='发糕',`price`='3',`thumb`='../Public/uploads/2018-04-15/5ad3622e7f139.jpg',`batch`='纯粘米，加糖、发粉或糕种',`function`='其味清香，营养丰富，尤其适合老年人、儿童食用。',`time`='2018-04-15',`type`='早餐',`num`='1' WHERE `id` = 15 [ RunTime:0.0422s ]
SQL: UPDATE `food` SET `name`='水煮蛋',`price`='1',`thumb`='../Public/uploads/2018-04-24/5adf2c5b248aa.jpg',`batch`='鸡蛋',`function`='营养丰富，容易消化。',`time`='2018-04-24',`type`='早餐',`num`='1' WHERE `id` = 25 [ RunTime:0.0434s ]
SQL: UPDATE `food` SET `name`='冰红茶',`price`='3',`thumb`='../Public/uploads/2018-04-16/5ad450934b4ff.jpg',`batch`='蛋白质，脂肪，维生素',`function`='防治骨质疏松，抗衰老。',`time`='2018-04-16',`type`='甜品饮品',`num`='1' WHERE `id` = 62 [ RunTime:0.0641s ]
SQL: UPDATE `food` SET `name`='草莓奶茶',`price`='2',`thumb`='../Public/uploads/2018-04-16/5ad450edc4b63.jpg',`batch`='百花畔印尼紅茶，开水',`function`='饮品。',`time`='2018-04-16',`type`='甜品饮品',`num`='1' WHERE `id` = 64 [ RunTime:0.0813s ]
SQL: SHOW COLUMNS FROM `num` [ RunTime:0.0186s ]
NOTIC: [8] Undefined index: number D:\apa\PHP1\restaurant\restaurant\Application\Home\Controller\IndexController.class.php 第 45 行.
SQL: SELECT * FROM `num` WHERE `number` = null  [ RunTime:0.0007s ]
SQL: SELECT * FROM `food` ORDER BY num desc LIMIT 0,16   [ RunTime:0.0009s ]
SQL: SELECT * FROM `food` WHERE `type` = '早餐'  [ RunTime:0.0009s ]
SQL: SELECT * FROM `food` WHERE `type` = '午餐'  [ RunTime:0.0013s ]
SQL: SELECT * FROM `food` WHERE `type` = '下午茶'  [ RunTime:0.0009s ]
SQL: SELECT * FROM `food` WHERE `type` = '晚餐'  [ RunTime:0.0007s ]
SQL: SELECT * FROM `food` WHERE `type` = '甜品饮品'  [ RunTime:0.0010s ]
SQL: SELECT * FROM `food` WHERE `type` = '小吃夜宵'  [ RunTime:0.0010s ]
INFO: [ view_parse ] --START--
INFO: [ template_filter ] --START--
INFO: Run Behavior\ContentReplaceBehavior [ RunTime:0.000621s ]
INFO: [ template_filter ] --END-- [ RunTime:0.000861s ]
INFO: Run Behavior\ParseTemplateBehavior [ RunTime:0.082407s ]
INFO: [ view_parse ] --END-- [ RunTime:0.082640s ]
INFO: [ view_filter ] --START--
INFO: Run Behavior\WriteHtmlCacheBehavior [ RunTime:0.000780s ]
INFO: [ view_filter ] --END-- [ RunTime:0.000965s ]
INFO: [ app_end ] --START--
INFO: Run Behavior\ShowPageTraceBehavior [ RunTime:0.002521s ]
INFO: [ app_end ] --END-- [ RunTime:0.002927s ]

