[ 2018-04-22T00:01:32+08:00 ] 127.0.0.1 /restaurant1/restaurant/index.php/Home/Person/person
INFO: [ app_init ] --START--
INFO: Run Behavior\BuildLiteBehavior [ RunTime:0.000043s ]
INFO: [ app_init ] --END-- [ RunTime:0.001540s ]
INFO: [ app_begin ] --START--
INFO: Run Behavior\ReadHtmlCacheBehavior [ RunTime:0.002395s ]
INFO: [ app_begin ] --END-- [ RunTime:0.002610s ]
SQL: SHOW COLUMNS FROM `user` [ RunTime:0.0331s ]
SQL: SELECT * FROM `user` WHERE `number` = 2014011721 LIMIT 1   [ RunTime:0.0018s ]
INFO: [ view_parse ] --START--
INFO: [ template_filter ] --START--
INFO: Run Behavior\ContentReplaceBehavior [ RunTime:0.000406s ]
INFO: [ template_filter ] --END-- [ RunTime:0.000687s ]
INFO: Run Behavior\ParseTemplateBehavior [ RunTime:0.054417s ]
INFO: [ view_parse ] --END-- [ RunTime:0.054722s ]
INFO: [ view_filter ] --START--
INFO: Run Behavior\WriteHtmlCacheBehavior [ RunTime:0.002805s ]
INFO: [ view_filter ] --END-- [ RunTime:0.003080s ]
INFO: [ app_end ] --START--
INFO: Run Behavior\ShowPageTraceBehavior [ RunTime:0.004679s ]
INFO: [ app_end ] --END-- [ RunTime:0.005531s ]

[ 2018-04-22T00:01:38+08:00 ] 127.0.0.1 /restaurant1/restaurant/index.php/Home/News/news
INFO: [ app_init ] --START--
INFO: Run Behavior\BuildLiteBehavior [ RunTime:0.000027s ]
INFO: [ app_init ] --END-- [ RunTime:0.000871s ]
INFO: [ app_begin ] --START--
INFO: Run Behavior\ReadHtmlCacheBehavior [ RunTime:0.001612s ]
INFO: [ app_begin ] --END-- [ RunTime:0.001764s ]
SQL: SHOW COLUMNS FROM `news` [ RunTime:0.0304s ]
SQL: SELECT * FROM `news` WHERE `type` = '健康饮食'  [ RunTime:0.0021s ]
SQL: SELECT * FROM `news` WHERE `type` = '饮食咨询'  [ RunTime:0.0015s ]
SQL: SELECT * FROM `news` WHERE `type` = '为您推荐'  [ RunTime:0.0012s ]
SQL: SELECT * FROM `news` ORDER BY click desc LIMIT 0,5   [ RunTime:0.0012s ]
SQL: SHOW COLUMNS FROM `newstype` [ RunTime:0.0318s ]
NOTIC: [8] Undefined variable: id D:\soft\PHP1\restaurant1\restaurant\Application\Home\Controller\NewsController.class.php 第 27 行.
SQL: SELECT * FROM `newstype`  [ RunTime:0.0011s ]
INFO: [ view_parse ] --START--
INFO: [ template_filter ] --START--
INFO: Run Behavior\ContentReplaceBehavior [ RunTime:0.000566s ]
INFO: [ template_filter ] --END-- [ RunTime:0.000859s ]
NOTIC: [8] Use of undefined constant ture - assumed 'ture' D:\soft\PHP1\restaurant1\restaurant\Application\Runtime\Cache\Home\6be51b3900cccae2c73119baf20891ff.php 第 109 行.
NOTIC: [8] Use of undefined constant ture - assumed 'ture' D:\soft\PHP1\restaurant1\restaurant\Application\Runtime\Cache\Home\6be51b3900cccae2c73119baf20891ff.php 第 109 行.
NOTIC: [8] Use of undefined constant ture - assumed 'ture' D:\soft\PHP1\restaurant1\restaurant\Application\Runtime\Cache\Home\6be51b3900cccae2c73119baf20891ff.php 第 109 行.
NOTIC: [8] Use of undefined constant ture - assumed 'ture' D:\soft\PHP1\restaurant1\restaurant\Application\Runtime\Cache\Home\6be51b3900cccae2c73119baf20891ff.php 第 109 行.
NOTIC: [8] Use of undefined constant ture - assumed 'ture' D:\soft\PHP1\restaurant1\restaurant\Application\Runtime\Cache\Home\6be51b3900cccae2c73119baf20891ff.php 第 109 行.
NOTIC: [8] Use of undefined constant ture - assumed 'ture' D:\soft\PHP1\restaurant1\restaurant\Application\Runtime\Cache\Home\6be51b3900cccae2c73119baf20891ff.php 第 109 行.
NOTIC: [8] Use of undefined constant ture - assumed 'ture' D:\soft\PHP1\restaurant1\restaurant\Application\Runtime\Cache\Home\6be51b3900cccae2c73119baf20891ff.php 第 126 行.
NOTIC: [8] Use of undefined constant ture - assumed 'ture' D:\soft\PHP1\restaurant1\restaurant\Application\Runtime\Cache\Home\6be51b3900cccae2c73119baf20891ff.php 第 126 行.
NOTIC: [8] Use of undefined constant ture - assumed 'ture' D:\soft\PHP1\restaurant1\restaurant\Application\Runtime\Cache\Home\6be51b3900cccae2c73119baf20891ff.php 第 126 行.
NOTIC: [8] Use of undefined constant ture - assumed 'ture' D:\soft\PHP1\restaurant1\restaurant\Application\Runtime\Cache\Home\6be51b3900cccae2c73119baf20891ff.php 第 126 行.
NOTIC: [8] Use of undefined constant ture - assumed 'ture' D:\soft\PHP1\restaurant1\restaurant\Application\Runtime\Cache\Home\6be51b3900cccae2c73119baf20891ff.php 第 126 行.
NOTIC: [8] Use of undefined constant ture - assumed 'ture' D:\soft\PHP1\restaurant1\restaurant\Application\Runtime\Cache\Home\6be51b3900cccae2c73119baf20891ff.php 第 126 行.
NOTIC: [8] Use of undefined constant ture - assumed 'ture' D:\soft\PHP1\restaurant1\restaurant\Application\Runtime\Cache\Home\6be51b3900cccae2c73119baf20891ff.php 第 143 行.
NOTIC: [8] Use of undefined constant ture - assumed 'ture' D:\soft\PHP1\restaurant1\restaurant\Application\Runtime\Cache\Home\6be51b3900cccae2c73119baf20891ff.php 第 143 行.
NOTIC: [8] Use of undefined constant ture - assumed 'ture' D:\soft\PHP1\restaurant1\restaurant\Application\Runtime\Cache\Home\6be51b3900cccae2c73119baf20891ff.php 第 143 行.
NOTIC: [8] Use of undefined constant ture - assumed 'ture' D:\soft\PHP1\restaurant1\restaurant\Application\Runtime\Cache\Home\6be51b3900cccae2c73119baf20891ff.php 第 143 行.
NOTIC: [8] Use of undefined constant ture - assumed 'ture' D:\soft\PHP1\restaurant1\restaurant\Application\Runtime\Cache\Home\6be51b3900cccae2c73119baf20891ff.php 第 143 行.
NOTIC: [8] Use of undefined constant ture - assumed 'ture' D:\soft\PHP1\restaurant1\restaurant\Application\Runtime\Cache\Home\6be51b3900cccae2c73119baf20891ff.php 第 143 行.
INFO: Run Behavior\ParseTemplateBehavior [ RunTime:0.078185s ]
INFO: [ view_parse ] --END-- [ RunTime:0.078446s ]
INFO: [ view_filter ] --START--
INFO: Run Behavior\WriteHtmlCacheBehavior [ RunTime:0.001883s ]
INFO: [ view_filter ] --END-- [ RunTime:0.002110s ]
INFO: [ app_end ] --START--
INFO: Run Behavior\ShowPageTraceBehavior [ RunTime:0.005148s ]
INFO: [ app_end ] --END-- [ RunTime:0.006807s ]

[ 2018-04-22T00:01:40+08:00 ] 127.0.0.1 /restaurant1/restaurant/index.php/Home/Index/index
INFO: [ app_init ] --START--
INFO: Run Behavior\BuildLiteBehavior [ RunTime:0.000030s ]
INFO: [ app_init ] --END-- [ RunTime:0.000965s ]
INFO: [ app_begin ] --START--
INFO: Run Behavior\ReadHtmlCacheBehavior [ RunTime:0.001697s ]
INFO: [ app_begin ] --END-- [ RunTime:0.001877s ]
SQL: SHOW COLUMNS FROM `news` [ RunTime:0.0227s ]
NOTIC: [8] Undefined variable: condition D:\soft\PHP1\restaurant1\restaurant\Application\Home\Controller\IndexController.class.php 第 9 行.
SQL: SELECT * FROM `news`  [ RunTime:0.0012s ]
SQL: SELECT * FROM `news` WHERE `type` = '饮食咨询'  [ RunTime:0.0009s ]
SQL: SELECT * FROM `news` WHERE `type` = '为您推荐'  [ RunTime:0.0009s ]
SQL: SHOW COLUMNS FROM `todayfood` [ RunTime:0.0210s ]
SQL: SELECT * FROM `todayfood`  [ RunTime:0.0010s ]
SQL: SHOW COLUMNS FROM `food` [ RunTime:0.0236s ]
SQL: SELECT * FROM `food` ORDER BY num desc LIMIT 0,16   [ RunTime:0.0009s ]
INFO: [ view_parse ] --START--
INFO: [ template_filter ] --START--
INFO: Run Behavior\ContentReplaceBehavior [ RunTime:0.000317s ]
INFO: [ template_filter ] --END-- [ RunTime:0.000518s ]
INFO: Run Behavior\ParseTemplateBehavior [ RunTime:0.045446s ]
INFO: [ view_parse ] --END-- [ RunTime:0.045678s ]
INFO: [ view_filter ] --START--
INFO: Run Behavior\WriteHtmlCacheBehavior [ RunTime:0.001573s ]
INFO: [ view_filter ] --END-- [ RunTime:0.001762s ]
INFO: [ app_end ] --START--
INFO: Run Behavior\ShowPageTraceBehavior [ RunTime:0.005252s ]
INFO: [ app_end ] --END-- [ RunTime:0.005475s ]

[ 2018-04-22T00:01:45+08:00 ] 127.0.0.1 /restaurant1/restaurant/index.php/Home/Menu/content/id/6
INFO: [ app_init ] --START--
INFO: Run Behavior\BuildLiteBehavior [ RunTime:0.000037s ]
INFO: [ app_init ] --END-- [ RunTime:0.001243s ]
INFO: [ app_begin ] --START--
INFO: Run Behavior\ReadHtmlCacheBehavior [ RunTime:0.005661s ]
INFO: [ app_begin ] --END-- [ RunTime:0.005989s ]
SQL: SHOW COLUMNS FROM `todayfood` [ RunTime:0.0329s ]
SQL: SELECT * FROM `todayfood` WHERE `id` = 6 LIMIT 1   [ RunTime:0.0017s ]
SQL: SHOW COLUMNS FROM `news` [ RunTime:0.0215s ]
SQL: SELECT * FROM `news` WHERE `type` = '健康饮食'  [ RunTime:0.0010s ]
SQL: SELECT * FROM `news` WHERE `type` = '饮食咨询'  [ RunTime:0.0009s ]
SQL: SELECT * FROM `news` WHERE `type` = '为您推荐'  [ RunTime:0.0008s ]
SQL: SHOW COLUMNS FROM `food` [ RunTime:0.0198s ]
SQL: SELECT * FROM `food` WHERE `type` = '甜品饮品' LIMIT 0,4   [ RunTime:0.0008s ]
INFO: [ view_parse ] --START--
INFO: [ template_filter ] --START--
INFO: Run Behavior\ContentReplaceBehavior [ RunTime:0.000290s ]
INFO: [ template_filter ] --END-- [ RunTime:0.000482s ]
INFO: Run Behavior\ParseTemplateBehavior [ RunTime:0.036341s ]
INFO: [ view_parse ] --END-- [ RunTime:0.036526s ]
INFO: [ view_filter ] --START--
INFO: Run Behavior\WriteHtmlCacheBehavior [ RunTime:0.001209s ]
INFO: [ view_filter ] --END-- [ RunTime:0.001352s ]
INFO: [ app_end ] --START--
INFO: Run Behavior\ShowPageTraceBehavior [ RunTime:0.002283s ]
INFO: [ app_end ] --END-- [ RunTime:0.002471s ]

[ 2018-04-22T00:01:49+08:00 ] 127.0.0.1 /restaurant1/restaurant/index.php/Home/Menu/add
INFO: [ app_init ] --START--
INFO: Run Behavior\BuildLiteBehavior [ RunTime:0.000029s ]
INFO: [ app_init ] --END-- [ RunTime:0.000909s ]
INFO: [ app_begin ] --START--
INFO: Run Behavior\ReadHtmlCacheBehavior [ RunTime:0.001291s ]
INFO: [ app_begin ] --END-- [ RunTime:0.001406s ]
NOTIC: [8] Undefined index: id D:\soft\PHP1\restaurant1\restaurant\Application\Home\Controller\MenuController.class.php 第 43 行.
SQL: SHOW COLUMNS FROM `food` [ RunTime:0.0318s ]
SQL: SELECT * FROM `food` LIMIT 1   [ RunTime:0.0016s ]
INFO: [ app_end ] --START--
INFO: Run Behavior\ShowPageTraceBehavior [ RunTime:0.003514s ]
INFO: [ app_end ] --END-- [ RunTime:0.003774s ]

[ 2018-04-22T00:01:58+08:00 ] 127.0.0.1 /restaurant1/restaurant/index.php/Home/Menu/add
INFO: [ app_init ] --START--
INFO: Run Behavior\BuildLiteBehavior [ RunTime:0.000033s ]
INFO: [ app_init ] --END-- [ RunTime:0.001080s ]
INFO: [ app_begin ] --START--
INFO: Run Behavior\ReadHtmlCacheBehavior [ RunTime:0.001565s ]
INFO: [ app_begin ] --END-- [ RunTime:0.001696s ]
NOTIC: [8] Undefined index: id D:\soft\PHP1\restaurant1\restaurant\Application\Home\Controller\MenuController.class.php 第 43 行.
SQL: SHOW COLUMNS FROM `food` [ RunTime:0.0340s ]
SQL: SELECT * FROM `food` LIMIT 1   [ RunTime:0.0017s ]
INFO: [ app_end ] --START--
INFO: Run Behavior\ShowPageTraceBehavior [ RunTime:0.003411s ]
INFO: [ app_end ] --END-- [ RunTime:0.003675s ]

[ 2018-04-22T00:01:59+08:00 ] 127.0.0.1 /restaurant1/restaurant/index.php/Home/Menu/add
INFO: [ app_init ] --START--
INFO: Run Behavior\BuildLiteBehavior [ RunTime:0.000029s ]
INFO: [ app_init ] --END-- [ RunTime:0.000980s ]
INFO: [ app_begin ] --START--
INFO: Run Behavior\ReadHtmlCacheBehavior [ RunTime:0.001523s ]
INFO: [ app_begin ] --END-- [ RunTime:0.001639s ]
NOTIC: [8] Undefined index: id D:\soft\PHP1\restaurant1\restaurant\Application\Home\Controller\MenuController.class.php 第 43 行.
SQL: SHOW COLUMNS FROM `food` [ RunTime:0.0343s ]
SQL: SELECT * FROM `food` LIMIT 1   [ RunTime:0.0017s ]
INFO: [ app_end ] --START--
INFO: Run Behavior\ShowPageTraceBehavior [ RunTime:0.003655s ]
INFO: [ app_end ] --END-- [ RunTime:0.004249s ]

[ 2018-04-22T00:02:00+08:00 ] 127.0.0.1 /restaurant1/restaurant/index.php/Home/Menu/add
INFO: [ app_init ] --START--
INFO: Run Behavior\BuildLiteBehavior [ RunTime:0.000025s ]
INFO: [ app_init ] --END-- [ RunTime:0.000865s ]
INFO: [ app_begin ] --START--
INFO: Run Behavior\ReadHtmlCacheBehavior [ RunTime:0.001453s ]
INFO: [ app_begin ] --END-- [ RunTime:0.001594s ]
NOTIC: [8] Undefined index: id D:\soft\PHP1\restaurant1\restaurant\Application\Home\Controller\MenuController.class.php 第 43 行.
SQL: SHOW COLUMNS FROM `food` [ RunTime:0.0338s ]
SQL: SELECT * FROM `food` LIMIT 1   [ RunTime:0.0018s ]
INFO: [ app_end ] --START--
INFO: Run Behavior\ShowPageTraceBehavior [ RunTime:0.003334s ]
INFO: [ app_end ] --END-- [ RunTime:0.003554s ]

[ 2018-04-22T00:02:01+08:00 ] 127.0.0.1 /restaurant1/restaurant/index.php/Home/Menu/add
INFO: [ app_init ] --START--
INFO: Run Behavior\BuildLiteBehavior [ RunTime:0.000029s ]
INFO: [ app_init ] --END-- [ RunTime:0.000945s ]
INFO: [ app_begin ] --START--
INFO: Run Behavior\ReadHtmlCacheBehavior [ RunTime:0.001220s ]
INFO: [ app_begin ] --END-- [ RunTime:0.001335s ]
NOTIC: [8] Undefined index: id D:\soft\PHP1\restaurant1\restaurant\Application\Home\Controller\MenuController.class.php 第 43 行.
SQL: SHOW COLUMNS FROM `food` [ RunTime:0.0274s ]
SQL: SELECT * FROM `food` LIMIT 1   [ RunTime:0.0016s ]
INFO: [ app_end ] --START--
INFO: Run Behavior\ShowPageTraceBehavior [ RunTime:0.003254s ]
INFO: [ app_end ] --END-- [ RunTime:0.003480s ]

[ 2018-04-22T00:02:02+08:00 ] 127.0.0.1 /restaurant1/restaurant/index.php/Home/Menu/add
INFO: [ app_init ] --START--
INFO: Run Behavior\BuildLiteBehavior [ RunTime:0.000037s ]
INFO: [ app_init ] --END-- [ RunTime:0.001424s ]
INFO: [ app_begin ] --START--
INFO: Run Behavior\ReadHtmlCacheBehavior [ RunTime:0.001587s ]
INFO: [ app_begin ] --END-- [ RunTime:0.001738s ]
NOTIC: [8] Undefined index: id D:\soft\PHP1\restaurant1\restaurant\Application\Home\Controller\MenuController.class.php 第 43 行.
SQL: SHOW COLUMNS FROM `food` [ RunTime:0.0328s ]
SQL: SELECT * FROM `food` LIMIT 1   [ RunTime:0.0017s ]
INFO: [ app_end ] --START--
INFO: Run Behavior\ShowPageTraceBehavior [ RunTime:0.003411s ]
INFO: [ app_end ] --END-- [ RunTime:0.003676s ]

[ 2018-04-22T00:02:03+08:00 ] 127.0.0.1 /restaurant1/restaurant/index.php/Home/Menu/add
INFO: [ app_init ] --START--
INFO: Run Behavior\BuildLiteBehavior [ RunTime:0.000028s ]
INFO: [ app_init ] --END-- [ RunTime:0.000903s ]
INFO: [ app_begin ] --START--
INFO: Run Behavior\ReadHtmlCacheBehavior [ RunTime:0.001403s ]
INFO: [ app_begin ] --END-- [ RunTime:0.001509s ]
NOTIC: [8] Undefined index: id D:\soft\PHP1\restaurant1\restaurant\Application\Home\Controller\MenuController.class.php 第 43 行.
SQL: SHOW COLUMNS FROM `food` [ RunTime:0.0158s ]
SQL: SELECT * FROM `food` LIMIT 1   [ RunTime:0.0008s ]
INFO: [ app_end ] --START--
INFO: Run Behavior\ShowPageTraceBehavior [ RunTime:0.002021s ]
INFO: [ app_end ] --END-- [ RunTime:0.002168s ]

[ 2018-04-22T00:02:05+08:00 ] 127.0.0.1 /restaurant1/restaurant/index.php/Home/Menu/add
INFO: [ app_init ] --START--
INFO: Run Behavior\BuildLiteBehavior [ RunTime:0.000032s ]
INFO: [ app_init ] --END-- [ RunTime:0.001003s ]
INFO: [ app_begin ] --START--
INFO: Run Behavior\ReadHtmlCacheBehavior [ RunTime:0.001435s ]
INFO: [ app_begin ] --END-- [ RunTime:0.001597s ]
NOTIC: [8] Undefined index: id D:\soft\PHP1\restaurant1\restaurant\Application\Home\Controller\MenuController.class.php 第 43 行.
SQL: SHOW COLUMNS FROM `food` [ RunTime:0.0320s ]
SQL: SELECT * FROM `food` LIMIT 1   [ RunTime:0.0016s ]
INFO: [ app_end ] --START--
INFO: Run Behavior\ShowPageTraceBehavior [ RunTime:0.003672s ]
INFO: [ app_end ] --END-- [ RunTime:0.003913s ]

[ 2018-04-22T00:09:02+08:00 ] 127.0.0.1 /restaurant1/restaurant/index.php/Home/Menu/content/id/6
INFO: [ app_init ] --START--
INFO: Run Behavior\BuildLiteBehavior [ RunTime:0.000035s ]
INFO: [ app_init ] --END-- [ RunTime:0.001225s ]
INFO: [ app_begin ] --START--
INFO: Run Behavior\ReadHtmlCacheBehavior [ RunTime:0.002001s ]
INFO: [ app_begin ] --END-- [ RunTime:0.002186s ]

[ 2018-04-22T00:09:46+08:00 ] 127.0.0.1 /restaurant1/restaurant/index.php/Home/Menu/content/id/6
INFO: [ app_init ] --START--
INFO: Run Behavior\BuildLiteBehavior [ RunTime:0.000034s ]
INFO: [ app_init ] --END-- [ RunTime:0.001193s ]
INFO: [ app_begin ] --START--
INFO: Run Behavior\ReadHtmlCacheBehavior [ RunTime:0.001794s ]
INFO: [ app_begin ] --END-- [ RunTime:0.001958s ]

[ 2018-04-22T00:10:19+08:00 ] 127.0.0.1 /restaurant1/restaurant/index.php/Home/Menu/content/id/6
INFO: [ app_init ] --START--
INFO: Run Behavior\BuildLiteBehavior [ RunTime:0.000037s ]
INFO: [ app_init ] --END-- [ RunTime:0.001342s ]
INFO: [ app_begin ] --START--
INFO: Run Behavior\ReadHtmlCacheBehavior [ RunTime:0.001878s ]
INFO: [ app_begin ] --END-- [ RunTime:0.002083s ]
SQL: SHOW COLUMNS FROM `todayfood` [ RunTime:0.0317s ]
SQL: SELECT * FROM `todayfood` WHERE `id` = 6 LIMIT 1   [ RunTime:0.0011s ]
SQL: SHOW COLUMNS FROM `news` [ RunTime:0.0231s ]
SQL: SELECT * FROM `news` WHERE `type` = '健康饮食'  [ RunTime:0.0009s ]
SQL: SELECT * FROM `news` WHERE `type` = '饮食咨询'  [ RunTime:0.0007s ]
SQL: SELECT * FROM `news` WHERE `type` = '为您推荐'  [ RunTime:0.0006s ]
SQL: SHOW COLUMNS FROM `food` [ RunTime:0.0149s ]
SQL: SELECT * FROM `food` WHERE `type` = '甜品饮品' LIMIT 0,4   [ RunTime:0.0008s ]
INFO: [ view_parse ] --START--
INFO: [ template_filter ] --START--
INFO: Run Behavior\ContentReplaceBehavior [ RunTime:0.000204s ]
INFO: [ template_filter ] --END-- [ RunTime:0.000351s ]
INFO: Run Behavior\ParseTemplateBehavior [ RunTime:0.028415s ]
INFO: [ view_parse ] --END-- [ RunTime:0.028609s ]
INFO: [ view_filter ] --START--
INFO: Run Behavior\WriteHtmlCacheBehavior [ RunTime:0.001164s ]
INFO: [ view_filter ] --END-- [ RunTime:0.001262s ]
INFO: [ app_end ] --START--
INFO: Run Behavior\ShowPageTraceBehavior [ RunTime:0.001743s ]
INFO: [ app_end ] --END-- [ RunTime:0.001888s ]

[ 2018-04-22T00:12:06+08:00 ] 127.0.0.1 /restaurant1/restaurant/index.php/Home/Menu/content/id/6
INFO: [ app_init ] --START--
INFO: Run Behavior\BuildLiteBehavior [ RunTime:0.000062s ]
INFO: [ app_init ] --END-- [ RunTime:0.002469s ]
INFO: [ app_begin ] --START--
INFO: Run Behavior\ReadHtmlCacheBehavior [ RunTime:0.003800s ]
INFO: [ app_begin ] --END-- [ RunTime:0.004138s ]
SQL: SHOW COLUMNS FROM `todayfood` [ RunTime:0.0317s ]
SQL: SELECT * FROM `todayfood` WHERE `id` = 6 LIMIT 1   [ RunTime:0.0017s ]
SQL: SHOW COLUMNS FROM `news` [ RunTime:0.0320s ]
SQL: SELECT * FROM `news` WHERE `type` = '健康饮食'  [ RunTime:0.0015s ]
SQL: SELECT * FROM `news` WHERE `type` = '饮食咨询'  [ RunTime:0.0013s ]
SQL: SELECT * FROM `news` WHERE `type` = '为您推荐'  [ RunTime:0.0013s ]
SQL: SHOW COLUMNS FROM `food` [ RunTime:0.0327s ]
SQL: SELECT * FROM `food` WHERE `type` = '甜品饮品' LIMIT 0,4   [ RunTime:0.0008s ]
INFO: [ view_parse ] --START--
INFO: [ template_filter ] --START--
INFO: Run Behavior\ContentReplaceBehavior [ RunTime:0.000258s ]
INFO: [ template_filter ] --END-- [ RunTime:0.000424s ]
INFO: Run Behavior\ParseTemplateBehavior [ RunTime:0.033020s ]
INFO: [ view_parse ] --END-- [ RunTime:0.033188s ]
INFO: [ view_filter ] --START--
INFO: Run Behavior\WriteHtmlCacheBehavior [ RunTime:0.001232s ]
INFO: [ view_filter ] --END-- [ RunTime:0.001360s ]
INFO: [ app_end ] --START--
INFO: Run Behavior\ShowPageTraceBehavior [ RunTime:0.002228s ]
INFO: [ app_end ] --END-- [ RunTime:0.002408s ]

[ 2018-04-22T00:12:35+08:00 ] 127.0.0.1 /restaurant1/restaurant/index.php/Home/Menu/content/id/6
INFO: [ app_init ] --START--
INFO: Run Behavior\BuildLiteBehavior [ RunTime:0.000054s ]
INFO: [ app_init ] --END-- [ RunTime:0.001990s ]
INFO: [ app_begin ] --START--
INFO: Run Behavior\ReadHtmlCacheBehavior [ RunTime:0.003333s ]
INFO: [ app_begin ] --END-- [ RunTime:0.003617s ]
SQL: SHOW COLUMNS FROM `todayfood` [ RunTime:0.0363s ]
SQL: SELECT * FROM `todayfood` WHERE `id` = 6 LIMIT 1   [ RunTime:0.0018s ]
SQL: SHOW COLUMNS FROM `news` [ RunTime:0.0329s ]
SQL: SELECT * FROM `news` WHERE `type` = '健康饮食'  [ RunTime:0.0014s ]
SQL: SELECT * FROM `news` WHERE `type` = '饮食咨询'  [ RunTime:0.0012s ]
SQL: SELECT * FROM `news` WHERE `type` = '为您推荐'  [ RunTime:0.0012s ]
SQL: SHOW COLUMNS FROM `food` [ RunTime:0.0328s ]
SQL: SELECT * FROM `food` WHERE `type` = '甜品饮品' LIMIT 0,4   [ RunTime:0.0008s ]
INFO: [ view_parse ] --START--
INFO: [ template_filter ] --START--
INFO: Run Behavior\ContentReplaceBehavior [ RunTime:0.000259s ]
INFO: [ template_filter ] --END-- [ RunTime:0.000421s ]
INFO: Run Behavior\ParseTemplateBehavior [ RunTime:0.032902s ]
INFO: [ view_parse ] --END-- [ RunTime:0.033111s ]
INFO: [ view_filter ] --START--
INFO: Run Behavior\WriteHtmlCacheBehavior [ RunTime:0.001683s ]
INFO: [ view_filter ] --END-- [ RunTime:0.001958s ]
INFO: [ app_end ] --START--
INFO: Run Behavior\ShowPageTraceBehavior [ RunTime:0.002307s ]
INFO: [ app_end ] --END-- [ RunTime:0.002553s ]

[ 2018-04-22T00:12:39+08:00 ] 127.0.0.1 /restaurant1/restaurant/index.php/Home/Menu/add?id=62
INFO: [ app_init ] --START--
INFO: Run Behavior\BuildLiteBehavior [ RunTime:0.000026s ]
INFO: [ app_init ] --END-- [ RunTime:0.000794s ]
INFO: [ app_begin ] --START--
INFO: Run Behavior\ReadHtmlCacheBehavior [ RunTime:0.001305s ]
INFO: [ app_begin ] --END-- [ RunTime:0.001422s ]
SQL: SHOW COLUMNS FROM `order` [ RunTime:0.0317s ]
ERR: 1062:Duplicate entry '62' for key 'PRIMARY'
 [ SQL语句 ] : INSERT INTO `order` (`id`) VALUES ('62')
ERR: 1062:Duplicate entry '62' for key 'PRIMARY'
 [ SQL语句 ] : INSERT INTO `order` (`id`) VALUES ('62')

[ 2018-04-22T00:12:40+08:00 ] 127.0.0.1 /restaurant1/restaurant/index.php/Home/Menu/add?id=62
INFO: [ app_init ] --START--
INFO: Run Behavior\BuildLiteBehavior [ RunTime:0.000058s ]
INFO: [ app_init ] --END-- [ RunTime:0.002077s ]
INFO: [ app_begin ] --START--
INFO: Run Behavior\ReadHtmlCacheBehavior [ RunTime:0.002799s ]
INFO: [ app_begin ] --END-- [ RunTime:0.003053s ]
SQL: SHOW COLUMNS FROM `order` [ RunTime:0.0306s ]
ERR: 1062:Duplicate entry '62' for key 'PRIMARY'
 [ SQL语句 ] : INSERT INTO `order` (`id`) VALUES ('62')
ERR: 1062:Duplicate entry '62' for key 'PRIMARY'
 [ SQL语句 ] : INSERT INTO `order` (`id`) VALUES ('62')

[ 2018-04-22T00:12:41+08:00 ] 127.0.0.1 /restaurant1/restaurant/index.php/Home/Menu/add?id=62
INFO: [ app_init ] --START--
INFO: Run Behavior\BuildLiteBehavior [ RunTime:0.000036s ]
INFO: [ app_init ] --END-- [ RunTime:0.001079s ]
INFO: [ app_begin ] --START--
INFO: Run Behavior\ReadHtmlCacheBehavior [ RunTime:0.001647s ]
INFO: [ app_begin ] --END-- [ RunTime:0.001791s ]
SQL: SHOW COLUMNS FROM `order` [ RunTime:0.0309s ]
ERR: 1062:Duplicate entry '62' for key 'PRIMARY'
 [ SQL语句 ] : INSERT INTO `order` (`id`) VALUES ('62')
ERR: 1062:Duplicate entry '62' for key 'PRIMARY'
 [ SQL语句 ] : INSERT INTO `order` (`id`) VALUES ('62')

[ 2018-04-22T00:13:47+08:00 ] 127.0.0.1 /restaurant1/restaurant/index.php/Home/Menu/content/id/6
INFO: [ app_init ] --START--
INFO: Run Behavior\BuildLiteBehavior [ RunTime:0.000035s ]
INFO: [ app_init ] --END-- [ RunTime:0.001154s ]
INFO: [ app_begin ] --START--
INFO: Run Behavior\ReadHtmlCacheBehavior [ RunTime:0.001766s ]
INFO: [ app_begin ] --END-- [ RunTime:0.001986s ]

[ 2018-04-22T00:13:56+08:00 ] 127.0.0.1 /restaurant1/restaurant/index.php/Home/Menu/content/id/6
INFO: [ app_init ] --START--
INFO: Run Behavior\BuildLiteBehavior [ RunTime:0.000034s ]
INFO: [ app_init ] --END-- [ RunTime:0.001314s ]
INFO: [ app_begin ] --START--
INFO: Run Behavior\ReadHtmlCacheBehavior [ RunTime:0.001624s ]
INFO: [ app_begin ] --END-- [ RunTime:0.001794s ]
SQL: SHOW COLUMNS FROM `todayfood` [ RunTime:0.0324s ]
SQL: SELECT * FROM `todayfood` WHERE `id` = 6 LIMIT 1   [ RunTime:0.0013s ]
SQL: SHOW COLUMNS FROM `news` [ RunTime:0.0210s ]
SQL: SELECT * FROM `news` WHERE `type` = '健康饮食'  [ RunTime:0.0010s ]
SQL: SELECT * FROM `news` WHERE `type` = '饮食咨询'  [ RunTime:0.0009s ]
SQL: SELECT * FROM `news` WHERE `type` = '为您推荐'  [ RunTime:0.0008s ]
SQL: SHOW COLUMNS FROM `food` [ RunTime:0.0207s ]
SQL: SELECT * FROM `food` WHERE `type` = '甜品饮品' LIMIT 0,4   [ RunTime:0.0011s ]
INFO: [ view_parse ] --START--
INFO: [ template_filter ] --START--
INFO: Run Behavior\ContentReplaceBehavior [ RunTime:0.000324s ]
INFO: [ template_filter ] --END-- [ RunTime:0.000549s ]
INFO: Run Behavior\ParseTemplateBehavior [ RunTime:0.035289s ]
INFO: [ view_parse ] --END-- [ RunTime:0.035477s ]
INFO: [ view_filter ] --START--
INFO: Run Behavior\WriteHtmlCacheBehavior [ RunTime:0.001123s ]
INFO: [ view_filter ] --END-- [ RunTime:0.001266s ]
INFO: [ app_end ] --START--
INFO: Run Behavior\ShowPageTraceBehavior [ RunTime:0.002187s ]
INFO: [ app_end ] --END-- [ RunTime:0.002389s ]

[ 2018-04-22T00:13:58+08:00 ] 127.0.0.1 /restaurant1/restaurant/index.php/Home/Menu/add
INFO: [ app_init ] --START--
INFO: Run Behavior\BuildLiteBehavior [ RunTime:0.000033s ]
INFO: [ app_init ] --END-- [ RunTime:0.001156s ]
INFO: [ app_begin ] --START--
INFO: Run Behavior\ReadHtmlCacheBehavior [ RunTime:0.001672s ]
INFO: [ app_begin ] --END-- [ RunTime:0.001831s ]
INFO: [ app_end ] --START--
INFO: Run Behavior\ShowPageTraceBehavior [ RunTime:0.001576s ]
INFO: [ app_end ] --END-- [ RunTime:0.001728s ]

[ 2018-04-22T00:14:03+08:00 ] 127.0.0.1 /restaurant1/restaurant/index.php/Home/Menu/add
INFO: [ app_init ] --START--
INFO: Run Behavior\BuildLiteBehavior [ RunTime:0.000054s ]
INFO: [ app_init ] --END-- [ RunTime:0.001804s ]
INFO: [ app_begin ] --START--
INFO: Run Behavior\ReadHtmlCacheBehavior [ RunTime:0.002822s ]
INFO: [ app_begin ] --END-- [ RunTime:0.003067s ]
INFO: [ app_end ] --START--
INFO: Run Behavior\ShowPageTraceBehavior [ RunTime:0.001616s ]
INFO: [ app_end ] --END-- [ RunTime:0.001762s ]

[ 2018-04-22T00:14:05+08:00 ] 127.0.0.1 /restaurant1/restaurant/index.php/Home/Menu/add
INFO: [ app_init ] --START--
INFO: Run Behavior\BuildLiteBehavior [ RunTime:0.000028s ]
INFO: [ app_init ] --END-- [ RunTime:0.000838s ]
INFO: [ app_begin ] --START--
INFO: Run Behavior\ReadHtmlCacheBehavior [ RunTime:0.001302s ]
INFO: [ app_begin ] --END-- [ RunTime:0.001411s ]
INFO: [ app_end ] --START--
INFO: Run Behavior\ShowPageTraceBehavior [ RunTime:0.001375s ]
INFO: [ app_end ] --END-- [ RunTime:0.001507s ]

[ 2018-04-22T00:14:06+08:00 ] 127.0.0.1 /restaurant1/restaurant/index.php/Home/Menu/add
INFO: [ app_init ] --START--
INFO: Run Behavior\BuildLiteBehavior [ RunTime:0.000029s ]
INFO: [ app_init ] --END-- [ RunTime:0.000967s ]
INFO: [ app_begin ] --START--
INFO: Run Behavior\ReadHtmlCacheBehavior [ RunTime:0.001923s ]
INFO: [ app_begin ] --END-- [ RunTime:0.002067s ]
INFO: [ app_end ] --START--
INFO: Run Behavior\ShowPageTraceBehavior [ RunTime:0.001348s ]
INFO: [ app_end ] --END-- [ RunTime:0.001467s ]

[ 2018-04-22T00:14:27+08:00 ] 127.0.0.1 /restaurant1/restaurant/index.php/Home/Menu/content/id/6
INFO: [ app_init ] --START--
INFO: Run Behavior\BuildLiteBehavior [ RunTime:0.000028s ]
INFO: [ app_init ] --END-- [ RunTime:0.000883s ]
INFO: [ app_begin ] --START--
INFO: Run Behavior\ReadHtmlCacheBehavior [ RunTime:0.001306s ]
INFO: [ app_begin ] --END-- [ RunTime:0.001440s ]
SQL: SHOW COLUMNS FROM `todayfood` [ RunTime:0.0329s ]
SQL: SELECT * FROM `todayfood` WHERE `id` = 6 LIMIT 1   [ RunTime:0.0010s ]
SQL: SHOW COLUMNS FROM `news` [ RunTime:0.0193s ]
SQL: SELECT * FROM `news` WHERE `type` = '健康饮食'  [ RunTime:0.0009s ]
SQL: SELECT * FROM `news` WHERE `type` = '饮食咨询'  [ RunTime:0.0008s ]
SQL: SELECT * FROM `news` WHERE `type` = '为您推荐'  [ RunTime:0.0007s ]
SQL: SHOW COLUMNS FROM `food` [ RunTime:0.0200s ]
SQL: SELECT * FROM `food` WHERE `type` = '甜品饮品' LIMIT 0,4   [ RunTime:0.0008s ]
INFO: [ view_parse ] --START--
INFO: [ template_filter ] --START--
INFO: Run Behavior\ContentReplaceBehavior [ RunTime:0.000258s ]
INFO: [ template_filter ] --END-- [ RunTime:0.000424s ]
INFO: Run Behavior\ParseTemplateBehavior [ RunTime:0.032120s ]
INFO: [ view_parse ] --END-- [ RunTime:0.032324s ]
INFO: [ view_filter ] --START--
INFO: Run Behavior\WriteHtmlCacheBehavior [ RunTime:0.001460s ]
INFO: [ view_filter ] --END-- [ RunTime:0.001590s ]
INFO: [ app_end ] --START--
INFO: Run Behavior\ShowPageTraceBehavior [ RunTime:0.002196s ]
INFO: [ app_end ] --END-- [ RunTime:0.002375s ]

[ 2018-04-22T00:14:28+08:00 ] 127.0.0.1 /restaurant1/restaurant/index.php/Home/Menu/add
INFO: [ app_init ] --START--
INFO: Run Behavior\BuildLiteBehavior [ RunTime:0.000037s ]
INFO: [ app_init ] --END-- [ RunTime:0.001255s ]
INFO: [ app_begin ] --START--
INFO: Run Behavior\ReadHtmlCacheBehavior [ RunTime:0.001835s ]
INFO: [ app_begin ] --END-- [ RunTime:0.002009s ]
INFO: [ app_end ] --START--
INFO: Run Behavior\ShowPageTraceBehavior [ RunTime:0.002046s ]
INFO: [ app_end ] --END-- [ RunTime:0.002234s ]

[ 2018-04-22T00:14:35+08:00 ] 127.0.0.1 /restaurant1/restaurant/index.php/Home/Menu/add
INFO: [ app_init ] --START--
INFO: Run Behavior\BuildLiteBehavior [ RunTime:0.000043s ]
INFO: [ app_init ] --END-- [ RunTime:0.001073s ]
INFO: [ app_begin ] --START--
INFO: Run Behavior\ReadHtmlCacheBehavior [ RunTime:0.001338s ]
INFO: [ app_begin ] --END-- [ RunTime:0.001457s ]
INFO: [ app_end ] --START--
INFO: Run Behavior\ShowPageTraceBehavior [ RunTime:0.001587s ]
INFO: [ app_end ] --END-- [ RunTime:0.001715s ]

[ 2018-04-22T00:14:36+08:00 ] 127.0.0.1 /restaurant1/restaurant/index.php/Home/Menu/add
INFO: [ app_init ] --START--
INFO: Run Behavior\BuildLiteBehavior [ RunTime:0.000029s ]
INFO: [ app_init ] --END-- [ RunTime:0.000937s ]
INFO: [ app_begin ] --START--
INFO: Run Behavior\ReadHtmlCacheBehavior [ RunTime:0.001351s ]
INFO: [ app_begin ] --END-- [ RunTime:0.001478s ]
INFO: [ app_end ] --START--
INFO: Run Behavior\ShowPageTraceBehavior [ RunTime:0.001277s ]
INFO: [ app_end ] --END-- [ RunTime:0.001393s ]

[ 2018-04-22T00:14:38+08:00 ] 127.0.0.1 /restaurant1/restaurant/index.php/Home/Menu/add
INFO: [ app_init ] --START--
INFO: Run Behavior\BuildLiteBehavior [ RunTime:0.000027s ]
INFO: [ app_init ] --END-- [ RunTime:0.000852s ]
INFO: [ app_begin ] --START--
INFO: Run Behavior\ReadHtmlCacheBehavior [ RunTime:0.001340s ]
INFO: [ app_begin ] --END-- [ RunTime:0.001458s ]
INFO: [ app_end ] --START--
INFO: Run Behavior\ShowPageTraceBehavior [ RunTime:0.001340s ]
INFO: [ app_end ] --END-- [ RunTime:0.001457s ]

[ 2018-04-22T00:15:13+08:00 ] 127.0.0.1 /restaurant1/restaurant/index.php/Home/Menu/content/id/6
INFO: [ app_init ] --START--
INFO: Run Behavior\BuildLiteBehavior [ RunTime:0.000055s ]
INFO: [ app_init ] --END-- [ RunTime:0.001844s ]
INFO: [ app_begin ] --START--
INFO: Run Behavior\ReadHtmlCacheBehavior [ RunTime:0.003073s ]
INFO: [ app_begin ] --END-- [ RunTime:0.003398s ]
SQL: SHOW COLUMNS FROM `todayfood` [ RunTime:0.0361s ]
SQL: SELECT * FROM `todayfood` WHERE `id` = 6 LIMIT 1   [ RunTime:0.0012s ]
SQL: SHOW COLUMNS FROM `news` [ RunTime:0.0226s ]
SQL: SELECT * FROM `news` WHERE `type` = '健康饮食'  [ RunTime:0.0008s ]
SQL: SELECT * FROM `news` WHERE `type` = '饮食咨询'  [ RunTime:0.0005s ]
SQL: SELECT * FROM `news` WHERE `type` = '为您推荐'  [ RunTime:0.0006s ]
SQL: SHOW COLUMNS FROM `food` [ RunTime:0.0156s ]
SQL: SELECT * FROM `food` WHERE `type` = '甜品饮品' LIMIT 0,4   [ RunTime:0.0006s ]
INFO: [ view_parse ] --START--
INFO: [ template_filter ] --START--
INFO: Run Behavior\ContentReplaceBehavior [ RunTime:0.000206s ]
INFO: [ template_filter ] --END-- [ RunTime:0.000336s ]
INFO: Run Behavior\ParseTemplateBehavior [ RunTime:0.026922s ]
INFO: [ view_parse ] --END-- [ RunTime:0.027067s ]
INFO: [ view_filter ] --START--
INFO: Run Behavior\WriteHtmlCacheBehavior [ RunTime:0.001311s ]
INFO: [ view_filter ] --END-- [ RunTime:0.001411s ]
INFO: [ app_end ] --START--
INFO: Run Behavior\ShowPageTraceBehavior [ RunTime:0.001580s ]
INFO: [ app_end ] --END-- [ RunTime:0.001726s ]

[ 2018-04-22T00:15:20+08:00 ] 127.0.0.1 /restaurant1/restaurant/index.php/Home/Menu/add
INFO: [ app_init ] --START--
INFO: Run Behavior\BuildLiteBehavior [ RunTime:0.000028s ]
INFO: [ app_init ] --END-- [ RunTime:0.000995s ]
INFO: [ app_begin ] --START--
INFO: Run Behavior\ReadHtmlCacheBehavior [ RunTime:0.001400s ]
INFO: [ app_begin ] --END-- [ RunTime:0.001506s ]
INFO: [ app_end ] --START--
INFO: Run Behavior\ShowPageTraceBehavior [ RunTime:0.001349s ]
INFO: [ app_end ] --END-- [ RunTime:0.001463s ]

[ 2018-04-22T00:20:49+08:00 ] 127.0.0.1 /restaurant1/restaurant/index.php/Home/Menu/content/id/6
INFO: [ app_init ] --START--
INFO: Run Behavior\BuildLiteBehavior [ RunTime:0.000029s ]
INFO: [ app_init ] --END-- [ RunTime:0.001064s ]
INFO: [ app_begin ] --START--
INFO: Run Behavior\ReadHtmlCacheBehavior [ RunTime:0.001791s ]
INFO: [ app_begin ] --END-- [ RunTime:0.001960s ]
SQL: SHOW COLUMNS FROM `todayfood` [ RunTime:0.0324s ]
SQL: SELECT * FROM `todayfood` WHERE `id` = 6 LIMIT 1   [ RunTime:0.0016s ]
SQL: SHOW COLUMNS FROM `news` [ RunTime:0.0318s ]
SQL: SELECT * FROM `news` WHERE `type` = '健康饮食'  [ RunTime:0.0015s ]
SQL: SELECT * FROM `news` WHERE `type` = '饮食咨询'  [ RunTime:0.0014s ]
SQL: SELECT * FROM `news` WHERE `type` = '为您推荐'  [ RunTime:0.0013s ]
SQL: SHOW COLUMNS FROM `food` [ RunTime:0.0330s ]
SQL: SELECT * FROM `food` WHERE `type` = '甜品饮品' LIMIT 0,4   [ RunTime:0.0013s ]
INFO: [ view_parse ] --START--
INFO: [ template_filter ] --START--
INFO: Run Behavior\ContentReplaceBehavior [ RunTime:0.000282s ]
INFO: [ template_filter ] --END-- [ RunTime:0.000481s ]
INFO: Run Behavior\ParseTemplateBehavior [ RunTime:0.050169s ]
INFO: [ view_parse ] --END-- [ RunTime:0.050417s ]
INFO: [ view_filter ] --START--
INFO: Run Behavior\WriteHtmlCacheBehavior [ RunTime:0.001917s ]
INFO: [ view_filter ] --END-- [ RunTime:0.002095s ]
INFO: [ app_end ] --START--
INFO: Run Behavior\ShowPageTraceBehavior [ RunTime:0.003379s ]
INFO: [ app_end ] --END-- [ RunTime:0.003778s ]

[ 2018-04-22T00:20:51+08:00 ] 127.0.0.1 /restaurant1/restaurant/index.php/Home/Menu/add
INFO: [ app_init ] --START--
INFO: Run Behavior\BuildLiteBehavior [ RunTime:0.000033s ]
INFO: [ app_init ] --END-- [ RunTime:0.001018s ]
INFO: [ app_begin ] --START--
INFO: Run Behavior\ReadHtmlCacheBehavior [ RunTime:0.001551s ]
INFO: [ app_begin ] --END-- [ RunTime:0.001707s ]
NOTIC: [8] Undefined variable: id D:\soft\PHP1\restaurant1\restaurant\Application\Home\Controller\MenuController.class.php 第 44 行.
INFO: [ app_end ] --START--
INFO: Run Behavior\ShowPageTraceBehavior [ RunTime:0.001554s ]
INFO: [ app_end ] --END-- [ RunTime:0.001683s ]

[ 2018-04-22T00:20:56+08:00 ] 127.0.0.1 /restaurant1/restaurant/index.php/Home/Menu/add
INFO: [ app_init ] --START--
INFO: Run Behavior\BuildLiteBehavior [ RunTime:0.000029s ]
INFO: [ app_init ] --END-- [ RunTime:0.000969s ]
INFO: [ app_begin ] --START--
INFO: Run Behavior\ReadHtmlCacheBehavior [ RunTime:0.001547s ]
INFO: [ app_begin ] --END-- [ RunTime:0.001677s ]
NOTIC: [8] Undefined variable: id D:\soft\PHP1\restaurant1\restaurant\Application\Home\Controller\MenuController.class.php 第 44 行.
INFO: [ app_end ] --START--
INFO: Run Behavior\ShowPageTraceBehavior [ RunTime:0.001472s ]
INFO: [ app_end ] --END-- [ RunTime:0.001581s ]

[ 2018-04-22T00:20:57+08:00 ] 127.0.0.1 /restaurant1/restaurant/index.php/Home/Menu/add
INFO: [ app_init ] --START--
INFO: Run Behavior\BuildLiteBehavior [ RunTime:0.000027s ]
INFO: [ app_init ] --END-- [ RunTime:0.000869s ]
INFO: [ app_begin ] --START--
INFO: Run Behavior\ReadHtmlCacheBehavior [ RunTime:0.002436s ]
INFO: [ app_begin ] --END-- [ RunTime:0.002765s ]
NOTIC: [8] Undefined variable: id D:\soft\PHP1\restaurant1\restaurant\Application\Home\Controller\MenuController.class.php 第 44 行.
INFO: [ app_end ] --START--
INFO: Run Behavior\ShowPageTraceBehavior [ RunTime:0.001454s ]
INFO: [ app_end ] --END-- [ RunTime:0.001589s ]

[ 2018-04-22T00:20:58+08:00 ] 127.0.0.1 /restaurant1/restaurant/index.php/Home/Menu/add
INFO: [ app_init ] --START--
INFO: Run Behavior\BuildLiteBehavior [ RunTime:0.000057s ]
INFO: [ app_init ] --END-- [ RunTime:0.001332s ]
INFO: [ app_begin ] --START--
INFO: Run Behavior\ReadHtmlCacheBehavior [ RunTime:0.002648s ]
INFO: [ app_begin ] --END-- [ RunTime:0.003358s ]
NOTIC: [8] Undefined variable: id D:\soft\PHP1\restaurant1\restaurant\Application\Home\Controller\MenuController.class.php 第 44 行.
INFO: [ app_end ] --START--
INFO: Run Behavior\ShowPageTraceBehavior [ RunTime:0.001385s ]
INFO: [ app_end ] --END-- [ RunTime:0.001498s ]

[ 2018-04-22T00:27:06+08:00 ] 127.0.0.1 /restaurant1/restaurant/index.php/Home/Menu/content/id/6
INFO: [ app_init ] --START--
INFO: Run Behavior\BuildLiteBehavior [ RunTime:0.000035s ]
INFO: [ app_init ] --END-- [ RunTime:0.001265s ]
INFO: [ app_begin ] --START--
INFO: Run Behavior\ReadHtmlCacheBehavior [ RunTime:0.002493s ]
INFO: [ app_begin ] --END-- [ RunTime:0.002737s ]
SQL: SHOW COLUMNS FROM `todayfood` [ RunTime:0.0328s ]
SQL: SELECT * FROM `todayfood` WHERE `id` = 6 LIMIT 1   [ RunTime:0.0017s ]
SQL: SHOW COLUMNS FROM `news` [ RunTime:0.0325s ]
SQL: SELECT * FROM `news` WHERE `type` = '健康饮食'  [ RunTime:0.0018s ]
SQL: SELECT * FROM `news` WHERE `type` = '饮食咨询'  [ RunTime:0.0015s ]
SQL: SELECT * FROM `news` WHERE `type` = '为您推荐'  [ RunTime:0.0014s ]
SQL: SHOW COLUMNS FROM `food` [ RunTime:0.0313s ]
SQL: SELECT * FROM `food` WHERE `type` = '甜品饮品' LIMIT 0,4   [ RunTime:0.0008s ]
INFO: [ view_parse ] --START--
INFO: [ template_filter ] --START--
INFO: Run Behavior\ContentReplaceBehavior [ RunTime:0.000252s ]
INFO: [ template_filter ] --END-- [ RunTime:0.000416s ]
INFO: Run Behavior\ParseTemplateBehavior [ RunTime:0.033220s ]
INFO: [ view_parse ] --END-- [ RunTime:0.033393s ]
INFO: [ view_filter ] --START--
INFO: Run Behavior\WriteHtmlCacheBehavior [ RunTime:0.001282s ]
INFO: [ view_filter ] --END-- [ RunTime:0.001413s ]
INFO: [ app_end ] --START--
INFO: Run Behavior\ShowPageTraceBehavior [ RunTime:0.002214s ]
INFO: [ app_end ] --END-- [ RunTime:0.002393s ]

[ 2018-04-22T00:27:09+08:00 ] 127.0.0.1 /restaurant1/restaurant/index.php/Home/Menu/add
INFO: [ app_init ] --START--
INFO: Run Behavior\BuildLiteBehavior [ RunTime:0.000035s ]
INFO: [ app_init ] --END-- [ RunTime:0.001337s ]
INFO: [ app_begin ] --START--
INFO: Run Behavior\ReadHtmlCacheBehavior [ RunTime:0.001503s ]
INFO: [ app_begin ] --END-- [ RunTime:0.001644s ]
SQL: SHOW COLUMNS FROM `food` [ RunTime:0.0318s ]
NOTIC: [8] Undefined variable: id D:\soft\PHP1\restaurant1\restaurant\Application\Home\Controller\MenuController.class.php 第 45 行.
SQL: SELECT * FROM `food` LIMIT 1   [ RunTime:0.0016s ]

[ 2018-04-22T00:27:25+08:00 ] 127.0.0.1 /restaurant1/restaurant/index.php/Home/Menu/add
INFO: [ app_init ] --START--
INFO: Run Behavior\BuildLiteBehavior [ RunTime:0.000037s ]
INFO: [ app_init ] --END-- [ RunTime:0.001152s ]
INFO: [ app_begin ] --START--
INFO: Run Behavior\ReadHtmlCacheBehavior [ RunTime:0.001841s ]
INFO: [ app_begin ] --END-- [ RunTime:0.001984s ]
SQL: SHOW COLUMNS FROM `food` [ RunTime:0.0322s ]
NOTIC: [8] Undefined variable: id D:\soft\PHP1\restaurant1\restaurant\Application\Home\Controller\MenuController.class.php 第 45 行.
SQL: SELECT * FROM `food` LIMIT 1   [ RunTime:0.0017s ]

[ 2018-04-22T00:27:35+08:00 ] 127.0.0.1 /restaurant1/restaurant/index.php/Home/Menu/add
INFO: [ app_init ] --START--
INFO: Run Behavior\BuildLiteBehavior [ RunTime:0.000028s ]
INFO: [ app_init ] --END-- [ RunTime:0.000893s ]
INFO: [ app_begin ] --START--
INFO: Run Behavior\ReadHtmlCacheBehavior [ RunTime:0.001428s ]
INFO: [ app_begin ] --END-- [ RunTime:0.001601s ]
SQL: SHOW COLUMNS FROM `food` [ RunTime:0.0321s ]
NOTIC: [8] Undefined variable: id D:\soft\PHP1\restaurant1\restaurant\Application\Home\Controller\MenuController.class.php 第 45 行.
SQL: SELECT * FROM `food` LIMIT 1   [ RunTime:0.0021s ]

[ 2018-04-22T00:27:59+08:00 ] 127.0.0.1 /restaurant1/restaurant/index.php/Home/Menu/content/id/6
INFO: [ app_init ] --START--
INFO: Run Behavior\BuildLiteBehavior [ RunTime:0.000065s ]
INFO: [ app_init ] --END-- [ RunTime:0.002585s ]
INFO: [ app_begin ] --START--
INFO: Run Behavior\ReadHtmlCacheBehavior [ RunTime:0.002962s ]
INFO: [ app_begin ] --END-- [ RunTime:0.003255s ]
SQL: SHOW COLUMNS FROM `todayfood` [ RunTime:0.0298s ]
SQL: SELECT * FROM `todayfood` WHERE `id` = 6 LIMIT 1   [ RunTime:0.0011s ]
SQL: SHOW COLUMNS FROM `news` [ RunTime:0.0216s ]
SQL: SELECT * FROM `news` WHERE `type` = '健康饮食'  [ RunTime:0.0008s ]
SQL: SELECT * FROM `news` WHERE `type` = '饮食咨询'  [ RunTime:0.0006s ]
SQL: SELECT * FROM `news` WHERE `type` = '为您推荐'  [ RunTime:0.0006s ]
SQL: SHOW COLUMNS FROM `food` [ RunTime:0.0171s ]
SQL: SELECT * FROM `food` WHERE `type` = '甜品饮品' LIMIT 0,4   [ RunTime:0.0007s ]
INFO: [ view_parse ] --START--
INFO: [ template_filter ] --START--
INFO: Run Behavior\ContentReplaceBehavior [ RunTime:0.000189s ]
INFO: [ template_filter ] --END-- [ RunTime:0.000319s ]
INFO: Run Behavior\ParseTemplateBehavior [ RunTime:0.024183s ]
INFO: [ view_parse ] --END-- [ RunTime:0.024318s ]
INFO: [ view_filter ] --START--
INFO: Run Behavior\WriteHtmlCacheBehavior [ RunTime:0.000880s ]
INFO: [ view_filter ] --END-- [ RunTime:0.000977s ]
INFO: [ app_end ] --START--
INFO: Run Behavior\ShowPageTraceBehavior [ RunTime:0.001673s ]
INFO: [ app_end ] --END-- [ RunTime:0.001825s ]

[ 2018-04-22T00:28:03+08:00 ] 127.0.0.1 /restaurant1/restaurant/index.php/Home/Menu/add
INFO: [ app_init ] --START--
INFO: Run Behavior\BuildLiteBehavior [ RunTime:0.000046s ]
INFO: [ app_init ] --END-- [ RunTime:0.001139s ]
INFO: [ app_begin ] --START--
INFO: Run Behavior\ReadHtmlCacheBehavior [ RunTime:0.001733s ]
INFO: [ app_begin ] --END-- [ RunTime:0.001913s ]
SQL: SHOW COLUMNS FROM `food` [ RunTime:0.0341s ]
SQL: SELECT * FROM `food` WHERE `id` = 62 LIMIT 1   [ RunTime:0.0019s ]

[ 2018-04-22T00:41:30+08:00 ] 127.0.0.1 /restaurant1/restaurant/index.php/Home/Menu/menu
INFO: [ app_init ] --START--
INFO: Run Behavior\BuildLiteBehavior [ RunTime:0.000035s ]
INFO: [ app_init ] --END-- [ RunTime:0.001309s ]
INFO: [ app_begin ] --START--
INFO: Run Behavior\ReadHtmlCacheBehavior [ RunTime:0.002165s ]
INFO: [ app_begin ] --END-- [ RunTime:0.002343s ]
INFO: [ view_parse ] --START--
INFO: [ template_filter ] --START--
INFO: Run Behavior\ContentReplaceBehavior [ RunTime:0.000220s ]
INFO: [ template_filter ] --END-- [ RunTime:0.000422s ]
INFO: Run Behavior\ParseTemplateBehavior [ RunTime:0.032172s ]
INFO: [ view_parse ] --END-- [ RunTime:0.032394s ]
INFO: [ view_filter ] --START--
INFO: Run Behavior\WriteHtmlCacheBehavior [ RunTime:0.001728s ]
INFO: [ view_filter ] --END-- [ RunTime:0.001892s ]
INFO: [ app_end ] --START--
INFO: Run Behavior\ShowPageTraceBehavior [ RunTime:0.002138s ]
INFO: [ app_end ] --END-- [ RunTime:0.002313s ]

[ 2018-04-22T00:41:53+08:00 ] 127.0.0.1 /restaurant1/restaurant/index.php/Home/Index/index
INFO: [ app_init ] --START--
INFO: Run Behavior\BuildLiteBehavior [ RunTime:0.000036s ]
INFO: [ app_init ] --END-- [ RunTime:0.001320s ]
INFO: [ app_begin ] --START--
INFO: Run Behavior\ReadHtmlCacheBehavior [ RunTime:0.002449s ]
INFO: [ app_begin ] --END-- [ RunTime:0.002724s ]
SQL: SHOW COLUMNS FROM `news` [ RunTime:0.0334s ]
NOTIC: [8] Undefined variable: condition D:\soft\PHP1\restaurant1\restaurant\Application\Home\Controller\IndexController.class.php 第 9 行.
SQL: SELECT * FROM `news`  [ RunTime:0.0018s ]
SQL: SELECT * FROM `news` WHERE `type` = '饮食咨询'  [ RunTime:0.0012s ]
SQL: SELECT * FROM `news` WHERE `type` = '为您推荐'  [ RunTime:0.0012s ]
SQL: SHOW COLUMNS FROM `todayfood` [ RunTime:0.0332s ]
SQL: SELECT * FROM `todayfood`  [ RunTime:0.0011s ]
SQL: SHOW COLUMNS FROM `food` [ RunTime:0.0200s ]
SQL: SELECT * FROM `food` ORDER BY num desc LIMIT 0,16   [ RunTime:0.0009s ]
INFO: [ view_parse ] --START--
INFO: [ template_filter ] --START--
INFO: Run Behavior\ContentReplaceBehavior [ RunTime:0.000312s ]
INFO: [ template_filter ] --END-- [ RunTime:0.000522s ]
INFO: Run Behavior\ParseTemplateBehavior [ RunTime:0.046931s ]
INFO: [ view_parse ] --END-- [ RunTime:0.047123s ]
INFO: [ view_filter ] --START--
INFO: Run Behavior\WriteHtmlCacheBehavior [ RunTime:0.001773s ]
INFO: [ view_filter ] --END-- [ RunTime:0.001957s ]
INFO: [ app_end ] --START--
INFO: Run Behavior\ShowPageTraceBehavior [ RunTime:0.002292s ]
INFO: [ app_end ] --END-- [ RunTime:0.002481s ]

[ 2018-04-22T00:42:07+08:00 ] 127.0.0.1 /restaurant1/restaurant/index.php/Home/Menu/content/id/6
INFO: [ app_init ] --START--
INFO: Run Behavior\BuildLiteBehavior [ RunTime:0.000056s ]
INFO: [ app_init ] --END-- [ RunTime:0.002207s ]
INFO: [ app_begin ] --START--
INFO: Run Behavior\ReadHtmlCacheBehavior [ RunTime:0.003846s ]
INFO: [ app_begin ] --END-- [ RunTime:0.004140s ]
SQL: SHOW COLUMNS FROM `todayfood` [ RunTime:0.0334s ]
SQL: SELECT * FROM `todayfood` WHERE `id` = 6 LIMIT 1   [ RunTime:0.0011s ]
SQL: SHOW COLUMNS FROM `news` [ RunTime:0.0181s ]
SQL: SELECT * FROM `news` WHERE `type` = '健康饮食'  [ RunTime:0.0009s ]
SQL: SELECT * FROM `news` WHERE `type` = '饮食咨询'  [ RunTime:0.0007s ]
SQL: SELECT * FROM `news` WHERE `type` = '为您推荐'  [ RunTime:0.0007s ]
SQL: SHOW COLUMNS FROM `food` [ RunTime:0.0205s ]
SQL: SELECT * FROM `food` WHERE `type` = '甜品饮品' LIMIT 0,4   [ RunTime:0.0008s ]
INFO: [ view_parse ] --START--
INFO: [ template_filter ] --START--
INFO: Run Behavior\ContentReplaceBehavior [ RunTime:0.000256s ]
INFO: [ template_filter ] --END-- [ RunTime:0.000417s ]
INFO: Run Behavior\ParseTemplateBehavior [ RunTime:0.032919s ]
INFO: [ view_parse ] --END-- [ RunTime:0.033085s ]
INFO: [ view_filter ] --START--
INFO: Run Behavior\WriteHtmlCacheBehavior [ RunTime:0.001210s ]
INFO: [ view_filter ] --END-- [ RunTime:0.001336s ]
INFO: [ app_end ] --START--
INFO: Run Behavior\ShowPageTraceBehavior [ RunTime:0.002649s ]
INFO: [ app_end ] --END-- [ RunTime:0.002910s ]

[ 2018-04-22T00:42:14+08:00 ] 127.0.0.1 /restaurant1/restaurant/index.php/Home/Menu/add
INFO: [ app_init ] --START--
INFO: Run Behavior\BuildLiteBehavior [ RunTime:0.000027s ]
INFO: [ app_init ] --END-- [ RunTime:0.000817s ]
INFO: [ app_begin ] --START--
INFO: Run Behavior\ReadHtmlCacheBehavior [ RunTime:0.001235s ]
INFO: [ app_begin ] --END-- [ RunTime:0.001341s ]
SQL: SHOW COLUMNS FROM `food` [ RunTime:0.0329s ]
SQL: SELECT * FROM `food` WHERE `id` = 62 LIMIT 1   [ RunTime:0.0016s ]

[ 2018-04-22T00:43:58+08:00 ] 127.0.0.1 /restaurant1/restaurant/index.php/Home/Menu/content/id/6
INFO: [ app_init ] --START--
INFO: Run Behavior\BuildLiteBehavior [ RunTime:0.000060s ]
INFO: [ app_init ] --END-- [ RunTime:0.002223s ]
INFO: [ app_begin ] --START--
INFO: Run Behavior\ReadHtmlCacheBehavior [ RunTime:0.005553s ]
INFO: [ app_begin ] --END-- [ RunTime:0.006278s ]

[ 2018-04-22T00:45:54+08:00 ] 127.0.0.1 /restaurant1/restaurant/index.php/Home/Menu/content/id/6
INFO: [ app_init ] --START--
INFO: Run Behavior\BuildLiteBehavior [ RunTime:0.000057s ]
INFO: [ app_init ] --END-- [ RunTime:0.002271s ]
INFO: [ app_begin ] --START--
INFO: Run Behavior\ReadHtmlCacheBehavior [ RunTime:0.003540s ]
INFO: [ app_begin ] --END-- [ RunTime:0.003854s ]
SQL: SHOW COLUMNS FROM `todayfood` [ RunTime:0.0294s ]
SQL: SELECT * FROM `todayfood` WHERE `id` = 6 LIMIT 1   [ RunTime:0.0015s ]
SQL: SHOW COLUMNS FROM `news` [ RunTime:0.0202s ]
SQL: SELECT * FROM `news` WHERE `type` = '健康饮食'  [ RunTime:0.0007s ]
SQL: SELECT * FROM `news` WHERE `type` = '饮食咨询'  [ RunTime:0.0005s ]
SQL: SELECT * FROM `news` WHERE `type` = '为您推荐'  [ RunTime:0.0006s ]
SQL: SHOW COLUMNS FROM `food` [ RunTime:0.0151s ]
SQL: SELECT * FROM `food` WHERE `type` = '甜品饮品' LIMIT 0,4   [ RunTime:0.0006s ]
INFO: [ view_parse ] --START--
INFO: [ template_filter ] --START--
INFO: Run Behavior\ContentReplaceBehavior [ RunTime:0.000235s ]
INFO: [ template_filter ] --END-- [ RunTime:0.000400s ]
INFO: Run Behavior\ParseTemplateBehavior [ RunTime:0.026160s ]
INFO: [ view_parse ] --END-- [ RunTime:0.026301s ]
INFO: [ view_filter ] --START--
INFO: Run Behavior\WriteHtmlCacheBehavior [ RunTime:0.001273s ]
INFO: [ view_filter ] --END-- [ RunTime:0.001393s ]
INFO: [ app_end ] --START--
INFO: Run Behavior\ShowPageTraceBehavior [ RunTime:0.001867s ]
INFO: [ app_end ] --END-- [ RunTime:0.002025s ]

[ 2018-04-22T00:45:57+08:00 ] 127.0.0.1 /restaurant1/restaurant/index.php/Home/Menu/add
INFO: [ app_init ] --START--
INFO: Run Behavior\BuildLiteBehavior [ RunTime:0.000036s ]
INFO: [ app_init ] --END-- [ RunTime:0.001383s ]
INFO: [ app_begin ] --START--
INFO: Run Behavior\ReadHtmlCacheBehavior [ RunTime:0.001742s ]
INFO: [ app_begin ] --END-- [ RunTime:0.001939s ]
SQL: SHOW COLUMNS FROM `food` [ RunTime:0.0327s ]
SQL: SELECT * FROM `food` WHERE `id` = 62 LIMIT 1   [ RunTime:0.0019s ]

[ 2018-04-22T00:46:26+08:00 ] 127.0.0.1 /restaurant1/restaurant/index.php/Home/Menu/content/id/6
INFO: [ app_init ] --START--
INFO: Run Behavior\BuildLiteBehavior [ RunTime:0.000055s ]
INFO: [ app_init ] --END-- [ RunTime:0.002042s ]
INFO: [ app_begin ] --START--
INFO: Run Behavior\ReadHtmlCacheBehavior [ RunTime:0.003356s ]
INFO: [ app_begin ] --END-- [ RunTime:0.003639s ]
SQL: SHOW COLUMNS FROM `todayfood` [ RunTime:0.0330s ]
SQL: SELECT * FROM `todayfood` WHERE `id` = 6 LIMIT 1   [ RunTime:0.0018s ]
SQL: SHOW COLUMNS FROM `news` [ RunTime:0.0228s ]
SQL: SELECT * FROM `news` WHERE `type` = '健康饮食'  [ RunTime:0.0009s ]
SQL: SELECT * FROM `news` WHERE `type` = '饮食咨询'  [ RunTime:0.0007s ]
SQL: SELECT * FROM `news` WHERE `type` = '为您推荐'  [ RunTime:0.0008s ]
SQL: SHOW COLUMNS FROM `food` [ RunTime:0.0209s ]
SQL: SELECT * FROM `food` WHERE `type` = '甜品饮品' LIMIT 0,4   [ RunTime:0.0009s ]
INFO: [ view_parse ] --START--
INFO: [ template_filter ] --START--
INFO: Run Behavior\ContentReplaceBehavior [ RunTime:0.000321s ]
INFO: [ template_filter ] --END-- [ RunTime:0.000528s ]
INFO: Run Behavior\ParseTemplateBehavior [ RunTime:0.037173s ]
INFO: [ view_parse ] --END-- [ RunTime:0.037396s ]
INFO: [ view_filter ] --START--
INFO: Run Behavior\WriteHtmlCacheBehavior [ RunTime:0.001351s ]
INFO: [ view_filter ] --END-- [ RunTime:0.001494s ]
INFO: [ app_end ] --START--
INFO: Run Behavior\ShowPageTraceBehavior [ RunTime:0.002387s ]
INFO: [ app_end ] --END-- [ RunTime:0.002579s ]

[ 2018-04-22T00:46:29+08:00 ] 127.0.0.1 /restaurant1/restaurant/index.php/Home/Menu/add
INFO: [ app_init ] --START--
INFO: Run Behavior\BuildLiteBehavior [ RunTime:0.000031s ]
INFO: [ app_init ] --END-- [ RunTime:0.000992s ]
INFO: [ app_begin ] --START--
INFO: Run Behavior\ReadHtmlCacheBehavior [ RunTime:0.001623s ]
INFO: [ app_begin ] --END-- [ RunTime:0.001778s ]
SQL: SHOW COLUMNS FROM `food` [ RunTime:0.0314s ]
SQL: SELECT * FROM `food` WHERE `id` = 62 LIMIT 1   [ RunTime:0.0013s ]

[ 2018-04-22T00:46:47+08:00 ] 127.0.0.1 /restaurant1/restaurant/index.php/Home/Menu/content/id/6
INFO: [ app_init ] --START--
INFO: Run Behavior\BuildLiteBehavior [ RunTime:0.000032s ]
INFO: [ app_init ] --END-- [ RunTime:0.001070s ]
INFO: [ app_begin ] --START--
INFO: Run Behavior\ReadHtmlCacheBehavior [ RunTime:0.001493s ]
INFO: [ app_begin ] --END-- [ RunTime:0.001653s ]
SQL: SHOW COLUMNS FROM `todayfood` [ RunTime:0.0159s ]
SQL: SELECT * FROM `todayfood` WHERE `id` = 6 LIMIT 1   [ RunTime:0.0008s ]
SQL: SHOW COLUMNS FROM `news` [ RunTime:0.0166s ]
SQL: SELECT * FROM `news` WHERE `type` = '健康饮食'  [ RunTime:0.0008s ]
SQL: SELECT * FROM `news` WHERE `type` = '饮食咨询'  [ RunTime:0.0006s ]
SQL: SELECT * FROM `news` WHERE `type` = '为您推荐'  [ RunTime:0.0006s ]
SQL: SHOW COLUMNS FROM `food` [ RunTime:0.0162s ]
SQL: SELECT * FROM `food` WHERE `type` = '甜品饮品' LIMIT 0,4   [ RunTime:0.0009s ]
INFO: [ view_parse ] --START--
INFO: [ template_filter ] --START--
INFO: Run Behavior\ContentReplaceBehavior [ RunTime:0.000231s ]
INFO: [ template_filter ] --END-- [ RunTime:0.000379s ]
INFO: Run Behavior\ParseTemplateBehavior [ RunTime:0.027836s ]
INFO: [ view_parse ] --END-- [ RunTime:0.027996s ]
INFO: [ view_filter ] --START--
INFO: Run Behavior\WriteHtmlCacheBehavior [ RunTime:0.000920s ]
INFO: [ view_filter ] --END-- [ RunTime:0.001028s ]
INFO: [ app_end ] --START--
INFO: Run Behavior\ShowPageTraceBehavior [ RunTime:0.001675s ]
INFO: [ app_end ] --END-- [ RunTime:0.001828s ]

[ 2018-04-22T00:46:49+08:00 ] 127.0.0.1 /restaurant1/restaurant/index.php/Home/Menu/add
INFO: [ app_init ] --START--
INFO: Run Behavior\BuildLiteBehavior [ RunTime:0.000037s ]
INFO: [ app_init ] --END-- [ RunTime:0.001235s ]
INFO: [ app_begin ] --START--
INFO: Run Behavior\ReadHtmlCacheBehavior [ RunTime:0.001554s ]
INFO: [ app_begin ] --END-- [ RunTime:0.001714s ]
SQL: SHOW COLUMNS FROM `food` [ RunTime:0.0325s ]
SQL: SELECT * FROM `food` WHERE `id` = 62 LIMIT 1   [ RunTime:0.0016s ]

[ 2018-04-22T00:58:05+08:00 ] 127.0.0.1 /restaurant1/restaurant/index.php/Home/Menu/content/id/6
INFO: [ app_init ] --START--
INFO: Run Behavior\BuildLiteBehavior [ RunTime:0.000043s ]
INFO: [ app_init ] --END-- [ RunTime:0.001696s ]
INFO: [ app_begin ] --START--
INFO: Run Behavior\ReadHtmlCacheBehavior [ RunTime:0.002056s ]
INFO: [ app_begin ] --END-- [ RunTime:0.002239s ]
SQL: SHOW COLUMNS FROM `todayfood` [ RunTime:0.0318s ]
SQL: SELECT * FROM `todayfood` WHERE `id` = 6 LIMIT 1   [ RunTime:0.0018s ]
SQL: SHOW COLUMNS FROM `news` [ RunTime:0.0297s ]
SQL: SELECT * FROM `news` WHERE `type` = '健康饮食'  [ RunTime:0.0012s ]
SQL: SELECT * FROM `news` WHERE `type` = '饮食咨询'  [ RunTime:0.0011s ]
SQL: SELECT * FROM `news` WHERE `type` = '为您推荐'  [ RunTime:0.0008s ]
SQL: SHOW COLUMNS FROM `food` [ RunTime:0.0213s ]
SQL: SELECT * FROM `food` WHERE `type` = '甜品饮品' LIMIT 0,4   [ RunTime:0.0006s ]
INFO: [ view_parse ] --START--
INFO: [ template_filter ] --START--
INFO: Run Behavior\ContentReplaceBehavior [ RunTime:0.000193s ]
INFO: [ template_filter ] --END-- [ RunTime:0.000326s ]
INFO: Run Behavior\ParseTemplateBehavior [ RunTime:0.026213s ]
INFO: [ view_parse ] --END-- [ RunTime:0.026352s ]
INFO: [ view_filter ] --START--
INFO: Run Behavior\WriteHtmlCacheBehavior [ RunTime:0.001308s ]
INFO: [ view_filter ] --END-- [ RunTime:0.001448s ]
INFO: [ app_end ] --START--
INFO: Run Behavior\ShowPageTraceBehavior [ RunTime:0.001880s ]
INFO: [ app_end ] --END-- [ RunTime:0.002068s ]

[ 2018-04-22T00:58:09+08:00 ] 127.0.0.1 /restaurant1/restaurant/index.php/Home/Menu/add
INFO: [ app_init ] --START--
INFO: Run Behavior\BuildLiteBehavior [ RunTime:0.000035s ]
INFO: [ app_init ] --END-- [ RunTime:0.001183s ]
INFO: [ app_begin ] --START--
INFO: Run Behavior\ReadHtmlCacheBehavior [ RunTime:0.001965s ]
INFO: [ app_begin ] --END-- [ RunTime:0.002129s ]
SQL: SHOW COLUMNS FROM `food` [ RunTime:0.0320s ]
SQL: SELECT * FROM `food` WHERE `id` = 62 LIMIT 1   [ RunTime:0.0010s ]
SQL: SHOW COLUMNS FROM `order` [ RunTime:0.0179s ]
NOTIC: [8] Undefined index: validate D:\soft\PHP1\restaurant1\restaurant\ThinkPHP\Library\Think\Model.class.php 第 1185 行.
NOTIC: [8] Undefined index: auto D:\soft\PHP1\restaurant1\restaurant\ThinkPHP\Library\Think\Model.class.php 第 1128 行.
SQL: INSERT INTO `order` (`number`,`thumb`,`price`,`sum`,`name`) VALUES ('2014011721','../Public/uploads/2018-04-16/5ad450934b4ff.jpg','3','1','冰红茶') [ RunTime:0.0621s ]

[ 2018-04-22T01:03:21+08:00 ] 127.0.0.1 /restaurant1/restaurant/index.php/Home/News/news
INFO: [ app_init ] --START--
INFO: Run Behavior\BuildLiteBehavior [ RunTime:0.000055s ]
INFO: [ app_init ] --END-- [ RunTime:0.002039s ]
INFO: [ app_begin ] --START--
INFO: Run Behavior\ReadHtmlCacheBehavior [ RunTime:0.003354s ]
INFO: [ app_begin ] --END-- [ RunTime:0.003649s ]
SQL: SHOW COLUMNS FROM `news` [ RunTime:0.0330s ]
SQL: SELECT * FROM `news` WHERE `type` = '健康饮食'  [ RunTime:0.0021s ]
SQL: SELECT * FROM `news` WHERE `type` = '饮食咨询'  [ RunTime:0.0008s ]
SQL: SELECT * FROM `news` WHERE `type` = '为您推荐'  [ RunTime:0.0007s ]
SQL: SELECT * FROM `news` ORDER BY click desc LIMIT 0,5   [ RunTime:0.0007s ]
SQL: SHOW COLUMNS FROM `newstype` [ RunTime:0.0191s ]
NOTIC: [8] Undefined variable: id D:\soft\PHP1\restaurant1\restaurant\Application\Home\Controller\NewsController.class.php 第 27 行.
SQL: SELECT * FROM `newstype`  [ RunTime:0.0008s ]
INFO: [ view_parse ] --START--
INFO: [ template_filter ] --START--
INFO: Run Behavior\ContentReplaceBehavior [ RunTime:0.000246s ]
INFO: [ template_filter ] --END-- [ RunTime:0.000381s ]
NOTIC: [8] Use of undefined constant ture - assumed 'ture' D:\soft\PHP1\restaurant1\restaurant\Application\Runtime\Cache\Home\6be51b3900cccae2c73119baf20891ff.php 第 109 行.
NOTIC: [8] Use of undefined constant ture - assumed 'ture' D:\soft\PHP1\restaurant1\restaurant\Application\Runtime\Cache\Home\6be51b3900cccae2c73119baf20891ff.php 第 109 行.
NOTIC: [8] Use of undefined constant ture - assumed 'ture' D:\soft\PHP1\restaurant1\restaurant\Application\Runtime\Cache\Home\6be51b3900cccae2c73119baf20891ff.php 第 109 行.
NOTIC: [8] Use of undefined constant ture - assumed 'ture' D:\soft\PHP1\restaurant1\restaurant\Application\Runtime\Cache\Home\6be51b3900cccae2c73119baf20891ff.php 第 109 行.
NOTIC: [8] Use of undefined constant ture - assumed 'ture' D:\soft\PHP1\restaurant1\restaurant\Application\Runtime\Cache\Home\6be51b3900cccae2c73119baf20891ff.php 第 109 行.
NOTIC: [8] Use of undefined constant ture - assumed 'ture' D:\soft\PHP1\restaurant1\restaurant\Application\Runtime\Cache\Home\6be51b3900cccae2c73119baf20891ff.php 第 109 行.
NOTIC: [8] Use of undefined constant ture - assumed 'ture' D:\soft\PHP1\restaurant1\restaurant\Application\Runtime\Cache\Home\6be51b3900cccae2c73119baf20891ff.php 第 126 行.
NOTIC: [8] Use of undefined constant ture - assumed 'ture' D:\soft\PHP1\restaurant1\restaurant\Application\Runtime\Cache\Home\6be51b3900cccae2c73119baf20891ff.php 第 126 行.
NOTIC: [8] Use of undefined constant ture - assumed 'ture' D:\soft\PHP1\restaurant1\restaurant\Application\Runtime\Cache\Home\6be51b3900cccae2c73119baf20891ff.php 第 126 行.
NOTIC: [8] Use of undefined constant ture - assumed 'ture' D:\soft\PHP1\restaurant1\restaurant\Application\Runtime\Cache\Home\6be51b3900cccae2c73119baf20891ff.php 第 126 行.
NOTIC: [8] Use of undefined constant ture - assumed 'ture' D:\soft\PHP1\restaurant1\restaurant\Application\Runtime\Cache\Home\6be51b3900cccae2c73119baf20891ff.php 第 126 行.
NOTIC: [8] Use of undefined constant ture - assumed 'ture' D:\soft\PHP1\restaurant1\restaurant\Application\Runtime\Cache\Home\6be51b3900cccae2c73119baf20891ff.php 第 126 行.
NOTIC: [8] Use of undefined constant ture - assumed 'ture' D:\soft\PHP1\restaurant1\restaurant\Application\Runtime\Cache\Home\6be51b3900cccae2c73119baf20891ff.php 第 143 行.
NOTIC: [8] Use of undefined constant ture - assumed 'ture' D:\soft\PHP1\restaurant1\restaurant\Application\Runtime\Cache\Home\6be51b3900cccae2c73119baf20891ff.php 第 143 行.
NOTIC: [8] Use of undefined constant ture - assumed 'ture' D:\soft\PHP1\restaurant1\restaurant\Application\Runtime\Cache\Home\6be51b3900cccae2c73119baf20891ff.php 第 143 行.
NOTIC: [8] Use of undefined constant ture - assumed 'ture' D:\soft\PHP1\restaurant1\restaurant\Application\Runtime\Cache\Home\6be51b3900cccae2c73119baf20891ff.php 第 143 行.
NOTIC: [8] Use of undefined constant ture - assumed 'ture' D:\soft\PHP1\restaurant1\restaurant\Application\Runtime\Cache\Home\6be51b3900cccae2c73119baf20891ff.php 第 143 行.
NOTIC: [8] Use of undefined constant ture - assumed 'ture' D:\soft\PHP1\restaurant1\restaurant\Application\Runtime\Cache\Home\6be51b3900cccae2c73119baf20891ff.php 第 143 行.
INFO: Run Behavior\ParseTemplateBehavior [ RunTime:0.045384s ]
INFO: [ view_parse ] --END-- [ RunTime:0.045536s ]
INFO: [ view_filter ] --START--
INFO: Run Behavior\WriteHtmlCacheBehavior [ RunTime:0.001103s ]
INFO: [ view_filter ] --END-- [ RunTime:0.001206s ]
INFO: [ app_end ] --START--
INFO: Run Behavior\ShowPageTraceBehavior [ RunTime:0.001760s ]
INFO: [ app_end ] --END-- [ RunTime:0.001925s ]

[ 2018-04-22T01:17:33+08:00 ] 127.0.0.1 /restaurant1/restaurant/index.php/Home/Index/index
INFO: [ app_init ] --START--
INFO: Run Behavior\BuildLiteBehavior [ RunTime:0.000057s ]
INFO: [ app_init ] --END-- [ RunTime:0.002127s ]
INFO: [ app_begin ] --START--
INFO: Run Behavior\ReadHtmlCacheBehavior [ RunTime:0.003623s ]
INFO: [ app_begin ] --END-- [ RunTime:0.003956s ]
SQL: SHOW COLUMNS FROM `news` [ RunTime:0.0332s ]
NOTIC: [8] Undefined variable: condition D:\soft\PHP1\restaurant1\restaurant\Application\Home\Controller\IndexController.class.php 第 9 行.
SQL: SELECT * FROM `news`  [ RunTime:0.0022s ]
SQL: SELECT * FROM `news` WHERE `type` = '饮食咨询'  [ RunTime:0.0013s ]
SQL: SELECT * FROM `news` WHERE `type` = '为您推荐'  [ RunTime:0.0012s ]
SQL: SHOW COLUMNS FROM `todayfood` [ RunTime:0.0334s ]
SQL: SELECT * FROM `todayfood`  [ RunTime:0.0016s ]
SQL: SHOW COLUMNS FROM `food` [ RunTime:0.0209s ]
SQL: SELECT * FROM `food` ORDER BY num desc LIMIT 0,16   [ RunTime:0.0009s ]
INFO: [ view_parse ] --START--
INFO: [ template_filter ] --START--
INFO: Run Behavior\ContentReplaceBehavior [ RunTime:0.000269s ]
INFO: [ template_filter ] --END-- [ RunTime:0.000470s ]
INFO: Run Behavior\ParseTemplateBehavior [ RunTime:0.037153s ]
INFO: [ view_parse ] --END-- [ RunTime:0.037314s ]
INFO: [ view_filter ] --START--
INFO: Run Behavior\WriteHtmlCacheBehavior [ RunTime:0.001151s ]
INFO: [ view_filter ] --END-- [ RunTime:0.001263s ]
INFO: [ app_end ] --START--
INFO: Run Behavior\ShowPageTraceBehavior [ RunTime:0.001734s ]
INFO: [ app_end ] --END-- [ RunTime:0.001885s ]

[ 2018-04-22T01:17:39+08:00 ] 127.0.0.1 /restaurant1/restaurant/index.php/Home/Menu/content/id/6
INFO: [ app_init ] --START--
INFO: Run Behavior\BuildLiteBehavior [ RunTime:0.000028s ]
INFO: [ app_init ] --END-- [ RunTime:0.000866s ]
INFO: [ app_begin ] --START--
INFO: Run Behavior\ReadHtmlCacheBehavior [ RunTime:0.001293s ]
INFO: [ app_begin ] --END-- [ RunTime:0.001415s ]
SQL: SHOW COLUMNS FROM `todayfood` [ RunTime:0.0326s ]
SQL: SELECT * FROM `todayfood` WHERE `id` = 6 LIMIT 1   [ RunTime:0.0017s ]
SQL: SHOW COLUMNS FROM `news` [ RunTime:0.0336s ]
SQL: SELECT * FROM `news` WHERE `type` = '健康饮食'  [ RunTime:0.0016s ]
SQL: SELECT * FROM `news` WHERE `type` = '饮食咨询'  [ RunTime:0.0012s ]
SQL: SELECT * FROM `news` WHERE `type` = '为您推荐'  [ RunTime:0.0012s ]
SQL: SHOW COLUMNS FROM `food` [ RunTime:0.0335s ]
SQL: SELECT * FROM `food` WHERE `type` = '甜品饮品' LIMIT 0,4   [ RunTime:0.0011s ]
INFO: [ view_parse ] --START--
INFO: [ template_filter ] --START--
INFO: Run Behavior\ContentReplaceBehavior [ RunTime:0.000278s ]
INFO: [ template_filter ] --END-- [ RunTime:0.000460s ]
INFO: Run Behavior\ParseTemplateBehavior [ RunTime:0.035924s ]
INFO: [ view_parse ] --END-- [ RunTime:0.036133s ]
INFO: [ view_filter ] --START--
INFO: Run Behavior\WriteHtmlCacheBehavior [ RunTime:0.001425s ]
INFO: [ view_filter ] --END-- [ RunTime:0.001632s ]
INFO: [ app_end ] --START--
INFO: Run Behavior\ShowPageTraceBehavior [ RunTime:0.002321s ]
INFO: [ app_end ] --END-- [ RunTime:0.002556s ]

[ 2018-04-22T01:17:50+08:00 ] 127.0.0.1 /restaurant1/restaurant/index.php/Home/Menu/add
INFO: [ app_init ] --START--
INFO: Run Behavior\BuildLiteBehavior [ RunTime:0.000029s ]
INFO: [ app_init ] --END-- [ RunTime:0.000918s ]
INFO: [ app_begin ] --START--
INFO: Run Behavior\ReadHtmlCacheBehavior [ RunTime:0.001428s ]
INFO: [ app_begin ] --END-- [ RunTime:0.001576s ]
SQL: SHOW COLUMNS FROM `food` [ RunTime:0.0308s ]
SQL: SELECT * FROM `food` WHERE `id` = 62 LIMIT 1   [ RunTime:0.0017s ]
SQL: SHOW COLUMNS FROM `order` [ RunTime:0.0311s ]
NOTIC: [8] Undefined index: validate D:\soft\PHP1\restaurant1\restaurant\ThinkPHP\Library\Think\Model.class.php 第 1185 行.
NOTIC: [8] Undefined index: auto D:\soft\PHP1\restaurant1\restaurant\ThinkPHP\Library\Think\Model.class.php 第 1128 行.
SQL: INSERT INTO `order` (`number`,`thumb`,`price`,`sum`,`name`) VALUES ('2014011721','../Public/uploads/2018-04-16/5ad450934b4ff.jpg','3','1','冰红茶') [ RunTime:0.0652s ]

[ 2018-04-22T01:19:16+08:00 ] 127.0.0.1 /restaurant1/restaurant/index.php/Home/Menu/add
INFO: [ app_init ] --START--
INFO: Run Behavior\BuildLiteBehavior [ RunTime:0.000057s ]
INFO: [ app_init ] --END-- [ RunTime:0.002303s ]
INFO: [ app_begin ] --START--
INFO: Run Behavior\ReadHtmlCacheBehavior [ RunTime:0.001864s ]
INFO: [ app_begin ] --END-- [ RunTime:0.002003s ]
SQL: SHOW COLUMNS FROM `food` [ RunTime:0.0308s ]
SQL: SELECT * FROM `food` WHERE `id` = 63 LIMIT 1   [ RunTime:0.0016s ]
SQL: SHOW COLUMNS FROM `order` [ RunTime:0.0304s ]
NOTIC: [8] Undefined index: validate D:\soft\PHP1\restaurant1\restaurant\ThinkPHP\Library\Think\Model.class.php 第 1185 行.
NOTIC: [8] Undefined index: auto D:\soft\PHP1\restaurant1\restaurant\ThinkPHP\Library\Think\Model.class.php 第 1128 行.
SQL: INSERT INTO `order` (`number`,`thumb`,`price`,`sum`,`name`) VALUES ('2014011721','../Public/uploads/2018-04-16/5ad450c038dd1.jpg','2','1','冰淇淋') [ RunTime:0.0682s ]

[ 2018-04-22T01:19:19+08:00 ] 127.0.0.1 /restaurant1/restaurant/index.php/Home/Menu/add
INFO: [ app_init ] --START--
INFO: Run Behavior\BuildLiteBehavior [ RunTime:0.000028s ]
INFO: [ app_init ] --END-- [ RunTime:0.000919s ]
INFO: [ app_begin ] --START--
INFO: Run Behavior\ReadHtmlCacheBehavior [ RunTime:0.001589s ]
INFO: [ app_begin ] --END-- [ RunTime:0.001734s ]
SQL: SHOW COLUMNS FROM `food` [ RunTime:0.0312s ]
SQL: SELECT * FROM `food` WHERE `id` = 64 LIMIT 1   [ RunTime:0.0017s ]
SQL: SHOW COLUMNS FROM `order` [ RunTime:0.0310s ]
NOTIC: [8] Undefined index: validate D:\soft\PHP1\restaurant1\restaurant\ThinkPHP\Library\Think\Model.class.php 第 1185 行.
NOTIC: [8] Undefined index: auto D:\soft\PHP1\restaurant1\restaurant\ThinkPHP\Library\Think\Model.class.php 第 1128 行.
SQL: INSERT INTO `order` (`number`,`thumb`,`price`,`sum`,`name`) VALUES ('2014011721','../Public/uploads/2018-04-16/5ad450edc4b63.jpg','2','1','草莓奶茶') [ RunTime:0.0662s ]

[ 2018-04-22T01:20:42+08:00 ] 127.0.0.1 /restaurant1/restaurant/index.php/Home/Menu/content/id/6
INFO: [ app_init ] --START--
INFO: Run Behavior\BuildLiteBehavior [ RunTime:0.000031s ]
INFO: [ app_init ] --END-- [ RunTime:0.001071s ]
INFO: [ app_begin ] --START--
INFO: Run Behavior\ReadHtmlCacheBehavior [ RunTime:0.001914s ]
INFO: [ app_begin ] --END-- [ RunTime:0.002084s ]
SQL: SHOW COLUMNS FROM `todayfood` [ RunTime:0.0330s ]
SQL: SELECT * FROM `todayfood` WHERE `id` = 6 LIMIT 1   [ RunTime:0.0017s ]
SQL: SHOW COLUMNS FROM `news` [ RunTime:0.0318s ]
SQL: SELECT * FROM `news` WHERE `type` = '健康饮食'  [ RunTime:0.0009s ]
SQL: SELECT * FROM `news` WHERE `type` = '饮食咨询'  [ RunTime:0.0010s ]
SQL: SELECT * FROM `news` WHERE `type` = '为您推荐'  [ RunTime:0.0010s ]
SQL: SHOW COLUMNS FROM `food` [ RunTime:0.0190s ]
SQL: SELECT * FROM `food` WHERE `type` = '甜品饮品' LIMIT 0,4   [ RunTime:0.0008s ]
INFO: [ view_parse ] --START--
INFO: [ template_filter ] --START--
INFO: Run Behavior\ContentReplaceBehavior [ RunTime:0.000712s ]
INFO: [ template_filter ] --END-- [ RunTime:0.002400s ]
INFO: Run Behavior\ParseTemplateBehavior [ RunTime:0.036579s ]
INFO: [ view_parse ] --END-- [ RunTime:0.036751s ]
INFO: [ view_filter ] --START--
INFO: Run Behavior\WriteHtmlCacheBehavior [ RunTime:0.001440s ]
INFO: [ view_filter ] --END-- [ RunTime:0.001571s ]
INFO: [ app_end ] --START--
INFO: Run Behavior\ShowPageTraceBehavior [ RunTime:0.002158s ]
INFO: [ app_end ] --END-- [ RunTime:0.002400s ]

[ 2018-04-22T01:20:45+08:00 ] 127.0.0.1 /restaurant1/restaurant/index.php/Home/Menu/add
INFO: [ app_init ] --START--
INFO: Run Behavior\BuildLiteBehavior [ RunTime:0.000029s ]
INFO: [ app_init ] --END-- [ RunTime:0.000888s ]
INFO: [ app_begin ] --START--
INFO: Run Behavior\ReadHtmlCacheBehavior [ RunTime:0.001279s ]
INFO: [ app_begin ] --END-- [ RunTime:0.001404s ]
SQL: SHOW COLUMNS FROM `food` [ RunTime:0.0185s ]
SQL: SELECT * FROM `food` WHERE `id` = 62 LIMIT 1   [ RunTime:0.0014s ]
SQL: SHOW COLUMNS FROM `order` [ RunTime:0.0191s ]
NOTIC: [8] Undefined index: validate D:\soft\PHP1\restaurant1\restaurant\ThinkPHP\Library\Think\Model.class.php 第 1185 行.
NOTIC: [8] Undefined index: auto D:\soft\PHP1\restaurant1\restaurant\ThinkPHP\Library\Think\Model.class.php 第 1128 行.
SQL: INSERT INTO `order` (`number`,`thumb`,`price`,`sum`,`name`) VALUES ('2014011721','../Public/uploads/2018-04-16/5ad450934b4ff.jpg','3','1','冰红茶') [ RunTime:0.0638s ]

[ 2018-04-22T01:24:46+08:00 ] 127.0.0.1 /restaurant1/restaurant/index.php/Home/Menu/content/id/6
INFO: [ app_init ] --START--
INFO: Run Behavior\BuildLiteBehavior [ RunTime:0.000105s ]
INFO: [ app_init ] --END-- [ RunTime:0.003609s ]
INFO: [ app_begin ] --START--
INFO: Run Behavior\ReadHtmlCacheBehavior [ RunTime:0.002226s ]
INFO: [ app_begin ] --END-- [ RunTime:0.002430s ]
SQL: SHOW COLUMNS FROM `todayfood` [ RunTime:0.0330s ]
SQL: SELECT * FROM `todayfood` WHERE `id` = 6 LIMIT 1   [ RunTime:0.0010s ]
SQL: SHOW COLUMNS FROM `news` [ RunTime:0.0199s ]
SQL: SELECT * FROM `news` WHERE `type` = '健康饮食'  [ RunTime:0.0009s ]
SQL: SELECT * FROM `news` WHERE `type` = '饮食咨询'  [ RunTime:0.0007s ]
SQL: SELECT * FROM `news` WHERE `type` = '为您推荐'  [ RunTime:0.0007s ]
SQL: SHOW COLUMNS FROM `food` [ RunTime:0.0187s ]
SQL: SELECT * FROM `food` WHERE `type` = '甜品饮品' LIMIT 0,4   [ RunTime:0.0008s ]
INFO: [ view_parse ] --START--
INFO: [ template_filter ] --START--
INFO: Run Behavior\ContentReplaceBehavior [ RunTime:0.000253s ]
INFO: [ template_filter ] --END-- [ RunTime:0.000416s ]
INFO: Run Behavior\ParseTemplateBehavior [ RunTime:0.033985s ]
INFO: [ view_parse ] --END-- [ RunTime:0.034181s ]
INFO: [ view_filter ] --START--
INFO: Run Behavior\WriteHtmlCacheBehavior [ RunTime:0.001562s ]
INFO: [ view_filter ] --END-- [ RunTime:0.001741s ]
INFO: [ app_end ] --START--
INFO: Run Behavior\ShowPageTraceBehavior [ RunTime:0.002337s ]
INFO: [ app_end ] --END-- [ RunTime:0.002568s ]

[ 2018-04-22T01:24:49+08:00 ] 127.0.0.1 /restaurant1/restaurant/index.php/Home/Menu/add
INFO: [ app_init ] --START--
INFO: Run Behavior\BuildLiteBehavior [ RunTime:0.000033s ]
INFO: [ app_init ] --END-- [ RunTime:0.001040s ]
INFO: [ app_begin ] --START--
INFO: Run Behavior\ReadHtmlCacheBehavior [ RunTime:0.001620s ]
INFO: [ app_begin ] --END-- [ RunTime:0.001772s ]
SQL: SHOW COLUMNS FROM `food` [ RunTime:0.0337s ]
SQL: SELECT * FROM `food` WHERE `id` = 62 LIMIT 1   [ RunTime:0.0017s ]
SQL: SHOW COLUMNS FROM `order` [ RunTime:0.0314s ]
NOTIC: [8] Undefined index: validate D:\soft\PHP1\restaurant1\restaurant\ThinkPHP\Library\Think\Model.class.php 第 1185 行.
NOTIC: [8] Undefined index: auto D:\soft\PHP1\restaurant1\restaurant\ThinkPHP\Library\Think\Model.class.php 第 1128 行.
SQL: INSERT INTO `order` (`number`,`thumb`,`price`,`sum`,`name`) VALUES ('2014011721','../Public/uploads/2018-04-16/5ad450934b4ff.jpg','3','1','冰红茶') [ RunTime:0.0392s ]

[ 2018-04-22T01:24:50+08:00 ] 127.0.0.1 /restaurant1/restaurant/index.php/Home/Order/order
INFO: [ app_init ] --START--
INFO: Run Behavior\BuildLiteBehavior [ RunTime:0.000027s ]
INFO: [ app_init ] --END-- [ RunTime:0.000926s ]
INFO: [ app_begin ] --START--
INFO: Run Behavior\ReadHtmlCacheBehavior [ RunTime:0.001307s ]
INFO: [ app_begin ] --END-- [ RunTime:0.001430s ]
SQL: SHOW COLUMNS FROM `order` [ RunTime:0.0340s ]
SQL: SELECT * FROM `order`  [ RunTime:0.0020s ]
INFO: [ view_parse ] --START--
INFO: [ template_filter ] --START--
INFO: Run Behavior\ContentReplaceBehavior [ RunTime:0.000540s ]
INFO: [ template_filter ] --END-- [ RunTime:0.001139s ]
INFO: Run Behavior\ParseTemplateBehavior [ RunTime:0.050974s ]
INFO: [ view_parse ] --END-- [ RunTime:0.051261s ]
INFO: [ view_filter ] --START--
INFO: Run Behavior\WriteHtmlCacheBehavior [ RunTime:0.001952s ]
INFO: [ view_filter ] --END-- [ RunTime:0.002199s ]
INFO: [ app_end ] --START--
INFO: Run Behavior\ShowPageTraceBehavior [ RunTime:0.003623s ]
INFO: [ app_end ] --END-- [ RunTime:0.003949s ]

[ 2018-04-22T01:25:51+08:00 ] 127.0.0.1 /restaurant1/restaurant/index.php/Home/Order/order
INFO: [ app_init ] --START--
INFO: Run Behavior\BuildLiteBehavior [ RunTime:0.000053s ]
INFO: [ app_init ] --END-- [ RunTime:0.001816s ]
INFO: [ app_begin ] --START--
INFO: Run Behavior\ReadHtmlCacheBehavior [ RunTime:0.002525s ]
INFO: [ app_begin ] --END-- [ RunTime:0.002749s ]
SQL: SHOW COLUMNS FROM `order` [ RunTime:0.0284s ]
SQL: SELECT * FROM `order`  [ RunTime:0.0013s ]
INFO: [ view_parse ] --START--
INFO: [ template_filter ] --START--
INFO: Run Behavior\ContentReplaceBehavior [ RunTime:0.000226s ]
INFO: [ template_filter ] --END-- [ RunTime:0.000408s ]
INFO: Run Behavior\ParseTemplateBehavior [ RunTime:0.034882s ]
INFO: [ view_parse ] --END-- [ RunTime:0.035077s ]
INFO: [ view_filter ] --START--
INFO: Run Behavior\WriteHtmlCacheBehavior [ RunTime:0.001648s ]
INFO: [ view_filter ] --END-- [ RunTime:0.001793s ]
INFO: [ app_end ] --START--
INFO: Run Behavior\ShowPageTraceBehavior [ RunTime:0.002653s ]
INFO: [ app_end ] --END-- [ RunTime:0.002848s ]

[ 2018-04-22T01:27:10+08:00 ] 127.0.0.1 /restaurant1/restaurant/index.php/Home/Order/order
INFO: [ app_init ] --START--
INFO: Run Behavior\BuildLiteBehavior [ RunTime:0.000063s ]
INFO: [ app_init ] --END-- [ RunTime:0.002596s ]
INFO: [ app_begin ] --START--
INFO: Run Behavior\ReadHtmlCacheBehavior [ RunTime:0.003459s ]
INFO: [ app_begin ] --END-- [ RunTime:0.003748s ]
SQL: SHOW COLUMNS FROM `order` [ RunTime:0.0326s ]
SQL: SELECT * FROM `order`  [ RunTime:0.0018s ]
INFO: [ view_parse ] --START--
INFO: [ template_filter ] --START--
INFO: Run Behavior\ContentReplaceBehavior [ RunTime:0.000359s ]
INFO: [ template_filter ] --END-- [ RunTime:0.000664s ]
INFO: Run Behavior\ParseTemplateBehavior [ RunTime:0.053452s ]
INFO: [ view_parse ] --END-- [ RunTime:0.053743s ]
INFO: [ view_filter ] --START--
INFO: Run Behavior\WriteHtmlCacheBehavior [ RunTime:0.002099s ]
INFO: [ view_filter ] --END-- [ RunTime:0.002327s ]
INFO: [ app_end ] --START--
INFO: Run Behavior\ShowPageTraceBehavior [ RunTime:0.003176s ]
INFO: [ app_end ] --END-- [ RunTime:0.003415s ]

[ 2018-04-22T01:27:14+08:00 ] 127.0.0.1 /restaurant1/restaurant/index.php/Home/Index/index
INFO: [ app_init ] --START--
INFO: Run Behavior\BuildLiteBehavior [ RunTime:0.000028s ]
INFO: [ app_init ] --END-- [ RunTime:0.000853s ]
INFO: [ app_begin ] --START--
INFO: Run Behavior\ReadHtmlCacheBehavior [ RunTime:0.001223s ]
INFO: [ app_begin ] --END-- [ RunTime:0.001350s ]
SQL: SHOW COLUMNS FROM `news` [ RunTime:0.0323s ]
NOTIC: [8] Undefined variable: condition D:\soft\PHP1\restaurant1\restaurant\Application\Home\Controller\IndexController.class.php 第 9 行.
SQL: SELECT * FROM `news`  [ RunTime:0.0018s ]
SQL: SELECT * FROM `news` WHERE `type` = '饮食咨询'  [ RunTime:0.0012s ]
SQL: SELECT * FROM `news` WHERE `type` = '为您推荐'  [ RunTime:0.0014s ]
SQL: SHOW COLUMNS FROM `todayfood` [ RunTime:0.0323s ]
SQL: SELECT * FROM `todayfood`  [ RunTime:0.0018s ]
SQL: SHOW COLUMNS FROM `food` [ RunTime:0.0251s ]
SQL: SELECT * FROM `food` ORDER BY num desc LIMIT 0,16   [ RunTime:0.0012s ]
INFO: [ view_parse ] --START--
INFO: [ template_filter ] --START--
INFO: Run Behavior\ContentReplaceBehavior [ RunTime:0.000341s ]
INFO: [ template_filter ] --END-- [ RunTime:0.000533s ]
INFO: Run Behavior\ParseTemplateBehavior [ RunTime:0.047816s ]
INFO: [ view_parse ] --END-- [ RunTime:0.048019s ]
INFO: [ view_filter ] --START--
INFO: Run Behavior\WriteHtmlCacheBehavior [ RunTime:0.001486s ]
INFO: [ view_filter ] --END-- [ RunTime:0.001683s ]
INFO: [ app_end ] --START--
INFO: Run Behavior\ShowPageTraceBehavior [ RunTime:0.002232s ]
INFO: [ app_end ] --END-- [ RunTime:0.002444s ]

[ 2018-04-22T01:27:18+08:00 ] 127.0.0.1 /restaurant1/restaurant/index.php/Home/Menu/content/id/6
INFO: [ app_init ] --START--
INFO: Run Behavior\BuildLiteBehavior [ RunTime:0.000026s ]
INFO: [ app_init ] --END-- [ RunTime:0.000856s ]
INFO: [ app_begin ] --START--
INFO: Run Behavior\ReadHtmlCacheBehavior [ RunTime:0.001301s ]
INFO: [ app_begin ] --END-- [ RunTime:0.001425s ]
SQL: SHOW COLUMNS FROM `todayfood` [ RunTime:0.0337s ]
SQL: SELECT * FROM `todayfood` WHERE `id` = 6 LIMIT 1   [ RunTime:0.0018s ]
SQL: SHOW COLUMNS FROM `news` [ RunTime:0.0325s ]
SQL: SELECT * FROM `news` WHERE `type` = '健康饮食'  [ RunTime:0.0009s ]
SQL: SELECT * FROM `news` WHERE `type` = '饮食咨询'  [ RunTime:0.0008s ]
SQL: SELECT * FROM `news` WHERE `type` = '为您推荐'  [ RunTime:0.0008s ]
SQL: SHOW COLUMNS FROM `food` [ RunTime:0.0223s ]
SQL: SELECT * FROM `food` WHERE `type` = '甜品饮品' LIMIT 0,4   [ RunTime:0.0009s ]
INFO: [ view_parse ] --START--
INFO: [ template_filter ] --START--
INFO: Run Behavior\ContentReplaceBehavior [ RunTime:0.000283s ]
INFO: [ template_filter ] --END-- [ RunTime:0.000465s ]
INFO: Run Behavior\ParseTemplateBehavior [ RunTime:0.035722s ]
INFO: [ view_parse ] --END-- [ RunTime:0.035906s ]
INFO: [ view_filter ] --START--
INFO: Run Behavior\WriteHtmlCacheBehavior [ RunTime:0.001144s ]
INFO: [ view_filter ] --END-- [ RunTime:0.001288s ]
INFO: [ app_end ] --START--
INFO: Run Behavior\ShowPageTraceBehavior [ RunTime:0.002164s ]
INFO: [ app_end ] --END-- [ RunTime:0.002355s ]

[ 2018-04-22T01:27:35+08:00 ] 127.0.0.1 /restaurant1/restaurant/index.php/Home/Menu/add
INFO: [ app_init ] --START--
INFO: Run Behavior\BuildLiteBehavior [ RunTime:0.000048s ]
INFO: [ app_init ] --END-- [ RunTime:0.001786s ]
INFO: [ app_begin ] --START--
INFO: Run Behavior\ReadHtmlCacheBehavior [ RunTime:0.002166s ]
INFO: [ app_begin ] --END-- [ RunTime:0.002347s ]
SQL: SHOW COLUMNS FROM `food` [ RunTime:0.0322s ]
SQL: SELECT * FROM `food` WHERE `id` = 63 LIMIT 1   [ RunTime:0.0021s ]
SQL: SHOW COLUMNS FROM `order` [ RunTime:0.0248s ]
NOTIC: [8] Undefined index: validate D:\soft\PHP1\restaurant1\restaurant\ThinkPHP\Library\Think\Model.class.php 第 1185 行.
NOTIC: [8] Undefined index: auto D:\soft\PHP1\restaurant1\restaurant\ThinkPHP\Library\Think\Model.class.php 第 1128 行.
SQL: INSERT INTO `order` (`number`,`thumb`,`price`,`sum`,`name`) VALUES ('2014011721','../Public/uploads/2018-04-16/5ad450c038dd1.jpg','2','1','冰淇淋') [ RunTime:0.0540s ]

[ 2018-04-22T01:27:37+08:00 ] 127.0.0.1 /restaurant1/restaurant/index.php/Home/Order/order
INFO: [ app_init ] --START--
INFO: Run Behavior\BuildLiteBehavior [ RunTime:0.000044s ]
INFO: [ app_init ] --END-- [ RunTime:0.001605s ]
INFO: [ app_begin ] --START--
INFO: Run Behavior\ReadHtmlCacheBehavior [ RunTime:0.002028s ]
INFO: [ app_begin ] --END-- [ RunTime:0.002209s ]
SQL: SHOW COLUMNS FROM `order` [ RunTime:0.0323s ]
SQL: SELECT * FROM `order`  [ RunTime:0.0016s ]
INFO: [ view_parse ] --START--
INFO: [ template_filter ] --START--
INFO: Run Behavior\ContentReplaceBehavior [ RunTime:0.000357s ]
INFO: [ template_filter ] --END-- [ RunTime:0.000658s ]
INFO: Run Behavior\ParseTemplateBehavior [ RunTime:0.050690s ]
INFO: [ view_parse ] --END-- [ RunTime:0.050975s ]
INFO: [ view_filter ] --START--
INFO: Run Behavior\WriteHtmlCacheBehavior [ RunTime:0.002202s ]
INFO: [ view_filter ] --END-- [ RunTime:0.002465s ]
INFO: [ app_end ] --START--
INFO: Run Behavior\ShowPageTraceBehavior [ RunTime:0.003519s ]
INFO: [ app_end ] --END-- [ RunTime:0.003785s ]

[ 2018-04-22T01:27:45+08:00 ] 127.0.0.1 /restaurant1/restaurant/index.php/Home/Menu/add
INFO: [ app_init ] --START--
INFO: Run Behavior\BuildLiteBehavior [ RunTime:0.000028s ]
INFO: [ app_init ] --END-- [ RunTime:0.000886s ]
INFO: [ app_begin ] --START--
INFO: Run Behavior\ReadHtmlCacheBehavior [ RunTime:0.001263s ]
INFO: [ app_begin ] --END-- [ RunTime:0.001380s ]
SQL: SHOW COLUMNS FROM `food` [ RunTime:0.0306s ]
SQL: SELECT * FROM `food` WHERE `id` = 62 LIMIT 1   [ RunTime:0.0011s ]
SQL: SHOW COLUMNS FROM `order` [ RunTime:0.0196s ]
NOTIC: [8] Undefined index: validate D:\soft\PHP1\restaurant1\restaurant\ThinkPHP\Library\Think\Model.class.php 第 1185 行.
NOTIC: [8] Undefined index: auto D:\soft\PHP1\restaurant1\restaurant\ThinkPHP\Library\Think\Model.class.php 第 1128 行.
SQL: INSERT INTO `order` (`number`,`thumb`,`price`,`sum`,`name`) VALUES ('2014011721','../Public/uploads/2018-04-16/5ad450934b4ff.jpg','3','1','冰红茶') [ RunTime:0.0529s ]

[ 2018-04-22T01:27:46+08:00 ] 127.0.0.1 /restaurant1/restaurant/index.php/Home/Order/order
INFO: [ app_init ] --START--
INFO: Run Behavior\BuildLiteBehavior [ RunTime:0.000035s ]
INFO: [ app_init ] --END-- [ RunTime:0.001167s ]
INFO: [ app_begin ] --START--
INFO: Run Behavior\ReadHtmlCacheBehavior [ RunTime:0.001876s ]
INFO: [ app_begin ] --END-- [ RunTime:0.002064s ]
SQL: SHOW COLUMNS FROM `order` [ RunTime:0.0310s ]
SQL: SELECT * FROM `order`  [ RunTime:0.0012s ]
INFO: [ view_parse ] --START--
INFO: [ template_filter ] --START--
INFO: Run Behavior\ContentReplaceBehavior [ RunTime:0.000227s ]
INFO: [ template_filter ] --END-- [ RunTime:0.000408s ]
INFO: Run Behavior\ParseTemplateBehavior [ RunTime:0.031512s ]
INFO: [ view_parse ] --END-- [ RunTime:0.031735s ]
INFO: [ view_filter ] --START--
INFO: Run Behavior\WriteHtmlCacheBehavior [ RunTime:0.001442s ]
INFO: [ view_filter ] --END-- [ RunTime:0.001643s ]
INFO: [ app_end ] --START--
INFO: Run Behavior\ShowPageTraceBehavior [ RunTime:0.001898s ]
INFO: [ app_end ] --END-- [ RunTime:0.002108s ]

[ 2018-04-22T01:30:32+08:00 ] 127.0.0.1 /restaurant1/restaurant/index.php/Home/Order/order
INFO: [ app_init ] --START--
INFO: Run Behavior\BuildLiteBehavior [ RunTime:0.000058s ]
INFO: [ app_init ] --END-- [ RunTime:0.002400s ]
INFO: [ app_begin ] --START--
INFO: Run Behavior\ReadHtmlCacheBehavior [ RunTime:0.003641s ]
INFO: [ app_begin ] --END-- [ RunTime:0.003948s ]
SQL: SHOW COLUMNS FROM `order` [ RunTime:0.0330s ]
SQL: SELECT * FROM `order`  [ RunTime:0.0014s ]
INFO: [ view_parse ] --START--
INFO: [ template_filter ] --START--
INFO: Run Behavior\ContentReplaceBehavior [ RunTime:0.000368s ]
INFO: [ template_filter ] --END-- [ RunTime:0.000646s ]
INFO: Run Behavior\ParseTemplateBehavior [ RunTime:0.053577s ]
INFO: [ view_parse ] --END-- [ RunTime:0.053868s ]
INFO: [ view_filter ] --START--
INFO: Run Behavior\WriteHtmlCacheBehavior [ RunTime:0.002331s ]
INFO: [ view_filter ] --END-- [ RunTime:0.002573s ]
INFO: [ app_end ] --START--
INFO: Run Behavior\ShowPageTraceBehavior [ RunTime:0.003766s ]
INFO: [ app_end ] --END-- [ RunTime:0.004035s ]

[ 2018-04-22T01:30:38+08:00 ] 127.0.0.1 /restaurant1/restaurant/index.php/Home/Index/index
INFO: [ app_init ] --START--
INFO: Run Behavior\BuildLiteBehavior [ RunTime:0.000026s ]
INFO: [ app_init ] --END-- [ RunTime:0.000842s ]
INFO: [ app_begin ] --START--
INFO: Run Behavior\ReadHtmlCacheBehavior [ RunTime:0.001276s ]
INFO: [ app_begin ] --END-- [ RunTime:0.001407s ]
SQL: SHOW COLUMNS FROM `news` [ RunTime:0.0332s ]
NOTIC: [8] Undefined variable: condition D:\soft\PHP1\restaurant1\restaurant\Application\Home\Controller\IndexController.class.php 第 9 行.
SQL: SELECT * FROM `news`  [ RunTime:0.0014s ]
SQL: SELECT * FROM `news` WHERE `type` = '饮食咨询'  [ RunTime:0.0008s ]
SQL: SELECT * FROM `news` WHERE `type` = '为您推荐'  [ RunTime:0.0007s ]
SQL: SHOW COLUMNS FROM `todayfood` [ RunTime:0.0183s ]
SQL: SELECT * FROM `todayfood`  [ RunTime:0.0009s ]
SQL: SHOW COLUMNS FROM `food` [ RunTime:0.0200s ]
SQL: SELECT * FROM `food` ORDER BY num desc LIMIT 0,16   [ RunTime:0.0009s ]
INFO: [ view_parse ] --START--
INFO: [ template_filter ] --START--
INFO: Run Behavior\ContentReplaceBehavior [ RunTime:0.000301s ]
INFO: [ template_filter ] --END-- [ RunTime:0.000469s ]
INFO: Run Behavior\ParseTemplateBehavior [ RunTime:0.043025s ]
INFO: [ view_parse ] --END-- [ RunTime:0.043210s ]
INFO: [ view_filter ] --START--
INFO: Run Behavior\WriteHtmlCacheBehavior [ RunTime:0.001108s ]
INFO: [ view_filter ] --END-- [ RunTime:0.001234s ]
INFO: [ app_end ] --START--
INFO: Run Behavior\ShowPageTraceBehavior [ RunTime:0.002001s ]
INFO: [ app_end ] --END-- [ RunTime:0.002192s ]

[ 2018-04-22T01:30:45+08:00 ] 127.0.0.1 /restaurant1/restaurant/index.php/Home/Order/order
INFO: [ app_init ] --START--
INFO: Run Behavior\BuildLiteBehavior [ RunTime:0.000035s ]
INFO: [ app_init ] --END-- [ RunTime:0.001275s ]
INFO: [ app_begin ] --START--
INFO: Run Behavior\ReadHtmlCacheBehavior [ RunTime:0.001337s ]
INFO: [ app_begin ] --END-- [ RunTime:0.001510s ]
SQL: SHOW COLUMNS FROM `order` [ RunTime:0.0337s ]
SQL: SELECT * FROM `order`  [ RunTime:0.0014s ]
INFO: [ view_parse ] --START--
INFO: [ template_filter ] --START--
INFO: Run Behavior\ContentReplaceBehavior [ RunTime:0.000233s ]
INFO: [ template_filter ] --END-- [ RunTime:0.000431s ]
INFO: Run Behavior\ParseTemplateBehavior [ RunTime:0.031902s ]
INFO: [ view_parse ] --END-- [ RunTime:0.032102s ]
INFO: [ view_filter ] --START--
INFO: Run Behavior\WriteHtmlCacheBehavior [ RunTime:0.001119s ]
INFO: [ view_filter ] --END-- [ RunTime:0.001260s ]
INFO: [ app_end ] --START--
INFO: Run Behavior\ShowPageTraceBehavior [ RunTime:0.001842s ]
INFO: [ app_end ] --END-- [ RunTime:0.001989s ]

[ 2018-04-22T01:31:41+08:00 ] 127.0.0.1 /restaurant1/restaurant/index.php/Home/Index/index
INFO: [ app_init ] --START--
INFO: Run Behavior\BuildLiteBehavior [ RunTime:0.000039s ]
INFO: [ app_init ] --END-- [ RunTime:0.001543s ]
INFO: [ app_begin ] --START--
INFO: Run Behavior\ReadHtmlCacheBehavior [ RunTime:0.002400s ]
INFO: [ app_begin ] --END-- [ RunTime:0.002622s ]
SQL: SHOW COLUMNS FROM `news` [ RunTime:0.0358s ]
NOTIC: [8] Undefined variable: condition D:\soft\PHP1\restaurant1\restaurant\Application\Home\Controller\IndexController.class.php 第 9 行.
SQL: SELECT * FROM `news`  [ RunTime:0.0013s ]
SQL: SELECT * FROM `news` WHERE `type` = '饮食咨询'  [ RunTime:0.0010s ]
SQL: SELECT * FROM `news` WHERE `type` = '为您推荐'  [ RunTime:0.0011s ]
SQL: SHOW COLUMNS FROM `todayfood` [ RunTime:0.0245s ]
SQL: SELECT * FROM `todayfood`  [ RunTime:0.0011s ]
SQL: SHOW COLUMNS FROM `food` [ RunTime:0.0252s ]
SQL: SELECT * FROM `food` ORDER BY num desc LIMIT 0,16   [ RunTime:0.0013s ]
INFO: [ view_parse ] --START--
INFO: [ template_filter ] --START--
INFO: Run Behavior\ContentReplaceBehavior [ RunTime:0.000352s ]
INFO: [ template_filter ] --END-- [ RunTime:0.000560s ]
INFO: Run Behavior\ParseTemplateBehavior [ RunTime:0.052401s ]
INFO: [ view_parse ] --END-- [ RunTime:0.052613s ]
INFO: [ view_filter ] --START--
INFO: Run Behavior\WriteHtmlCacheBehavior [ RunTime:0.001770s ]
INFO: [ view_filter ] --END-- [ RunTime:0.001950s ]
INFO: [ app_end ] --START--
INFO: Run Behavior\ShowPageTraceBehavior [ RunTime:0.003183s ]
INFO: [ app_end ] --END-- [ RunTime:0.003413s ]

[ 2018-04-22T01:32:54+08:00 ] 127.0.0.1 /restaurant1/restaurant/index.php/Home/Menu/content/id/7
INFO: [ app_init ] --START--
INFO: Run Behavior\BuildLiteBehavior [ RunTime:0.000036s ]
INFO: [ app_init ] --END-- [ RunTime:0.001351s ]
INFO: [ app_begin ] --START--
INFO: Run Behavior\ReadHtmlCacheBehavior [ RunTime:0.002215s ]
INFO: [ app_begin ] --END-- [ RunTime:0.002417s ]
SQL: SHOW COLUMNS FROM `todayfood` [ RunTime:0.0332s ]
SQL: SELECT * FROM `todayfood` WHERE `id` = 7 LIMIT 1   [ RunTime:0.0021s ]
SQL: SHOW COLUMNS FROM `news` [ RunTime:0.0326s ]
SQL: SELECT * FROM `news` WHERE `type` = '健康饮食'  [ RunTime:0.0011s ]
SQL: SELECT * FROM `news` WHERE `type` = '饮食咨询'  [ RunTime:0.0009s ]
SQL: SELECT * FROM `news` WHERE `type` = '为您推荐'  [ RunTime:0.0010s ]
SQL: SHOW COLUMNS FROM `food` [ RunTime:0.0205s ]
SQL: SELECT * FROM `food` WHERE `type` = '甜品饮品' LIMIT 0,4   [ RunTime:0.0009s ]
INFO: [ view_parse ] --START--
INFO: [ template_filter ] --START--
INFO: Run Behavior\ContentReplaceBehavior [ RunTime:0.000293s ]
INFO: [ template_filter ] --END-- [ RunTime:0.000477s ]
INFO: Run Behavior\ParseTemplateBehavior [ RunTime:0.037439s ]
INFO: [ view_parse ] --END-- [ RunTime:0.037677s ]
INFO: [ view_filter ] --START--
INFO: Run Behavior\WriteHtmlCacheBehavior [ RunTime:0.001292s ]
INFO: [ view_filter ] --END-- [ RunTime:0.001433s ]
INFO: [ app_end ] --START--
INFO: Run Behavior\ShowPageTraceBehavior [ RunTime:0.002394s ]
INFO: [ app_end ] --END-- [ RunTime:0.002588s ]

[ 2018-04-22T01:34:48+08:00 ] 127.0.0.1 /restaurant1/restaurant/index.php/Home/Person/person
INFO: [ app_init ] --START--
INFO: Run Behavior\BuildLiteBehavior [ RunTime:0.000057s ]
INFO: [ app_init ] --END-- [ RunTime:0.002168s ]
INFO: [ app_begin ] --START--
INFO: Run Behavior\ReadHtmlCacheBehavior [ RunTime:0.004051s ]
INFO: [ app_begin ] --END-- [ RunTime:0.004459s ]
SQL: SHOW COLUMNS FROM `user` [ RunTime:0.0348s ]
SQL: SELECT * FROM `user` WHERE `number` = 2014011721 LIMIT 1   [ RunTime:0.0020s ]
INFO: [ view_parse ] --START--
INFO: [ template_filter ] --START--
INFO: Run Behavior\ContentReplaceBehavior [ RunTime:0.000407s ]
INFO: [ template_filter ] --END-- [ RunTime:0.000717s ]
INFO: Run Behavior\ParseTemplateBehavior [ RunTime:0.054114s ]
INFO: [ view_parse ] --END-- [ RunTime:0.054550s ]
INFO: [ view_filter ] --START--
INFO: Run Behavior\WriteHtmlCacheBehavior [ RunTime:0.002864s ]
INFO: [ view_filter ] --END-- [ RunTime:0.003137s ]
INFO: [ app_end ] --START--
INFO: Run Behavior\ShowPageTraceBehavior [ RunTime:0.004363s ]
INFO: [ app_end ] --END-- [ RunTime:0.004686s ]

[ 2018-04-22T01:35:45+08:00 ] 127.0.0.1 /restaurant1/restaurant/index.php/Home/Index/index
INFO: [ app_init ] --START--
INFO: Run Behavior\BuildLiteBehavior [ RunTime:0.000056s ]
INFO: [ app_init ] --END-- [ RunTime:0.002189s ]
INFO: [ app_begin ] --START--
INFO: Run Behavior\ReadHtmlCacheBehavior [ RunTime:0.002747s ]
INFO: [ app_begin ] --END-- [ RunTime:0.003011s ]
SQL: SHOW COLUMNS FROM `news` [ RunTime:0.0316s ]
NOTIC: [8] Undefined variable: condition D:\soft\PHP1\restaurant1\restaurant\Application\Home\Controller\IndexController.class.php 第 9 行.
SQL: SELECT * FROM `news`  [ RunTime:0.0012s ]
SQL: SELECT * FROM `news` WHERE `type` = '饮食咨询'  [ RunTime:0.0017s ]
SQL: SELECT * FROM `news` WHERE `type` = '为您推荐'  [ RunTime:0.0010s ]
SQL: SHOW COLUMNS FROM `todayfood` [ RunTime:0.0203s ]
SQL: SELECT * FROM `todayfood`  [ RunTime:0.0010s ]
SQL: SHOW COLUMNS FROM `food` [ RunTime:0.0208s ]
SQL: SELECT * FROM `food` ORDER BY num desc LIMIT 0,16   [ RunTime:0.0009s ]
INFO: [ view_parse ] --START--
INFO: [ template_filter ] --START--
INFO: Run Behavior\ContentReplaceBehavior [ RunTime:0.000339s ]
INFO: [ template_filter ] --END-- [ RunTime:0.000521s ]
INFO: Run Behavior\ParseTemplateBehavior [ RunTime:0.049865s ]
INFO: [ view_parse ] --END-- [ RunTime:0.050074s ]
INFO: [ view_filter ] --START--
INFO: Run Behavior\WriteHtmlCacheBehavior [ RunTime:0.001796s ]
INFO: [ view_filter ] --END-- [ RunTime:0.001960s ]
INFO: [ app_end ] --START--
INFO: Run Behavior\ShowPageTraceBehavior [ RunTime:0.003058s ]
INFO: [ app_end ] --END-- [ RunTime:0.003303s ]

