[ 2018-04-17T10:10:30+08:00 ] 127.0.0.1 /restaurant/restaurant/index.php
INFO: [ app_init ] --START--
INFO: Run Behavior\BuildLiteBehavior [ RunTime:0.000055s ]
INFO: [ app_init ] --END-- [ RunTime:0.001609s ]
INFO: [ app_begin ] --START--
INFO: Run Behavior\ReadHtmlCacheBehavior [ RunTime:0.002687s ]
INFO: [ app_begin ] --END-- [ RunTime:0.002942s ]
INFO: [ view_parse ] --START--
INFO: [ template_filter ] --START--
INFO: Run Behavior\ContentReplaceBehavior [ RunTime:0.000435s ]
INFO: [ template_filter ] --END-- [ RunTime:0.000676s ]
INFO: Run Behavior\ParseTemplateBehavior [ RunTime:0.198216s ]
INFO: [ view_parse ] --END-- [ RunTime:0.198498s ]
INFO: [ view_filter ] --START--
INFO: Run Behavior\WriteHtmlCacheBehavior [ RunTime:0.019766s ]
INFO: [ view_filter ] --END-- [ RunTime:0.019997s ]
INFO: [ app_end ] --START--
INFO: Run Behavior\ShowPageTraceBehavior [ RunTime:0.010888s ]
INFO: [ app_end ] --END-- [ RunTime:0.011225s ]

[ 2018-04-17T10:11:32+08:00 ] 127.0.0.1 /restaurant/restaurant/index.php
INFO: [ app_init ] --START--
INFO: Run Behavior\BuildLiteBehavior [ RunTime:0.000047s ]
INFO: [ app_init ] --END-- [ RunTime:0.001598s ]
INFO: [ app_begin ] --START--
INFO: Run Behavior\ReadHtmlCacheBehavior [ RunTime:0.003006s ]
INFO: [ app_begin ] --END-- [ RunTime:0.003375s ]
SQL: SHOW COLUMNS FROM `news` [ RunTime:0.1102s ]
SQL: SELECT * FROM `news`  [ RunTime:0.0020s ]
INFO: [ view_parse ] --START--
INFO: [ template_filter ] --START--
INFO: Run Behavior\ContentReplaceBehavior [ RunTime:0.000440s ]
INFO: [ template_filter ] --END-- [ RunTime:0.000667s ]
INFO: Run Behavior\ParseTemplateBehavior [ RunTime:0.063800s ]
INFO: [ view_parse ] --END-- [ RunTime:0.064034s ]
INFO: [ view_filter ] --START--
INFO: Run Behavior\WriteHtmlCacheBehavior [ RunTime:0.001146s ]
INFO: [ view_filter ] --END-- [ RunTime:0.001311s ]
INFO: [ app_end ] --START--
INFO: Run Behavior\ShowPageTraceBehavior [ RunTime:0.002675s ]
INFO: [ app_end ] --END-- [ RunTime:0.002871s ]

[ 2018-04-17T10:12:02+08:00 ] 127.0.0.1 /restaurant/restaurant/index.php
INFO: [ app_init ] --START--
INFO: Run Behavior\BuildLiteBehavior [ RunTime:0.000043s ]
INFO: [ app_init ] --END-- [ RunTime:0.001054s ]
INFO: [ app_begin ] --START--
INFO: Run Behavior\ReadHtmlCacheBehavior [ RunTime:0.001809s ]
INFO: [ app_begin ] --END-- [ RunTime:0.002058s ]
SQL: SHOW COLUMNS FROM `news` [ RunTime:0.0171s ]
SQL: SELECT * FROM `news`  [ RunTime:0.0015s ]
INFO: [ view_parse ] --START--
INFO: [ template_filter ] --START--
INFO: Run Behavior\ContentReplaceBehavior [ RunTime:0.000410s ]
INFO: [ template_filter ] --END-- [ RunTime:0.000649s ]
INFO: Run Behavior\ParseTemplateBehavior [ RunTime:0.039897s ]
INFO: [ view_parse ] --END-- [ RunTime:0.040129s ]
INFO: [ view_filter ] --START--
INFO: Run Behavior\WriteHtmlCacheBehavior [ RunTime:0.000916s ]
INFO: [ view_filter ] --END-- [ RunTime:0.001092s ]
INFO: [ app_end ] --START--
INFO: Run Behavior\ShowPageTraceBehavior [ RunTime:0.003119s ]
INFO: [ app_end ] --END-- [ RunTime:0.003374s ]

