[ 2018-04-23T11:02:13+08:00 ] 127.0.0.1 /restaurant/restaurant/index.php/admin/Index/index
INFO: [ app_init ] --START--
INFO: Run Behavior\BuildLiteBehavior [ RunTime:0.000044s ]
INFO: [ app_init ] --END-- [ RunTime:0.001168s ]
INFO: [ app_begin ] --START--
INFO: Run Behavior\ReadHtmlCacheBehavior [ RunTime:0.001778s ]
INFO: [ app_begin ] --END-- [ RunTime:0.002006s ]
INFO: [ view_parse ] --START--
INFO: [ template_filter ] --START--
INFO: Run Behavior\ContentReplaceBehavior [ RunTime:0.000186s ]
INFO: [ template_filter ] --END-- [ RunTime:0.000394s ]
INFO: Run Behavior\ParseTemplateBehavior [ RunTime:0.020904s ]
INFO: [ view_parse ] --END-- [ RunTime:0.021137s ]
INFO: [ view_filter ] --START--
INFO: Run Behavior\WriteHtmlCacheBehavior [ RunTime:0.000728s ]
INFO: [ view_filter ] --END-- [ RunTime:0.000909s ]

[ 2018-04-23T11:02:16+08:00 ] 127.0.0.1 /restaurant/restaurant/index.php/Admin/Admin/login
INFO: [ app_init ] --START--
INFO: Run Behavior\BuildLiteBehavior [ RunTime:0.000044s ]
INFO: [ app_init ] --END-- [ RunTime:0.001062s ]
INFO: [ app_begin ] --START--
INFO: Run Behavior\ReadHtmlCacheBehavior [ RunTime:0.002239s ]
INFO: [ app_begin ] --END-- [ RunTime:0.002489s ]
INFO: [ view_parse ] --START--
INFO: [ template_filter ] --START--
INFO: Run Behavior\ContentReplaceBehavior [ RunTime:0.000213s ]
INFO: [ template_filter ] --END-- [ RunTime:0.000529s ]
INFO: Run Behavior\ParseTemplateBehavior [ RunTime:0.022816s ]
INFO: [ view_parse ] --END-- [ RunTime:0.023067s ]
INFO: [ view_filter ] --START--
INFO: Run Behavior\WriteHtmlCacheBehavior [ RunTime:0.000784s ]
INFO: [ view_filter ] --END-- [ RunTime:0.001162s ]
INFO: [ app_end ] --START--
INFO: Run Behavior\ShowPageTraceBehavior [ RunTime:0.001951s ]
INFO: [ app_end ] --END-- [ RunTime:0.002155s ]

[ 2018-04-23T11:02:30+08:00 ] 127.0.0.1 /restaurant/restaurant/index.php/Admin/Admin/login
INFO: [ app_init ] --START--
INFO: Run Behavior\BuildLiteBehavior [ RunTime:0.000047s ]
INFO: [ app_init ] --END-- [ RunTime:0.001201s ]
INFO: [ app_begin ] --START--
INFO: Run Behavior\ReadHtmlCacheBehavior [ RunTime:0.001592s ]
INFO: [ app_begin ] --END-- [ RunTime:0.001795s ]
SQL: SHOW COLUMNS FROM `admin_user` [ RunTime:0.0176s ]
SQL: SELECT COUNT(*) AS tp_count FROM `admin_user` WHERE `username` = 'gaozhiqin' AND `password` = '123456' LIMIT 1   [ RunTime:0.0007s ]

[ 2018-04-23T11:02:30+08:00 ] 127.0.0.1 /restaurant/restaurant/index.php/Admin/Index/index
INFO: [ app_init ] --START--
INFO: Run Behavior\BuildLiteBehavior [ RunTime:0.000047s ]
INFO: [ app_init ] --END-- [ RunTime:0.001205s ]
INFO: [ app_begin ] --START--
INFO: Run Behavior\ReadHtmlCacheBehavior [ RunTime:0.002601s ]
INFO: [ app_begin ] --END-- [ RunTime:0.003504s ]
INFO: [ view_parse ] --START--
INFO: [ template_filter ] --START--
INFO: Run Behavior\ContentReplaceBehavior [ RunTime:0.000325s ]
INFO: [ template_filter ] --END-- [ RunTime:0.000608s ]
INFO: Run Behavior\ParseTemplateBehavior [ RunTime:0.052171s ]
INFO: [ view_parse ] --END-- [ RunTime:0.052393s ]
INFO: [ view_filter ] --START--
INFO: Run Behavior\WriteHtmlCacheBehavior [ RunTime:0.000685s ]
INFO: [ view_filter ] --END-- [ RunTime:0.000863s ]
INFO: [ app_end ] --START--
INFO: Run Behavior\ShowPageTraceBehavior [ RunTime:0.003316s ]
INFO: [ app_end ] --END-- [ RunTime:0.003551s ]

[ 2018-04-23T11:04:12+08:00 ] 127.0.0.1 /restaurant/restaurant/index.php/Admin/Index/index
INFO: [ app_init ] --START--
INFO: Run Behavior\BuildLiteBehavior [ RunTime:0.000053s ]
INFO: [ app_init ] --END-- [ RunTime:0.001676s ]
INFO: [ app_begin ] --START--
INFO: Run Behavior\ReadHtmlCacheBehavior [ RunTime:0.002060s ]
INFO: [ app_begin ] --END-- [ RunTime:0.002306s ]
INFO: [ view_parse ] --START--
INFO: [ template_filter ] --START--
INFO: Run Behavior\ContentReplaceBehavior [ RunTime:0.000299s ]
INFO: [ template_filter ] --END-- [ RunTime:0.000526s ]
INFO: Run Behavior\ParseTemplateBehavior [ RunTime:0.035721s ]
INFO: [ view_parse ] --END-- [ RunTime:0.035948s ]
INFO: [ view_filter ] --START--
INFO: Run Behavior\WriteHtmlCacheBehavior [ RunTime:0.001176s ]
INFO: [ view_filter ] --END-- [ RunTime:0.001445s ]
INFO: [ app_end ] --START--
INFO: Run Behavior\ShowPageTraceBehavior [ RunTime:0.003146s ]
INFO: [ app_end ] --END-- [ RunTime:0.003621s ]

[ 2018-04-23T17:37:24+08:00 ] 127.0.0.1 /restaurant/restaurant/index.php/Admin/Index/index
INFO: [ app_init ] --START--
INFO: Run Behavior\BuildLiteBehavior [ RunTime:0.000046s ]
INFO: [ app_init ] --END-- [ RunTime:0.001339s ]
INFO: [ app_begin ] --START--
INFO: Run Behavior\ReadHtmlCacheBehavior [ RunTime:0.002136s ]
INFO: [ app_begin ] --END-- [ RunTime:0.002372s ]
INFO: [ view_parse ] --START--
INFO: [ template_filter ] --START--
INFO: Run Behavior\ContentReplaceBehavior [ RunTime:0.000281s ]
INFO: [ template_filter ] --END-- [ RunTime:0.000528s ]
INFO: Run Behavior\ParseTemplateBehavior [ RunTime:0.058843s ]
INFO: [ view_parse ] --END-- [ RunTime:0.059103s ]
INFO: [ view_filter ] --START--
INFO: Run Behavior\WriteHtmlCacheBehavior [ RunTime:0.001369s ]
INFO: [ view_filter ] --END-- [ RunTime:0.001567s ]
INFO: [ app_end ] --START--
INFO: Run Behavior\ShowPageTraceBehavior [ RunTime:0.004141s ]
INFO: [ app_end ] --END-- [ RunTime:0.004396s ]

[ 2018-04-23T17:37:29+08:00 ] 127.0.0.1 /restaurant/restaurant/index.php/Admin/Todayfood/lists/p/1
INFO: [ app_init ] --START--
INFO: Run Behavior\BuildLiteBehavior [ RunTime:0.000045s ]
INFO: [ app_init ] --END-- [ RunTime:0.001130s ]
INFO: [ app_begin ] --START--
INFO: Run Behavior\ReadHtmlCacheBehavior [ RunTime:0.001664s ]
INFO: [ app_begin ] --END-- [ RunTime:0.001890s ]
SQL: SHOW COLUMNS FROM `food` [ RunTime:0.0265s ]
NOTIC: [2] Missing argument 1 for Think\Model::where(), called in D:\apa\PHP1\restaurant\restaurant\Application\Admin\Controller\TodayfoodController.class.php on line 16 and defined D:\apa\PHP1\restaurant\restaurant\ThinkPHP\Library\Think\Model.class.php 第 1797 行.
NOTIC: [8] Undefined variable: where D:\apa\PHP1\restaurant\restaurant\ThinkPHP\Library\Think\Model.class.php 第 1805 行.
NOTIC: [8] Undefined variable: where D:\apa\PHP1\restaurant\restaurant\ThinkPHP\Library\Think\Model.class.php 第 1808 行.
NOTIC: [8] Undefined variable: where D:\apa\PHP1\restaurant\restaurant\ThinkPHP\Library\Think\Model.class.php 第 1816 行.
SQL: SELECT * FROM `food` ORDER BY time desc LIMIT 0,8   [ RunTime:0.0026s ]
SQL: SELECT COUNT(*) AS tp_count FROM `food` LIMIT 1   [ RunTime:0.0012s ]
INFO: [ view_parse ] --START--
INFO: [ template_filter ] --START--
INFO: Run Behavior\ContentReplaceBehavior [ RunTime:0.000295s ]
INFO: [ template_filter ] --END-- [ RunTime:0.000536s ]
NOTIC: [8] Use of undefined constant ture - assumed 'ture' D:\apa\PHP1\restaurant\restaurant\Application\Runtime\Cache\Admin\8642ee06d0f0361ba6616607b7f45f79.php 第 106 行.
NOTIC: [8] Use of undefined constant ture - assumed 'ture' D:\apa\PHP1\restaurant\restaurant\Application\Runtime\Cache\Admin\8642ee06d0f0361ba6616607b7f45f79.php 第 108 行.
NOTIC: [8] Use of undefined constant ture - assumed 'ture' D:\apa\PHP1\restaurant\restaurant\Application\Runtime\Cache\Admin\8642ee06d0f0361ba6616607b7f45f79.php 第 109 行.
NOTIC: [8] Use of undefined constant ture - assumed 'ture' D:\apa\PHP1\restaurant\restaurant\Application\Runtime\Cache\Admin\8642ee06d0f0361ba6616607b7f45f79.php 第 106 行.
NOTIC: [8] Use of undefined constant ture - assumed 'ture' D:\apa\PHP1\restaurant\restaurant\Application\Runtime\Cache\Admin\8642ee06d0f0361ba6616607b7f45f79.php 第 108 行.
NOTIC: [8] Use of undefined constant ture - assumed 'ture' D:\apa\PHP1\restaurant\restaurant\Application\Runtime\Cache\Admin\8642ee06d0f0361ba6616607b7f45f79.php 第 109 行.
NOTIC: [8] Use of undefined constant ture - assumed 'ture' D:\apa\PHP1\restaurant\restaurant\Application\Runtime\Cache\Admin\8642ee06d0f0361ba6616607b7f45f79.php 第 106 行.
NOTIC: [8] Use of undefined constant ture - assumed 'ture' D:\apa\PHP1\restaurant\restaurant\Application\Runtime\Cache\Admin\8642ee06d0f0361ba6616607b7f45f79.php 第 108 行.
NOTIC: [8] Use of undefined constant ture - assumed 'ture' D:\apa\PHP1\restaurant\restaurant\Application\Runtime\Cache\Admin\8642ee06d0f0361ba6616607b7f45f79.php 第 109 行.
NOTIC: [8] Use of undefined constant ture - assumed 'ture' D:\apa\PHP1\restaurant\restaurant\Application\Runtime\Cache\Admin\8642ee06d0f0361ba6616607b7f45f79.php 第 106 行.
NOTIC: [8] Use of undefined constant ture - assumed 'ture' D:\apa\PHP1\restaurant\restaurant\Application\Runtime\Cache\Admin\8642ee06d0f0361ba6616607b7f45f79.php 第 108 行.
NOTIC: [8] Use of undefined constant ture - assumed 'ture' D:\apa\PHP1\restaurant\restaurant\Application\Runtime\Cache\Admin\8642ee06d0f0361ba6616607b7f45f79.php 第 109 行.
NOTIC: [8] Use of undefined constant ture - assumed 'ture' D:\apa\PHP1\restaurant\restaurant\Application\Runtime\Cache\Admin\8642ee06d0f0361ba6616607b7f45f79.php 第 106 行.
NOTIC: [8] Use of undefined constant ture - assumed 'ture' D:\apa\PHP1\restaurant\restaurant\Application\Runtime\Cache\Admin\8642ee06d0f0361ba6616607b7f45f79.php 第 108 行.
NOTIC: [8] Use of undefined constant ture - assumed 'ture' D:\apa\PHP1\restaurant\restaurant\Application\Runtime\Cache\Admin\8642ee06d0f0361ba6616607b7f45f79.php 第 109 行.
NOTIC: [8] Use of undefined constant ture - assumed 'ture' D:\apa\PHP1\restaurant\restaurant\Application\Runtime\Cache\Admin\8642ee06d0f0361ba6616607b7f45f79.php 第 106 行.
NOTIC: [8] Use of undefined constant ture - assumed 'ture' D:\apa\PHP1\restaurant\restaurant\Application\Runtime\Cache\Admin\8642ee06d0f0361ba6616607b7f45f79.php 第 108 行.
NOTIC: [8] Use of undefined constant ture - assumed 'ture' D:\apa\PHP1\restaurant\restaurant\Application\Runtime\Cache\Admin\8642ee06d0f0361ba6616607b7f45f79.php 第 109 行.
NOTIC: [8] Use of undefined constant ture - assumed 'ture' D:\apa\PHP1\restaurant\restaurant\Application\Runtime\Cache\Admin\8642ee06d0f0361ba6616607b7f45f79.php 第 106 行.
NOTIC: [8] Use of undefined constant ture - assumed 'ture' D:\apa\PHP1\restaurant\restaurant\Application\Runtime\Cache\Admin\8642ee06d0f0361ba6616607b7f45f79.php 第 108 行.
NOTIC: [8] Use of undefined constant ture - assumed 'ture' D:\apa\PHP1\restaurant\restaurant\Application\Runtime\Cache\Admin\8642ee06d0f0361ba6616607b7f45f79.php 第 109 行.
NOTIC: [8] Use of undefined constant ture - assumed 'ture' D:\apa\PHP1\restaurant\restaurant\Application\Runtime\Cache\Admin\8642ee06d0f0361ba6616607b7f45f79.php 第 106 行.
NOTIC: [8] Use of undefined constant ture - assumed 'ture' D:\apa\PHP1\restaurant\restaurant\Application\Runtime\Cache\Admin\8642ee06d0f0361ba6616607b7f45f79.php 第 108 行.
NOTIC: [8] Use of undefined constant ture - assumed 'ture' D:\apa\PHP1\restaurant\restaurant\Application\Runtime\Cache\Admin\8642ee06d0f0361ba6616607b7f45f79.php 第 109 行.
INFO: Run Behavior\ParseTemplateBehavior [ RunTime:0.042206s ]
INFO: [ view_parse ] --END-- [ RunTime:0.042444s ]
INFO: [ view_filter ] --START--
INFO: Run Behavior\WriteHtmlCacheBehavior [ RunTime:0.000791s ]
INFO: [ view_filter ] --END-- [ RunTime:0.000970s ]
INFO: [ app_end ] --START--
INFO: Run Behavior\ShowPageTraceBehavior [ RunTime:0.001768s ]
INFO: [ app_end ] --END-- [ RunTime:0.001984s ]

[ 2018-04-23T17:37:40+08:00 ] 127.0.0.1 /restaurant/restaurant/index.php/Admin/Todayfood/lists/p/2
INFO: [ app_init ] --START--
INFO: Run Behavior\BuildLiteBehavior [ RunTime:0.000052s ]
INFO: [ app_init ] --END-- [ RunTime:0.001362s ]
INFO: [ app_begin ] --START--
INFO: Run Behavior\ReadHtmlCacheBehavior [ RunTime:0.002004s ]
INFO: [ app_begin ] --END-- [ RunTime:0.002233s ]
SQL: SHOW COLUMNS FROM `food` [ RunTime:0.0206s ]
NOTIC: [2] Missing argument 1 for Think\Model::where(), called in D:\apa\PHP1\restaurant\restaurant\Application\Admin\Controller\TodayfoodController.class.php on line 16 and defined D:\apa\PHP1\restaurant\restaurant\ThinkPHP\Library\Think\Model.class.php 第 1797 行.
NOTIC: [8] Undefined variable: where D:\apa\PHP1\restaurant\restaurant\ThinkPHP\Library\Think\Model.class.php 第 1805 行.
NOTIC: [8] Undefined variable: where D:\apa\PHP1\restaurant\restaurant\ThinkPHP\Library\Think\Model.class.php 第 1808 行.
NOTIC: [8] Undefined variable: where D:\apa\PHP1\restaurant\restaurant\ThinkPHP\Library\Think\Model.class.php 第 1816 行.
SQL: SELECT * FROM `food` ORDER BY time desc LIMIT 8,8   [ RunTime:0.0100s ]
SQL: SELECT COUNT(*) AS tp_count FROM `food` LIMIT 1   [ RunTime:0.0008s ]
INFO: [ view_parse ] --START--
INFO: [ template_filter ] --START--
INFO: Run Behavior\ContentReplaceBehavior [ RunTime:0.000298s ]
INFO: [ template_filter ] --END-- [ RunTime:0.000533s ]
NOTIC: [8] Use of undefined constant ture - assumed 'ture' D:\apa\PHP1\restaurant\restaurant\Application\Runtime\Cache\Admin\8642ee06d0f0361ba6616607b7f45f79.php 第 106 行.
NOTIC: [8] Use of undefined constant ture - assumed 'ture' D:\apa\PHP1\restaurant\restaurant\Application\Runtime\Cache\Admin\8642ee06d0f0361ba6616607b7f45f79.php 第 108 行.
NOTIC: [8] Use of undefined constant ture - assumed 'ture' D:\apa\PHP1\restaurant\restaurant\Application\Runtime\Cache\Admin\8642ee06d0f0361ba6616607b7f45f79.php 第 109 行.
NOTIC: [8] Use of undefined constant ture - assumed 'ture' D:\apa\PHP1\restaurant\restaurant\Application\Runtime\Cache\Admin\8642ee06d0f0361ba6616607b7f45f79.php 第 106 行.
NOTIC: [8] Use of undefined constant ture - assumed 'ture' D:\apa\PHP1\restaurant\restaurant\Application\Runtime\Cache\Admin\8642ee06d0f0361ba6616607b7f45f79.php 第 108 行.
NOTIC: [8] Use of undefined constant ture - assumed 'ture' D:\apa\PHP1\restaurant\restaurant\Application\Runtime\Cache\Admin\8642ee06d0f0361ba6616607b7f45f79.php 第 109 行.
NOTIC: [8] Use of undefined constant ture - assumed 'ture' D:\apa\PHP1\restaurant\restaurant\Application\Runtime\Cache\Admin\8642ee06d0f0361ba6616607b7f45f79.php 第 106 行.
NOTIC: [8] Use of undefined constant ture - assumed 'ture' D:\apa\PHP1\restaurant\restaurant\Application\Runtime\Cache\Admin\8642ee06d0f0361ba6616607b7f45f79.php 第 108 行.
NOTIC: [8] Use of undefined constant ture - assumed 'ture' D:\apa\PHP1\restaurant\restaurant\Application\Runtime\Cache\Admin\8642ee06d0f0361ba6616607b7f45f79.php 第 109 行.
NOTIC: [8] Use of undefined constant ture - assumed 'ture' D:\apa\PHP1\restaurant\restaurant\Application\Runtime\Cache\Admin\8642ee06d0f0361ba6616607b7f45f79.php 第 106 行.
NOTIC: [8] Use of undefined constant ture - assumed 'ture' D:\apa\PHP1\restaurant\restaurant\Application\Runtime\Cache\Admin\8642ee06d0f0361ba6616607b7f45f79.php 第 108 行.
NOTIC: [8] Use of undefined constant ture - assumed 'ture' D:\apa\PHP1\restaurant\restaurant\Application\Runtime\Cache\Admin\8642ee06d0f0361ba6616607b7f45f79.php 第 109 行.
NOTIC: [8] Use of undefined constant ture - assumed 'ture' D:\apa\PHP1\restaurant\restaurant\Application\Runtime\Cache\Admin\8642ee06d0f0361ba6616607b7f45f79.php 第 106 行.
NOTIC: [8] Use of undefined constant ture - assumed 'ture' D:\apa\PHP1\restaurant\restaurant\Application\Runtime\Cache\Admin\8642ee06d0f0361ba6616607b7f45f79.php 第 108 行.
NOTIC: [8] Use of undefined constant ture - assumed 'ture' D:\apa\PHP1\restaurant\restaurant\Application\Runtime\Cache\Admin\8642ee06d0f0361ba6616607b7f45f79.php 第 109 行.
NOTIC: [8] Use of undefined constant ture - assumed 'ture' D:\apa\PHP1\restaurant\restaurant\Application\Runtime\Cache\Admin\8642ee06d0f0361ba6616607b7f45f79.php 第 106 行.
NOTIC: [8] Use of undefined constant ture - assumed 'ture' D:\apa\PHP1\restaurant\restaurant\Application\Runtime\Cache\Admin\8642ee06d0f0361ba6616607b7f45f79.php 第 108 行.
NOTIC: [8] Use of undefined constant ture - assumed 'ture' D:\apa\PHP1\restaurant\restaurant\Application\Runtime\Cache\Admin\8642ee06d0f0361ba6616607b7f45f79.php 第 109 行.
NOTIC: [8] Use of undefined constant ture - assumed 'ture' D:\apa\PHP1\restaurant\restaurant\Application\Runtime\Cache\Admin\8642ee06d0f0361ba6616607b7f45f79.php 第 106 行.
NOTIC: [8] Use of undefined constant ture - assumed 'ture' D:\apa\PHP1\restaurant\restaurant\Application\Runtime\Cache\Admin\8642ee06d0f0361ba6616607b7f45f79.php 第 108 行.
NOTIC: [8] Use of undefined constant ture - assumed 'ture' D:\apa\PHP1\restaurant\restaurant\Application\Runtime\Cache\Admin\8642ee06d0f0361ba6616607b7f45f79.php 第 109 行.
NOTIC: [8] Use of undefined constant ture - assumed 'ture' D:\apa\PHP1\restaurant\restaurant\Application\Runtime\Cache\Admin\8642ee06d0f0361ba6616607b7f45f79.php 第 106 行.
NOTIC: [8] Use of undefined constant ture - assumed 'ture' D:\apa\PHP1\restaurant\restaurant\Application\Runtime\Cache\Admin\8642ee06d0f0361ba6616607b7f45f79.php 第 108 行.
NOTIC: [8] Use of undefined constant ture - assumed 'ture' D:\apa\PHP1\restaurant\restaurant\Application\Runtime\Cache\Admin\8642ee06d0f0361ba6616607b7f45f79.php 第 109 行.
INFO: Run Behavior\ParseTemplateBehavior [ RunTime:0.065610s ]
INFO: [ view_parse ] --END-- [ RunTime:0.065819s ]
INFO: [ view_filter ] --START--
INFO: Run Behavior\WriteHtmlCacheBehavior [ RunTime:0.001071s ]
INFO: [ view_filter ] --END-- [ RunTime:0.001245s ]
INFO: [ app_end ] --START--
INFO: Run Behavior\ShowPageTraceBehavior [ RunTime:0.004768s ]
INFO: [ app_end ] --END-- [ RunTime:0.005438s ]

[ 2018-04-23T17:38:09+08:00 ] 127.0.0.1 /restaurant/restaurant/index.php/Admin/Todayfood/lists/p/2
INFO: [ app_init ] --START--
INFO: Run Behavior\BuildLiteBehavior [ RunTime:0.000053s ]
INFO: [ app_init ] --END-- [ RunTime:0.001658s ]
INFO: [ app_begin ] --START--
INFO: Run Behavior\ReadHtmlCacheBehavior [ RunTime:0.002817s ]
INFO: [ app_begin ] --END-- [ RunTime:0.005188s ]
SQL: SHOW COLUMNS FROM `food` [ RunTime:0.0205s ]
NOTIC: [2] Missing argument 1 for Think\Model::where(), called in D:\apa\PHP1\restaurant\restaurant\Application\Admin\Controller\TodayfoodController.class.php on line 16 and defined D:\apa\PHP1\restaurant\restaurant\ThinkPHP\Library\Think\Model.class.php 第 1797 行.
NOTIC: [8] Undefined variable: where D:\apa\PHP1\restaurant\restaurant\ThinkPHP\Library\Think\Model.class.php 第 1805 行.
NOTIC: [8] Undefined variable: where D:\apa\PHP1\restaurant\restaurant\ThinkPHP\Library\Think\Model.class.php 第 1808 行.
NOTIC: [8] Undefined variable: where D:\apa\PHP1\restaurant\restaurant\ThinkPHP\Library\Think\Model.class.php 第 1816 行.
SQL: SELECT * FROM `food` ORDER BY time desc LIMIT 8,8   [ RunTime:0.0011s ]
SQL: SELECT COUNT(*) AS tp_count FROM `food` LIMIT 1   [ RunTime:0.0009s ]
INFO: [ view_parse ] --START--
INFO: [ template_filter ] --START--
INFO: Run Behavior\ContentReplaceBehavior [ RunTime:0.000761s ]
INFO: [ template_filter ] --END-- [ RunTime:0.001211s ]
NOTIC: [8] Use of undefined constant ture - assumed 'ture' D:\apa\PHP1\restaurant\restaurant\Application\Runtime\Cache\Admin\8642ee06d0f0361ba6616607b7f45f79.php 第 106 行.
NOTIC: [8] Use of undefined constant ture - assumed 'ture' D:\apa\PHP1\restaurant\restaurant\Application\Runtime\Cache\Admin\8642ee06d0f0361ba6616607b7f45f79.php 第 108 行.
NOTIC: [8] Use of undefined constant ture - assumed 'ture' D:\apa\PHP1\restaurant\restaurant\Application\Runtime\Cache\Admin\8642ee06d0f0361ba6616607b7f45f79.php 第 109 行.
NOTIC: [8] Use of undefined constant ture - assumed 'ture' D:\apa\PHP1\restaurant\restaurant\Application\Runtime\Cache\Admin\8642ee06d0f0361ba6616607b7f45f79.php 第 106 行.
NOTIC: [8] Use of undefined constant ture - assumed 'ture' D:\apa\PHP1\restaurant\restaurant\Application\Runtime\Cache\Admin\8642ee06d0f0361ba6616607b7f45f79.php 第 108 行.
NOTIC: [8] Use of undefined constant ture - assumed 'ture' D:\apa\PHP1\restaurant\restaurant\Application\Runtime\Cache\Admin\8642ee06d0f0361ba6616607b7f45f79.php 第 109 行.
NOTIC: [8] Use of undefined constant ture - assumed 'ture' D:\apa\PHP1\restaurant\restaurant\Application\Runtime\Cache\Admin\8642ee06d0f0361ba6616607b7f45f79.php 第 106 行.
NOTIC: [8] Use of undefined constant ture - assumed 'ture' D:\apa\PHP1\restaurant\restaurant\Application\Runtime\Cache\Admin\8642ee06d0f0361ba6616607b7f45f79.php 第 108 行.
NOTIC: [8] Use of undefined constant ture - assumed 'ture' D:\apa\PHP1\restaurant\restaurant\Application\Runtime\Cache\Admin\8642ee06d0f0361ba6616607b7f45f79.php 第 109 行.
NOTIC: [8] Use of undefined constant ture - assumed 'ture' D:\apa\PHP1\restaurant\restaurant\Application\Runtime\Cache\Admin\8642ee06d0f0361ba6616607b7f45f79.php 第 106 行.
NOTIC: [8] Use of undefined constant ture - assumed 'ture' D:\apa\PHP1\restaurant\restaurant\Application\Runtime\Cache\Admin\8642ee06d0f0361ba6616607b7f45f79.php 第 108 行.
NOTIC: [8] Use of undefined constant ture - assumed 'ture' D:\apa\PHP1\restaurant\restaurant\Application\Runtime\Cache\Admin\8642ee06d0f0361ba6616607b7f45f79.php 第 109 行.
NOTIC: [8] Use of undefined constant ture - assumed 'ture' D:\apa\PHP1\restaurant\restaurant\Application\Runtime\Cache\Admin\8642ee06d0f0361ba6616607b7f45f79.php 第 106 行.
NOTIC: [8] Use of undefined constant ture - assumed 'ture' D:\apa\PHP1\restaurant\restaurant\Application\Runtime\Cache\Admin\8642ee06d0f0361ba6616607b7f45f79.php 第 108 行.
NOTIC: [8] Use of undefined constant ture - assumed 'ture' D:\apa\PHP1\restaurant\restaurant\Application\Runtime\Cache\Admin\8642ee06d0f0361ba6616607b7f45f79.php 第 109 行.
NOTIC: [8] Use of undefined constant ture - assumed 'ture' D:\apa\PHP1\restaurant\restaurant\Application\Runtime\Cache\Admin\8642ee06d0f0361ba6616607b7f45f79.php 第 106 行.
NOTIC: [8] Use of undefined constant ture - assumed 'ture' D:\apa\PHP1\restaurant\restaurant\Application\Runtime\Cache\Admin\8642ee06d0f0361ba6616607b7f45f79.php 第 108 行.
NOTIC: [8] Use of undefined constant ture - assumed 'ture' D:\apa\PHP1\restaurant\restaurant\Application\Runtime\Cache\Admin\8642ee06d0f0361ba6616607b7f45f79.php 第 109 行.
NOTIC: [8] Use of undefined constant ture - assumed 'ture' D:\apa\PHP1\restaurant\restaurant\Application\Runtime\Cache\Admin\8642ee06d0f0361ba6616607b7f45f79.php 第 106 行.
NOTIC: [8] Use of undefined constant ture - assumed 'ture' D:\apa\PHP1\restaurant\restaurant\Application\Runtime\Cache\Admin\8642ee06d0f0361ba6616607b7f45f79.php 第 108 行.
NOTIC: [8] Use of undefined constant ture - assumed 'ture' D:\apa\PHP1\restaurant\restaurant\Application\Runtime\Cache\Admin\8642ee06d0f0361ba6616607b7f45f79.php 第 109 行.
NOTIC: [8] Use of undefined constant ture - assumed 'ture' D:\apa\PHP1\restaurant\restaurant\Application\Runtime\Cache\Admin\8642ee06d0f0361ba6616607b7f45f79.php 第 106 行.
NOTIC: [8] Use of undefined constant ture - assumed 'ture' D:\apa\PHP1\restaurant\restaurant\Application\Runtime\Cache\Admin\8642ee06d0f0361ba6616607b7f45f79.php 第 108 行.
NOTIC: [8] Use of undefined constant ture - assumed 'ture' D:\apa\PHP1\restaurant\restaurant\Application\Runtime\Cache\Admin\8642ee06d0f0361ba6616607b7f45f79.php 第 109 行.
INFO: Run Behavior\ParseTemplateBehavior [ RunTime:0.065577s ]
INFO: [ view_parse ] --END-- [ RunTime:0.065869s ]
INFO: [ view_filter ] --START--
INFO: Run Behavior\WriteHtmlCacheBehavior [ RunTime:0.002597s ]
INFO: [ view_filter ] --END-- [ RunTime:0.002993s ]
INFO: [ app_end ] --START--
INFO: Run Behavior\ShowPageTraceBehavior [ RunTime:0.010111s ]
INFO: [ app_end ] --END-- [ RunTime:0.010862s ]

[ 2018-04-23T17:38:19+08:00 ] 127.0.0.1 /restaurant/restaurant/index.php/Admin/Todayfood/lists/p/1
INFO: [ app_init ] --START--
INFO: Run Behavior\BuildLiteBehavior [ RunTime:0.000048s ]
INFO: [ app_init ] --END-- [ RunTime:0.001307s ]
INFO: [ app_begin ] --START--
INFO: Run Behavior\ReadHtmlCacheBehavior [ RunTime:0.001537s ]
INFO: [ app_begin ] --END-- [ RunTime:0.001726s ]
SQL: SHOW COLUMNS FROM `food` [ RunTime:0.0214s ]
NOTIC: [2] Missing argument 1 for Think\Model::where(), called in D:\apa\PHP1\restaurant\restaurant\Application\Admin\Controller\TodayfoodController.class.php on line 16 and defined D:\apa\PHP1\restaurant\restaurant\ThinkPHP\Library\Think\Model.class.php 第 1797 行.
NOTIC: [8] Undefined variable: where D:\apa\PHP1\restaurant\restaurant\ThinkPHP\Library\Think\Model.class.php 第 1805 行.
NOTIC: [8] Undefined variable: where D:\apa\PHP1\restaurant\restaurant\ThinkPHP\Library\Think\Model.class.php 第 1808 行.
NOTIC: [8] Undefined variable: where D:\apa\PHP1\restaurant\restaurant\ThinkPHP\Library\Think\Model.class.php 第 1816 行.
SQL: SELECT * FROM `food` ORDER BY time desc LIMIT 0,8   [ RunTime:0.0013s ]
SQL: SELECT COUNT(*) AS tp_count FROM `food` LIMIT 1   [ RunTime:0.0008s ]
INFO: [ view_parse ] --START--
INFO: [ template_filter ] --START--
INFO: Run Behavior\ContentReplaceBehavior [ RunTime:0.000304s ]
INFO: [ template_filter ] --END-- [ RunTime:0.000528s ]
NOTIC: [8] Use of undefined constant ture - assumed 'ture' D:\apa\PHP1\restaurant\restaurant\Application\Runtime\Cache\Admin\8642ee06d0f0361ba6616607b7f45f79.php 第 106 行.
NOTIC: [8] Use of undefined constant ture - assumed 'ture' D:\apa\PHP1\restaurant\restaurant\Application\Runtime\Cache\Admin\8642ee06d0f0361ba6616607b7f45f79.php 第 108 行.
NOTIC: [8] Use of undefined constant ture - assumed 'ture' D:\apa\PHP1\restaurant\restaurant\Application\Runtime\Cache\Admin\8642ee06d0f0361ba6616607b7f45f79.php 第 109 行.
NOTIC: [8] Use of undefined constant ture - assumed 'ture' D:\apa\PHP1\restaurant\restaurant\Application\Runtime\Cache\Admin\8642ee06d0f0361ba6616607b7f45f79.php 第 106 行.
NOTIC: [8] Use of undefined constant ture - assumed 'ture' D:\apa\PHP1\restaurant\restaurant\Application\Runtime\Cache\Admin\8642ee06d0f0361ba6616607b7f45f79.php 第 108 行.
NOTIC: [8] Use of undefined constant ture - assumed 'ture' D:\apa\PHP1\restaurant\restaurant\Application\Runtime\Cache\Admin\8642ee06d0f0361ba6616607b7f45f79.php 第 109 行.
NOTIC: [8] Use of undefined constant ture - assumed 'ture' D:\apa\PHP1\restaurant\restaurant\Application\Runtime\Cache\Admin\8642ee06d0f0361ba6616607b7f45f79.php 第 106 行.
NOTIC: [8] Use of undefined constant ture - assumed 'ture' D:\apa\PHP1\restaurant\restaurant\Application\Runtime\Cache\Admin\8642ee06d0f0361ba6616607b7f45f79.php 第 108 行.
NOTIC: [8] Use of undefined constant ture - assumed 'ture' D:\apa\PHP1\restaurant\restaurant\Application\Runtime\Cache\Admin\8642ee06d0f0361ba6616607b7f45f79.php 第 109 行.
NOTIC: [8] Use of undefined constant ture - assumed 'ture' D:\apa\PHP1\restaurant\restaurant\Application\Runtime\Cache\Admin\8642ee06d0f0361ba6616607b7f45f79.php 第 106 行.
NOTIC: [8] Use of undefined constant ture - assumed 'ture' D:\apa\PHP1\restaurant\restaurant\Application\Runtime\Cache\Admin\8642ee06d0f0361ba6616607b7f45f79.php 第 108 行.
NOTIC: [8] Use of undefined constant ture - assumed 'ture' D:\apa\PHP1\restaurant\restaurant\Application\Runtime\Cache\Admin\8642ee06d0f0361ba6616607b7f45f79.php 第 109 行.
NOTIC: [8] Use of undefined constant ture - assumed 'ture' D:\apa\PHP1\restaurant\restaurant\Application\Runtime\Cache\Admin\8642ee06d0f0361ba6616607b7f45f79.php 第 106 行.
NOTIC: [8] Use of undefined constant ture - assumed 'ture' D:\apa\PHP1\restaurant\restaurant\Application\Runtime\Cache\Admin\8642ee06d0f0361ba6616607b7f45f79.php 第 108 行.
NOTIC: [8] Use of undefined constant ture - assumed 'ture' D:\apa\PHP1\restaurant\restaurant\Application\Runtime\Cache\Admin\8642ee06d0f0361ba6616607b7f45f79.php 第 109 行.
NOTIC: [8] Use of undefined constant ture - assumed 'ture' D:\apa\PHP1\restaurant\restaurant\Application\Runtime\Cache\Admin\8642ee06d0f0361ba6616607b7f45f79.php 第 106 行.
NOTIC: [8] Use of undefined constant ture - assumed 'ture' D:\apa\PHP1\restaurant\restaurant\Application\Runtime\Cache\Admin\8642ee06d0f0361ba6616607b7f45f79.php 第 108 行.
NOTIC: [8] Use of undefined constant ture - assumed 'ture' D:\apa\PHP1\restaurant\restaurant\Application\Runtime\Cache\Admin\8642ee06d0f0361ba6616607b7f45f79.php 第 109 行.
NOTIC: [8] Use of undefined constant ture - assumed 'ture' D:\apa\PHP1\restaurant\restaurant\Application\Runtime\Cache\Admin\8642ee06d0f0361ba6616607b7f45f79.php 第 106 行.
NOTIC: [8] Use of undefined constant ture - assumed 'ture' D:\apa\PHP1\restaurant\restaurant\Application\Runtime\Cache\Admin\8642ee06d0f0361ba6616607b7f45f79.php 第 108 行.
NOTIC: [8] Use of undefined constant ture - assumed 'ture' D:\apa\PHP1\restaurant\restaurant\Application\Runtime\Cache\Admin\8642ee06d0f0361ba6616607b7f45f79.php 第 109 行.
NOTIC: [8] Use of undefined constant ture - assumed 'ture' D:\apa\PHP1\restaurant\restaurant\Application\Runtime\Cache\Admin\8642ee06d0f0361ba6616607b7f45f79.php 第 106 行.
NOTIC: [8] Use of undefined constant ture - assumed 'ture' D:\apa\PHP1\restaurant\restaurant\Application\Runtime\Cache\Admin\8642ee06d0f0361ba6616607b7f45f79.php 第 108 行.
NOTIC: [8] Use of undefined constant ture - assumed 'ture' D:\apa\PHP1\restaurant\restaurant\Application\Runtime\Cache\Admin\8642ee06d0f0361ba6616607b7f45f79.php 第 109 行.
INFO: Run Behavior\ParseTemplateBehavior [ RunTime:0.039771s ]
INFO: [ view_parse ] --END-- [ RunTime:0.039996s ]
INFO: [ view_filter ] --START--
INFO: Run Behavior\WriteHtmlCacheBehavior [ RunTime:0.000772s ]
INFO: [ view_filter ] --END-- [ RunTime:0.000943s ]
INFO: [ app_end ] --START--
INFO: Run Behavior\ShowPageTraceBehavior [ RunTime:0.002100s ]
INFO: [ app_end ] --END-- [ RunTime:0.002552s ]

[ 2018-04-23T17:40:15+08:00 ] 127.0.0.1 /restaurant/restaurant/index.php/Admin/Todayfood/lists/p/1
INFO: [ app_init ] --START--
INFO: Run Behavior\BuildLiteBehavior [ RunTime:0.000046s ]
INFO: [ app_init ] --END-- [ RunTime:0.001317s ]
INFO: [ app_begin ] --START--
INFO: Run Behavior\ReadHtmlCacheBehavior [ RunTime:0.003841s ]
INFO: [ app_begin ] --END-- [ RunTime:0.004137s ]
SQL: SHOW COLUMNS FROM `todayfood` [ RunTime:0.0216s ]
NOTIC: [2] Missing argument 1 for Think\Model::where(), called in D:\apa\PHP1\restaurant\restaurant\Application\Admin\Controller\TodayfoodController.class.php on line 16 and defined D:\apa\PHP1\restaurant\restaurant\ThinkPHP\Library\Think\Model.class.php 第 1797 行.
NOTIC: [8] Undefined variable: where D:\apa\PHP1\restaurant\restaurant\ThinkPHP\Library\Think\Model.class.php 第 1805 行.
NOTIC: [8] Undefined variable: where D:\apa\PHP1\restaurant\restaurant\ThinkPHP\Library\Think\Model.class.php 第 1808 行.
NOTIC: [8] Undefined variable: where D:\apa\PHP1\restaurant\restaurant\ThinkPHP\Library\Think\Model.class.php 第 1816 行.
SQL: SELECT * FROM `todayfood` ORDER BY time desc LIMIT 0,8   [ RunTime:0.0753s ]
SQL: SELECT COUNT(*) AS tp_count FROM `todayfood` LIMIT 1   [ RunTime:0.0013s ]
INFO: [ view_parse ] --START--
INFO: [ template_filter ] --START--
INFO: Run Behavior\ContentReplaceBehavior [ RunTime:0.000308s ]
INFO: [ template_filter ] --END-- [ RunTime:0.000538s ]
NOTIC: [8] Use of undefined constant ture - assumed 'ture' D:\apa\PHP1\restaurant\restaurant\Application\Runtime\Cache\Admin\8642ee06d0f0361ba6616607b7f45f79.php 第 106 行.
NOTIC: [8] Use of undefined constant ture - assumed 'ture' D:\apa\PHP1\restaurant\restaurant\Application\Runtime\Cache\Admin\8642ee06d0f0361ba6616607b7f45f79.php 第 108 行.
NOTIC: [8] Use of undefined constant ture - assumed 'ture' D:\apa\PHP1\restaurant\restaurant\Application\Runtime\Cache\Admin\8642ee06d0f0361ba6616607b7f45f79.php 第 109 行.
NOTIC: [8] Use of undefined constant ture - assumed 'ture' D:\apa\PHP1\restaurant\restaurant\Application\Runtime\Cache\Admin\8642ee06d0f0361ba6616607b7f45f79.php 第 106 行.
NOTIC: [8] Use of undefined constant ture - assumed 'ture' D:\apa\PHP1\restaurant\restaurant\Application\Runtime\Cache\Admin\8642ee06d0f0361ba6616607b7f45f79.php 第 108 行.
NOTIC: [8] Use of undefined constant ture - assumed 'ture' D:\apa\PHP1\restaurant\restaurant\Application\Runtime\Cache\Admin\8642ee06d0f0361ba6616607b7f45f79.php 第 109 行.
NOTIC: [8] Use of undefined constant ture - assumed 'ture' D:\apa\PHP1\restaurant\restaurant\Application\Runtime\Cache\Admin\8642ee06d0f0361ba6616607b7f45f79.php 第 106 行.
NOTIC: [8] Use of undefined constant ture - assumed 'ture' D:\apa\PHP1\restaurant\restaurant\Application\Runtime\Cache\Admin\8642ee06d0f0361ba6616607b7f45f79.php 第 108 行.
NOTIC: [8] Use of undefined constant ture - assumed 'ture' D:\apa\PHP1\restaurant\restaurant\Application\Runtime\Cache\Admin\8642ee06d0f0361ba6616607b7f45f79.php 第 109 行.
NOTIC: [8] Use of undefined constant ture - assumed 'ture' D:\apa\PHP1\restaurant\restaurant\Application\Runtime\Cache\Admin\8642ee06d0f0361ba6616607b7f45f79.php 第 106 行.
NOTIC: [8] Use of undefined constant ture - assumed 'ture' D:\apa\PHP1\restaurant\restaurant\Application\Runtime\Cache\Admin\8642ee06d0f0361ba6616607b7f45f79.php 第 108 行.
NOTIC: [8] Use of undefined constant ture - assumed 'ture' D:\apa\PHP1\restaurant\restaurant\Application\Runtime\Cache\Admin\8642ee06d0f0361ba6616607b7f45f79.php 第 109 行.
NOTIC: [8] Use of undefined constant ture - assumed 'ture' D:\apa\PHP1\restaurant\restaurant\Application\Runtime\Cache\Admin\8642ee06d0f0361ba6616607b7f45f79.php 第 106 行.
NOTIC: [8] Use of undefined constant ture - assumed 'ture' D:\apa\PHP1\restaurant\restaurant\Application\Runtime\Cache\Admin\8642ee06d0f0361ba6616607b7f45f79.php 第 108 行.
NOTIC: [8] Use of undefined constant ture - assumed 'ture' D:\apa\PHP1\restaurant\restaurant\Application\Runtime\Cache\Admin\8642ee06d0f0361ba6616607b7f45f79.php 第 109 行.
NOTIC: [8] Use of undefined constant ture - assumed 'ture' D:\apa\PHP1\restaurant\restaurant\Application\Runtime\Cache\Admin\8642ee06d0f0361ba6616607b7f45f79.php 第 106 行.
NOTIC: [8] Use of undefined constant ture - assumed 'ture' D:\apa\PHP1\restaurant\restaurant\Application\Runtime\Cache\Admin\8642ee06d0f0361ba6616607b7f45f79.php 第 108 行.
NOTIC: [8] Use of undefined constant ture - assumed 'ture' D:\apa\PHP1\restaurant\restaurant\Application\Runtime\Cache\Admin\8642ee06d0f0361ba6616607b7f45f79.php 第 109 行.
NOTIC: [8] Use of undefined constant ture - assumed 'ture' D:\apa\PHP1\restaurant\restaurant\Application\Runtime\Cache\Admin\8642ee06d0f0361ba6616607b7f45f79.php 第 106 行.
NOTIC: [8] Use of undefined constant ture - assumed 'ture' D:\apa\PHP1\restaurant\restaurant\Application\Runtime\Cache\Admin\8642ee06d0f0361ba6616607b7f45f79.php 第 108 行.
NOTIC: [8] Use of undefined constant ture - assumed 'ture' D:\apa\PHP1\restaurant\restaurant\Application\Runtime\Cache\Admin\8642ee06d0f0361ba6616607b7f45f79.php 第 109 行.
NOTIC: [8] Use of undefined constant ture - assumed 'ture' D:\apa\PHP1\restaurant\restaurant\Application\Runtime\Cache\Admin\8642ee06d0f0361ba6616607b7f45f79.php 第 106 行.
NOTIC: [8] Use of undefined constant ture - assumed 'ture' D:\apa\PHP1\restaurant\restaurant\Application\Runtime\Cache\Admin\8642ee06d0f0361ba6616607b7f45f79.php 第 108 行.
NOTIC: [8] Use of undefined constant ture - assumed 'ture' D:\apa\PHP1\restaurant\restaurant\Application\Runtime\Cache\Admin\8642ee06d0f0361ba6616607b7f45f79.php 第 109 行.
INFO: Run Behavior\ParseTemplateBehavior [ RunTime:0.045275s ]
INFO: [ view_parse ] --END-- [ RunTime:0.045487s ]
INFO: [ view_filter ] --START--
INFO: Run Behavior\WriteHtmlCacheBehavior [ RunTime:0.001731s ]
INFO: [ view_filter ] --END-- [ RunTime:0.002094s ]
INFO: [ app_end ] --START--
INFO: Run Behavior\ShowPageTraceBehavior [ RunTime:0.004021s ]
INFO: [ app_end ] --END-- [ RunTime:0.004298s ]

[ 2018-04-23T17:40:53+08:00 ] 127.0.0.1 /restaurant/restaurant/index.php/Admin/Todayfood/lists/p/1
INFO: [ app_init ] --START--
INFO: Run Behavior\BuildLiteBehavior [ RunTime:0.000045s ]
INFO: [ app_init ] --END-- [ RunTime:0.001241s ]
INFO: [ app_begin ] --START--
INFO: Run Behavior\ReadHtmlCacheBehavior [ RunTime:0.002714s ]
INFO: [ app_begin ] --END-- [ RunTime:0.002966s ]
INFO: [ view_parse ] --START--
INFO: [ template_filter ] --START--
INFO: Run Behavior\ContentReplaceBehavior [ RunTime:0.000156s ]
INFO: [ template_filter ] --END-- [ RunTime:0.000369s ]
INFO: Run Behavior\ParseTemplateBehavior [ RunTime:0.023385s ]
INFO: [ view_parse ] --END-- [ RunTime:0.023621s ]
INFO: [ view_filter ] --START--
INFO: Run Behavior\WriteHtmlCacheBehavior [ RunTime:0.000974s ]
INFO: [ view_filter ] --END-- [ RunTime:0.001145s ]

[ 2018-04-23T17:40:56+08:00 ] 127.0.0.1 /restaurant/restaurant/index.php/Admin/Admin/login
INFO: [ app_init ] --START--
INFO: Run Behavior\BuildLiteBehavior [ RunTime:0.000047s ]
INFO: [ app_init ] --END-- [ RunTime:0.001189s ]
INFO: [ app_begin ] --START--
INFO: Run Behavior\ReadHtmlCacheBehavior [ RunTime:0.001660s ]
INFO: [ app_begin ] --END-- [ RunTime:0.001875s ]
INFO: [ view_parse ] --START--
INFO: [ template_filter ] --START--
INFO: Run Behavior\ContentReplaceBehavior [ RunTime:0.000180s ]
INFO: [ template_filter ] --END-- [ RunTime:0.000429s ]
INFO: Run Behavior\ParseTemplateBehavior [ RunTime:0.021831s ]
INFO: [ view_parse ] --END-- [ RunTime:0.022062s ]
INFO: [ view_filter ] --START--
INFO: Run Behavior\WriteHtmlCacheBehavior [ RunTime:0.000732s ]
INFO: [ view_filter ] --END-- [ RunTime:0.000905s ]
INFO: [ app_end ] --START--
INFO: Run Behavior\ShowPageTraceBehavior [ RunTime:0.002828s ]
INFO: [ app_end ] --END-- [ RunTime:0.003083s ]

[ 2018-04-23T17:41:09+08:00 ] 127.0.0.1 /restaurant/restaurant/index.php/Admin/Admin/login
INFO: [ app_init ] --START--
INFO: Run Behavior\BuildLiteBehavior [ RunTime:0.000051s ]
INFO: [ app_init ] --END-- [ RunTime:0.001486s ]
INFO: [ app_begin ] --START--
INFO: Run Behavior\ReadHtmlCacheBehavior [ RunTime:0.002509s ]
INFO: [ app_begin ] --END-- [ RunTime:0.002739s ]
SQL: SHOW COLUMNS FROM `admin_user` [ RunTime:0.0218s ]
SQL: SELECT COUNT(*) AS tp_count FROM `admin_user` WHERE `username` = 'gaozhiqin' AND `password` = '123456' LIMIT 1   [ RunTime:0.0011s ]

[ 2018-04-23T17:41:09+08:00 ] 127.0.0.1 /restaurant/restaurant/index.php/Admin/Index/index
INFO: [ app_init ] --START--
INFO: Run Behavior\BuildLiteBehavior [ RunTime:0.000044s ]
INFO: [ app_init ] --END-- [ RunTime:0.001034s ]
INFO: [ app_begin ] --START--
INFO: Run Behavior\ReadHtmlCacheBehavior [ RunTime:0.002017s ]
INFO: [ app_begin ] --END-- [ RunTime:0.002360s ]
INFO: [ view_parse ] --START--
INFO: [ template_filter ] --START--
INFO: Run Behavior\ContentReplaceBehavior [ RunTime:0.000278s ]
INFO: [ template_filter ] --END-- [ RunTime:0.000586s ]
INFO: Run Behavior\ParseTemplateBehavior [ RunTime:0.059349s ]
INFO: [ view_parse ] --END-- [ RunTime:0.059639s ]
INFO: [ view_filter ] --START--
INFO: Run Behavior\WriteHtmlCacheBehavior [ RunTime:0.001258s ]
INFO: [ view_filter ] --END-- [ RunTime:0.001449s ]
INFO: [ app_end ] --START--
INFO: Run Behavior\ShowPageTraceBehavior [ RunTime:0.004846s ]
INFO: [ app_end ] --END-- [ RunTime:0.005119s ]

[ 2018-04-23T17:43:57+08:00 ] 127.0.0.1 /restaurant/restaurant/index.php/Admin/Index/index
INFO: [ app_init ] --START--
INFO: Run Behavior\BuildLiteBehavior [ RunTime:0.000042s ]
INFO: [ app_init ] --END-- [ RunTime:0.001179s ]
INFO: [ app_begin ] --START--
INFO: Run Behavior\ReadHtmlCacheBehavior [ RunTime:0.002295s ]
INFO: [ app_begin ] --END-- [ RunTime:0.003061s ]
INFO: [ view_parse ] --START--
INFO: [ template_filter ] --START--
INFO: Run Behavior\ContentReplaceBehavior [ RunTime:0.000315s ]
INFO: [ template_filter ] --END-- [ RunTime:0.000581s ]
INFO: Run Behavior\ParseTemplateBehavior [ RunTime:0.042840s ]
INFO: [ view_parse ] --END-- [ RunTime:0.043072s ]
INFO: [ view_filter ] --START--
INFO: Run Behavior\WriteHtmlCacheBehavior [ RunTime:0.001068s ]
INFO: [ view_filter ] --END-- [ RunTime:0.001242s ]
INFO: [ app_end ] --START--
INFO: Run Behavior\ShowPageTraceBehavior [ RunTime:0.002172s ]
INFO: [ app_end ] --END-- [ RunTime:0.002802s ]

[ 2018-04-23T18:22:40+08:00 ] 127.0.0.1 /restaurant/restaurant/index.php/Admin/Index/index
INFO: [ app_init ] --START--
INFO: Run Behavior\BuildLiteBehavior [ RunTime:0.000052s ]
INFO: [ app_init ] --END-- [ RunTime:0.001491s ]
INFO: [ app_begin ] --START--
INFO: Run Behavior\ReadHtmlCacheBehavior [ RunTime:0.001971s ]
INFO: [ app_begin ] --END-- [ RunTime:0.002180s ]
INFO: [ view_parse ] --START--
INFO: [ template_filter ] --START--
INFO: Run Behavior\ContentReplaceBehavior [ RunTime:0.001098s ]
INFO: [ template_filter ] --END-- [ RunTime:0.003415s ]
INFO: Run Behavior\ParseTemplateBehavior [ RunTime:0.076019s ]
INFO: [ view_parse ] --END-- [ RunTime:0.078161s ]
INFO: [ view_filter ] --START--
INFO: Run Behavior\WriteHtmlCacheBehavior [ RunTime:0.001682s ]
INFO: [ view_filter ] --END-- [ RunTime:0.001915s ]
INFO: [ app_end ] --START--
INFO: Run Behavior\ShowPageTraceBehavior [ RunTime:0.008080s ]
INFO: [ app_end ] --END-- [ RunTime:0.009437s ]

[ 2018-04-23T18:23:34+08:00 ] 127.0.0.1 /restaurant/restaurant/index.php/Admin/Index/index
INFO: [ app_init ] --START--
INFO: Run Behavior\BuildLiteBehavior [ RunTime:0.000373s ]
INFO: [ app_init ] --END-- [ RunTime:0.002101s ]
INFO: [ app_begin ] --START--
INFO: Run Behavior\ReadHtmlCacheBehavior [ RunTime:0.002094s ]
INFO: [ app_begin ] --END-- [ RunTime:0.002328s ]
INFO: [ view_parse ] --START--
INFO: [ template_filter ] --START--
INFO: Run Behavior\ContentReplaceBehavior [ RunTime:0.000276s ]
INFO: [ template_filter ] --END-- [ RunTime:0.000507s ]
INFO: Run Behavior\ParseTemplateBehavior [ RunTime:0.037792s ]
INFO: [ view_parse ] --END-- [ RunTime:0.038042s ]
INFO: [ view_filter ] --START--
INFO: Run Behavior\WriteHtmlCacheBehavior [ RunTime:0.002037s ]
INFO: [ view_filter ] --END-- [ RunTime:0.002277s ]
INFO: [ app_end ] --START--
INFO: Run Behavior\ShowPageTraceBehavior [ RunTime:0.002518s ]
INFO: [ app_end ] --END-- [ RunTime:0.002788s ]

[ 2018-04-23T18:28:29+08:00 ] 127.0.0.1 /restaurant/restaurant/index.php/Admin/Index/index
INFO: [ app_init ] --START--
INFO: Run Behavior\BuildLiteBehavior [ RunTime:0.000045s ]
INFO: [ app_init ] --END-- [ RunTime:0.001243s ]
INFO: [ app_begin ] --START--
INFO: Run Behavior\ReadHtmlCacheBehavior [ RunTime:0.002166s ]
INFO: [ app_begin ] --END-- [ RunTime:0.002407s ]
INFO: [ view_parse ] --START--
INFO: [ template_filter ] --START--
INFO: Run Behavior\ContentReplaceBehavior [ RunTime:0.000289s ]
INFO: [ template_filter ] --END-- [ RunTime:0.000606s ]
INFO: Run Behavior\ParseTemplateBehavior [ RunTime:0.052928s ]
INFO: [ view_parse ] --END-- [ RunTime:0.053514s ]
INFO: [ view_filter ] --START--
INFO: Run Behavior\WriteHtmlCacheBehavior [ RunTime:0.001186s ]
INFO: [ view_filter ] --END-- [ RunTime:0.001361s ]
INFO: [ app_end ] --START--
INFO: Run Behavior\ShowPageTraceBehavior [ RunTime:0.001832s ]
INFO: [ app_end ] --END-- [ RunTime:0.002058s ]

[ 2018-04-23T20:38:18+08:00 ] 127.0.0.1 /restaurant/restaurant/index.php/Admin/Todayfood/add
INFO: [ app_init ] --START--
INFO: Run Behavior\BuildLiteBehavior [ RunTime:0.000046s ]
INFO: [ app_init ] --END-- [ RunTime:0.001304s ]
INFO: [ app_begin ] --START--
INFO: Run Behavior\ReadHtmlCacheBehavior [ RunTime:0.003727s ]
INFO: [ app_begin ] --END-- [ RunTime:0.004010s ]
SQL: SHOW COLUMNS FROM `foodtype` [ RunTime:0.0182s ]
NOTIC: [8] Undefined variable: id D:\apa\PHP1\restaurant\restaurant\Application\Admin\Controller\TodayfoodController.class.php 第 29 行.
SQL: SELECT * FROM `foodtype`  [ RunTime:0.0008s ]
INFO: [ view_parse ] --START--
INFO: [ template_filter ] --START--
INFO: Run Behavior\ContentReplaceBehavior [ RunTime:0.000284s ]
INFO: [ template_filter ] --END-- [ RunTime:0.000499s ]
INFO: Run Behavior\ParseTemplateBehavior [ RunTime:0.039896s ]
INFO: [ view_parse ] --END-- [ RunTime:0.040124s ]
INFO: [ view_filter ] --START--
INFO: Run Behavior\WriteHtmlCacheBehavior [ RunTime:0.001019s ]
INFO: [ view_filter ] --END-- [ RunTime:0.001190s ]
INFO: [ app_end ] --START--
INFO: Run Behavior\ShowPageTraceBehavior [ RunTime:0.009671s ]
INFO: [ app_end ] --END-- [ RunTime:0.011036s ]

[ 2018-04-23T20:38:39+08:00 ] 127.0.0.1 /restaurant/restaurant/index.php/Admin/Food/doAdd
INFO: [ app_init ] --START--
INFO: Run Behavior\BuildLiteBehavior [ RunTime:0.000043s ]
INFO: [ app_init ] --END-- [ RunTime:0.001183s ]
INFO: [ app_begin ] --START--
INFO: Run Behavior\ReadHtmlCacheBehavior [ RunTime:0.002164s ]
INFO: [ app_begin ] --END-- [ RunTime:0.002380s ]
NOTIC: [2] call_user_func() expects parameter 1 to be a valid callback, no array or string given D:\apa\PHP1\restaurant\restaurant\ThinkPHP\Library\Think\Upload.class.php 第 170 行.
SQL: SHOW COLUMNS FROM `food` [ RunTime:0.0181s ]
NOTIC: [8] Undefined index: validate D:\apa\PHP1\restaurant\restaurant\ThinkPHP\Library\Think\Model.class.php 第 1185 行.
NOTIC: [8] Undefined index: auto D:\apa\PHP1\restaurant\restaurant\ThinkPHP\Library\Think\Model.class.php 第 1128 行.
SQL: INSERT INTO `food` (`name`,`price`,`batch`,`type`,`time`,`function`,`thumb`) VALUES ('11','11','11','晚餐','2018-04-23','11','../Public/uploads/2018-04-23/5addd3cd0ffd9.jpg') [ RunTime:1.1645s ]

[ 2018-04-23T20:38:40+08:00 ] 127.0.0.1 /restaurant/restaurant/index.php/Admin/Food/lists/p/1
INFO: [ app_init ] --START--
INFO: Run Behavior\BuildLiteBehavior [ RunTime:0.000043s ]
INFO: [ app_init ] --END-- [ RunTime:0.001157s ]
INFO: [ app_begin ] --START--
INFO: Run Behavior\ReadHtmlCacheBehavior [ RunTime:0.002834s ]
INFO: [ app_begin ] --END-- [ RunTime:0.003091s ]
SQL: SHOW COLUMNS FROM `food` [ RunTime:0.0181s ]
NOTIC: [2] Missing argument 1 for Think\Model::where(), called in D:\apa\PHP1\restaurant\restaurant\Application\Admin\Controller\FoodController.class.php on line 16 and defined D:\apa\PHP1\restaurant\restaurant\ThinkPHP\Library\Think\Model.class.php 第 1797 行.
NOTIC: [8] Undefined variable: where D:\apa\PHP1\restaurant\restaurant\ThinkPHP\Library\Think\Model.class.php 第 1805 行.
NOTIC: [8] Undefined variable: where D:\apa\PHP1\restaurant\restaurant\ThinkPHP\Library\Think\Model.class.php 第 1808 行.
NOTIC: [8] Undefined variable: where D:\apa\PHP1\restaurant\restaurant\ThinkPHP\Library\Think\Model.class.php 第 1816 行.
SQL: SELECT * FROM `food` ORDER BY time desc LIMIT 0,8   [ RunTime:0.0027s ]
SQL: SELECT COUNT(*) AS tp_count FROM `food` LIMIT 1   [ RunTime:0.0011s ]
INFO: [ view_parse ] --START--
INFO: [ template_filter ] --START--
INFO: Run Behavior\ContentReplaceBehavior [ RunTime:0.000301s ]
INFO: [ template_filter ] --END-- [ RunTime:0.000513s ]
NOTIC: [8] Use of undefined constant ture - assumed 'ture' D:\apa\PHP1\restaurant\restaurant\Application\Runtime\Cache\Admin\7b4f8e2c74b22de9df84ffc1dcade0ad.php 第 108 行.
NOTIC: [8] Use of undefined constant ture - assumed 'ture' D:\apa\PHP1\restaurant\restaurant\Application\Runtime\Cache\Admin\7b4f8e2c74b22de9df84ffc1dcade0ad.php 第 110 行.
NOTIC: [8] Use of undefined constant ture - assumed 'ture' D:\apa\PHP1\restaurant\restaurant\Application\Runtime\Cache\Admin\7b4f8e2c74b22de9df84ffc1dcade0ad.php 第 111 行.
NOTIC: [8] Use of undefined constant ture - assumed 'ture' D:\apa\PHP1\restaurant\restaurant\Application\Runtime\Cache\Admin\7b4f8e2c74b22de9df84ffc1dcade0ad.php 第 108 行.
NOTIC: [8] Use of undefined constant ture - assumed 'ture' D:\apa\PHP1\restaurant\restaurant\Application\Runtime\Cache\Admin\7b4f8e2c74b22de9df84ffc1dcade0ad.php 第 110 行.
NOTIC: [8] Use of undefined constant ture - assumed 'ture' D:\apa\PHP1\restaurant\restaurant\Application\Runtime\Cache\Admin\7b4f8e2c74b22de9df84ffc1dcade0ad.php 第 111 行.
NOTIC: [8] Use of undefined constant ture - assumed 'ture' D:\apa\PHP1\restaurant\restaurant\Application\Runtime\Cache\Admin\7b4f8e2c74b22de9df84ffc1dcade0ad.php 第 108 行.
NOTIC: [8] Use of undefined constant ture - assumed 'ture' D:\apa\PHP1\restaurant\restaurant\Application\Runtime\Cache\Admin\7b4f8e2c74b22de9df84ffc1dcade0ad.php 第 110 行.
NOTIC: [8] Use of undefined constant ture - assumed 'ture' D:\apa\PHP1\restaurant\restaurant\Application\Runtime\Cache\Admin\7b4f8e2c74b22de9df84ffc1dcade0ad.php 第 111 行.
NOTIC: [8] Use of undefined constant ture - assumed 'ture' D:\apa\PHP1\restaurant\restaurant\Application\Runtime\Cache\Admin\7b4f8e2c74b22de9df84ffc1dcade0ad.php 第 108 行.
NOTIC: [8] Use of undefined constant ture - assumed 'ture' D:\apa\PHP1\restaurant\restaurant\Application\Runtime\Cache\Admin\7b4f8e2c74b22de9df84ffc1dcade0ad.php 第 110 行.
NOTIC: [8] Use of undefined constant ture - assumed 'ture' D:\apa\PHP1\restaurant\restaurant\Application\Runtime\Cache\Admin\7b4f8e2c74b22de9df84ffc1dcade0ad.php 第 111 行.
NOTIC: [8] Use of undefined constant ture - assumed 'ture' D:\apa\PHP1\restaurant\restaurant\Application\Runtime\Cache\Admin\7b4f8e2c74b22de9df84ffc1dcade0ad.php 第 108 行.
NOTIC: [8] Use of undefined constant ture - assumed 'ture' D:\apa\PHP1\restaurant\restaurant\Application\Runtime\Cache\Admin\7b4f8e2c74b22de9df84ffc1dcade0ad.php 第 110 行.
NOTIC: [8] Use of undefined constant ture - assumed 'ture' D:\apa\PHP1\restaurant\restaurant\Application\Runtime\Cache\Admin\7b4f8e2c74b22de9df84ffc1dcade0ad.php 第 111 行.
NOTIC: [8] Use of undefined constant ture - assumed 'ture' D:\apa\PHP1\restaurant\restaurant\Application\Runtime\Cache\Admin\7b4f8e2c74b22de9df84ffc1dcade0ad.php 第 108 行.
NOTIC: [8] Use of undefined constant ture - assumed 'ture' D:\apa\PHP1\restaurant\restaurant\Application\Runtime\Cache\Admin\7b4f8e2c74b22de9df84ffc1dcade0ad.php 第 110 行.
NOTIC: [8] Use of undefined constant ture - assumed 'ture' D:\apa\PHP1\restaurant\restaurant\Application\Runtime\Cache\Admin\7b4f8e2c74b22de9df84ffc1dcade0ad.php 第 111 行.
NOTIC: [8] Use of undefined constant ture - assumed 'ture' D:\apa\PHP1\restaurant\restaurant\Application\Runtime\Cache\Admin\7b4f8e2c74b22de9df84ffc1dcade0ad.php 第 108 行.
NOTIC: [8] Use of undefined constant ture - assumed 'ture' D:\apa\PHP1\restaurant\restaurant\Application\Runtime\Cache\Admin\7b4f8e2c74b22de9df84ffc1dcade0ad.php 第 110 行.
NOTIC: [8] Use of undefined constant ture - assumed 'ture' D:\apa\PHP1\restaurant\restaurant\Application\Runtime\Cache\Admin\7b4f8e2c74b22de9df84ffc1dcade0ad.php 第 111 行.
NOTIC: [8] Use of undefined constant ture - assumed 'ture' D:\apa\PHP1\restaurant\restaurant\Application\Runtime\Cache\Admin\7b4f8e2c74b22de9df84ffc1dcade0ad.php 第 108 行.
NOTIC: [8] Use of undefined constant ture - assumed 'ture' D:\apa\PHP1\restaurant\restaurant\Application\Runtime\Cache\Admin\7b4f8e2c74b22de9df84ffc1dcade0ad.php 第 110 行.
NOTIC: [8] Use of undefined constant ture - assumed 'ture' D:\apa\PHP1\restaurant\restaurant\Application\Runtime\Cache\Admin\7b4f8e2c74b22de9df84ffc1dcade0ad.php 第 111 行.
INFO: Run Behavior\ParseTemplateBehavior [ RunTime:0.074994s ]
INFO: [ view_parse ] --END-- [ RunTime:0.075231s ]
INFO: [ view_filter ] --START--
INFO: Run Behavior\WriteHtmlCacheBehavior [ RunTime:0.001853s ]
INFO: [ view_filter ] --END-- [ RunTime:0.002022s ]
INFO: [ app_end ] --START--
INFO: Run Behavior\ShowPageTraceBehavior [ RunTime:0.008804s ]
INFO: [ app_end ] --END-- [ RunTime:0.009228s ]

[ 2018-04-23T20:38:44+08:00 ] 127.0.0.1 /restaurant/restaurant/index.php/Admin/Food/edit/id/85
INFO: [ app_init ] --START--
INFO: Run Behavior\BuildLiteBehavior [ RunTime:0.000050s ]
INFO: [ app_init ] --END-- [ RunTime:0.001223s ]
INFO: [ app_begin ] --START--
INFO: Run Behavior\ReadHtmlCacheBehavior [ RunTime:0.001646s ]
INFO: [ app_begin ] --END-- [ RunTime:0.001865s ]
SQL: SHOW COLUMNS FROM `food` [ RunTime:0.0176s ]
SQL: SELECT * FROM `food` WHERE `id` = 85 LIMIT 1   [ RunTime:0.0014s ]
SQL: SHOW COLUMNS FROM `foodtype` [ RunTime:0.0168s ]
SQL: SELECT * FROM `foodtype`  [ RunTime:0.0010s ]
INFO: [ view_parse ] --START--
INFO: [ template_filter ] --START--
INFO: Run Behavior\ContentReplaceBehavior [ RunTime:0.000326s ]
INFO: [ template_filter ] --END-- [ RunTime:0.000538s ]
NOTIC: [8] Use of undefined constant type - assumed 'type' D:\apa\PHP1\restaurant\restaurant\Application\Runtime\Cache\Admin\e877f65e21a451bf99eb605f1e8f6f7d.php 第 111 行.
NOTIC: [8] Use of undefined constant name - assumed 'name' D:\apa\PHP1\restaurant\restaurant\Application\Runtime\Cache\Admin\e877f65e21a451bf99eb605f1e8f6f7d.php 第 111 行.
NOTIC: [8] Use of undefined constant type - assumed 'type' D:\apa\PHP1\restaurant\restaurant\Application\Runtime\Cache\Admin\e877f65e21a451bf99eb605f1e8f6f7d.php 第 111 行.
NOTIC: [8] Use of undefined constant name - assumed 'name' D:\apa\PHP1\restaurant\restaurant\Application\Runtime\Cache\Admin\e877f65e21a451bf99eb605f1e8f6f7d.php 第 111 行.
NOTIC: [8] Use of undefined constant type - assumed 'type' D:\apa\PHP1\restaurant\restaurant\Application\Runtime\Cache\Admin\e877f65e21a451bf99eb605f1e8f6f7d.php 第 111 行.
NOTIC: [8] Use of undefined constant name - assumed 'name' D:\apa\PHP1\restaurant\restaurant\Application\Runtime\Cache\Admin\e877f65e21a451bf99eb605f1e8f6f7d.php 第 111 行.
NOTIC: [8] Use of undefined constant type - assumed 'type' D:\apa\PHP1\restaurant\restaurant\Application\Runtime\Cache\Admin\e877f65e21a451bf99eb605f1e8f6f7d.php 第 111 行.
NOTIC: [8] Use of undefined constant name - assumed 'name' D:\apa\PHP1\restaurant\restaurant\Application\Runtime\Cache\Admin\e877f65e21a451bf99eb605f1e8f6f7d.php 第 111 行.
NOTIC: [8] Use of undefined constant type - assumed 'type' D:\apa\PHP1\restaurant\restaurant\Application\Runtime\Cache\Admin\e877f65e21a451bf99eb605f1e8f6f7d.php 第 111 行.
NOTIC: [8] Use of undefined constant name - assumed 'name' D:\apa\PHP1\restaurant\restaurant\Application\Runtime\Cache\Admin\e877f65e21a451bf99eb605f1e8f6f7d.php 第 111 行.
NOTIC: [8] Use of undefined constant type - assumed 'type' D:\apa\PHP1\restaurant\restaurant\Application\Runtime\Cache\Admin\e877f65e21a451bf99eb605f1e8f6f7d.php 第 111 行.
NOTIC: [8] Use of undefined constant name - assumed 'name' D:\apa\PHP1\restaurant\restaurant\Application\Runtime\Cache\Admin\e877f65e21a451bf99eb605f1e8f6f7d.php 第 111 行.
NOTIC: [8] Use of undefined constant type - assumed 'type' D:\apa\PHP1\restaurant\restaurant\Application\Runtime\Cache\Admin\e877f65e21a451bf99eb605f1e8f6f7d.php 第 133 行.
NOTIC: [8] Use of undefined constant name - assumed 'name' D:\apa\PHP1\restaurant\restaurant\Application\Runtime\Cache\Admin\e877f65e21a451bf99eb605f1e8f6f7d.php 第 133 行.
NOTIC: [8] Use of undefined constant type - assumed 'type' D:\apa\PHP1\restaurant\restaurant\Application\Runtime\Cache\Admin\e877f65e21a451bf99eb605f1e8f6f7d.php 第 133 行.
NOTIC: [8] Use of undefined constant name - assumed 'name' D:\apa\PHP1\restaurant\restaurant\Application\Runtime\Cache\Admin\e877f65e21a451bf99eb605f1e8f6f7d.php 第 133 行.
NOTIC: [8] Use of undefined constant type - assumed 'type' D:\apa\PHP1\restaurant\restaurant\Application\Runtime\Cache\Admin\e877f65e21a451bf99eb605f1e8f6f7d.php 第 133 行.
NOTIC: [8] Use of undefined constant name - assumed 'name' D:\apa\PHP1\restaurant\restaurant\Application\Runtime\Cache\Admin\e877f65e21a451bf99eb605f1e8f6f7d.php 第 133 行.
NOTIC: [8] Use of undefined constant type - assumed 'type' D:\apa\PHP1\restaurant\restaurant\Application\Runtime\Cache\Admin\e877f65e21a451bf99eb605f1e8f6f7d.php 第 133 行.
NOTIC: [8] Use of undefined constant name - assumed 'name' D:\apa\PHP1\restaurant\restaurant\Application\Runtime\Cache\Admin\e877f65e21a451bf99eb605f1e8f6f7d.php 第 133 行.
NOTIC: [8] Use of undefined constant type - assumed 'type' D:\apa\PHP1\restaurant\restaurant\Application\Runtime\Cache\Admin\e877f65e21a451bf99eb605f1e8f6f7d.php 第 133 行.
NOTIC: [8] Use of undefined constant name - assumed 'name' D:\apa\PHP1\restaurant\restaurant\Application\Runtime\Cache\Admin\e877f65e21a451bf99eb605f1e8f6f7d.php 第 133 行.
NOTIC: [8] Use of undefined constant type - assumed 'type' D:\apa\PHP1\restaurant\restaurant\Application\Runtime\Cache\Admin\e877f65e21a451bf99eb605f1e8f6f7d.php 第 133 行.
NOTIC: [8] Use of undefined constant name - assumed 'name' D:\apa\PHP1\restaurant\restaurant\Application\Runtime\Cache\Admin\e877f65e21a451bf99eb605f1e8f6f7d.php 第 133 行.
NOTIC: [8] Undefined index: content D:\apa\PHP1\restaurant\restaurant\Application\Runtime\Cache\Admin\e877f65e21a451bf99eb605f1e8f6f7d.php 第 141 行.
INFO: Run Behavior\ParseTemplateBehavior [ RunTime:0.046513s ]
INFO: [ view_parse ] --END-- [ RunTime:0.046712s ]
INFO: [ view_filter ] --START--
INFO: Run Behavior\WriteHtmlCacheBehavior [ RunTime:0.000747s ]
INFO: [ view_filter ] --END-- [ RunTime:0.000915s ]
INFO: [ app_end ] --START--
INFO: Run Behavior\ShowPageTraceBehavior [ RunTime:0.003411s ]
INFO: [ app_end ] --END-- [ RunTime:0.003651s ]

[ 2018-04-23T20:38:56+08:00 ] 127.0.0.1 /restaurant/restaurant/index.php/Admin/Food/doEdit
INFO: [ app_init ] --START--
INFO: Run Behavior\BuildLiteBehavior [ RunTime:0.000043s ]
INFO: [ app_init ] --END-- [ RunTime:0.001195s ]
INFO: [ app_begin ] --START--
INFO: Run Behavior\ReadHtmlCacheBehavior [ RunTime:0.001890s ]
INFO: [ app_begin ] --END-- [ RunTime:0.002081s ]
NOTIC: [2] call_user_func() expects parameter 1 to be a valid callback, no array or string given D:\apa\PHP1\restaurant\restaurant\ThinkPHP\Library\Think\Upload.class.php 第 170 行.
SQL: SHOW COLUMNS FROM `food` [ RunTime:0.0183s ]
NOTIC: [8] Undefined index: validate D:\apa\PHP1\restaurant\restaurant\ThinkPHP\Library\Think\Model.class.php 第 1185 行.
NOTIC: [8] Undefined index: auto D:\apa\PHP1\restaurant\restaurant\ThinkPHP\Library\Think\Model.class.php 第 1128 行.
SQL: UPDATE `food` SET `name`='22',`price`='11',`batch`='11',`type`='早餐',`time`='2018-04-23',`thumb`='../Public/uploads/2018-04-23/5addd3df7f190.jpg' WHERE `id` = 85 [ RunTime:0.0793s ]

[ 2018-04-23T20:38:57+08:00 ] 127.0.0.1 /restaurant/restaurant/index.php/Admin/Food/lists/p/1
INFO: [ app_init ] --START--
INFO: Run Behavior\BuildLiteBehavior [ RunTime:0.000044s ]
INFO: [ app_init ] --END-- [ RunTime:0.001414s ]
INFO: [ app_begin ] --START--
INFO: Run Behavior\ReadHtmlCacheBehavior [ RunTime:0.003112s ]
INFO: [ app_begin ] --END-- [ RunTime:0.003345s ]
SQL: SHOW COLUMNS FROM `food` [ RunTime:0.0166s ]
NOTIC: [2] Missing argument 1 for Think\Model::where(), called in D:\apa\PHP1\restaurant\restaurant\Application\Admin\Controller\FoodController.class.php on line 16 and defined D:\apa\PHP1\restaurant\restaurant\ThinkPHP\Library\Think\Model.class.php 第 1797 行.
NOTIC: [8] Undefined variable: where D:\apa\PHP1\restaurant\restaurant\ThinkPHP\Library\Think\Model.class.php 第 1805 行.
NOTIC: [8] Undefined variable: where D:\apa\PHP1\restaurant\restaurant\ThinkPHP\Library\Think\Model.class.php 第 1808 行.
NOTIC: [8] Undefined variable: where D:\apa\PHP1\restaurant\restaurant\ThinkPHP\Library\Think\Model.class.php 第 1816 行.
SQL: SELECT * FROM `food` ORDER BY time desc LIMIT 0,8   [ RunTime:0.0025s ]
SQL: SELECT COUNT(*) AS tp_count FROM `food` LIMIT 1   [ RunTime:0.0012s ]
INFO: [ view_parse ] --START--
INFO: [ template_filter ] --START--
INFO: Run Behavior\ContentReplaceBehavior [ RunTime:0.000318s ]
INFO: [ template_filter ] --END-- [ RunTime:0.000550s ]
NOTIC: [8] Use of undefined constant ture - assumed 'ture' D:\apa\PHP1\restaurant\restaurant\Application\Runtime\Cache\Admin\7b4f8e2c74b22de9df84ffc1dcade0ad.php 第 108 行.
NOTIC: [8] Use of undefined constant ture - assumed 'ture' D:\apa\PHP1\restaurant\restaurant\Application\Runtime\Cache\Admin\7b4f8e2c74b22de9df84ffc1dcade0ad.php 第 110 行.
NOTIC: [8] Use of undefined constant ture - assumed 'ture' D:\apa\PHP1\restaurant\restaurant\Application\Runtime\Cache\Admin\7b4f8e2c74b22de9df84ffc1dcade0ad.php 第 111 行.
NOTIC: [8] Use of undefined constant ture - assumed 'ture' D:\apa\PHP1\restaurant\restaurant\Application\Runtime\Cache\Admin\7b4f8e2c74b22de9df84ffc1dcade0ad.php 第 108 行.
NOTIC: [8] Use of undefined constant ture - assumed 'ture' D:\apa\PHP1\restaurant\restaurant\Application\Runtime\Cache\Admin\7b4f8e2c74b22de9df84ffc1dcade0ad.php 第 110 行.
NOTIC: [8] Use of undefined constant ture - assumed 'ture' D:\apa\PHP1\restaurant\restaurant\Application\Runtime\Cache\Admin\7b4f8e2c74b22de9df84ffc1dcade0ad.php 第 111 行.
NOTIC: [8] Use of undefined constant ture - assumed 'ture' D:\apa\PHP1\restaurant\restaurant\Application\Runtime\Cache\Admin\7b4f8e2c74b22de9df84ffc1dcade0ad.php 第 108 行.
NOTIC: [8] Use of undefined constant ture - assumed 'ture' D:\apa\PHP1\restaurant\restaurant\Application\Runtime\Cache\Admin\7b4f8e2c74b22de9df84ffc1dcade0ad.php 第 110 行.
NOTIC: [8] Use of undefined constant ture - assumed 'ture' D:\apa\PHP1\restaurant\restaurant\Application\Runtime\Cache\Admin\7b4f8e2c74b22de9df84ffc1dcade0ad.php 第 111 行.
NOTIC: [8] Use of undefined constant ture - assumed 'ture' D:\apa\PHP1\restaurant\restaurant\Application\Runtime\Cache\Admin\7b4f8e2c74b22de9df84ffc1dcade0ad.php 第 108 行.
NOTIC: [8] Use of undefined constant ture - assumed 'ture' D:\apa\PHP1\restaurant\restaurant\Application\Runtime\Cache\Admin\7b4f8e2c74b22de9df84ffc1dcade0ad.php 第 110 行.
NOTIC: [8] Use of undefined constant ture - assumed 'ture' D:\apa\PHP1\restaurant\restaurant\Application\Runtime\Cache\Admin\7b4f8e2c74b22de9df84ffc1dcade0ad.php 第 111 行.
NOTIC: [8] Use of undefined constant ture - assumed 'ture' D:\apa\PHP1\restaurant\restaurant\Application\Runtime\Cache\Admin\7b4f8e2c74b22de9df84ffc1dcade0ad.php 第 108 行.
NOTIC: [8] Use of undefined constant ture - assumed 'ture' D:\apa\PHP1\restaurant\restaurant\Application\Runtime\Cache\Admin\7b4f8e2c74b22de9df84ffc1dcade0ad.php 第 110 行.
NOTIC: [8] Use of undefined constant ture - assumed 'ture' D:\apa\PHP1\restaurant\restaurant\Application\Runtime\Cache\Admin\7b4f8e2c74b22de9df84ffc1dcade0ad.php 第 111 行.
NOTIC: [8] Use of undefined constant ture - assumed 'ture' D:\apa\PHP1\restaurant\restaurant\Application\Runtime\Cache\Admin\7b4f8e2c74b22de9df84ffc1dcade0ad.php 第 108 行.
NOTIC: [8] Use of undefined constant ture - assumed 'ture' D:\apa\PHP1\restaurant\restaurant\Application\Runtime\Cache\Admin\7b4f8e2c74b22de9df84ffc1dcade0ad.php 第 110 行.
NOTIC: [8] Use of undefined constant ture - assumed 'ture' D:\apa\PHP1\restaurant\restaurant\Application\Runtime\Cache\Admin\7b4f8e2c74b22de9df84ffc1dcade0ad.php 第 111 行.
NOTIC: [8] Use of undefined constant ture - assumed 'ture' D:\apa\PHP1\restaurant\restaurant\Application\Runtime\Cache\Admin\7b4f8e2c74b22de9df84ffc1dcade0ad.php 第 108 行.
NOTIC: [8] Use of undefined constant ture - assumed 'ture' D:\apa\PHP1\restaurant\restaurant\Application\Runtime\Cache\Admin\7b4f8e2c74b22de9df84ffc1dcade0ad.php 第 110 行.
NOTIC: [8] Use of undefined constant ture - assumed 'ture' D:\apa\PHP1\restaurant\restaurant\Application\Runtime\Cache\Admin\7b4f8e2c74b22de9df84ffc1dcade0ad.php 第 111 行.
NOTIC: [8] Use of undefined constant ture - assumed 'ture' D:\apa\PHP1\restaurant\restaurant\Application\Runtime\Cache\Admin\7b4f8e2c74b22de9df84ffc1dcade0ad.php 第 108 行.
NOTIC: [8] Use of undefined constant ture - assumed 'ture' D:\apa\PHP1\restaurant\restaurant\Application\Runtime\Cache\Admin\7b4f8e2c74b22de9df84ffc1dcade0ad.php 第 110 行.
NOTIC: [8] Use of undefined constant ture - assumed 'ture' D:\apa\PHP1\restaurant\restaurant\Application\Runtime\Cache\Admin\7b4f8e2c74b22de9df84ffc1dcade0ad.php 第 111 行.
INFO: Run Behavior\ParseTemplateBehavior [ RunTime:0.048204s ]
INFO: [ view_parse ] --END-- [ RunTime:0.048537s ]
INFO: [ view_filter ] --START--
INFO: Run Behavior\WriteHtmlCacheBehavior [ RunTime:0.002629s ]
INFO: [ view_filter ] --END-- [ RunTime:0.002843s ]
INFO: [ app_end ] --START--
INFO: Run Behavior\ShowPageTraceBehavior [ RunTime:0.014568s ]
INFO: [ app_end ] --END-- [ RunTime:0.015084s ]

[ 2018-04-23T20:39:01+08:00 ] 127.0.0.1 /restaurant/restaurant/index.php/Admin/Food/delete/foodId/85
INFO: [ app_init ] --START--
INFO: Run Behavior\BuildLiteBehavior [ RunTime:0.000043s ]
INFO: [ app_init ] --END-- [ RunTime:0.001209s ]
INFO: [ app_begin ] --START--
INFO: Run Behavior\ReadHtmlCacheBehavior [ RunTime:0.002038s ]
INFO: [ app_begin ] --END-- [ RunTime:0.002267s ]
SQL: SHOW COLUMNS FROM `food` [ RunTime:0.0186s ]
SQL: DELETE FROM `food` WHERE ( id=85 ) [ RunTime:0.0791s ]

[ 2018-04-23T20:39:02+08:00 ] 127.0.0.1 /restaurant/restaurant/index.php/Admin/Food/lists/p/1
INFO: [ app_init ] --START--
INFO: Run Behavior\BuildLiteBehavior [ RunTime:0.000042s ]
INFO: [ app_init ] --END-- [ RunTime:0.001022s ]
INFO: [ app_begin ] --START--
INFO: Run Behavior\ReadHtmlCacheBehavior [ RunTime:0.002782s ]
INFO: [ app_begin ] --END-- [ RunTime:0.003085s ]
SQL: SHOW COLUMNS FROM `food` [ RunTime:0.0172s ]
NOTIC: [2] Missing argument 1 for Think\Model::where(), called in D:\apa\PHP1\restaurant\restaurant\Application\Admin\Controller\FoodController.class.php on line 16 and defined D:\apa\PHP1\restaurant\restaurant\ThinkPHP\Library\Think\Model.class.php 第 1797 行.
NOTIC: [8] Undefined variable: where D:\apa\PHP1\restaurant\restaurant\ThinkPHP\Library\Think\Model.class.php 第 1805 行.
NOTIC: [8] Undefined variable: where D:\apa\PHP1\restaurant\restaurant\ThinkPHP\Library\Think\Model.class.php 第 1808 行.
NOTIC: [8] Undefined variable: where D:\apa\PHP1\restaurant\restaurant\ThinkPHP\Library\Think\Model.class.php 第 1816 行.
SQL: SELECT * FROM `food` ORDER BY time desc LIMIT 0,8   [ RunTime:0.0023s ]
SQL: SELECT COUNT(*) AS tp_count FROM `food` LIMIT 1   [ RunTime:0.0008s ]
INFO: [ view_parse ] --START--
INFO: [ template_filter ] --START--
INFO: Run Behavior\ContentReplaceBehavior [ RunTime:0.000295s ]
INFO: [ template_filter ] --END-- [ RunTime:0.000492s ]
NOTIC: [8] Use of undefined constant ture - assumed 'ture' D:\apa\PHP1\restaurant\restaurant\Application\Runtime\Cache\Admin\7b4f8e2c74b22de9df84ffc1dcade0ad.php 第 108 行.
NOTIC: [8] Use of undefined constant ture - assumed 'ture' D:\apa\PHP1\restaurant\restaurant\Application\Runtime\Cache\Admin\7b4f8e2c74b22de9df84ffc1dcade0ad.php 第 110 行.
NOTIC: [8] Use of undefined constant ture - assumed 'ture' D:\apa\PHP1\restaurant\restaurant\Application\Runtime\Cache\Admin\7b4f8e2c74b22de9df84ffc1dcade0ad.php 第 111 行.
NOTIC: [8] Use of undefined constant ture - assumed 'ture' D:\apa\PHP1\restaurant\restaurant\Application\Runtime\Cache\Admin\7b4f8e2c74b22de9df84ffc1dcade0ad.php 第 108 行.
NOTIC: [8] Use of undefined constant ture - assumed 'ture' D:\apa\PHP1\restaurant\restaurant\Application\Runtime\Cache\Admin\7b4f8e2c74b22de9df84ffc1dcade0ad.php 第 110 行.
NOTIC: [8] Use of undefined constant ture - assumed 'ture' D:\apa\PHP1\restaurant\restaurant\Application\Runtime\Cache\Admin\7b4f8e2c74b22de9df84ffc1dcade0ad.php 第 111 行.
NOTIC: [8] Use of undefined constant ture - assumed 'ture' D:\apa\PHP1\restaurant\restaurant\Application\Runtime\Cache\Admin\7b4f8e2c74b22de9df84ffc1dcade0ad.php 第 108 行.
NOTIC: [8] Use of undefined constant ture - assumed 'ture' D:\apa\PHP1\restaurant\restaurant\Application\Runtime\Cache\Admin\7b4f8e2c74b22de9df84ffc1dcade0ad.php 第 110 行.
NOTIC: [8] Use of undefined constant ture - assumed 'ture' D:\apa\PHP1\restaurant\restaurant\Application\Runtime\Cache\Admin\7b4f8e2c74b22de9df84ffc1dcade0ad.php 第 111 行.
NOTIC: [8] Use of undefined constant ture - assumed 'ture' D:\apa\PHP1\restaurant\restaurant\Application\Runtime\Cache\Admin\7b4f8e2c74b22de9df84ffc1dcade0ad.php 第 108 行.
NOTIC: [8] Use of undefined constant ture - assumed 'ture' D:\apa\PHP1\restaurant\restaurant\Application\Runtime\Cache\Admin\7b4f8e2c74b22de9df84ffc1dcade0ad.php 第 110 行.
NOTIC: [8] Use of undefined constant ture - assumed 'ture' D:\apa\PHP1\restaurant\restaurant\Application\Runtime\Cache\Admin\7b4f8e2c74b22de9df84ffc1dcade0ad.php 第 111 行.
NOTIC: [8] Use of undefined constant ture - assumed 'ture' D:\apa\PHP1\restaurant\restaurant\Application\Runtime\Cache\Admin\7b4f8e2c74b22de9df84ffc1dcade0ad.php 第 108 行.
NOTIC: [8] Use of undefined constant ture - assumed 'ture' D:\apa\PHP1\restaurant\restaurant\Application\Runtime\Cache\Admin\7b4f8e2c74b22de9df84ffc1dcade0ad.php 第 110 行.
NOTIC: [8] Use of undefined constant ture - assumed 'ture' D:\apa\PHP1\restaurant\restaurant\Application\Runtime\Cache\Admin\7b4f8e2c74b22de9df84ffc1dcade0ad.php 第 111 行.
NOTIC: [8] Use of undefined constant ture - assumed 'ture' D:\apa\PHP1\restaurant\restaurant\Application\Runtime\Cache\Admin\7b4f8e2c74b22de9df84ffc1dcade0ad.php 第 108 行.
NOTIC: [8] Use of undefined constant ture - assumed 'ture' D:\apa\PHP1\restaurant\restaurant\Application\Runtime\Cache\Admin\7b4f8e2c74b22de9df84ffc1dcade0ad.php 第 110 行.
NOTIC: [8] Use of undefined constant ture - assumed 'ture' D:\apa\PHP1\restaurant\restaurant\Application\Runtime\Cache\Admin\7b4f8e2c74b22de9df84ffc1dcade0ad.php 第 111 行.
NOTIC: [8] Use of undefined constant ture - assumed 'ture' D:\apa\PHP1\restaurant\restaurant\Application\Runtime\Cache\Admin\7b4f8e2c74b22de9df84ffc1dcade0ad.php 第 108 行.
NOTIC: [8] Use of undefined constant ture - assumed 'ture' D:\apa\PHP1\restaurant\restaurant\Application\Runtime\Cache\Admin\7b4f8e2c74b22de9df84ffc1dcade0ad.php 第 110 行.
NOTIC: [8] Use of undefined constant ture - assumed 'ture' D:\apa\PHP1\restaurant\restaurant\Application\Runtime\Cache\Admin\7b4f8e2c74b22de9df84ffc1dcade0ad.php 第 111 行.
NOTIC: [8] Use of undefined constant ture - assumed 'ture' D:\apa\PHP1\restaurant\restaurant\Application\Runtime\Cache\Admin\7b4f8e2c74b22de9df84ffc1dcade0ad.php 第 108 行.
NOTIC: [8] Use of undefined constant ture - assumed 'ture' D:\apa\PHP1\restaurant\restaurant\Application\Runtime\Cache\Admin\7b4f8e2c74b22de9df84ffc1dcade0ad.php 第 110 行.
NOTIC: [8] Use of undefined constant ture - assumed 'ture' D:\apa\PHP1\restaurant\restaurant\Application\Runtime\Cache\Admin\7b4f8e2c74b22de9df84ffc1dcade0ad.php 第 111 行.
INFO: Run Behavior\ParseTemplateBehavior [ RunTime:0.040886s ]
INFO: [ view_parse ] --END-- [ RunTime:0.041106s ]
INFO: [ view_filter ] --START--
INFO: Run Behavior\WriteHtmlCacheBehavior [ RunTime:0.001120s ]
INFO: [ view_filter ] --END-- [ RunTime:0.001290s ]
INFO: [ app_end ] --START--
INFO: Run Behavior\ShowPageTraceBehavior [ RunTime:0.003340s ]
INFO: [ app_end ] --END-- [ RunTime:0.003584s ]

[ 2018-04-23T20:39:07+08:00 ] 127.0.0.1 /restaurant/restaurant/index.php/Admin/Index/index
INFO: [ app_init ] --START--
INFO: Run Behavior\BuildLiteBehavior [ RunTime:0.000054s ]
INFO: [ app_init ] --END-- [ RunTime:0.001605s ]
INFO: [ app_begin ] --START--
INFO: Run Behavior\ReadHtmlCacheBehavior [ RunTime:0.003820s ]
INFO: [ app_begin ] --END-- [ RunTime:0.004347s ]
INFO: [ view_parse ] --START--
INFO: [ template_filter ] --START--
INFO: Run Behavior\ContentReplaceBehavior [ RunTime:0.000735s ]
INFO: [ template_filter ] --END-- [ RunTime:0.001133s ]
INFO: Run Behavior\ParseTemplateBehavior [ RunTime:0.050789s ]
INFO: [ view_parse ] --END-- [ RunTime:0.051156s ]
INFO: [ view_filter ] --START--
INFO: Run Behavior\WriteHtmlCacheBehavior [ RunTime:0.001866s ]
INFO: [ view_filter ] --END-- [ RunTime:0.002045s ]
INFO: [ app_end ] --START--
INFO: Run Behavior\ShowPageTraceBehavior [ RunTime:0.002811s ]
INFO: [ app_end ] --END-- [ RunTime:0.003078s ]

[ 2018-04-23T20:41:58+08:00 ] 127.0.0.1 /restaurant/restaurant/index.php/Admin/Index/index
INFO: [ app_init ] --START--
INFO: Run Behavior\BuildLiteBehavior [ RunTime:0.000042s ]
INFO: [ app_init ] --END-- [ RunTime:0.001215s ]
INFO: [ app_begin ] --START--
INFO: Run Behavior\ReadHtmlCacheBehavior [ RunTime:0.002554s ]
INFO: [ app_begin ] --END-- [ RunTime:0.002769s ]
INFO: [ view_parse ] --START--
INFO: [ template_filter ] --START--
INFO: Run Behavior\ContentReplaceBehavior [ RunTime:0.000296s ]
INFO: [ template_filter ] --END-- [ RunTime:0.000547s ]
INFO: Run Behavior\ParseTemplateBehavior [ RunTime:0.040541s ]
INFO: [ view_parse ] --END-- [ RunTime:0.040793s ]
INFO: [ view_filter ] --START--
INFO: Run Behavior\WriteHtmlCacheBehavior [ RunTime:0.001924s ]
INFO: [ view_filter ] --END-- [ RunTime:0.002131s ]
INFO: [ app_end ] --START--
INFO: Run Behavior\ShowPageTraceBehavior [ RunTime:0.005090s ]
INFO: [ app_end ] --END-- [ RunTime:0.005346s ]

[ 2018-04-23T20:42:25+08:00 ] 127.0.0.1 /restaurant/restaurant/index.php/Admin/Index/index
INFO: [ app_init ] --START--
INFO: Run Behavior\BuildLiteBehavior [ RunTime:0.000050s ]
INFO: [ app_init ] --END-- [ RunTime:0.001323s ]
INFO: [ app_begin ] --START--
INFO: Run Behavior\ReadHtmlCacheBehavior [ RunTime:0.001910s ]
INFO: [ app_begin ] --END-- [ RunTime:0.002147s ]
INFO: [ view_parse ] --START--
INFO: [ template_filter ] --START--
INFO: Run Behavior\ContentReplaceBehavior [ RunTime:0.000284s ]
INFO: [ template_filter ] --END-- [ RunTime:0.000551s ]
INFO: Run Behavior\ParseTemplateBehavior [ RunTime:0.038273s ]
INFO: [ view_parse ] --END-- [ RunTime:0.038509s ]
INFO: [ view_filter ] --START--
INFO: Run Behavior\WriteHtmlCacheBehavior [ RunTime:0.001154s ]
INFO: [ view_filter ] --END-- [ RunTime:0.001353s ]
INFO: [ app_end ] --START--
INFO: Run Behavior\ShowPageTraceBehavior [ RunTime:0.002278s ]
INFO: [ app_end ] --END-- [ RunTime:0.002523s ]

