[ 2018-04-09T21:23:30+08:00 ] 127.0.0.1 /restaurant/index.php/Admin
INFO: [ app_init ] --START--
INFO: Run Behavior\BuildLiteBehavior [ RunTime:0.000045s ]
INFO: [ app_init ] --END-- [ RunTime:0.001280s ]
INFO: [ app_begin ] --START--
INFO: Run Behavior\ReadHtmlCacheBehavior [ RunTime:0.002060s ]
INFO: [ app_begin ] --END-- [ RunTime:0.002277s ]
INFO: [ view_parse ] --START--
INFO: [ template_filter ] --START--
INFO: Run Behavior\ContentReplaceBehavior [ RunTime:0.000155s ]
INFO: [ template_filter ] --END-- [ RunTime:0.000366s ]
INFO: Run Behavior\ParseTemplateBehavior [ RunTime:0.047012s ]
INFO: [ view_parse ] --END-- [ RunTime:0.047250s ]
INFO: [ view_filter ] --START--
INFO: Run Behavior\WriteHtmlCacheBehavior [ RunTime:0.001281s ]
INFO: [ view_filter ] --END-- [ RunTime:0.001461s ]

[ 2018-04-09T21:23:33+08:00 ] 127.0.0.1 /restaurant/index.php/Admin/Admin/login
INFO: [ app_init ] --START--
INFO: Run Behavior\BuildLiteBehavior [ RunTime:0.000051s ]
INFO: [ app_init ] --END-- [ RunTime:0.001148s ]
INFO: [ app_begin ] --START--
INFO: Run Behavior\ReadHtmlCacheBehavior [ RunTime:0.003971s ]
INFO: [ app_begin ] --END-- [ RunTime:0.004242s ]
INFO: [ view_parse ] --START--
INFO: [ template_filter ] --START--
INFO: Run Behavior\ContentReplaceBehavior [ RunTime:0.000175s ]
INFO: [ template_filter ] --END-- [ RunTime:0.000396s ]
INFO: Run Behavior\ParseTemplateBehavior [ RunTime:0.039559s ]
INFO: [ view_parse ] --END-- [ RunTime:0.039813s ]
INFO: [ view_filter ] --START--
INFO: Run Behavior\WriteHtmlCacheBehavior [ RunTime:0.001374s ]
INFO: [ view_filter ] --END-- [ RunTime:0.001556s ]
INFO: [ app_end ] --START--
INFO: Run Behavior\ShowPageTraceBehavior [ RunTime:0.002773s ]
INFO: [ app_end ] --END-- [ RunTime:0.003065s ]

[ 2018-04-09T21:23:43+08:00 ] 127.0.0.1 /restaurant/index.php/Admin/Admin/login
INFO: [ app_init ] --START--
INFO: Run Behavior\BuildLiteBehavior [ RunTime:0.000050s ]
INFO: [ app_init ] --END-- [ RunTime:0.001520s ]
INFO: [ app_begin ] --START--
INFO: Run Behavior\ReadHtmlCacheBehavior [ RunTime:0.002001s ]
INFO: [ app_begin ] --END-- [ RunTime:0.002227s ]
SQL: SHOW COLUMNS FROM `admin_user` [ RunTime:0.0190s ]
SQL: SELECT COUNT(*) AS tp_count FROM `admin_user` WHERE `username` = 'gaozhiqin' AND `password` = '123456' LIMIT 1   [ RunTime:0.0010s ]

[ 2018-04-09T21:23:44+08:00 ] 127.0.0.1 /restaurant/index.php/Admin/Index/index
INFO: [ app_init ] --START--
INFO: Run Behavior\BuildLiteBehavior [ RunTime:0.000044s ]
INFO: [ app_init ] --END-- [ RunTime:0.001213s ]
INFO: [ app_begin ] --START--
INFO: Run Behavior\ReadHtmlCacheBehavior [ RunTime:0.001513s ]
INFO: [ app_begin ] --END-- [ RunTime:0.001707s ]
INFO: [ view_parse ] --START--
INFO: [ template_filter ] --START--
INFO: Run Behavior\ContentReplaceBehavior [ RunTime:0.000290s ]
INFO: [ template_filter ] --END-- [ RunTime:0.000524s ]
INFO: Run Behavior\ParseTemplateBehavior [ RunTime:0.061761s ]
INFO: [ view_parse ] --END-- [ RunTime:0.061999s ]
INFO: [ view_filter ] --START--
INFO: Run Behavior\WriteHtmlCacheBehavior [ RunTime:0.001536s ]
INFO: [ view_filter ] --END-- [ RunTime:0.001757s ]
INFO: [ app_end ] --START--
INFO: Run Behavior\ShowPageTraceBehavior [ RunTime:0.005335s ]
INFO: [ app_end ] --END-- [ RunTime:0.005655s ]

[ 2018-04-09T21:24:27+08:00 ] 127.0.0.1 /restaurant/index.php/Admin/Industry/lists/p/1
INFO: [ app_init ] --START--
INFO: Run Behavior\BuildLiteBehavior [ RunTime:0.000041s ]
INFO: [ app_init ] --END-- [ RunTime:0.001185s ]
INFO: [ app_begin ] --START--
INFO: Run Behavior\ReadHtmlCacheBehavior [ RunTime:0.002922s ]
INFO: [ app_begin ] --END-- [ RunTime:0.003223s ]
SQL: SHOW COLUMNS FROM `industry` [ RunTime:0.0469s ]
SQL: SELECT * FROM `industry`  [ RunTime:0.0014s ]
INFO: [ view_parse ] --START--
INFO: [ template_filter ] --START--
INFO: Run Behavior\ContentReplaceBehavior [ RunTime:0.000291s ]
INFO: [ template_filter ] --END-- [ RunTime:0.000499s ]
NOTIC: [8] Use of undefined constant ture - assumed 'ture' D:\apa\PHP1\restaurant\Application\Runtime\Cache\Admin\abd1255a7522e96e5c515da10dd63e97.php 第 114 行.
NOTIC: [8] Use of undefined constant ture - assumed 'ture' D:\apa\PHP1\restaurant\Application\Runtime\Cache\Admin\abd1255a7522e96e5c515da10dd63e97.php 第 115 行.
NOTIC: [8] Use of undefined constant ture - assumed 'ture' D:\apa\PHP1\restaurant\Application\Runtime\Cache\Admin\abd1255a7522e96e5c515da10dd63e97.php 第 114 行.
NOTIC: [8] Use of undefined constant ture - assumed 'ture' D:\apa\PHP1\restaurant\Application\Runtime\Cache\Admin\abd1255a7522e96e5c515da10dd63e97.php 第 115 行.
NOTIC: [8] Use of undefined constant ture - assumed 'ture' D:\apa\PHP1\restaurant\Application\Runtime\Cache\Admin\abd1255a7522e96e5c515da10dd63e97.php 第 114 行.
NOTIC: [8] Use of undefined constant ture - assumed 'ture' D:\apa\PHP1\restaurant\Application\Runtime\Cache\Admin\abd1255a7522e96e5c515da10dd63e97.php 第 115 行.
NOTIC: [8] Use of undefined constant ture - assumed 'ture' D:\apa\PHP1\restaurant\Application\Runtime\Cache\Admin\abd1255a7522e96e5c515da10dd63e97.php 第 114 行.
NOTIC: [8] Use of undefined constant ture - assumed 'ture' D:\apa\PHP1\restaurant\Application\Runtime\Cache\Admin\abd1255a7522e96e5c515da10dd63e97.php 第 115 行.
NOTIC: [8] Undefined variable: page D:\apa\PHP1\restaurant\Application\Runtime\Cache\Admin\abd1255a7522e96e5c515da10dd63e97.php 第 127 行.
INFO: Run Behavior\ParseTemplateBehavior [ RunTime:0.056928s ]
INFO: [ view_parse ] --END-- [ RunTime:0.057125s ]
INFO: [ view_filter ] --START--
INFO: Run Behavior\WriteHtmlCacheBehavior [ RunTime:0.001202s ]
INFO: [ view_filter ] --END-- [ RunTime:0.001374s ]
INFO: [ app_end ] --START--
INFO: Run Behavior\ShowPageTraceBehavior [ RunTime:0.003004s ]
INFO: [ app_end ] --END-- [ RunTime:0.003317s ]

[ 2018-04-09T21:25:22+08:00 ] 127.0.0.1 /restaurant/index.php/Admin/Industry/lists/p/1
INFO: [ app_init ] --START--
INFO: Run Behavior\BuildLiteBehavior [ RunTime:0.000053s ]
INFO: [ app_init ] --END-- [ RunTime:0.002212s ]
INFO: [ app_begin ] --START--
INFO: Run Behavior\ReadHtmlCacheBehavior [ RunTime:0.002258s ]
INFO: [ app_begin ] --END-- [ RunTime:0.002465s ]
SQL: SHOW COLUMNS FROM `industry` [ RunTime:0.0180s ]
SQL: SELECT * FROM `industry`  [ RunTime:0.0012s ]
INFO: [ view_parse ] --START--
INFO: [ template_filter ] --START--
INFO: Run Behavior\ContentReplaceBehavior [ RunTime:0.000288s ]
INFO: [ template_filter ] --END-- [ RunTime:0.000499s ]
NOTIC: [8] Use of undefined constant ture - assumed 'ture' D:\apa\PHP1\restaurant\Application\Runtime\Cache\Admin\abd1255a7522e96e5c515da10dd63e97.php 第 114 行.
NOTIC: [8] Use of undefined constant ture - assumed 'ture' D:\apa\PHP1\restaurant\Application\Runtime\Cache\Admin\abd1255a7522e96e5c515da10dd63e97.php 第 115 行.
NOTIC: [8] Use of undefined constant ture - assumed 'ture' D:\apa\PHP1\restaurant\Application\Runtime\Cache\Admin\abd1255a7522e96e5c515da10dd63e97.php 第 114 行.
NOTIC: [8] Use of undefined constant ture - assumed 'ture' D:\apa\PHP1\restaurant\Application\Runtime\Cache\Admin\abd1255a7522e96e5c515da10dd63e97.php 第 115 行.
NOTIC: [8] Use of undefined constant ture - assumed 'ture' D:\apa\PHP1\restaurant\Application\Runtime\Cache\Admin\abd1255a7522e96e5c515da10dd63e97.php 第 114 行.
NOTIC: [8] Use of undefined constant ture - assumed 'ture' D:\apa\PHP1\restaurant\Application\Runtime\Cache\Admin\abd1255a7522e96e5c515da10dd63e97.php 第 115 行.
NOTIC: [8] Use of undefined constant ture - assumed 'ture' D:\apa\PHP1\restaurant\Application\Runtime\Cache\Admin\abd1255a7522e96e5c515da10dd63e97.php 第 114 行.
NOTIC: [8] Use of undefined constant ture - assumed 'ture' D:\apa\PHP1\restaurant\Application\Runtime\Cache\Admin\abd1255a7522e96e5c515da10dd63e97.php 第 115 行.
NOTIC: [8] Undefined variable: page D:\apa\PHP1\restaurant\Application\Runtime\Cache\Admin\abd1255a7522e96e5c515da10dd63e97.php 第 127 行.
INFO: Run Behavior\ParseTemplateBehavior [ RunTime:0.051481s ]
INFO: [ view_parse ] --END-- [ RunTime:0.051685s ]
INFO: [ view_filter ] --START--
INFO: Run Behavior\WriteHtmlCacheBehavior [ RunTime:0.002995s ]
INFO: [ view_filter ] --END-- [ RunTime:0.003285s ]
INFO: [ app_end ] --START--
INFO: Run Behavior\ShowPageTraceBehavior [ RunTime:0.004918s ]
INFO: [ app_end ] --END-- [ RunTime:0.005222s ]

[ 2018-04-09T21:25:29+08:00 ] 127.0.0.1 /restaurant/index.php/Admin/Index/index
INFO: [ app_init ] --START--
INFO: Run Behavior\BuildLiteBehavior [ RunTime:0.000044s ]
INFO: [ app_init ] --END-- [ RunTime:0.001123s ]
INFO: [ app_begin ] --START--
INFO: Run Behavior\ReadHtmlCacheBehavior [ RunTime:0.001479s ]
INFO: [ app_begin ] --END-- [ RunTime:0.001690s ]
INFO: [ view_parse ] --START--
INFO: [ template_filter ] --START--
INFO: Run Behavior\ContentReplaceBehavior [ RunTime:0.000293s ]
INFO: [ template_filter ] --END-- [ RunTime:0.001447s ]
INFO: Run Behavior\ParseTemplateBehavior [ RunTime:0.069050s ]
INFO: [ view_parse ] --END-- [ RunTime:0.069342s ]
INFO: [ view_filter ] --START--
INFO: Run Behavior\WriteHtmlCacheBehavior [ RunTime:0.001381s ]
INFO: [ view_filter ] --END-- [ RunTime:0.001553s ]
INFO: [ app_end ] --START--
INFO: Run Behavior\ShowPageTraceBehavior [ RunTime:0.007329s ]
INFO: [ app_end ] --END-- [ RunTime:0.007635s ]

[ 2018-04-09T21:25:40+08:00 ] 127.0.0.1 /restaurant/index.php/Admin/Index/index
INFO: [ app_init ] --START--
INFO: Run Behavior\BuildLiteBehavior [ RunTime:0.000072s ]
INFO: [ app_init ] --END-- [ RunTime:0.001322s ]
INFO: [ app_begin ] --START--
INFO: Run Behavior\ReadHtmlCacheBehavior [ RunTime:0.002770s ]
INFO: [ app_begin ] --END-- [ RunTime:0.003071s ]
INFO: [ view_parse ] --START--
INFO: [ template_filter ] --START--
INFO: Run Behavior\ContentReplaceBehavior [ RunTime:0.000300s ]
INFO: [ template_filter ] --END-- [ RunTime:0.000519s ]
INFO: Run Behavior\ParseTemplateBehavior [ RunTime:0.041237s ]
INFO: [ view_parse ] --END-- [ RunTime:0.041468s ]
INFO: [ view_filter ] --START--
INFO: Run Behavior\WriteHtmlCacheBehavior [ RunTime:0.001609s ]
INFO: [ view_filter ] --END-- [ RunTime:0.001833s ]
INFO: [ app_end ] --START--
INFO: Run Behavior\ShowPageTraceBehavior [ RunTime:0.003057s ]
INFO: [ app_end ] --END-- [ RunTime:0.003298s ]

[ 2018-04-09T21:26:09+08:00 ] 127.0.0.1 /restaurant/index.php/Admin/Index/index
INFO: [ app_init ] --START--
INFO: Run Behavior\BuildLiteBehavior [ RunTime:0.000042s ]
INFO: [ app_init ] --END-- [ RunTime:0.001106s ]
INFO: [ app_begin ] --START--
INFO: Run Behavior\ReadHtmlCacheBehavior [ RunTime:0.001839s ]
INFO: [ app_begin ] --END-- [ RunTime:0.002066s ]
INFO: [ view_parse ] --START--
INFO: [ template_filter ] --START--
INFO: Run Behavior\ContentReplaceBehavior [ RunTime:0.000288s ]
INFO: [ template_filter ] --END-- [ RunTime:0.000519s ]
INFO: Run Behavior\ParseTemplateBehavior [ RunTime:0.039679s ]
INFO: [ view_parse ] --END-- [ RunTime:0.039918s ]
INFO: [ view_filter ] --START--
INFO: Run Behavior\WriteHtmlCacheBehavior [ RunTime:0.001468s ]
INFO: [ view_filter ] --END-- [ RunTime:0.001663s ]
INFO: [ app_end ] --START--
INFO: Run Behavior\ShowPageTraceBehavior [ RunTime:0.004911s ]
INFO: [ app_end ] --END-- [ RunTime:0.005154s ]

[ 2018-04-09T21:27:46+08:00 ] 127.0.0.1 /restaurant/index.php/Admin/Index/index
INFO: [ app_init ] --START--
INFO: Run Behavior\BuildLiteBehavior [ RunTime:0.000043s ]
INFO: [ app_init ] --END-- [ RunTime:0.001200s ]
INFO: [ app_begin ] --START--
INFO: Run Behavior\ReadHtmlCacheBehavior [ RunTime:0.002065s ]
INFO: [ app_begin ] --END-- [ RunTime:0.002299s ]
INFO: [ view_parse ] --START--
INFO: [ template_filter ] --START--
INFO: Run Behavior\ContentReplaceBehavior [ RunTime:0.000318s ]
INFO: [ template_filter ] --END-- [ RunTime:0.000604s ]
INFO: Run Behavior\ParseTemplateBehavior [ RunTime:0.041923s ]
INFO: [ view_parse ] --END-- [ RunTime:0.042232s ]
INFO: [ view_filter ] --START--
INFO: Run Behavior\WriteHtmlCacheBehavior [ RunTime:0.001324s ]
INFO: [ view_filter ] --END-- [ RunTime:0.001539s ]
INFO: [ app_end ] --START--
INFO: Run Behavior\ShowPageTraceBehavior [ RunTime:0.003603s ]
INFO: [ app_end ] --END-- [ RunTime:0.003906s ]

[ 2018-04-09T21:28:08+08:00 ] 127.0.0.1 /restaurant/index.php/Admin/Index/index
INFO: [ app_init ] --START--
INFO: Run Behavior\BuildLiteBehavior [ RunTime:0.000090s ]
INFO: [ app_init ] --END-- [ RunTime:0.001667s ]
INFO: [ app_begin ] --START--
INFO: Run Behavior\ReadHtmlCacheBehavior [ RunTime:0.002417s ]
INFO: [ app_begin ] --END-- [ RunTime:0.002684s ]
INFO: [ view_parse ] --START--
INFO: [ template_filter ] --START--
INFO: Run Behavior\ContentReplaceBehavior [ RunTime:0.000329s ]
INFO: [ template_filter ] --END-- [ RunTime:0.000580s ]
INFO: Run Behavior\ParseTemplateBehavior [ RunTime:0.040019s ]
INFO: [ view_parse ] --END-- [ RunTime:0.040259s ]
INFO: [ view_filter ] --START--
INFO: Run Behavior\WriteHtmlCacheBehavior [ RunTime:0.001435s ]
INFO: [ view_filter ] --END-- [ RunTime:0.001607s ]
INFO: [ app_end ] --START--
INFO: Run Behavior\ShowPageTraceBehavior [ RunTime:0.002772s ]
INFO: [ app_end ] --END-- [ RunTime:0.003000s ]

[ 2018-04-09T21:28:23+08:00 ] 127.0.0.1 /restaurant/index.php/Admin/Index/index
INFO: [ app_init ] --START--
INFO: Run Behavior\BuildLiteBehavior [ RunTime:0.000048s ]
INFO: [ app_init ] --END-- [ RunTime:0.001297s ]
INFO: [ app_begin ] --START--
INFO: Run Behavior\ReadHtmlCacheBehavior [ RunTime:0.001860s ]
INFO: [ app_begin ] --END-- [ RunTime:0.002130s ]
INFO: [ view_parse ] --START--
INFO: [ template_filter ] --START--
INFO: Run Behavior\ContentReplaceBehavior [ RunTime:0.000284s ]
INFO: [ template_filter ] --END-- [ RunTime:0.000505s ]
INFO: Run Behavior\ParseTemplateBehavior [ RunTime:0.036499s ]
INFO: [ view_parse ] --END-- [ RunTime:0.036729s ]
INFO: [ view_filter ] --START--
INFO: Run Behavior\WriteHtmlCacheBehavior [ RunTime:0.000820s ]
INFO: [ view_filter ] --END-- [ RunTime:0.000990s ]
INFO: [ app_end ] --START--
INFO: Run Behavior\ShowPageTraceBehavior [ RunTime:0.001740s ]
INFO: [ app_end ] --END-- [ RunTime:0.001958s ]

