[ 2018-05-04T16:04:42+08:00 ] 127.0.0.1 /restaurant/restaurant/index.php/admin/
INFO: [ app_init ] --START--
INFO: Run Behavior\BuildLiteBehavior [ RunTime:0.000047s ]
INFO: [ app_init ] --END-- [ RunTime:0.001258s ]
INFO: [ app_begin ] --START--
INFO: Run Behavior\ReadHtmlCacheBehavior [ RunTime:0.002195s ]
INFO: [ app_begin ] --END-- [ RunTime:0.002438s ]
INFO: [ view_parse ] --START--
INFO: [ template_filter ] --START--
INFO: Run Behavior\ContentReplaceBehavior [ RunTime:0.000166s ]
INFO: [ template_filter ] --END-- [ RunTime:0.000406s ]
INFO: Run Behavior\ParseTemplateBehavior [ RunTime:0.023067s ]
INFO: [ view_parse ] --END-- [ RunTime:0.023293s ]
INFO: [ view_filter ] --START--
INFO: Run Behavior\WriteHtmlCacheBehavior [ RunTime:0.000969s ]
INFO: [ view_filter ] --END-- [ RunTime:0.001136s ]

[ 2018-05-04T16:04:45+08:00 ] 127.0.0.1 /restaurant/restaurant/index.php/Admin/Admin/login
INFO: [ app_init ] --START--
INFO: Run Behavior\BuildLiteBehavior [ RunTime:0.000439s ]
INFO: [ app_init ] --END-- [ RunTime:0.002009s ]
INFO: [ app_begin ] --START--
INFO: Run Behavior\ReadHtmlCacheBehavior [ RunTime:0.001634s ]
INFO: [ app_begin ] --END-- [ RunTime:0.001846s ]
INFO: [ view_parse ] --START--
INFO: [ template_filter ] --START--
INFO: Run Behavior\ContentReplaceBehavior [ RunTime:0.000200s ]
INFO: [ template_filter ] --END-- [ RunTime:0.000448s ]
INFO: Run Behavior\ParseTemplateBehavior [ RunTime:0.025341s ]
INFO: [ view_parse ] --END-- [ RunTime:0.025592s ]
INFO: [ view_filter ] --START--
INFO: Run Behavior\WriteHtmlCacheBehavior [ RunTime:0.000696s ]
INFO: [ view_filter ] --END-- [ RunTime:0.000873s ]
INFO: [ app_end ] --START--
INFO: Run Behavior\ShowPageTraceBehavior [ RunTime:0.001838s ]
INFO: [ app_end ] --END-- [ RunTime:0.002029s ]

[ 2018-05-04T16:04:49+08:00 ] 127.0.0.1 /restaurant/restaurant/index.php/Admin/Admin/login
INFO: [ app_init ] --START--
INFO: Run Behavior\BuildLiteBehavior [ RunTime:0.000043s ]
INFO: [ app_init ] --END-- [ RunTime:0.001176s ]
INFO: [ app_begin ] --START--
INFO: Run Behavior\ReadHtmlCacheBehavior [ RunTime:0.001892s ]
INFO: [ app_begin ] --END-- [ RunTime:0.002115s ]
SQL: SHOW COLUMNS FROM `admin_user` [ RunTime:0.0163s ]
SQL: SELECT COUNT(*) AS tp_count FROM `admin_user` WHERE `username` = 'wangna' AND `password` = '123456' LIMIT 1   [ RunTime:0.0009s ]

[ 2018-05-04T16:04:49+08:00 ] 127.0.0.1 /restaurant/restaurant/index.php/Admin/Index/index
INFO: [ app_init ] --START--
INFO: Run Behavior\BuildLiteBehavior [ RunTime:0.000044s ]
INFO: [ app_init ] --END-- [ RunTime:0.001022s ]
INFO: [ app_begin ] --START--
INFO: Run Behavior\ReadHtmlCacheBehavior [ RunTime:0.002089s ]
INFO: [ app_begin ] --END-- [ RunTime:0.002354s ]
INFO: [ view_parse ] --START--
INFO: [ template_filter ] --START--
INFO: Run Behavior\ContentReplaceBehavior [ RunTime:0.000285s ]
INFO: [ template_filter ] --END-- [ RunTime:0.000510s ]
INFO: Run Behavior\ParseTemplateBehavior [ RunTime:0.055085s ]
INFO: [ view_parse ] --END-- [ RunTime:0.055350s ]
INFO: [ view_filter ] --START--
INFO: Run Behavior\WriteHtmlCacheBehavior [ RunTime:0.001062s ]
INFO: [ view_filter ] --END-- [ RunTime:0.001240s ]
INFO: [ app_end ] --START--
INFO: Run Behavior\ShowPageTraceBehavior [ RunTime:0.002864s ]
INFO: [ app_end ] --END-- [ RunTime:0.005302s ]

[ 2018-05-04T16:04:55+08:00 ] 127.0.0.1 /restaurant/restaurant/index.php/Admin/Sum/lists/p/1
INFO: [ app_init ] --START--
INFO: Run Behavior\BuildLiteBehavior [ RunTime:0.000069s ]
INFO: [ app_init ] --END-- [ RunTime:0.001314s ]
INFO: [ app_begin ] --START--
INFO: Run Behavior\ReadHtmlCacheBehavior [ RunTime:0.002309s ]
INFO: [ app_begin ] --END-- [ RunTime:0.002635s ]
SQL: SHOW COLUMNS FROM `order` [ RunTime:0.0168s ]
NOTIC: [2] Missing argument 1 for Think\Model::where(), called in D:\apa\PHP1\restaurant\restaurant\Application\Admin\Controller\SumController.class.php on line 16 and defined D:\apa\PHP1\restaurant\restaurant\ThinkPHP\Library\Think\Model.class.php 第 1797 行.
NOTIC: [8] Undefined variable: where D:\apa\PHP1\restaurant\restaurant\ThinkPHP\Library\Think\Model.class.php 第 1805 行.
NOTIC: [8] Undefined variable: where D:\apa\PHP1\restaurant\restaurant\ThinkPHP\Library\Think\Model.class.php 第 1808 行.
NOTIC: [8] Undefined variable: where D:\apa\PHP1\restaurant\restaurant\ThinkPHP\Library\Think\Model.class.php 第 1816 行.
SQL: SELECT sum(sum),`name` FROM `order` GROUP BY name ORDER BY sum(sum) desc LIMIT 0,6   [ RunTime:0.0093s ]
SQL: SELECT COUNT(*) AS tp_count FROM `order` LIMIT 1   [ RunTime:0.0010s ]
INFO: [ view_parse ] --START--
INFO: [ template_filter ] --START--
INFO: Run Behavior\ContentReplaceBehavior [ RunTime:0.000299s ]
INFO: [ template_filter ] --END-- [ RunTime:0.000522s ]
INFO: Run Behavior\ParseTemplateBehavior [ RunTime:0.050248s ]
INFO: [ view_parse ] --END-- [ RunTime:0.050489s ]
INFO: [ view_filter ] --START--
INFO: Run Behavior\WriteHtmlCacheBehavior [ RunTime:0.000951s ]
INFO: [ view_filter ] --END-- [ RunTime:0.001122s ]
INFO: [ app_end ] --START--
INFO: Run Behavior\ShowPageTraceBehavior [ RunTime:0.002822s ]
INFO: [ app_end ] --END-- [ RunTime:0.003090s ]

[ 2018-05-04T16:08:55+08:00 ] 127.0.0.1 /restaurant/restaurant/index.php/Admin/Sum/lists/p/1
INFO: [ app_init ] --START--
INFO: Run Behavior\BuildLiteBehavior [ RunTime:0.000047s ]
INFO: [ app_init ] --END-- [ RunTime:0.001212s ]
INFO: [ app_begin ] --START--
INFO: Run Behavior\ReadHtmlCacheBehavior [ RunTime:0.002506s ]
INFO: [ app_begin ] --END-- [ RunTime:0.003178s ]
SQL: SHOW COLUMNS FROM `order` [ RunTime:0.0182s ]
NOTIC: [2] Missing argument 1 for Think\Model::where(), called in D:\apa\PHP1\restaurant\restaurant\Application\Admin\Controller\SumController.class.php on line 16 and defined D:\apa\PHP1\restaurant\restaurant\ThinkPHP\Library\Think\Model.class.php 第 1797 行.
NOTIC: [8] Undefined variable: where D:\apa\PHP1\restaurant\restaurant\ThinkPHP\Library\Think\Model.class.php 第 1805 行.
NOTIC: [8] Undefined variable: where D:\apa\PHP1\restaurant\restaurant\ThinkPHP\Library\Think\Model.class.php 第 1808 行.
NOTIC: [8] Undefined variable: where D:\apa\PHP1\restaurant\restaurant\ThinkPHP\Library\Think\Model.class.php 第 1816 行.
SQL: SELECT sum(sum),`name` FROM `order` GROUP BY name ORDER BY sum(sum) desc LIMIT 0,6   [ RunTime:0.0010s ]
SQL: SELECT COUNT(*) AS tp_count FROM `order` LIMIT 1   [ RunTime:0.0007s ]
INFO: [ view_parse ] --START--
INFO: [ template_filter ] --START--
INFO: Run Behavior\ContentReplaceBehavior [ RunTime:0.000300s ]
INFO: [ template_filter ] --END-- [ RunTime:0.000520s ]
INFO: Run Behavior\ParseTemplateBehavior [ RunTime:0.040000s ]
INFO: [ view_parse ] --END-- [ RunTime:0.040238s ]
INFO: [ view_filter ] --START--
INFO: Run Behavior\WriteHtmlCacheBehavior [ RunTime:0.001204s ]
INFO: [ view_filter ] --END-- [ RunTime:0.001392s ]
INFO: [ app_end ] --START--
INFO: Run Behavior\ShowPageTraceBehavior [ RunTime:0.003040s ]
INFO: [ app_end ] --END-- [ RunTime:0.003296s ]

[ 2018-05-04T16:09:21+08:00 ] 127.0.0.1 /restaurant/restaurant/index.php/Admin/Sum/lists/p/1
INFO: [ app_init ] --START--
INFO: Run Behavior\BuildLiteBehavior [ RunTime:0.000055s ]
INFO: [ app_init ] --END-- [ RunTime:0.001475s ]
INFO: [ app_begin ] --START--
INFO: Run Behavior\ReadHtmlCacheBehavior [ RunTime:0.001999s ]
INFO: [ app_begin ] --END-- [ RunTime:0.002215s ]
SQL: SHOW COLUMNS FROM `order` [ RunTime:0.0181s ]
NOTIC: [2] Missing argument 1 for Think\Model::where(), called in D:\apa\PHP1\restaurant\restaurant\Application\Admin\Controller\SumController.class.php on line 16 and defined D:\apa\PHP1\restaurant\restaurant\ThinkPHP\Library\Think\Model.class.php 第 1797 行.
NOTIC: [8] Undefined variable: where D:\apa\PHP1\restaurant\restaurant\ThinkPHP\Library\Think\Model.class.php 第 1805 行.
NOTIC: [8] Undefined variable: where D:\apa\PHP1\restaurant\restaurant\ThinkPHP\Library\Think\Model.class.php 第 1808 行.
NOTIC: [8] Undefined variable: where D:\apa\PHP1\restaurant\restaurant\ThinkPHP\Library\Think\Model.class.php 第 1816 行.
SQL: SELECT sum(sum),`name` FROM `order` GROUP BY name ORDER BY sum(sum) desc LIMIT 0,6   [ RunTime:0.0011s ]
SQL: SELECT COUNT(*) AS tp_count FROM `order` LIMIT 1   [ RunTime:0.0007s ]
INFO: [ view_parse ] --START--
INFO: [ template_filter ] --START--
INFO: Run Behavior\ContentReplaceBehavior [ RunTime:0.000296s ]
INFO: [ template_filter ] --END-- [ RunTime:0.000513s ]
INFO: Run Behavior\ParseTemplateBehavior [ RunTime:0.038906s ]
INFO: [ view_parse ] --END-- [ RunTime:0.039128s ]
INFO: [ view_filter ] --START--
INFO: Run Behavior\WriteHtmlCacheBehavior [ RunTime:0.000978s ]
INFO: [ view_filter ] --END-- [ RunTime:0.001153s ]
INFO: [ app_end ] --START--
INFO: Run Behavior\ShowPageTraceBehavior [ RunTime:0.006008s ]
INFO: [ app_end ] --END-- [ RunTime:0.006260s ]

[ 2018-05-04T16:11:08+08:00 ] 127.0.0.1 /restaurant/restaurant/index.php/Admin/Sum/lists/p/1
INFO: [ app_init ] --START--
INFO: Run Behavior\BuildLiteBehavior [ RunTime:0.000047s ]
INFO: [ app_init ] --END-- [ RunTime:0.001212s ]
INFO: [ app_begin ] --START--
INFO: Run Behavior\ReadHtmlCacheBehavior [ RunTime:0.002055s ]
INFO: [ app_begin ] --END-- [ RunTime:0.002282s ]

[ 2018-05-04T16:12:20+08:00 ] 127.0.0.1 /restaurant/restaurant/index.php/Admin/Sum/lists/p/1
INFO: [ app_init ] --START--
INFO: Run Behavior\BuildLiteBehavior [ RunTime:0.000079s ]
INFO: [ app_init ] --END-- [ RunTime:0.002935s ]
INFO: [ app_begin ] --START--
INFO: Run Behavior\ReadHtmlCacheBehavior [ RunTime:0.001924s ]
INFO: [ app_begin ] --END-- [ RunTime:0.002135s ]
SQL: SHOW COLUMNS FROM `order` [ RunTime:0.0179s ]
SQL: SELECT COUNT(*) AS tp_count FROM `order` LIMIT 1   [ RunTime:0.0007s ]
NOTIC: [8] Undefined variable: cut D:\apa\PHP1\restaurant\restaurant\Application\Admin\Controller\SumController.class.php 第 20 行.
NOTIC: [2] Division by zero D:\apa\PHP1\restaurant\restaurant\ThinkPHP\Library\Think\Page.class.php 第 84 行.
INFO: [ view_parse ] --START--
INFO: [ template_filter ] --START--
INFO: Run Behavior\ContentReplaceBehavior [ RunTime:0.000285s ]
INFO: [ template_filter ] --END-- [ RunTime:0.000510s ]
NOTIC: [8] Undefined variable: news D:\apa\PHP1\restaurant\restaurant\Application\Runtime\Cache\Admin\2e230bfbcf08ea141e5b5c48d90b0e8a.php 第 108 行.
INFO: Run Behavior\ParseTemplateBehavior [ RunTime:0.039166s ]
INFO: [ view_parse ] --END-- [ RunTime:0.039410s ]
INFO: [ view_filter ] --START--
INFO: Run Behavior\WriteHtmlCacheBehavior [ RunTime:0.001235s ]
INFO: [ view_filter ] --END-- [ RunTime:0.001534s ]
INFO: [ app_end ] --START--
INFO: Run Behavior\ShowPageTraceBehavior [ RunTime:0.002074s ]
INFO: [ app_end ] --END-- [ RunTime:0.002267s ]

[ 2018-05-04T16:12:50+08:00 ] 127.0.0.1 /restaurant/restaurant/index.php/Admin/Sum/lists/p/1
INFO: [ app_init ] --START--
INFO: Run Behavior\BuildLiteBehavior [ RunTime:0.000047s ]
INFO: [ app_init ] --END-- [ RunTime:0.001083s ]
INFO: [ app_begin ] --START--
INFO: Run Behavior\ReadHtmlCacheBehavior [ RunTime:0.001821s ]
INFO: [ app_begin ] --END-- [ RunTime:0.002063s ]

[ 2018-05-04T16:14:02+08:00 ] 127.0.0.1 /restaurant/restaurant/index.php/Admin/Sum/lists/p/1
INFO: [ app_init ] --START--
INFO: Run Behavior\BuildLiteBehavior [ RunTime:0.000051s ]
INFO: [ app_init ] --END-- [ RunTime:0.001371s ]
INFO: [ app_begin ] --START--
INFO: Run Behavior\ReadHtmlCacheBehavior [ RunTime:0.001598s ]
INFO: [ app_begin ] --END-- [ RunTime:0.001819s ]

[ 2018-05-04T16:14:04+08:00 ] 127.0.0.1 /restaurant/restaurant/index.php/Admin/Sum/lists/p/1
INFO: [ app_init ] --START--
INFO: Run Behavior\BuildLiteBehavior [ RunTime:0.000045s ]
INFO: [ app_init ] --END-- [ RunTime:0.001041s ]
INFO: [ app_begin ] --START--
INFO: Run Behavior\ReadHtmlCacheBehavior [ RunTime:0.001465s ]
INFO: [ app_begin ] --END-- [ RunTime:0.001652s ]

[ 2018-05-04T16:14:17+08:00 ] 127.0.0.1 /restaurant/restaurant/index.php/Admin/Sum/lists/p/1
INFO: [ app_init ] --START--
INFO: Run Behavior\BuildLiteBehavior [ RunTime:0.000055s ]
INFO: [ app_init ] --END-- [ RunTime:0.001730s ]
INFO: [ app_begin ] --START--
INFO: Run Behavior\ReadHtmlCacheBehavior [ RunTime:0.001894s ]
INFO: [ app_begin ] --END-- [ RunTime:0.002088s ]
SQL: SHOW COLUMNS FROM `order` [ RunTime:0.0165s ]
NOTIC: [2] Missing argument 1 for Think\Model::where(), called in D:\apa\PHP1\restaurant\restaurant\Application\Admin\Controller\SumController.class.php on line 16 and defined D:\apa\PHP1\restaurant\restaurant\ThinkPHP\Library\Think\Model.class.php 第 1797 行.
NOTIC: [8] Undefined variable: where D:\apa\PHP1\restaurant\restaurant\ThinkPHP\Library\Think\Model.class.php 第 1805 行.
NOTIC: [8] Undefined variable: where D:\apa\PHP1\restaurant\restaurant\ThinkPHP\Library\Think\Model.class.php 第 1808 行.
NOTIC: [8] Undefined variable: where D:\apa\PHP1\restaurant\restaurant\ThinkPHP\Library\Think\Model.class.php 第 1816 行.
SQL: SELECT sum(sum),`name` FROM `order` GROUP BY name ORDER BY sum(sum) desc LIMIT 0,6   [ RunTime:0.0010s ]
SQL: SELECT COUNT(*) AS tp_count FROM `order` LIMIT 1   [ RunTime:0.0010s ]
SQL: SHOW COLUMNS FROM `num` [ RunTime:0.0168s ]
SQL: SELECT COUNT(*) AS tp_count FROM `num` LIMIT 1   [ RunTime:0.0011s ]
INFO: [ view_parse ] --START--
INFO: [ template_filter ] --START--
INFO: Run Behavior\ContentReplaceBehavior [ RunTime:0.000303s ]
INFO: [ template_filter ] --END-- [ RunTime:0.000535s ]
INFO: Run Behavior\ParseTemplateBehavior [ RunTime:0.039829s ]
INFO: [ view_parse ] --END-- [ RunTime:0.040052s ]
INFO: [ view_filter ] --START--
INFO: Run Behavior\WriteHtmlCacheBehavior [ RunTime:0.001091s ]
INFO: [ view_filter ] --END-- [ RunTime:0.001276s ]
INFO: [ app_end ] --START--
INFO: Run Behavior\ShowPageTraceBehavior [ RunTime:0.003903s ]
INFO: [ app_end ] --END-- [ RunTime:0.004524s ]

[ 2018-05-04T16:14:54+08:00 ] 127.0.0.1 /restaurant/restaurant/index.php/Admin/Sum/lists/p/1
INFO: [ app_init ] --START--
INFO: Run Behavior\BuildLiteBehavior [ RunTime:0.000054s ]
INFO: [ app_init ] --END-- [ RunTime:0.001459s ]
INFO: [ app_begin ] --START--
INFO: Run Behavior\ReadHtmlCacheBehavior [ RunTime:0.001905s ]
INFO: [ app_begin ] --END-- [ RunTime:0.002130s ]
SQL: SHOW COLUMNS FROM `order` [ RunTime:0.0162s ]
NOTIC: [2] Missing argument 1 for Think\Model::where(), called in D:\apa\PHP1\restaurant\restaurant\Application\Admin\Controller\SumController.class.php on line 16 and defined D:\apa\PHP1\restaurant\restaurant\ThinkPHP\Library\Think\Model.class.php 第 1797 行.
NOTIC: [8] Undefined variable: where D:\apa\PHP1\restaurant\restaurant\ThinkPHP\Library\Think\Model.class.php 第 1805 行.
NOTIC: [8] Undefined variable: where D:\apa\PHP1\restaurant\restaurant\ThinkPHP\Library\Think\Model.class.php 第 1808 行.
NOTIC: [8] Undefined variable: where D:\apa\PHP1\restaurant\restaurant\ThinkPHP\Library\Think\Model.class.php 第 1816 行.
SQL: SELECT sum(sum),`name` FROM `order` GROUP BY name ORDER BY sum(sum) desc LIMIT 0,6   [ RunTime:0.0011s ]
SQL: SELECT COUNT(*) AS tp_count FROM `order` LIMIT 1   [ RunTime:0.0007s ]
SQL: SHOW COLUMNS FROM `num` [ RunTime:0.0196s ]
SQL: SELECT COUNT(*) AS tp_count FROM `num` LIMIT 1   [ RunTime:0.0007s ]
INFO: [ view_parse ] --START--
INFO: [ template_filter ] --START--
INFO: Run Behavior\ContentReplaceBehavior [ RunTime:0.000326s ]
INFO: [ template_filter ] --END-- [ RunTime:0.000575s ]
NOTIC: [8] Undefined variable: conuts D:\apa\PHP1\restaurant\restaurant\Application\Runtime\Cache\Admin\2e230bfbcf08ea141e5b5c48d90b0e8a.php 第 96 行.
INFO: Run Behavior\ParseTemplateBehavior [ RunTime:0.042762s ]
INFO: [ view_parse ] --END-- [ RunTime:0.043005s ]
INFO: [ view_filter ] --START--
INFO: Run Behavior\WriteHtmlCacheBehavior [ RunTime:0.001125s ]
INFO: [ view_filter ] --END-- [ RunTime:0.001295s ]
INFO: [ app_end ] --START--
INFO: Run Behavior\ShowPageTraceBehavior [ RunTime:0.002351s ]
INFO: [ app_end ] --END-- [ RunTime:0.002624s ]

[ 2018-05-04T16:14:57+08:00 ] 127.0.0.1 /restaurant/restaurant/index.php/Admin/Sum/lists/p/1
INFO: [ app_init ] --START--
INFO: Run Behavior\BuildLiteBehavior [ RunTime:0.000042s ]
INFO: [ app_init ] --END-- [ RunTime:0.001043s ]
INFO: [ app_begin ] --START--
INFO: Run Behavior\ReadHtmlCacheBehavior [ RunTime:0.001543s ]
INFO: [ app_begin ] --END-- [ RunTime:0.001757s ]
SQL: SHOW COLUMNS FROM `order` [ RunTime:0.0159s ]
NOTIC: [2] Missing argument 1 for Think\Model::where(), called in D:\apa\PHP1\restaurant\restaurant\Application\Admin\Controller\SumController.class.php on line 16 and defined D:\apa\PHP1\restaurant\restaurant\ThinkPHP\Library\Think\Model.class.php 第 1797 行.
NOTIC: [8] Undefined variable: where D:\apa\PHP1\restaurant\restaurant\ThinkPHP\Library\Think\Model.class.php 第 1805 行.
NOTIC: [8] Undefined variable: where D:\apa\PHP1\restaurant\restaurant\ThinkPHP\Library\Think\Model.class.php 第 1808 行.
NOTIC: [8] Undefined variable: where D:\apa\PHP1\restaurant\restaurant\ThinkPHP\Library\Think\Model.class.php 第 1816 行.
SQL: SELECT sum(sum),`name` FROM `order` GROUP BY name ORDER BY sum(sum) desc LIMIT 0,6   [ RunTime:0.0009s ]
SQL: SELECT COUNT(*) AS tp_count FROM `order` LIMIT 1   [ RunTime:0.0007s ]
SQL: SHOW COLUMNS FROM `num` [ RunTime:0.0174s ]
SQL: SELECT COUNT(*) AS tp_count FROM `num` LIMIT 1   [ RunTime:0.0008s ]
INFO: [ view_parse ] --START--
INFO: [ template_filter ] --START--
INFO: Run Behavior\ContentReplaceBehavior [ RunTime:0.000868s ]
INFO: [ template_filter ] --END-- [ RunTime:0.001084s ]
NOTIC: [8] Undefined variable: conuts D:\apa\PHP1\restaurant\restaurant\Application\Runtime\Cache\Admin\2e230bfbcf08ea141e5b5c48d90b0e8a.php 第 96 行.
INFO: Run Behavior\ParseTemplateBehavior [ RunTime:0.035423s ]
INFO: [ view_parse ] --END-- [ RunTime:0.035623s ]
INFO: [ view_filter ] --START--
INFO: Run Behavior\WriteHtmlCacheBehavior [ RunTime:0.000645s ]
INFO: [ view_filter ] --END-- [ RunTime:0.000817s ]
INFO: [ app_end ] --START--
INFO: Run Behavior\ShowPageTraceBehavior [ RunTime:0.005959s ]
INFO: [ app_end ] --END-- [ RunTime:0.006362s ]

[ 2018-05-04T16:15:25+08:00 ] 127.0.0.1 /restaurant/restaurant/index.php/Admin/Sum/lists/p/1
INFO: [ app_init ] --START--
INFO: Run Behavior\BuildLiteBehavior [ RunTime:0.000043s ]
INFO: [ app_init ] --END-- [ RunTime:0.001037s ]
INFO: [ app_begin ] --START--
INFO: Run Behavior\ReadHtmlCacheBehavior [ RunTime:0.001596s ]
INFO: [ app_begin ] --END-- [ RunTime:0.001806s ]
SQL: SHOW COLUMNS FROM `order` [ RunTime:0.0174s ]
NOTIC: [2] Missing argument 1 for Think\Model::where(), called in D:\apa\PHP1\restaurant\restaurant\Application\Admin\Controller\SumController.class.php on line 16 and defined D:\apa\PHP1\restaurant\restaurant\ThinkPHP\Library\Think\Model.class.php 第 1797 行.
NOTIC: [8] Undefined variable: where D:\apa\PHP1\restaurant\restaurant\ThinkPHP\Library\Think\Model.class.php 第 1805 行.
NOTIC: [8] Undefined variable: where D:\apa\PHP1\restaurant\restaurant\ThinkPHP\Library\Think\Model.class.php 第 1808 行.
NOTIC: [8] Undefined variable: where D:\apa\PHP1\restaurant\restaurant\ThinkPHP\Library\Think\Model.class.php 第 1816 行.
SQL: SELECT sum(sum),`name` FROM `order` GROUP BY name ORDER BY sum(sum) desc LIMIT 0,6   [ RunTime:0.0011s ]
SQL: SELECT COUNT(*) AS tp_count FROM `order` LIMIT 1   [ RunTime:0.0007s ]
SQL: SHOW COLUMNS FROM `num` [ RunTime:0.0169s ]
SQL: SELECT COUNT(*) AS tp_count FROM `num` LIMIT 1   [ RunTime:0.0014s ]
INFO: [ view_parse ] --START--
INFO: [ template_filter ] --START--
INFO: Run Behavior\ContentReplaceBehavior [ RunTime:0.000307s ]
INFO: [ template_filter ] --END-- [ RunTime:0.000559s ]
INFO: Run Behavior\ParseTemplateBehavior [ RunTime:0.036681s ]
INFO: [ view_parse ] --END-- [ RunTime:0.036923s ]
INFO: [ view_filter ] --START--
INFO: Run Behavior\WriteHtmlCacheBehavior [ RunTime:0.000812s ]
INFO: [ view_filter ] --END-- [ RunTime:0.000987s ]
INFO: [ app_end ] --START--
INFO: Run Behavior\ShowPageTraceBehavior [ RunTime:0.001590s ]
INFO: [ app_end ] --END-- [ RunTime:0.001775s ]

[ 2018-05-04T16:16:04+08:00 ] 127.0.0.1 /restaurant/restaurant/index.php/Admin/Sum/lists/p/1
INFO: [ app_init ] --START--
INFO: Run Behavior\BuildLiteBehavior [ RunTime:0.000042s ]
INFO: [ app_init ] --END-- [ RunTime:0.001113s ]
INFO: [ app_begin ] --START--
INFO: Run Behavior\ReadHtmlCacheBehavior [ RunTime:0.002848s ]
INFO: [ app_begin ] --END-- [ RunTime:0.003077s ]
SQL: SHOW COLUMNS FROM `order` [ RunTime:0.0174s ]
NOTIC: [2] Missing argument 1 for Think\Model::where(), called in D:\apa\PHP1\restaurant\restaurant\Application\Admin\Controller\SumController.class.php on line 16 and defined D:\apa\PHP1\restaurant\restaurant\ThinkPHP\Library\Think\Model.class.php 第 1797 行.
NOTIC: [8] Undefined variable: where D:\apa\PHP1\restaurant\restaurant\ThinkPHP\Library\Think\Model.class.php 第 1805 行.
NOTIC: [8] Undefined variable: where D:\apa\PHP1\restaurant\restaurant\ThinkPHP\Library\Think\Model.class.php 第 1808 行.
NOTIC: [8] Undefined variable: where D:\apa\PHP1\restaurant\restaurant\ThinkPHP\Library\Think\Model.class.php 第 1816 行.
SQL: SELECT sum(sum),`name` FROM `order` GROUP BY name ORDER BY sum(sum) desc LIMIT 0,6   [ RunTime:0.0009s ]
SQL: SELECT COUNT(*) AS tp_count FROM `order` LIMIT 1   [ RunTime:0.0012s ]
SQL: SHOW COLUMNS FROM `num` [ RunTime:0.0170s ]
SQL: SELECT COUNT(*) AS tp_count FROM `num` LIMIT 1   [ RunTime:0.0008s ]
INFO: [ view_parse ] --START--
INFO: [ template_filter ] --START--
INFO: Run Behavior\ContentReplaceBehavior [ RunTime:0.000300s ]
INFO: [ template_filter ] --END-- [ RunTime:0.000516s ]
INFO: Run Behavior\ParseTemplateBehavior [ RunTime:0.038800s ]
INFO: [ view_parse ] --END-- [ RunTime:0.039025s ]
INFO: [ view_filter ] --START--
INFO: Run Behavior\WriteHtmlCacheBehavior [ RunTime:0.000826s ]
INFO: [ view_filter ] --END-- [ RunTime:0.000995s ]
INFO: [ app_end ] --START--
INFO: Run Behavior\ShowPageTraceBehavior [ RunTime:0.001664s ]
INFO: [ app_end ] --END-- [ RunTime:0.001864s ]

[ 2018-05-04T16:17:15+08:00 ] 127.0.0.1 /restaurant/restaurant/index.php/Admin/Sum/lists/p/1
INFO: [ app_init ] --START--
INFO: Run Behavior\BuildLiteBehavior [ RunTime:0.000045s ]
INFO: [ app_init ] --END-- [ RunTime:0.001193s ]
INFO: [ app_begin ] --START--
INFO: Run Behavior\ReadHtmlCacheBehavior [ RunTime:0.002163s ]
INFO: [ app_begin ] --END-- [ RunTime:0.002418s ]
SQL: SHOW COLUMNS FROM `order` [ RunTime:0.0183s ]
NOTIC: [2] Missing argument 1 for Think\Model::where(), called in D:\apa\PHP1\restaurant\restaurant\Application\Admin\Controller\SumController.class.php on line 16 and defined D:\apa\PHP1\restaurant\restaurant\ThinkPHP\Library\Think\Model.class.php 第 1797 行.
NOTIC: [8] Undefined variable: where D:\apa\PHP1\restaurant\restaurant\ThinkPHP\Library\Think\Model.class.php 第 1805 行.
NOTIC: [8] Undefined variable: where D:\apa\PHP1\restaurant\restaurant\ThinkPHP\Library\Think\Model.class.php 第 1808 行.
NOTIC: [8] Undefined variable: where D:\apa\PHP1\restaurant\restaurant\ThinkPHP\Library\Think\Model.class.php 第 1816 行.
SQL: SELECT sum(sum),`name` FROM `order` GROUP BY name ORDER BY sum(sum) desc LIMIT 0,6   [ RunTime:0.0012s ]
SQL: SELECT COUNT(*) AS tp_count FROM `order` LIMIT 1   [ RunTime:0.0007s ]
SQL: SHOW COLUMNS FROM `num` [ RunTime:0.0174s ]
SQL: SELECT COUNT(*) AS tp_count FROM `num` LIMIT 1   [ RunTime:0.0007s ]
INFO: [ view_parse ] --START--
INFO: [ template_filter ] --START--
INFO: Run Behavior\ContentReplaceBehavior [ RunTime:0.000314s ]
INFO: [ template_filter ] --END-- [ RunTime:0.000539s ]
NOTIC: [8] Undefined variable: data D:\apa\PHP1\restaurant\restaurant\Application\Runtime\Cache\Admin\2e230bfbcf08ea141e5b5c48d90b0e8a.php 第 97 行.
INFO: Run Behavior\ParseTemplateBehavior [ RunTime:0.039563s ]
INFO: [ view_parse ] --END-- [ RunTime:0.039766s ]
INFO: [ view_filter ] --START--
INFO: Run Behavior\WriteHtmlCacheBehavior [ RunTime:0.001100s ]
INFO: [ view_filter ] --END-- [ RunTime:0.001277s ]
INFO: [ app_end ] --START--
INFO: Run Behavior\ShowPageTraceBehavior [ RunTime:0.006331s ]
INFO: [ app_end ] --END-- [ RunTime:0.006630s ]

[ 2018-05-04T16:17:35+08:00 ] 127.0.0.1 /restaurant/restaurant/index.php/Admin/Sum/lists/p/1
INFO: [ app_init ] --START--
INFO: Run Behavior\BuildLiteBehavior [ RunTime:0.000048s ]
INFO: [ app_init ] --END-- [ RunTime:0.001551s ]
INFO: [ app_begin ] --START--
INFO: Run Behavior\ReadHtmlCacheBehavior [ RunTime:0.001928s ]
INFO: [ app_begin ] --END-- [ RunTime:0.002138s ]
SQL: SHOW COLUMNS FROM `order` [ RunTime:0.0167s ]
NOTIC: [2] Missing argument 1 for Think\Model::where(), called in D:\apa\PHP1\restaurant\restaurant\Application\Admin\Controller\SumController.class.php on line 16 and defined D:\apa\PHP1\restaurant\restaurant\ThinkPHP\Library\Think\Model.class.php 第 1797 行.
NOTIC: [8] Undefined variable: where D:\apa\PHP1\restaurant\restaurant\ThinkPHP\Library\Think\Model.class.php 第 1805 行.
NOTIC: [8] Undefined variable: where D:\apa\PHP1\restaurant\restaurant\ThinkPHP\Library\Think\Model.class.php 第 1808 行.
NOTIC: [8] Undefined variable: where D:\apa\PHP1\restaurant\restaurant\ThinkPHP\Library\Think\Model.class.php 第 1816 行.
SQL: SELECT sum(sum),`name` FROM `order` GROUP BY name ORDER BY sum(sum) desc LIMIT 0,6   [ RunTime:0.0008s ]
SQL: SELECT COUNT(*) AS tp_count FROM `order` LIMIT 1   [ RunTime:0.0006s ]
SQL: SHOW COLUMNS FROM `num` [ RunTime:0.0167s ]
SQL: SELECT COUNT(*) AS tp_count FROM `num` LIMIT 1   [ RunTime:0.0006s ]
INFO: [ view_parse ] --START--
INFO: [ template_filter ] --START--
INFO: Run Behavior\ContentReplaceBehavior [ RunTime:0.000299s ]
INFO: [ template_filter ] --END-- [ RunTime:0.000548s ]
NOTIC: [8] Undefined variable: data D:\apa\PHP1\restaurant\restaurant\Application\Runtime\Cache\Admin\2e230bfbcf08ea141e5b5c48d90b0e8a.php 第 97 行.
INFO: Run Behavior\ParseTemplateBehavior [ RunTime:0.039441s ]
INFO: [ view_parse ] --END-- [ RunTime:0.039644s ]
INFO: [ view_filter ] --START--
INFO: Run Behavior\WriteHtmlCacheBehavior [ RunTime:0.000953s ]
INFO: [ view_filter ] --END-- [ RunTime:0.001126s ]
INFO: [ app_end ] --START--
INFO: Run Behavior\ShowPageTraceBehavior [ RunTime:0.002040s ]
INFO: [ app_end ] --END-- [ RunTime:0.002339s ]

[ 2018-05-04T16:17:51+08:00 ] 127.0.0.1 /restaurant/restaurant/index.php/Admin/Sum/lists/p/1
INFO: [ app_init ] --START--
INFO: Run Behavior\BuildLiteBehavior [ RunTime:0.000044s ]
INFO: [ app_init ] --END-- [ RunTime:0.001023s ]
INFO: [ app_begin ] --START--
INFO: Run Behavior\ReadHtmlCacheBehavior [ RunTime:0.001630s ]
INFO: [ app_begin ] --END-- [ RunTime:0.001916s ]
SQL: SHOW COLUMNS FROM `order` [ RunTime:0.0181s ]
NOTIC: [2] Missing argument 1 for Think\Model::where(), called in D:\apa\PHP1\restaurant\restaurant\Application\Admin\Controller\SumController.class.php on line 16 and defined D:\apa\PHP1\restaurant\restaurant\ThinkPHP\Library\Think\Model.class.php 第 1797 行.
NOTIC: [8] Undefined variable: where D:\apa\PHP1\restaurant\restaurant\ThinkPHP\Library\Think\Model.class.php 第 1805 行.
NOTIC: [8] Undefined variable: where D:\apa\PHP1\restaurant\restaurant\ThinkPHP\Library\Think\Model.class.php 第 1808 行.
NOTIC: [8] Undefined variable: where D:\apa\PHP1\restaurant\restaurant\ThinkPHP\Library\Think\Model.class.php 第 1816 行.
SQL: SELECT sum(sum),`name` FROM `order` GROUP BY name ORDER BY sum(sum) desc LIMIT 0,6   [ RunTime:0.0009s ]
SQL: SELECT COUNT(*) AS tp_count FROM `order` LIMIT 1   [ RunTime:0.0006s ]
SQL: SHOW COLUMNS FROM `num` [ RunTime:0.0179s ]
SQL: SELECT COUNT(*) AS tp_count FROM `num` LIMIT 1   [ RunTime:0.0009s ]
INFO: [ view_parse ] --START--
INFO: [ template_filter ] --START--
INFO: Run Behavior\ContentReplaceBehavior [ RunTime:0.000345s ]
INFO: [ template_filter ] --END-- [ RunTime:0.000570s ]
NOTIC: [8] Undefined variable: data D:\apa\PHP1\restaurant\restaurant\Application\Runtime\Cache\Admin\2e230bfbcf08ea141e5b5c48d90b0e8a.php 第 97 行.
INFO: Run Behavior\ParseTemplateBehavior [ RunTime:0.037294s ]
INFO: [ view_parse ] --END-- [ RunTime:0.037512s ]
INFO: [ view_filter ] --START--
INFO: Run Behavior\WriteHtmlCacheBehavior [ RunTime:0.000727s ]
INFO: [ view_filter ] --END-- [ RunTime:0.000899s ]
INFO: [ app_end ] --START--
INFO: Run Behavior\ShowPageTraceBehavior [ RunTime:0.001841s ]
INFO: [ app_end ] --END-- [ RunTime:0.002366s ]

[ 2018-05-04T16:21:57+08:00 ] 127.0.0.1 /restaurant/restaurant/index.php/Admin/Sum/lists/p/1
INFO: [ app_init ] --START--
INFO: Run Behavior\BuildLiteBehavior [ RunTime:0.000046s ]
INFO: [ app_init ] --END-- [ RunTime:0.001214s ]
INFO: [ app_begin ] --START--
INFO: Run Behavior\ReadHtmlCacheBehavior [ RunTime:0.001953s ]
INFO: [ app_begin ] --END-- [ RunTime:0.002150s ]
SQL: SHOW COLUMNS FROM `order` [ RunTime:0.0189s ]
NOTIC: [2] Missing argument 1 for Think\Model::where(), called in D:\apa\PHP1\restaurant\restaurant\Application\Admin\Controller\SumController.class.php on line 16 and defined D:\apa\PHP1\restaurant\restaurant\ThinkPHP\Library\Think\Model.class.php 第 1797 行.
NOTIC: [8] Undefined variable: where D:\apa\PHP1\restaurant\restaurant\ThinkPHP\Library\Think\Model.class.php 第 1805 行.
NOTIC: [8] Undefined variable: where D:\apa\PHP1\restaurant\restaurant\ThinkPHP\Library\Think\Model.class.php 第 1808 行.
NOTIC: [8] Undefined variable: where D:\apa\PHP1\restaurant\restaurant\ThinkPHP\Library\Think\Model.class.php 第 1816 行.
SQL: SELECT sum(sum),`name` FROM `order` GROUP BY name ORDER BY sum(sum) desc LIMIT 0,6   [ RunTime:0.0009s ]
SQL: SELECT COUNT(*) AS tp_count FROM `order` LIMIT 1   [ RunTime:0.0006s ]
SQL: SHOW COLUMNS FROM `num` [ RunTime:0.0172s ]
SQL: SELECT COUNT(*) AS tp_count FROM `num` LIMIT 1   [ RunTime:0.0007s ]
INFO: [ view_parse ] --START--
INFO: [ template_filter ] --START--
INFO: Run Behavior\ContentReplaceBehavior [ RunTime:0.000287s ]
INFO: [ template_filter ] --END-- [ RunTime:0.000497s ]
INFO: Run Behavior\ParseTemplateBehavior [ RunTime:0.038643s ]
INFO: [ view_parse ] --END-- [ RunTime:0.038895s ]
INFO: [ view_filter ] --START--
INFO: Run Behavior\WriteHtmlCacheBehavior [ RunTime:0.001219s ]
INFO: [ view_filter ] --END-- [ RunTime:0.001399s ]
INFO: [ app_end ] --START--
INFO: Run Behavior\ShowPageTraceBehavior [ RunTime:0.003302s ]
INFO: [ app_end ] --END-- [ RunTime:0.003522s ]

[ 2018-05-04T16:22:00+08:00 ] 127.0.0.1 /restaurant/restaurant/index.php/Admin/Sum/deleteuser
INFO: [ app_init ] --START--
INFO: Run Behavior\BuildLiteBehavior [ RunTime:0.000058s ]
INFO: [ app_init ] --END-- [ RunTime:0.002001s ]
INFO: [ app_begin ] --START--
INFO: Run Behavior\ReadHtmlCacheBehavior [ RunTime:0.001674s ]
INFO: [ app_begin ] --END-- [ RunTime:0.001899s ]
SQL: SHOW COLUMNS FROM `num` [ RunTime:0.0166s ]

[ 2018-05-04T16:22:01+08:00 ] 127.0.0.1 /restaurant/restaurant/index.php/Admin/Sum/lists/p/1
INFO: [ app_init ] --START--
INFO: Run Behavior\BuildLiteBehavior [ RunTime:0.000042s ]
INFO: [ app_init ] --END-- [ RunTime:0.001024s ]
INFO: [ app_begin ] --START--
INFO: Run Behavior\ReadHtmlCacheBehavior [ RunTime:0.001467s ]
INFO: [ app_begin ] --END-- [ RunTime:0.001648s ]
SQL: SHOW COLUMNS FROM `order` [ RunTime:0.0163s ]
NOTIC: [2] Missing argument 1 for Think\Model::where(), called in D:\apa\PHP1\restaurant\restaurant\Application\Admin\Controller\SumController.class.php on line 16 and defined D:\apa\PHP1\restaurant\restaurant\ThinkPHP\Library\Think\Model.class.php 第 1797 行.
NOTIC: [8] Undefined variable: where D:\apa\PHP1\restaurant\restaurant\ThinkPHP\Library\Think\Model.class.php 第 1805 行.
NOTIC: [8] Undefined variable: where D:\apa\PHP1\restaurant\restaurant\ThinkPHP\Library\Think\Model.class.php 第 1808 行.
NOTIC: [8] Undefined variable: where D:\apa\PHP1\restaurant\restaurant\ThinkPHP\Library\Think\Model.class.php 第 1816 行.
SQL: SELECT sum(sum),`name` FROM `order` GROUP BY name ORDER BY sum(sum) desc LIMIT 0,6   [ RunTime:0.0022s ]
SQL: SELECT COUNT(*) AS tp_count FROM `order` LIMIT 1   [ RunTime:0.0009s ]
SQL: SHOW COLUMNS FROM `num` [ RunTime:0.0163s ]
SQL: SELECT COUNT(*) AS tp_count FROM `num` LIMIT 1   [ RunTime:0.0008s ]
INFO: [ view_parse ] --START--
INFO: [ template_filter ] --START--
INFO: Run Behavior\ContentReplaceBehavior [ RunTime:0.000299s ]
INFO: [ template_filter ] --END-- [ RunTime:0.000528s ]
INFO: Run Behavior\ParseTemplateBehavior [ RunTime:0.037109s ]
INFO: [ view_parse ] --END-- [ RunTime:0.038390s ]
INFO: [ view_filter ] --START--
INFO: Run Behavior\WriteHtmlCacheBehavior [ RunTime:0.000885s ]
INFO: [ view_filter ] --END-- [ RunTime:0.001079s ]
INFO: [ app_end ] --START--
INFO: Run Behavior\ShowPageTraceBehavior [ RunTime:0.002080s ]
INFO: [ app_end ] --END-- [ RunTime:0.002318s ]

[ 2018-05-04T16:24:16+08:00 ] 127.0.0.1 /restaurant/restaurant/index.php/Admin/Sum/lists/p/1
INFO: [ app_init ] --START--
INFO: Run Behavior\BuildLiteBehavior [ RunTime:0.000052s ]
INFO: [ app_init ] --END-- [ RunTime:0.001336s ]
INFO: [ app_begin ] --START--
INFO: Run Behavior\ReadHtmlCacheBehavior [ RunTime:0.001957s ]
INFO: [ app_begin ] --END-- [ RunTime:0.002177s ]
SQL: SHOW COLUMNS FROM `order` [ RunTime:0.0165s ]
NOTIC: [2] Missing argument 1 for Think\Model::where(), called in D:\apa\PHP1\restaurant\restaurant\Application\Admin\Controller\SumController.class.php on line 16 and defined D:\apa\PHP1\restaurant\restaurant\ThinkPHP\Library\Think\Model.class.php 第 1797 行.
NOTIC: [8] Undefined variable: where D:\apa\PHP1\restaurant\restaurant\ThinkPHP\Library\Think\Model.class.php 第 1805 行.
NOTIC: [8] Undefined variable: where D:\apa\PHP1\restaurant\restaurant\ThinkPHP\Library\Think\Model.class.php 第 1808 行.
NOTIC: [8] Undefined variable: where D:\apa\PHP1\restaurant\restaurant\ThinkPHP\Library\Think\Model.class.php 第 1816 行.
SQL: SELECT sum(sum),`name` FROM `order` GROUP BY name ORDER BY sum(sum) desc LIMIT 0,6   [ RunTime:0.0015s ]
SQL: SELECT COUNT(*) AS tp_count FROM `order` LIMIT 1   [ RunTime:0.0007s ]
SQL: SHOW COLUMNS FROM `num` [ RunTime:0.0162s ]
SQL: SELECT COUNT(*) AS tp_count FROM `num` LIMIT 1   [ RunTime:0.0007s ]
INFO: [ view_parse ] --START--
INFO: [ template_filter ] --START--
INFO: Run Behavior\ContentReplaceBehavior [ RunTime:0.000318s ]
INFO: [ template_filter ] --END-- [ RunTime:0.000822s ]
INFO: Run Behavior\ParseTemplateBehavior [ RunTime:0.039331s ]
INFO: [ view_parse ] --END-- [ RunTime:0.039560s ]
INFO: [ view_filter ] --START--
INFO: Run Behavior\WriteHtmlCacheBehavior [ RunTime:0.001183s ]
INFO: [ view_filter ] --END-- [ RunTime:0.001355s ]
INFO: [ app_end ] --START--
INFO: Run Behavior\ShowPageTraceBehavior [ RunTime:0.002761s ]
INFO: [ app_end ] --END-- [ RunTime:0.002960s ]

[ 2018-05-04T16:24:19+08:00 ] 127.0.0.1 /restaurant/restaurant/index.php/Admin/Sum/deleteuser
INFO: [ app_init ] --START--
INFO: Run Behavior\BuildLiteBehavior [ RunTime:0.000044s ]
INFO: [ app_init ] --END-- [ RunTime:0.001089s ]
INFO: [ app_begin ] --START--
INFO: Run Behavior\ReadHtmlCacheBehavior [ RunTime:0.002719s ]
INFO: [ app_begin ] --END-- [ RunTime:0.003230s ]
SQL: SHOW COLUMNS FROM `num` [ RunTime:0.0173s ]

[ 2018-05-04T16:24:20+08:00 ] 127.0.0.1 /restaurant/restaurant/index.php/Admin/Sum/lists/p/1
INFO: [ app_init ] --START--
INFO: Run Behavior\BuildLiteBehavior [ RunTime:0.000043s ]
INFO: [ app_init ] --END-- [ RunTime:0.001119s ]
INFO: [ app_begin ] --START--
INFO: Run Behavior\ReadHtmlCacheBehavior [ RunTime:0.001513s ]
INFO: [ app_begin ] --END-- [ RunTime:0.001728s ]
SQL: SHOW COLUMNS FROM `order` [ RunTime:0.0178s ]
NOTIC: [2] Missing argument 1 for Think\Model::where(), called in D:\apa\PHP1\restaurant\restaurant\Application\Admin\Controller\SumController.class.php on line 16 and defined D:\apa\PHP1\restaurant\restaurant\ThinkPHP\Library\Think\Model.class.php 第 1797 行.
NOTIC: [8] Undefined variable: where D:\apa\PHP1\restaurant\restaurant\ThinkPHP\Library\Think\Model.class.php 第 1805 行.
NOTIC: [8] Undefined variable: where D:\apa\PHP1\restaurant\restaurant\ThinkPHP\Library\Think\Model.class.php 第 1808 行.
NOTIC: [8] Undefined variable: where D:\apa\PHP1\restaurant\restaurant\ThinkPHP\Library\Think\Model.class.php 第 1816 行.
SQL: SELECT sum(sum),`name` FROM `order` GROUP BY name ORDER BY sum(sum) desc LIMIT 0,6   [ RunTime:0.0010s ]
SQL: SELECT COUNT(*) AS tp_count FROM `order` LIMIT 1   [ RunTime:0.0008s ]
SQL: SHOW COLUMNS FROM `num` [ RunTime:0.0184s ]
SQL: SELECT COUNT(*) AS tp_count FROM `num` LIMIT 1   [ RunTime:0.0008s ]
INFO: [ view_parse ] --START--
INFO: [ template_filter ] --START--
INFO: Run Behavior\ContentReplaceBehavior [ RunTime:0.000320s ]
INFO: [ template_filter ] --END-- [ RunTime:0.000555s ]
INFO: Run Behavior\ParseTemplateBehavior [ RunTime:0.036792s ]
INFO: [ view_parse ] --END-- [ RunTime:0.037027s ]
INFO: [ view_filter ] --START--
INFO: Run Behavior\WriteHtmlCacheBehavior [ RunTime:0.000653s ]
INFO: [ view_filter ] --END-- [ RunTime:0.000828s ]
INFO: [ app_end ] --START--
INFO: Run Behavior\ShowPageTraceBehavior [ RunTime:0.004129s ]
INFO: [ app_end ] --END-- [ RunTime:0.004520s ]

[ 2018-05-04T16:28:34+08:00 ] 127.0.0.1 /restaurant/restaurant/index.php/Admin/Sum/lists/p/1
INFO: [ app_init ] --START--
INFO: Run Behavior\BuildLiteBehavior [ RunTime:0.000050s ]
INFO: [ app_init ] --END-- [ RunTime:0.001421s ]
INFO: [ app_begin ] --START--
INFO: Run Behavior\ReadHtmlCacheBehavior [ RunTime:0.002327s ]
INFO: [ app_begin ] --END-- [ RunTime:0.002575s ]
SQL: SHOW COLUMNS FROM `order` [ RunTime:0.0179s ]
NOTIC: [2] Missing argument 1 for Think\Model::where(), called in D:\apa\PHP1\restaurant\restaurant\Application\Admin\Controller\SumController.class.php on line 16 and defined D:\apa\PHP1\restaurant\restaurant\ThinkPHP\Library\Think\Model.class.php 第 1797 行.
NOTIC: [8] Undefined variable: where D:\apa\PHP1\restaurant\restaurant\ThinkPHP\Library\Think\Model.class.php 第 1805 行.
NOTIC: [8] Undefined variable: where D:\apa\PHP1\restaurant\restaurant\ThinkPHP\Library\Think\Model.class.php 第 1808 行.
NOTIC: [8] Undefined variable: where D:\apa\PHP1\restaurant\restaurant\ThinkPHP\Library\Think\Model.class.php 第 1816 行.
SQL: SELECT sum(sum),`name` FROM `order` GROUP BY name ORDER BY sum(sum) desc LIMIT 0,6   [ RunTime:0.0010s ]
SQL: SELECT COUNT(*) AS tp_count FROM `order` LIMIT 1   [ RunTime:0.0006s ]
SQL: SHOW COLUMNS FROM `num` [ RunTime:0.0171s ]
SQL: SELECT COUNT(*) AS tp_count FROM `num` LIMIT 1   [ RunTime:0.0008s ]
INFO: [ view_parse ] --START--
INFO: [ template_filter ] --START--
INFO: Run Behavior\ContentReplaceBehavior [ RunTime:0.000306s ]
INFO: [ template_filter ] --END-- [ RunTime:0.000536s ]
INFO: Run Behavior\ParseTemplateBehavior [ RunTime:0.040409s ]
INFO: [ view_parse ] --END-- [ RunTime:0.040646s ]
INFO: [ view_filter ] --START--
INFO: Run Behavior\WriteHtmlCacheBehavior [ RunTime:0.001105s ]
INFO: [ view_filter ] --END-- [ RunTime:0.001275s ]
INFO: [ app_end ] --START--
INFO: Run Behavior\ShowPageTraceBehavior [ RunTime:0.002544s ]
INFO: [ app_end ] --END-- [ RunTime:0.002785s ]

[ 2018-05-04T16:28:36+08:00 ] 127.0.0.1 /restaurant/restaurant/index.php/Admin/Sum/deleteuser
INFO: [ app_init ] --START--
INFO: Run Behavior\BuildLiteBehavior [ RunTime:0.000049s ]
INFO: [ app_init ] --END-- [ RunTime:0.001645s ]
INFO: [ app_begin ] --START--
INFO: Run Behavior\ReadHtmlCacheBehavior [ RunTime:0.001911s ]
INFO: [ app_begin ] --END-- [ RunTime:0.002157s ]
SQL: SHOW COLUMNS FROM `num` [ RunTime:0.0173s ]
SQL: DELETE FROM `num` WHERE ( 1 ) [ RunTime:0.1770s ]

[ 2018-05-04T16:28:37+08:00 ] 127.0.0.1 /restaurant/restaurant/index.php/Admin/Sum/lists/p/1
INFO: [ app_init ] --START--
INFO: Run Behavior\BuildLiteBehavior [ RunTime:0.000057s ]
INFO: [ app_init ] --END-- [ RunTime:0.001268s ]
INFO: [ app_begin ] --START--
INFO: Run Behavior\ReadHtmlCacheBehavior [ RunTime:0.001532s ]
INFO: [ app_begin ] --END-- [ RunTime:0.001745s ]
SQL: SHOW COLUMNS FROM `order` [ RunTime:0.0167s ]
NOTIC: [2] Missing argument 1 for Think\Model::where(), called in D:\apa\PHP1\restaurant\restaurant\Application\Admin\Controller\SumController.class.php on line 16 and defined D:\apa\PHP1\restaurant\restaurant\ThinkPHP\Library\Think\Model.class.php 第 1797 行.
NOTIC: [8] Undefined variable: where D:\apa\PHP1\restaurant\restaurant\ThinkPHP\Library\Think\Model.class.php 第 1805 行.
NOTIC: [8] Undefined variable: where D:\apa\PHP1\restaurant\restaurant\ThinkPHP\Library\Think\Model.class.php 第 1808 行.
NOTIC: [8] Undefined variable: where D:\apa\PHP1\restaurant\restaurant\ThinkPHP\Library\Think\Model.class.php 第 1816 行.
SQL: SELECT sum(sum),`name` FROM `order` GROUP BY name ORDER BY sum(sum) desc LIMIT 0,6   [ RunTime:0.0009s ]
SQL: SELECT COUNT(*) AS tp_count FROM `order` LIMIT 1   [ RunTime:0.0009s ]
SQL: SHOW COLUMNS FROM `num` [ RunTime:0.0170s ]
SQL: SELECT COUNT(*) AS tp_count FROM `num` LIMIT 1   [ RunTime:0.0008s ]
INFO: [ view_parse ] --START--
INFO: [ template_filter ] --START--
INFO: Run Behavior\ContentReplaceBehavior [ RunTime:0.000289s ]
INFO: [ template_filter ] --END-- [ RunTime:0.000498s ]
INFO: Run Behavior\ParseTemplateBehavior [ RunTime:0.036663s ]
INFO: [ view_parse ] --END-- [ RunTime:0.036891s ]
INFO: [ view_filter ] --START--
INFO: Run Behavior\WriteHtmlCacheBehavior [ RunTime:0.001506s ]
INFO: [ view_filter ] --END-- [ RunTime:0.001973s ]
INFO: [ app_end ] --START--
INFO: Run Behavior\ShowPageTraceBehavior [ RunTime:0.002302s ]
INFO: [ app_end ] --END-- [ RunTime:0.002564s ]

[ 2018-05-04T16:29:18+08:00 ] 127.0.0.1 /restaurant/restaurant/index.php/Admin/Sum/lists/p/1
INFO: [ app_init ] --START--
INFO: Run Behavior\BuildLiteBehavior [ RunTime:0.000043s ]
INFO: [ app_init ] --END-- [ RunTime:0.001062s ]
INFO: [ app_begin ] --START--
INFO: Run Behavior\ReadHtmlCacheBehavior [ RunTime:0.001870s ]
INFO: [ app_begin ] --END-- [ RunTime:0.002109s ]
SQL: SHOW COLUMNS FROM `order` [ RunTime:0.0160s ]
NOTIC: [2] Missing argument 1 for Think\Model::where(), called in D:\apa\PHP1\restaurant\restaurant\Application\Admin\Controller\SumController.class.php on line 16 and defined D:\apa\PHP1\restaurant\restaurant\ThinkPHP\Library\Think\Model.class.php 第 1797 行.
NOTIC: [8] Undefined variable: where D:\apa\PHP1\restaurant\restaurant\ThinkPHP\Library\Think\Model.class.php 第 1805 行.
NOTIC: [8] Undefined variable: where D:\apa\PHP1\restaurant\restaurant\ThinkPHP\Library\Think\Model.class.php 第 1808 行.
NOTIC: [8] Undefined variable: where D:\apa\PHP1\restaurant\restaurant\ThinkPHP\Library\Think\Model.class.php 第 1816 行.
SQL: SELECT sum(sum),`name` FROM `order` GROUP BY name ORDER BY sum(sum) desc LIMIT 0,6   [ RunTime:0.0010s ]
SQL: SELECT COUNT(*) AS tp_count FROM `order` LIMIT 1   [ RunTime:0.0007s ]
SQL: SHOW COLUMNS FROM `num` [ RunTime:0.0167s ]
SQL: SELECT COUNT(*) AS tp_count FROM `num` LIMIT 1   [ RunTime:0.0008s ]
INFO: [ view_parse ] --START--
INFO: [ template_filter ] --START--
INFO: Run Behavior\ContentReplaceBehavior [ RunTime:0.000872s ]
INFO: [ template_filter ] --END-- [ RunTime:0.001090s ]
INFO: Run Behavior\ParseTemplateBehavior [ RunTime:0.037547s ]
INFO: [ view_parse ] --END-- [ RunTime:0.037779s ]
INFO: [ view_filter ] --START--
INFO: Run Behavior\WriteHtmlCacheBehavior [ RunTime:0.000805s ]
INFO: [ view_filter ] --END-- [ RunTime:0.000995s ]
INFO: [ app_end ] --START--
INFO: Run Behavior\ShowPageTraceBehavior [ RunTime:0.004512s ]
INFO: [ app_end ] --END-- [ RunTime:0.004860s ]

[ 2018-05-04T16:30:47+08:00 ] 127.0.0.1 /restaurant/restaurant/index.php/Admin/Sum/lists/p/1
INFO: [ app_init ] --START--
INFO: Run Behavior\BuildLiteBehavior [ RunTime:0.000046s ]
INFO: [ app_init ] --END-- [ RunTime:0.001279s ]
INFO: [ app_begin ] --START--
INFO: Run Behavior\ReadHtmlCacheBehavior [ RunTime:0.002189s ]
INFO: [ app_begin ] --END-- [ RunTime:0.002433s ]
SQL: SHOW COLUMNS FROM `order` [ RunTime:0.0174s ]
NOTIC: [2] Missing argument 1 for Think\Model::where(), called in D:\apa\PHP1\restaurant\restaurant\Application\Admin\Controller\SumController.class.php on line 16 and defined D:\apa\PHP1\restaurant\restaurant\ThinkPHP\Library\Think\Model.class.php 第 1797 行.
NOTIC: [8] Undefined variable: where D:\apa\PHP1\restaurant\restaurant\ThinkPHP\Library\Think\Model.class.php 第 1805 行.
NOTIC: [8] Undefined variable: where D:\apa\PHP1\restaurant\restaurant\ThinkPHP\Library\Think\Model.class.php 第 1808 行.
NOTIC: [8] Undefined variable: where D:\apa\PHP1\restaurant\restaurant\ThinkPHP\Library\Think\Model.class.php 第 1816 行.
SQL: SELECT sum(sum),`name` FROM `order` GROUP BY name ORDER BY sum(sum) desc LIMIT 0,6   [ RunTime:0.0009s ]
SQL: SELECT COUNT(*) AS tp_count FROM `order` LIMIT 1   [ RunTime:0.0007s ]
SQL: SHOW COLUMNS FROM `num` [ RunTime:0.0172s ]
SQL: SELECT COUNT(*) AS tp_count FROM `num` LIMIT 1   [ RunTime:0.0006s ]
INFO: [ view_parse ] --START--
INFO: [ template_filter ] --START--
INFO: Run Behavior\ContentReplaceBehavior [ RunTime:0.000298s ]
INFO: [ template_filter ] --END-- [ RunTime:0.000529s ]
INFO: Run Behavior\ParseTemplateBehavior [ RunTime:0.039525s ]
INFO: [ view_parse ] --END-- [ RunTime:0.039784s ]
INFO: [ view_filter ] --START--
INFO: Run Behavior\WriteHtmlCacheBehavior [ RunTime:0.001089s ]
INFO: [ view_filter ] --END-- [ RunTime:0.001268s ]
INFO: [ app_end ] --START--
INFO: Run Behavior\ShowPageTraceBehavior [ RunTime:0.002143s ]
INFO: [ app_end ] --END-- [ RunTime:0.002494s ]

[ 2018-05-04T16:31:15+08:00 ] 127.0.0.1 /restaurant/restaurant/index.php/Admin/Sum/lists/p/1
INFO: [ app_init ] --START--
INFO: Run Behavior\BuildLiteBehavior [ RunTime:0.000065s ]
INFO: [ app_init ] --END-- [ RunTime:0.001257s ]
INFO: [ app_begin ] --START--
INFO: Run Behavior\ReadHtmlCacheBehavior [ RunTime:0.002174s ]
INFO: [ app_begin ] --END-- [ RunTime:0.002406s ]
SQL: SHOW COLUMNS FROM `order` [ RunTime:0.0179s ]
NOTIC: [2] Missing argument 1 for Think\Model::where(), called in D:\apa\PHP1\restaurant\restaurant\Application\Admin\Controller\SumController.class.php on line 16 and defined D:\apa\PHP1\restaurant\restaurant\ThinkPHP\Library\Think\Model.class.php 第 1797 行.
NOTIC: [8] Undefined variable: where D:\apa\PHP1\restaurant\restaurant\ThinkPHP\Library\Think\Model.class.php 第 1805 行.
NOTIC: [8] Undefined variable: where D:\apa\PHP1\restaurant\restaurant\ThinkPHP\Library\Think\Model.class.php 第 1808 行.
NOTIC: [8] Undefined variable: where D:\apa\PHP1\restaurant\restaurant\ThinkPHP\Library\Think\Model.class.php 第 1816 行.
SQL: SELECT sum(sum),`name` FROM `order` GROUP BY name ORDER BY sum(sum) desc LIMIT 0,6   [ RunTime:0.0011s ]
SQL: SELECT COUNT(*) AS tp_count FROM `order` LIMIT 1   [ RunTime:0.0008s ]
SQL: SHOW COLUMNS FROM `num` [ RunTime:0.0178s ]
SQL: SELECT COUNT(*) AS tp_count FROM `num` LIMIT 1   [ RunTime:0.0006s ]
INFO: [ view_parse ] --START--
INFO: [ template_filter ] --START--
INFO: Run Behavior\ContentReplaceBehavior [ RunTime:0.000292s ]
INFO: [ template_filter ] --END-- [ RunTime:0.000515s ]
INFO: Run Behavior\ParseTemplateBehavior [ RunTime:0.040693s ]
INFO: [ view_parse ] --END-- [ RunTime:0.040956s ]
INFO: [ view_filter ] --START--
INFO: Run Behavior\WriteHtmlCacheBehavior [ RunTime:0.001506s ]
INFO: [ view_filter ] --END-- [ RunTime:0.001749s ]
INFO: [ app_end ] --START--
INFO: Run Behavior\ShowPageTraceBehavior [ RunTime:0.002763s ]
INFO: [ app_end ] --END-- [ RunTime:0.003023s ]

[ 2018-05-04T16:32:04+08:00 ] 127.0.0.1 /restaurant/restaurant/index.php/Admin/Sum/lists/p/1
INFO: [ app_init ] --START--
INFO: Run Behavior\BuildLiteBehavior [ RunTime:0.000059s ]
INFO: [ app_init ] --END-- [ RunTime:0.001809s ]
INFO: [ app_begin ] --START--
INFO: Run Behavior\ReadHtmlCacheBehavior [ RunTime:0.001581s ]
INFO: [ app_begin ] --END-- [ RunTime:0.001795s ]
SQL: SHOW COLUMNS FROM `order` [ RunTime:0.0169s ]
NOTIC: [2] Missing argument 1 for Think\Model::where(), called in D:\apa\PHP1\restaurant\restaurant\Application\Admin\Controller\SumController.class.php on line 16 and defined D:\apa\PHP1\restaurant\restaurant\ThinkPHP\Library\Think\Model.class.php 第 1797 行.
NOTIC: [8] Undefined variable: where D:\apa\PHP1\restaurant\restaurant\ThinkPHP\Library\Think\Model.class.php 第 1805 行.
NOTIC: [8] Undefined variable: where D:\apa\PHP1\restaurant\restaurant\ThinkPHP\Library\Think\Model.class.php 第 1808 行.
NOTIC: [8] Undefined variable: where D:\apa\PHP1\restaurant\restaurant\ThinkPHP\Library\Think\Model.class.php 第 1816 行.
SQL: SELECT sum(sum),`name` FROM `order` GROUP BY name ORDER BY sum(sum) desc LIMIT 0,6   [ RunTime:0.0009s ]
SQL: SELECT COUNT(*) AS tp_count FROM `order` LIMIT 1   [ RunTime:0.0006s ]
SQL: SHOW COLUMNS FROM `num` [ RunTime:0.0177s ]
SQL: SELECT COUNT(*) AS tp_count FROM `num` LIMIT 1   [ RunTime:0.0009s ]
INFO: [ view_parse ] --START--
INFO: [ template_filter ] --START--
INFO: Run Behavior\ContentReplaceBehavior [ RunTime:0.000301s ]
INFO: [ template_filter ] --END-- [ RunTime:0.000521s ]
INFO: Run Behavior\ParseTemplateBehavior [ RunTime:0.040154s ]
INFO: [ view_parse ] --END-- [ RunTime:0.040404s ]
INFO: [ view_filter ] --START--
INFO: Run Behavior\WriteHtmlCacheBehavior [ RunTime:0.000854s ]
INFO: [ view_filter ] --END-- [ RunTime:0.001050s ]
INFO: [ app_end ] --START--
INFO: Run Behavior\ShowPageTraceBehavior [ RunTime:0.002569s ]
INFO: [ app_end ] --END-- [ RunTime:0.002797s ]

[ 2018-05-04T16:32:28+08:00 ] 127.0.0.1 /restaurant/restaurant/index.php/Admin/Sum/lists/p/1
INFO: [ app_init ] --START--
INFO: Run Behavior\BuildLiteBehavior [ RunTime:0.000042s ]
INFO: [ app_init ] --END-- [ RunTime:0.001028s ]
INFO: [ app_begin ] --START--
INFO: Run Behavior\ReadHtmlCacheBehavior [ RunTime:0.002071s ]
INFO: [ app_begin ] --END-- [ RunTime:0.002445s ]
SQL: SHOW COLUMNS FROM `order` [ RunTime:0.0181s ]
NOTIC: [2] Missing argument 1 for Think\Model::where(), called in D:\apa\PHP1\restaurant\restaurant\Application\Admin\Controller\SumController.class.php on line 16 and defined D:\apa\PHP1\restaurant\restaurant\ThinkPHP\Library\Think\Model.class.php 第 1797 行.
NOTIC: [8] Undefined variable: where D:\apa\PHP1\restaurant\restaurant\ThinkPHP\Library\Think\Model.class.php 第 1805 行.
NOTIC: [8] Undefined variable: where D:\apa\PHP1\restaurant\restaurant\ThinkPHP\Library\Think\Model.class.php 第 1808 行.
NOTIC: [8] Undefined variable: where D:\apa\PHP1\restaurant\restaurant\ThinkPHP\Library\Think\Model.class.php 第 1816 行.
SQL: SELECT sum(sum),`name` FROM `order` GROUP BY name ORDER BY sum(sum) desc LIMIT 0,6   [ RunTime:0.0011s ]
SQL: SELECT COUNT(*) AS tp_count FROM `order` LIMIT 1   [ RunTime:0.0008s ]
SQL: SHOW COLUMNS FROM `num` [ RunTime:0.0184s ]
SQL: SELECT COUNT(*) AS tp_count FROM `num` LIMIT 1   [ RunTime:0.0008s ]
INFO: [ view_parse ] --START--
INFO: [ template_filter ] --START--
INFO: Run Behavior\ContentReplaceBehavior [ RunTime:0.000320s ]
INFO: [ template_filter ] --END-- [ RunTime:0.000569s ]
INFO: Run Behavior\ParseTemplateBehavior [ RunTime:0.038836s ]
INFO: [ view_parse ] --END-- [ RunTime:0.039074s ]
INFO: [ view_filter ] --START--
INFO: Run Behavior\WriteHtmlCacheBehavior [ RunTime:0.000694s ]
INFO: [ view_filter ] --END-- [ RunTime:0.000863s ]
INFO: [ app_end ] --START--
INFO: Run Behavior\ShowPageTraceBehavior [ RunTime:0.004581s ]
INFO: [ app_end ] --END-- [ RunTime:0.004958s ]

[ 2018-05-04T16:33:04+08:00 ] 127.0.0.1 /restaurant/restaurant/index.php/Admin/Sum/lists/p/1
INFO: [ app_init ] --START--
INFO: Run Behavior\BuildLiteBehavior [ RunTime:0.000044s ]
INFO: [ app_init ] --END-- [ RunTime:0.001200s ]
INFO: [ app_begin ] --START--
INFO: Run Behavior\ReadHtmlCacheBehavior [ RunTime:0.002222s ]
INFO: [ app_begin ] --END-- [ RunTime:0.002488s ]
SQL: SHOW COLUMNS FROM `order` [ RunTime:0.0189s ]
NOTIC: [2] Missing argument 1 for Think\Model::where(), called in D:\apa\PHP1\restaurant\restaurant\Application\Admin\Controller\SumController.class.php on line 16 and defined D:\apa\PHP1\restaurant\restaurant\ThinkPHP\Library\Think\Model.class.php 第 1797 行.
NOTIC: [8] Undefined variable: where D:\apa\PHP1\restaurant\restaurant\ThinkPHP\Library\Think\Model.class.php 第 1805 行.
NOTIC: [8] Undefined variable: where D:\apa\PHP1\restaurant\restaurant\ThinkPHP\Library\Think\Model.class.php 第 1808 行.
NOTIC: [8] Undefined variable: where D:\apa\PHP1\restaurant\restaurant\ThinkPHP\Library\Think\Model.class.php 第 1816 行.
SQL: SELECT sum(sum),`name` FROM `order` GROUP BY name ORDER BY sum(sum) desc LIMIT 0,6   [ RunTime:0.0008s ]
SQL: SELECT COUNT(*) AS tp_count FROM `order` LIMIT 1   [ RunTime:0.0010s ]
SQL: SHOW COLUMNS FROM `num` [ RunTime:0.0174s ]
SQL: SELECT COUNT(*) AS tp_count FROM `num` LIMIT 1   [ RunTime:0.0009s ]
INFO: [ view_parse ] --START--
INFO: [ template_filter ] --START--
INFO: Run Behavior\ContentReplaceBehavior [ RunTime:0.000303s ]
INFO: [ template_filter ] --END-- [ RunTime:0.000534s ]
INFO: Run Behavior\ParseTemplateBehavior [ RunTime:0.039452s ]
INFO: [ view_parse ] --END-- [ RunTime:0.039701s ]
INFO: [ view_filter ] --START--
INFO: Run Behavior\WriteHtmlCacheBehavior [ RunTime:0.000971s ]
INFO: [ view_filter ] --END-- [ RunTime:0.001147s ]
INFO: [ app_end ] --START--
INFO: Run Behavior\ShowPageTraceBehavior [ RunTime:0.004521s ]
INFO: [ app_end ] --END-- [ RunTime:0.005030s ]

[ 2018-05-04T16:33:30+08:00 ] 127.0.0.1 /restaurant/restaurant/index.php/Admin/Sum/lists/p/1
INFO: [ app_init ] --START--
INFO: Run Behavior\BuildLiteBehavior [ RunTime:0.000054s ]
INFO: [ app_init ] --END-- [ RunTime:0.003028s ]
INFO: [ app_begin ] --START--
INFO: Run Behavior\ReadHtmlCacheBehavior [ RunTime:0.002200s ]
INFO: [ app_begin ] --END-- [ RunTime:0.002459s ]
SQL: SHOW COLUMNS FROM `order` [ RunTime:0.0175s ]
NOTIC: [2] Missing argument 1 for Think\Model::where(), called in D:\apa\PHP1\restaurant\restaurant\Application\Admin\Controller\SumController.class.php on line 16 and defined D:\apa\PHP1\restaurant\restaurant\ThinkPHP\Library\Think\Model.class.php 第 1797 行.
NOTIC: [8] Undefined variable: where D:\apa\PHP1\restaurant\restaurant\ThinkPHP\Library\Think\Model.class.php 第 1805 行.
NOTIC: [8] Undefined variable: where D:\apa\PHP1\restaurant\restaurant\ThinkPHP\Library\Think\Model.class.php 第 1808 行.
NOTIC: [8] Undefined variable: where D:\apa\PHP1\restaurant\restaurant\ThinkPHP\Library\Think\Model.class.php 第 1816 行.
SQL: SELECT sum(sum),`name` FROM `order` GROUP BY name ORDER BY sum(sum) desc LIMIT 0,6   [ RunTime:0.0012s ]
SQL: SELECT COUNT(*) AS tp_count FROM `order` LIMIT 1   [ RunTime:0.0009s ]
SQL: SHOW COLUMNS FROM `num` [ RunTime:0.0167s ]
SQL: SELECT COUNT(*) AS tp_count FROM `num` LIMIT 1   [ RunTime:0.0007s ]
INFO: [ view_parse ] --START--
INFO: [ template_filter ] --START--
INFO: Run Behavior\ContentReplaceBehavior [ RunTime:0.000555s ]
INFO: [ template_filter ] --END-- [ RunTime:0.001141s ]
INFO: Run Behavior\ParseTemplateBehavior [ RunTime:0.037687s ]
INFO: [ view_parse ] --END-- [ RunTime:0.037899s ]
INFO: [ view_filter ] --START--
INFO: Run Behavior\WriteHtmlCacheBehavior [ RunTime:0.001023s ]
INFO: [ view_filter ] --END-- [ RunTime:0.001215s ]
INFO: [ app_end ] --START--
INFO: Run Behavior\ShowPageTraceBehavior [ RunTime:0.002704s ]
INFO: [ app_end ] --END-- [ RunTime:0.003057s ]

[ 2018-05-04T16:33:41+08:00 ] 127.0.0.1 /restaurant/restaurant/index.php/Admin/Sum/lists/p/1
INFO: [ app_init ] --START--
INFO: Run Behavior\BuildLiteBehavior [ RunTime:0.000061s ]
INFO: [ app_init ] --END-- [ RunTime:0.001541s ]
INFO: [ app_begin ] --START--
INFO: Run Behavior\ReadHtmlCacheBehavior [ RunTime:0.001542s ]
INFO: [ app_begin ] --END-- [ RunTime:0.001751s ]
SQL: SHOW COLUMNS FROM `order` [ RunTime:0.0165s ]
NOTIC: [2] Missing argument 1 for Think\Model::where(), called in D:\apa\PHP1\restaurant\restaurant\Application\Admin\Controller\SumController.class.php on line 16 and defined D:\apa\PHP1\restaurant\restaurant\ThinkPHP\Library\Think\Model.class.php 第 1797 行.
NOTIC: [8] Undefined variable: where D:\apa\PHP1\restaurant\restaurant\ThinkPHP\Library\Think\Model.class.php 第 1805 行.
NOTIC: [8] Undefined variable: where D:\apa\PHP1\restaurant\restaurant\ThinkPHP\Library\Think\Model.class.php 第 1808 行.
NOTIC: [8] Undefined variable: where D:\apa\PHP1\restaurant\restaurant\ThinkPHP\Library\Think\Model.class.php 第 1816 行.
SQL: SELECT sum(sum),`name` FROM `order` GROUP BY name ORDER BY sum(sum) desc LIMIT 0,6   [ RunTime:0.0010s ]
SQL: SELECT COUNT(*) AS tp_count FROM `order` LIMIT 1   [ RunTime:0.0007s ]
SQL: SHOW COLUMNS FROM `num` [ RunTime:0.0182s ]
SQL: SELECT COUNT(*) AS tp_count FROM `num` LIMIT 1   [ RunTime:0.0007s ]
INFO: [ view_parse ] --START--
INFO: [ template_filter ] --START--
INFO: Run Behavior\ContentReplaceBehavior [ RunTime:0.000315s ]
INFO: [ template_filter ] --END-- [ RunTime:0.000549s ]
INFO: Run Behavior\ParseTemplateBehavior [ RunTime:0.038985s ]
INFO: [ view_parse ] --END-- [ RunTime:0.039203s ]
INFO: [ view_filter ] --START--
INFO: Run Behavior\WriteHtmlCacheBehavior [ RunTime:0.000688s ]
INFO: [ view_filter ] --END-- [ RunTime:0.000876s ]
INFO: [ app_end ] --START--
INFO: Run Behavior\ShowPageTraceBehavior [ RunTime:0.003280s ]
INFO: [ app_end ] --END-- [ RunTime:0.003635s ]

[ 2018-05-04T16:33:43+08:00 ] 127.0.0.1 /restaurant/restaurant/index.php/Admin/Sum/del?
INFO: [ app_init ] --START--
INFO: Run Behavior\BuildLiteBehavior [ RunTime:0.000044s ]
INFO: [ app_init ] --END-- [ RunTime:0.001088s ]
INFO: [ app_begin ] --START--
INFO: Run Behavior\ReadHtmlCacheBehavior [ RunTime:0.001594s ]
INFO: [ app_begin ] --END-- [ RunTime:0.001791s ]
NOTIC: [8] Undefined index: sumId D:\apa\PHP1\restaurant\restaurant\Application\Admin\Controller\SumController.class.php 第 52 行.
SQL: SHOW COLUMNS FROM `order` [ RunTime:0.0190s ]
NOTIC: [2] Invalid argument supplied for foreach() D:\apa\PHP1\restaurant\restaurant\Application\Admin\Controller\SumController.class.php 第 54 行.

[ 2018-05-04T16:33:44+08:00 ] 127.0.0.1 /restaurant/restaurant/index.php/Admin/Sum/lists/p/1
INFO: [ app_init ] --START--
INFO: Run Behavior\BuildLiteBehavior [ RunTime:0.000051s ]
INFO: [ app_init ] --END-- [ RunTime:0.001265s ]
INFO: [ app_begin ] --START--
INFO: Run Behavior\ReadHtmlCacheBehavior [ RunTime:0.001939s ]
INFO: [ app_begin ] --END-- [ RunTime:0.002304s ]
SQL: SHOW COLUMNS FROM `order` [ RunTime:0.0164s ]
NOTIC: [2] Missing argument 1 for Think\Model::where(), called in D:\apa\PHP1\restaurant\restaurant\Application\Admin\Controller\SumController.class.php on line 16 and defined D:\apa\PHP1\restaurant\restaurant\ThinkPHP\Library\Think\Model.class.php 第 1797 行.
NOTIC: [8] Undefined variable: where D:\apa\PHP1\restaurant\restaurant\ThinkPHP\Library\Think\Model.class.php 第 1805 行.
NOTIC: [8] Undefined variable: where D:\apa\PHP1\restaurant\restaurant\ThinkPHP\Library\Think\Model.class.php 第 1808 行.
NOTIC: [8] Undefined variable: where D:\apa\PHP1\restaurant\restaurant\ThinkPHP\Library\Think\Model.class.php 第 1816 行.
SQL: SELECT sum(sum),`name` FROM `order` GROUP BY name ORDER BY sum(sum) desc LIMIT 0,6   [ RunTime:0.0009s ]
SQL: SELECT COUNT(*) AS tp_count FROM `order` LIMIT 1   [ RunTime:0.0006s ]
SQL: SHOW COLUMNS FROM `num` [ RunTime:0.0178s ]
SQL: SELECT COUNT(*) AS tp_count FROM `num` LIMIT 1   [ RunTime:0.0007s ]
INFO: [ view_parse ] --START--
INFO: [ template_filter ] --START--
INFO: Run Behavior\ContentReplaceBehavior [ RunTime:0.000302s ]
INFO: [ template_filter ] --END-- [ RunTime:0.000531s ]
INFO: Run Behavior\ParseTemplateBehavior [ RunTime:0.037094s ]
INFO: [ view_parse ] --END-- [ RunTime:0.037309s ]
INFO: [ view_filter ] --START--
INFO: Run Behavior\WriteHtmlCacheBehavior [ RunTime:0.000718s ]
INFO: [ view_filter ] --END-- [ RunTime:0.000890s ]
INFO: [ app_end ] --START--
INFO: Run Behavior\ShowPageTraceBehavior [ RunTime:0.002116s ]
INFO: [ app_end ] --END-- [ RunTime:0.002574s ]

[ 2018-05-04T16:34:10+08:00 ] 127.0.0.1 /restaurant/restaurant/index.php/Admin/Sum/lists/p/1
INFO: [ app_init ] --START--
INFO: Run Behavior\BuildLiteBehavior [ RunTime:0.000260s ]
INFO: [ app_init ] --END-- [ RunTime:0.001752s ]
INFO: [ app_begin ] --START--
INFO: Run Behavior\ReadHtmlCacheBehavior [ RunTime:0.001539s ]
INFO: [ app_begin ] --END-- [ RunTime:0.001747s ]
SQL: SHOW COLUMNS FROM `order` [ RunTime:0.0172s ]
NOTIC: [2] Missing argument 1 for Think\Model::where(), called in D:\apa\PHP1\restaurant\restaurant\Application\Admin\Controller\SumController.class.php on line 16 and defined D:\apa\PHP1\restaurant\restaurant\ThinkPHP\Library\Think\Model.class.php 第 1797 行.
NOTIC: [8] Undefined variable: where D:\apa\PHP1\restaurant\restaurant\ThinkPHP\Library\Think\Model.class.php 第 1805 行.
NOTIC: [8] Undefined variable: where D:\apa\PHP1\restaurant\restaurant\ThinkPHP\Library\Think\Model.class.php 第 1808 行.
NOTIC: [8] Undefined variable: where D:\apa\PHP1\restaurant\restaurant\ThinkPHP\Library\Think\Model.class.php 第 1816 行.
SQL: SELECT sum(sum),`name` FROM `order` GROUP BY name ORDER BY sum(sum) desc LIMIT 0,6   [ RunTime:0.0010s ]
SQL: SELECT COUNT(*) AS tp_count FROM `order` LIMIT 1   [ RunTime:0.0010s ]
SQL: SHOW COLUMNS FROM `num` [ RunTime:0.0183s ]
SQL: SELECT COUNT(*) AS tp_count FROM `num` LIMIT 1   [ RunTime:0.0009s ]
INFO: [ view_parse ] --START--
INFO: [ template_filter ] --START--
INFO: Run Behavior\ContentReplaceBehavior [ RunTime:0.000299s ]
INFO: [ template_filter ] --END-- [ RunTime:0.000510s ]
INFO: Run Behavior\ParseTemplateBehavior [ RunTime:0.034850s ]
INFO: [ view_parse ] --END-- [ RunTime:0.035071s ]
INFO: [ view_filter ] --START--
INFO: Run Behavior\WriteHtmlCacheBehavior [ RunTime:0.000636s ]
INFO: [ view_filter ] --END-- [ RunTime:0.000811s ]
INFO: [ app_end ] --START--
INFO: Run Behavior\ShowPageTraceBehavior [ RunTime:0.001555s ]
INFO: [ app_end ] --END-- [ RunTime:0.001740s ]

[ 2018-05-04T16:34:12+08:00 ] 127.0.0.1 /restaurant/restaurant/index.php/Admin/Sum/del?
INFO: [ app_init ] --START--
INFO: Run Behavior\BuildLiteBehavior [ RunTime:0.000042s ]
INFO: [ app_init ] --END-- [ RunTime:0.001048s ]
INFO: [ app_begin ] --START--
INFO: Run Behavior\ReadHtmlCacheBehavior [ RunTime:0.001513s ]
INFO: [ app_begin ] --END-- [ RunTime:0.001701s ]
NOTIC: [8] Undefined index: sumId D:\apa\PHP1\restaurant\restaurant\Application\Admin\Controller\SumController.class.php 第 52 行.
SQL: SHOW COLUMNS FROM `order` [ RunTime:0.0185s ]
NOTIC: [2] Invalid argument supplied for foreach() D:\apa\PHP1\restaurant\restaurant\Application\Admin\Controller\SumController.class.php 第 54 行.

[ 2018-05-04T16:34:14+08:00 ] 127.0.0.1 /restaurant/restaurant/index.php/Admin/Sum/lists/p/1
INFO: [ app_init ] --START--
INFO: Run Behavior\BuildLiteBehavior [ RunTime:0.000044s ]
INFO: [ app_init ] --END-- [ RunTime:0.001185s ]
INFO: [ app_begin ] --START--
INFO: Run Behavior\ReadHtmlCacheBehavior [ RunTime:0.001688s ]
INFO: [ app_begin ] --END-- [ RunTime:0.001929s ]
SQL: SHOW COLUMNS FROM `order` [ RunTime:0.0168s ]
NOTIC: [2] Missing argument 1 for Think\Model::where(), called in D:\apa\PHP1\restaurant\restaurant\Application\Admin\Controller\SumController.class.php on line 16 and defined D:\apa\PHP1\restaurant\restaurant\ThinkPHP\Library\Think\Model.class.php 第 1797 行.
NOTIC: [8] Undefined variable: where D:\apa\PHP1\restaurant\restaurant\ThinkPHP\Library\Think\Model.class.php 第 1805 行.
NOTIC: [8] Undefined variable: where D:\apa\PHP1\restaurant\restaurant\ThinkPHP\Library\Think\Model.class.php 第 1808 行.
NOTIC: [8] Undefined variable: where D:\apa\PHP1\restaurant\restaurant\ThinkPHP\Library\Think\Model.class.php 第 1816 行.
SQL: SELECT sum(sum),`name` FROM `order` GROUP BY name ORDER BY sum(sum) desc LIMIT 0,6   [ RunTime:0.0009s ]
SQL: SELECT COUNT(*) AS tp_count FROM `order` LIMIT 1   [ RunTime:0.0006s ]
SQL: SHOW COLUMNS FROM `num` [ RunTime:0.0158s ]
SQL: SELECT COUNT(*) AS tp_count FROM `num` LIMIT 1   [ RunTime:0.0008s ]
INFO: [ view_parse ] --START--
INFO: [ template_filter ] --START--
INFO: Run Behavior\ContentReplaceBehavior [ RunTime:0.000298s ]
INFO: [ template_filter ] --END-- [ RunTime:0.000507s ]
INFO: Run Behavior\ParseTemplateBehavior [ RunTime:0.037628s ]
INFO: [ view_parse ] --END-- [ RunTime:0.037859s ]
INFO: [ view_filter ] --START--
INFO: Run Behavior\WriteHtmlCacheBehavior [ RunTime:0.000924s ]
INFO: [ view_filter ] --END-- [ RunTime:0.001094s ]
INFO: [ app_end ] --START--
INFO: Run Behavior\ShowPageTraceBehavior [ RunTime:0.003101s ]
INFO: [ app_end ] --END-- [ RunTime:0.003324s ]

[ 2018-05-04T16:35:06+08:00 ] 127.0.0.1 /restaurant/restaurant/index.php/Admin/Sum/lists/p/1
INFO: [ app_init ] --START--
INFO: Run Behavior\BuildLiteBehavior [ RunTime:0.000061s ]
INFO: [ app_init ] --END-- [ RunTime:0.001571s ]
INFO: [ app_begin ] --START--
INFO: Run Behavior\ReadHtmlCacheBehavior [ RunTime:0.001998s ]
INFO: [ app_begin ] --END-- [ RunTime:0.002227s ]
SQL: SHOW COLUMNS FROM `order` [ RunTime:0.0185s ]
NOTIC: [2] Missing argument 1 for Think\Model::where(), called in D:\apa\PHP1\restaurant\restaurant\Application\Admin\Controller\SumController.class.php on line 16 and defined D:\apa\PHP1\restaurant\restaurant\ThinkPHP\Library\Think\Model.class.php 第 1797 行.
NOTIC: [8] Undefined variable: where D:\apa\PHP1\restaurant\restaurant\ThinkPHP\Library\Think\Model.class.php 第 1805 行.
NOTIC: [8] Undefined variable: where D:\apa\PHP1\restaurant\restaurant\ThinkPHP\Library\Think\Model.class.php 第 1808 行.
NOTIC: [8] Undefined variable: where D:\apa\PHP1\restaurant\restaurant\ThinkPHP\Library\Think\Model.class.php 第 1816 行.
SQL: SELECT sum(sum),`name` FROM `order` GROUP BY name ORDER BY sum(sum) desc LIMIT 0,6   [ RunTime:0.0008s ]
SQL: SELECT COUNT(*) AS tp_count FROM `order` LIMIT 1   [ RunTime:0.0008s ]
SQL: SHOW COLUMNS FROM `num` [ RunTime:0.0173s ]
SQL: SELECT COUNT(*) AS tp_count FROM `num` LIMIT 1   [ RunTime:0.0007s ]
INFO: [ view_parse ] --START--
INFO: [ template_filter ] --START--
INFO: Run Behavior\ContentReplaceBehavior [ RunTime:0.000301s ]
INFO: [ template_filter ] --END-- [ RunTime:0.000537s ]
INFO: Run Behavior\ParseTemplateBehavior [ RunTime:0.040344s ]
INFO: [ view_parse ] --END-- [ RunTime:0.040583s ]
INFO: [ view_filter ] --START--
INFO: Run Behavior\WriteHtmlCacheBehavior [ RunTime:0.001082s ]
INFO: [ view_filter ] --END-- [ RunTime:0.001251s ]
INFO: [ app_end ] --START--
INFO: Run Behavior\ShowPageTraceBehavior [ RunTime:0.002504s ]
INFO: [ app_end ] --END-- [ RunTime:0.005332s ]

[ 2018-05-04T19:48:54+08:00 ] 127.0.0.1 /restaurant/restaurant/index.php/Admin/Sum/lists/p/1
INFO: [ app_init ] --START--
INFO: Run Behavior\BuildLiteBehavior [ RunTime:0.000057s ]
INFO: [ app_init ] --END-- [ RunTime:0.001242s ]
INFO: [ app_begin ] --START--
INFO: Run Behavior\ReadHtmlCacheBehavior [ RunTime:0.002025s ]
INFO: [ app_begin ] --END-- [ RunTime:0.002236s ]
INFO: [ view_parse ] --START--
INFO: [ template_filter ] --START--
INFO: Run Behavior\ContentReplaceBehavior [ RunTime:0.000182s ]
INFO: [ template_filter ] --END-- [ RunTime:0.000428s ]
INFO: Run Behavior\ParseTemplateBehavior [ RunTime:0.022776s ]
INFO: [ view_parse ] --END-- [ RunTime:0.023008s ]
INFO: [ view_filter ] --START--
INFO: Run Behavior\WriteHtmlCacheBehavior [ RunTime:0.001418s ]
INFO: [ view_filter ] --END-- [ RunTime:0.001655s ]

[ 2018-05-04T19:48:58+08:00 ] 127.0.0.1 /restaurant/restaurant/index.php/Admin/Admin/login
INFO: [ app_init ] --START--
INFO: Run Behavior\BuildLiteBehavior [ RunTime:0.000053s ]
INFO: [ app_init ] --END-- [ RunTime:0.001582s ]
INFO: [ app_begin ] --START--
INFO: Run Behavior\ReadHtmlCacheBehavior [ RunTime:0.001674s ]
INFO: [ app_begin ] --END-- [ RunTime:0.001906s ]
INFO: [ view_parse ] --START--
INFO: [ template_filter ] --START--
INFO: Run Behavior\ContentReplaceBehavior [ RunTime:0.000180s ]
INFO: [ template_filter ] --END-- [ RunTime:0.000395s ]
INFO: Run Behavior\ParseTemplateBehavior [ RunTime:0.022830s ]
INFO: [ view_parse ] --END-- [ RunTime:0.023097s ]
INFO: [ view_filter ] --START--
INFO: Run Behavior\WriteHtmlCacheBehavior [ RunTime:0.000670s ]
INFO: [ view_filter ] --END-- [ RunTime:0.000847s ]
INFO: [ app_end ] --START--
INFO: Run Behavior\ShowPageTraceBehavior [ RunTime:0.001594s ]
INFO: [ app_end ] --END-- [ RunTime:0.001786s ]

[ 2018-05-04T20:05:46+08:00 ] 127.0.0.1 /restaurant/restaurant/index.php/Admin/Admin/login
INFO: [ app_init ] --START--
INFO: Run Behavior\BuildLiteBehavior [ RunTime:0.000043s ]
INFO: [ app_init ] --END-- [ RunTime:0.001159s ]
INFO: [ app_begin ] --START--
INFO: Run Behavior\ReadHtmlCacheBehavior [ RunTime:0.002062s ]
INFO: [ app_begin ] --END-- [ RunTime:0.002308s ]
SQL: SHOW COLUMNS FROM `admin_user` [ RunTime:0.0188s ]
SQL: SELECT COUNT(*) AS tp_count FROM `admin_user` WHERE `username` = 'wangna' AND `password` = '123456' LIMIT 1   [ RunTime:0.0009s ]

[ 2018-05-04T20:05:47+08:00 ] 127.0.0.1 /restaurant/restaurant/index.php/Admin/Index/index
INFO: [ app_init ] --START--
INFO: Run Behavior\BuildLiteBehavior [ RunTime:0.000043s ]
INFO: [ app_init ] --END-- [ RunTime:0.001196s ]
INFO: [ app_begin ] --START--
INFO: Run Behavior\ReadHtmlCacheBehavior [ RunTime:0.001547s ]
INFO: [ app_begin ] --END-- [ RunTime:0.001744s ]
INFO: [ view_parse ] --START--
INFO: [ template_filter ] --START--
INFO: Run Behavior\ContentReplaceBehavior [ RunTime:0.000277s ]
INFO: [ template_filter ] --END-- [ RunTime:0.000489s ]
INFO: Run Behavior\ParseTemplateBehavior [ RunTime:0.039336s ]
INFO: [ view_parse ] --END-- [ RunTime:0.039591s ]
INFO: [ view_filter ] --START--
INFO: Run Behavior\WriteHtmlCacheBehavior [ RunTime:0.001266s ]
INFO: [ view_filter ] --END-- [ RunTime:0.001440s ]
INFO: [ app_end ] --START--
INFO: Run Behavior\ShowPageTraceBehavior [ RunTime:0.004494s ]
INFO: [ app_end ] --END-- [ RunTime:0.005278s ]

[ 2018-05-04T20:05:51+08:00 ] 127.0.0.1 /restaurant/restaurant/index.php/Admin/Sum/lists/p/1
INFO: [ app_init ] --START--
INFO: Run Behavior\BuildLiteBehavior [ RunTime:0.000047s ]
INFO: [ app_init ] --END-- [ RunTime:0.001072s ]
INFO: [ app_begin ] --START--
INFO: Run Behavior\ReadHtmlCacheBehavior [ RunTime:0.001775s ]
INFO: [ app_begin ] --END-- [ RunTime:0.002005s ]
SQL: SHOW COLUMNS FROM `order` [ RunTime:0.0168s ]
NOTIC: [2] Missing argument 1 for Think\Model::where(), called in D:\apa\PHP1\restaurant\restaurant\Application\Admin\Controller\SumController.class.php on line 16 and defined D:\apa\PHP1\restaurant\restaurant\ThinkPHP\Library\Think\Model.class.php 第 1797 行.
NOTIC: [8] Undefined variable: where D:\apa\PHP1\restaurant\restaurant\ThinkPHP\Library\Think\Model.class.php 第 1805 行.
NOTIC: [8] Undefined variable: where D:\apa\PHP1\restaurant\restaurant\ThinkPHP\Library\Think\Model.class.php 第 1808 行.
NOTIC: [8] Undefined variable: where D:\apa\PHP1\restaurant\restaurant\ThinkPHP\Library\Think\Model.class.php 第 1816 行.
SQL: SELECT sum(sum),`name` FROM `order` GROUP BY name ORDER BY sum(sum) desc LIMIT 0,6   [ RunTime:0.0107s ]
SQL: SELECT COUNT(*) AS tp_count FROM `order` LIMIT 1   [ RunTime:0.0011s ]
SQL: SHOW COLUMNS FROM `num` [ RunTime:0.0177s ]
SQL: SELECT COUNT(*) AS tp_count FROM `num` LIMIT 1   [ RunTime:0.0008s ]
INFO: [ view_parse ] --START--
INFO: [ template_filter ] --START--
INFO: Run Behavior\ContentReplaceBehavior [ RunTime:0.000294s ]
INFO: [ template_filter ] --END-- [ RunTime:0.000506s ]
INFO: Run Behavior\ParseTemplateBehavior [ RunTime:0.037646s ]
INFO: [ view_parse ] --END-- [ RunTime:0.037880s ]
INFO: [ view_filter ] --START--
INFO: Run Behavior\WriteHtmlCacheBehavior [ RunTime:0.000688s ]
INFO: [ view_filter ] --END-- [ RunTime:0.000860s ]
INFO: [ app_end ] --START--
INFO: Run Behavior\ShowPageTraceBehavior [ RunTime:0.001685s ]
INFO: [ app_end ] --END-- [ RunTime:0.001890s ]

