[ 2018-04-26T18:15:06+08:00 ] 127.0.0.1 /restaurant/restaurant/index.php/admin/index/index
INFO: [ app_init ] --START--
INFO: Run Behavior\BuildLiteBehavior [ RunTime:0.000046s ]
INFO: [ app_init ] --END-- [ RunTime:0.001149s ]
INFO: [ app_begin ] --START--
INFO: Run Behavior\ReadHtmlCacheBehavior [ RunTime:0.001723s ]
INFO: [ app_begin ] --END-- [ RunTime:0.001968s ]
INFO: [ view_parse ] --START--
INFO: [ template_filter ] --START--
INFO: Run Behavior\ContentReplaceBehavior [ RunTime:0.000156s ]
INFO: [ template_filter ] --END-- [ RunTime:0.000388s ]
INFO: Run Behavior\ParseTemplateBehavior [ RunTime:0.023056s ]
INFO: [ view_parse ] --END-- [ RunTime:0.023285s ]
INFO: [ view_filter ] --START--
INFO: Run Behavior\WriteHtmlCacheBehavior [ RunTime:0.000642s ]
INFO: [ view_filter ] --END-- [ RunTime:0.000819s ]

[ 2018-04-26T18:15:09+08:00 ] 127.0.0.1 /restaurant/restaurant/index.php/Admin/Admin/login
INFO: [ app_init ] --START--
INFO: Run Behavior\BuildLiteBehavior [ RunTime:0.000060s ]
INFO: [ app_init ] --END-- [ RunTime:0.001722s ]
INFO: [ app_begin ] --START--
INFO: Run Behavior\ReadHtmlCacheBehavior [ RunTime:0.002298s ]
INFO: [ app_begin ] --END-- [ RunTime:0.002586s ]
INFO: [ view_parse ] --START--
INFO: [ template_filter ] --START--
INFO: Run Behavior\ContentReplaceBehavior [ RunTime:0.000205s ]
INFO: [ template_filter ] --END-- [ RunTime:0.001096s ]
INFO: Run Behavior\ParseTemplateBehavior [ RunTime:0.029581s ]
INFO: [ view_parse ] --END-- [ RunTime:0.029833s ]
INFO: [ view_filter ] --START--
INFO: Run Behavior\WriteHtmlCacheBehavior [ RunTime:0.000690s ]
INFO: [ view_filter ] --END-- [ RunTime:0.000866s ]
INFO: [ app_end ] --START--
INFO: Run Behavior\ShowPageTraceBehavior [ RunTime:0.002530s ]
INFO: [ app_end ] --END-- [ RunTime:0.002752s ]

[ 2018-04-26T18:15:20+08:00 ] 127.0.0.1 /restaurant/restaurant/index.php/Admin/Admin/login
INFO: [ app_init ] --START--
INFO: Run Behavior\BuildLiteBehavior [ RunTime:0.000044s ]
INFO: [ app_init ] --END-- [ RunTime:0.001063s ]
INFO: [ app_begin ] --START--
INFO: Run Behavior\ReadHtmlCacheBehavior [ RunTime:0.001569s ]
INFO: [ app_begin ] --END-- [ RunTime:0.001883s ]
SQL: SHOW COLUMNS FROM `admin_user` [ RunTime:0.0174s ]
SQL: SELECT COUNT(*) AS tp_count FROM `admin_user` WHERE `username` = 'gaozhiqin' AND `password` = '123456' LIMIT 1   [ RunTime:0.0007s ]

[ 2018-04-26T18:15:20+08:00 ] 127.0.0.1 /restaurant/restaurant/index.php/Admin/Index/index
INFO: [ app_init ] --START--
INFO: Run Behavior\BuildLiteBehavior [ RunTime:0.000046s ]
INFO: [ app_init ] --END-- [ RunTime:0.001108s ]
INFO: [ app_begin ] --START--
INFO: Run Behavior\ReadHtmlCacheBehavior [ RunTime:0.001535s ]
INFO: [ app_begin ] --END-- [ RunTime:0.001742s ]
INFO: [ view_parse ] --START--
INFO: [ template_filter ] --START--
INFO: Run Behavior\ContentReplaceBehavior [ RunTime:0.000326s ]
INFO: [ template_filter ] --END-- [ RunTime:0.000620s ]
INFO: Run Behavior\ParseTemplateBehavior [ RunTime:0.059476s ]
INFO: [ view_parse ] --END-- [ RunTime:0.059702s ]
INFO: [ view_filter ] --START--
INFO: Run Behavior\WriteHtmlCacheBehavior [ RunTime:0.000704s ]
INFO: [ view_filter ] --END-- [ RunTime:0.000883s ]
INFO: [ app_end ] --START--
INFO: Run Behavior\ShowPageTraceBehavior [ RunTime:0.001598s ]
INFO: [ app_end ] --END-- [ RunTime:0.001781s ]

[ 2018-04-26T18:19:55+08:00 ] 127.0.0.1 /restaurant/restaurant/index.php/Admin/Index/index
INFO: [ app_init ] --START--
INFO: Run Behavior\BuildLiteBehavior [ RunTime:0.000085s ]
INFO: [ app_init ] --END-- [ RunTime:0.001548s ]
INFO: [ app_begin ] --START--
INFO: Run Behavior\ReadHtmlCacheBehavior [ RunTime:0.002356s ]
INFO: [ app_begin ] --END-- [ RunTime:0.002617s ]
INFO: [ view_parse ] --START--
INFO: [ template_filter ] --START--
INFO: Run Behavior\ContentReplaceBehavior [ RunTime:0.000354s ]
INFO: [ template_filter ] --END-- [ RunTime:0.000635s ]
INFO: Run Behavior\ParseTemplateBehavior [ RunTime:0.040410s ]
INFO: [ view_parse ] --END-- [ RunTime:0.040677s ]
INFO: [ view_filter ] --START--
INFO: Run Behavior\WriteHtmlCacheBehavior [ RunTime:0.001705s ]
INFO: [ view_filter ] --END-- [ RunTime:0.002005s ]
INFO: [ app_end ] --START--
INFO: Run Behavior\ShowPageTraceBehavior [ RunTime:0.002760s ]
INFO: [ app_end ] --END-- [ RunTime:0.002972s ]

[ 2018-04-26T18:20:00+08:00 ] 127.0.0.1 /restaurant/restaurant/index.php/Admin/Sum/lists/p/1
INFO: [ app_init ] --START--
INFO: Run Behavior\BuildLiteBehavior [ RunTime:0.000047s ]
INFO: [ app_init ] --END-- [ RunTime:0.001429s ]
INFO: [ app_begin ] --START--
INFO: Run Behavior\ReadHtmlCacheBehavior [ RunTime:0.001872s ]
INFO: [ app_begin ] --END-- [ RunTime:0.002099s ]
SQL: SHOW COLUMNS FROM `news` [ RunTime:0.0182s ]
NOTIC: [2] Missing argument 1 for Think\Model::where(), called in D:\apa\PHP1\restaurant\restaurant\Application\Admin\Controller\SumController.class.php on line 16 and defined D:\apa\PHP1\restaurant\restaurant\ThinkPHP\Library\Think\Model.class.php 第 1797 行.
NOTIC: [8] Undefined variable: where D:\apa\PHP1\restaurant\restaurant\ThinkPHP\Library\Think\Model.class.php 第 1805 行.
NOTIC: [8] Undefined variable: where D:\apa\PHP1\restaurant\restaurant\ThinkPHP\Library\Think\Model.class.php 第 1808 行.
NOTIC: [8] Undefined variable: where D:\apa\PHP1\restaurant\restaurant\ThinkPHP\Library\Think\Model.class.php 第 1816 行.
SQL: SELECT * FROM `news` ORDER BY time desc LIMIT 0,8   [ RunTime:0.0012s ]
SQL: SELECT COUNT(*) AS tp_count FROM `news` LIMIT 1   [ RunTime:0.0007s ]
INFO: [ view_parse ] --START--
INFO: [ template_filter ] --START--
INFO: Run Behavior\ContentReplaceBehavior [ RunTime:0.000515s ]
INFO: [ template_filter ] --END-- [ RunTime:0.000768s ]
NOTIC: [8] Use of undefined constant ture - assumed 'ture' D:\apa\PHP1\restaurant\restaurant\Application\Runtime\Cache\Admin\2e230bfbcf08ea141e5b5c48d90b0e8a.php 第 111 行.
NOTIC: [8] Use of undefined constant ture - assumed 'ture' D:\apa\PHP1\restaurant\restaurant\Application\Runtime\Cache\Admin\2e230bfbcf08ea141e5b5c48d90b0e8a.php 第 112 行.
NOTIC: [8] Use of undefined constant ture - assumed 'ture' D:\apa\PHP1\restaurant\restaurant\Application\Runtime\Cache\Admin\2e230bfbcf08ea141e5b5c48d90b0e8a.php 第 111 行.
NOTIC: [8] Use of undefined constant ture - assumed 'ture' D:\apa\PHP1\restaurant\restaurant\Application\Runtime\Cache\Admin\2e230bfbcf08ea141e5b5c48d90b0e8a.php 第 112 行.
NOTIC: [8] Use of undefined constant ture - assumed 'ture' D:\apa\PHP1\restaurant\restaurant\Application\Runtime\Cache\Admin\2e230bfbcf08ea141e5b5c48d90b0e8a.php 第 111 行.
NOTIC: [8] Use of undefined constant ture - assumed 'ture' D:\apa\PHP1\restaurant\restaurant\Application\Runtime\Cache\Admin\2e230bfbcf08ea141e5b5c48d90b0e8a.php 第 112 行.
NOTIC: [8] Use of undefined constant ture - assumed 'ture' D:\apa\PHP1\restaurant\restaurant\Application\Runtime\Cache\Admin\2e230bfbcf08ea141e5b5c48d90b0e8a.php 第 111 行.
NOTIC: [8] Use of undefined constant ture - assumed 'ture' D:\apa\PHP1\restaurant\restaurant\Application\Runtime\Cache\Admin\2e230bfbcf08ea141e5b5c48d90b0e8a.php 第 112 行.
NOTIC: [8] Use of undefined constant ture - assumed 'ture' D:\apa\PHP1\restaurant\restaurant\Application\Runtime\Cache\Admin\2e230bfbcf08ea141e5b5c48d90b0e8a.php 第 111 行.
NOTIC: [8] Use of undefined constant ture - assumed 'ture' D:\apa\PHP1\restaurant\restaurant\Application\Runtime\Cache\Admin\2e230bfbcf08ea141e5b5c48d90b0e8a.php 第 112 行.
NOTIC: [8] Use of undefined constant ture - assumed 'ture' D:\apa\PHP1\restaurant\restaurant\Application\Runtime\Cache\Admin\2e230bfbcf08ea141e5b5c48d90b0e8a.php 第 111 行.
NOTIC: [8] Use of undefined constant ture - assumed 'ture' D:\apa\PHP1\restaurant\restaurant\Application\Runtime\Cache\Admin\2e230bfbcf08ea141e5b5c48d90b0e8a.php 第 112 行.
NOTIC: [8] Use of undefined constant ture - assumed 'ture' D:\apa\PHP1\restaurant\restaurant\Application\Runtime\Cache\Admin\2e230bfbcf08ea141e5b5c48d90b0e8a.php 第 111 行.
NOTIC: [8] Use of undefined constant ture - assumed 'ture' D:\apa\PHP1\restaurant\restaurant\Application\Runtime\Cache\Admin\2e230bfbcf08ea141e5b5c48d90b0e8a.php 第 112 行.
NOTIC: [8] Use of undefined constant ture - assumed 'ture' D:\apa\PHP1\restaurant\restaurant\Application\Runtime\Cache\Admin\2e230bfbcf08ea141e5b5c48d90b0e8a.php 第 111 行.
NOTIC: [8] Use of undefined constant ture - assumed 'ture' D:\apa\PHP1\restaurant\restaurant\Application\Runtime\Cache\Admin\2e230bfbcf08ea141e5b5c48d90b0e8a.php 第 112 行.
INFO: Run Behavior\ParseTemplateBehavior [ RunTime:0.045113s ]
INFO: [ view_parse ] --END-- [ RunTime:0.045420s ]
INFO: [ view_filter ] --START--
INFO: Run Behavior\WriteHtmlCacheBehavior [ RunTime:0.000785s ]
INFO: [ view_filter ] --END-- [ RunTime:0.000951s ]
INFO: [ app_end ] --START--
INFO: Run Behavior\ShowPageTraceBehavior [ RunTime:0.007036s ]
INFO: [ app_end ] --END-- [ RunTime:0.007439s ]

[ 2018-04-26T18:20:41+08:00 ] 127.0.0.1 /restaurant/restaurant/index.php/Admin/Sum/lists/p/1
INFO: [ app_init ] --START--
INFO: Run Behavior\BuildLiteBehavior [ RunTime:0.000043s ]
INFO: [ app_init ] --END-- [ RunTime:0.001212s ]
INFO: [ app_begin ] --START--
INFO: Run Behavior\ReadHtmlCacheBehavior [ RunTime:0.002232s ]
INFO: [ app_begin ] --END-- [ RunTime:0.002473s ]
SQL: SHOW COLUMNS FROM `news` [ RunTime:0.0179s ]
NOTIC: [2] Missing argument 1 for Think\Model::where(), called in D:\apa\PHP1\restaurant\restaurant\Application\Admin\Controller\SumController.class.php on line 16 and defined D:\apa\PHP1\restaurant\restaurant\ThinkPHP\Library\Think\Model.class.php 第 1797 行.
NOTIC: [8] Undefined variable: where D:\apa\PHP1\restaurant\restaurant\ThinkPHP\Library\Think\Model.class.php 第 1805 行.
NOTIC: [8] Undefined variable: where D:\apa\PHP1\restaurant\restaurant\ThinkPHP\Library\Think\Model.class.php 第 1808 行.
NOTIC: [8] Undefined variable: where D:\apa\PHP1\restaurant\restaurant\ThinkPHP\Library\Think\Model.class.php 第 1816 行.
SQL: SELECT * FROM `news` ORDER BY time desc LIMIT 0,8   [ RunTime:0.0011s ]
SQL: SELECT COUNT(*) AS tp_count FROM `news` LIMIT 1   [ RunTime:0.0009s ]
INFO: [ view_parse ] --START--
INFO: [ template_filter ] --START--
INFO: Run Behavior\ContentReplaceBehavior [ RunTime:0.000311s ]
INFO: [ template_filter ] --END-- [ RunTime:0.000551s ]
NOTIC: [8] Use of undefined constant ture - assumed 'ture' D:\apa\PHP1\restaurant\restaurant\Application\Runtime\Cache\Admin\2e230bfbcf08ea141e5b5c48d90b0e8a.php 第 111 行.
NOTIC: [8] Use of undefined constant ture - assumed 'ture' D:\apa\PHP1\restaurant\restaurant\Application\Runtime\Cache\Admin\2e230bfbcf08ea141e5b5c48d90b0e8a.php 第 112 行.
NOTIC: [8] Use of undefined constant ture - assumed 'ture' D:\apa\PHP1\restaurant\restaurant\Application\Runtime\Cache\Admin\2e230bfbcf08ea141e5b5c48d90b0e8a.php 第 111 行.
NOTIC: [8] Use of undefined constant ture - assumed 'ture' D:\apa\PHP1\restaurant\restaurant\Application\Runtime\Cache\Admin\2e230bfbcf08ea141e5b5c48d90b0e8a.php 第 112 行.
NOTIC: [8] Use of undefined constant ture - assumed 'ture' D:\apa\PHP1\restaurant\restaurant\Application\Runtime\Cache\Admin\2e230bfbcf08ea141e5b5c48d90b0e8a.php 第 111 行.
NOTIC: [8] Use of undefined constant ture - assumed 'ture' D:\apa\PHP1\restaurant\restaurant\Application\Runtime\Cache\Admin\2e230bfbcf08ea141e5b5c48d90b0e8a.php 第 112 行.
NOTIC: [8] Use of undefined constant ture - assumed 'ture' D:\apa\PHP1\restaurant\restaurant\Application\Runtime\Cache\Admin\2e230bfbcf08ea141e5b5c48d90b0e8a.php 第 111 行.
NOTIC: [8] Use of undefined constant ture - assumed 'ture' D:\apa\PHP1\restaurant\restaurant\Application\Runtime\Cache\Admin\2e230bfbcf08ea141e5b5c48d90b0e8a.php 第 112 行.
NOTIC: [8] Use of undefined constant ture - assumed 'ture' D:\apa\PHP1\restaurant\restaurant\Application\Runtime\Cache\Admin\2e230bfbcf08ea141e5b5c48d90b0e8a.php 第 111 行.
NOTIC: [8] Use of undefined constant ture - assumed 'ture' D:\apa\PHP1\restaurant\restaurant\Application\Runtime\Cache\Admin\2e230bfbcf08ea141e5b5c48d90b0e8a.php 第 112 行.
NOTIC: [8] Use of undefined constant ture - assumed 'ture' D:\apa\PHP1\restaurant\restaurant\Application\Runtime\Cache\Admin\2e230bfbcf08ea141e5b5c48d90b0e8a.php 第 111 行.
NOTIC: [8] Use of undefined constant ture - assumed 'ture' D:\apa\PHP1\restaurant\restaurant\Application\Runtime\Cache\Admin\2e230bfbcf08ea141e5b5c48d90b0e8a.php 第 112 行.
NOTIC: [8] Use of undefined constant ture - assumed 'ture' D:\apa\PHP1\restaurant\restaurant\Application\Runtime\Cache\Admin\2e230bfbcf08ea141e5b5c48d90b0e8a.php 第 111 行.
NOTIC: [8] Use of undefined constant ture - assumed 'ture' D:\apa\PHP1\restaurant\restaurant\Application\Runtime\Cache\Admin\2e230bfbcf08ea141e5b5c48d90b0e8a.php 第 112 行.
NOTIC: [8] Use of undefined constant ture - assumed 'ture' D:\apa\PHP1\restaurant\restaurant\Application\Runtime\Cache\Admin\2e230bfbcf08ea141e5b5c48d90b0e8a.php 第 111 行.
NOTIC: [8] Use of undefined constant ture - assumed 'ture' D:\apa\PHP1\restaurant\restaurant\Application\Runtime\Cache\Admin\2e230bfbcf08ea141e5b5c48d90b0e8a.php 第 112 行.
INFO: Run Behavior\ParseTemplateBehavior [ RunTime:0.041443s ]
INFO: [ view_parse ] --END-- [ RunTime:0.041673s ]
INFO: [ view_filter ] --START--
INFO: Run Behavior\WriteHtmlCacheBehavior [ RunTime:0.000950s ]
INFO: [ view_filter ] --END-- [ RunTime:0.001118s ]
INFO: [ app_end ] --START--
INFO: Run Behavior\ShowPageTraceBehavior [ RunTime:0.002979s ]
INFO: [ app_end ] --END-- [ RunTime:0.003481s ]

[ 2018-04-26T18:21:48+08:00 ] 127.0.0.1 /restaurant/restaurant/index.php/Admin/Sum/lists/p/1
INFO: [ app_init ] --START--
INFO: Run Behavior\BuildLiteBehavior [ RunTime:0.000048s ]
INFO: [ app_init ] --END-- [ RunTime:0.001370s ]
INFO: [ app_begin ] --START--
INFO: Run Behavior\ReadHtmlCacheBehavior [ RunTime:0.001892s ]
INFO: [ app_begin ] --END-- [ RunTime:0.002099s ]
SQL: SHOW COLUMNS FROM `news` [ RunTime:0.0167s ]
NOTIC: [2] Missing argument 1 for Think\Model::where(), called in D:\apa\PHP1\restaurant\restaurant\Application\Admin\Controller\SumController.class.php on line 16 and defined D:\apa\PHP1\restaurant\restaurant\ThinkPHP\Library\Think\Model.class.php 第 1797 行.
NOTIC: [8] Undefined variable: where D:\apa\PHP1\restaurant\restaurant\ThinkPHP\Library\Think\Model.class.php 第 1805 行.
NOTIC: [8] Undefined variable: where D:\apa\PHP1\restaurant\restaurant\ThinkPHP\Library\Think\Model.class.php 第 1808 行.
NOTIC: [8] Undefined variable: where D:\apa\PHP1\restaurant\restaurant\ThinkPHP\Library\Think\Model.class.php 第 1816 行.
SQL: SELECT * FROM `news` ORDER BY time desc LIMIT 0,8   [ RunTime:0.0013s ]
SQL: SELECT COUNT(*) AS tp_count FROM `news` LIMIT 1   [ RunTime:0.0007s ]
INFO: [ view_parse ] --START--
INFO: [ template_filter ] --START--
INFO: Run Behavior\ContentReplaceBehavior [ RunTime:0.000272s ]
INFO: [ template_filter ] --END-- [ RunTime:0.000508s ]
INFO: Run Behavior\ParseTemplateBehavior [ RunTime:0.036834s ]
INFO: [ view_parse ] --END-- [ RunTime:0.037087s ]
INFO: [ view_filter ] --START--
INFO: Run Behavior\WriteHtmlCacheBehavior [ RunTime:0.001039s ]
INFO: [ view_filter ] --END-- [ RunTime:0.001212s ]
INFO: [ app_end ] --START--
INFO: Run Behavior\ShowPageTraceBehavior [ RunTime:0.003540s ]
INFO: [ app_end ] --END-- [ RunTime:0.003800s ]

[ 2018-04-26T18:23:06+08:00 ] 127.0.0.1 /restaurant/restaurant/index.php/Admin/Sum/lists/p/1
INFO: [ app_init ] --START--
INFO: Run Behavior\BuildLiteBehavior [ RunTime:0.000054s ]
INFO: [ app_init ] --END-- [ RunTime:0.001178s ]
INFO: [ app_begin ] --START--
INFO: Run Behavior\ReadHtmlCacheBehavior [ RunTime:0.002309s ]
INFO: [ app_begin ] --END-- [ RunTime:0.002571s ]
SQL: SHOW COLUMNS FROM `order` [ RunTime:0.0171s ]
NOTIC: [2] Missing argument 1 for Think\Model::where(), called in D:\apa\PHP1\restaurant\restaurant\Application\Admin\Controller\SumController.class.php on line 16 and defined D:\apa\PHP1\restaurant\restaurant\ThinkPHP\Library\Think\Model.class.php 第 1797 行.
NOTIC: [8] Undefined variable: where D:\apa\PHP1\restaurant\restaurant\ThinkPHP\Library\Think\Model.class.php 第 1805 行.
NOTIC: [8] Undefined variable: where D:\apa\PHP1\restaurant\restaurant\ThinkPHP\Library\Think\Model.class.php 第 1808 行.
NOTIC: [8] Undefined variable: where D:\apa\PHP1\restaurant\restaurant\ThinkPHP\Library\Think\Model.class.php 第 1816 行.
ERR: SQLSTATE[42S22]: Column not found: 1054 Unknown column 'time' in 'order clause'

[ 2018-04-26T18:23:30+08:00 ] 127.0.0.1 /restaurant/restaurant/index.php/Admin/Sum/lists/p/1
INFO: [ app_init ] --START--
INFO: Run Behavior\BuildLiteBehavior [ RunTime:0.000050s ]
INFO: [ app_init ] --END-- [ RunTime:0.001316s ]
INFO: [ app_begin ] --START--
INFO: Run Behavior\ReadHtmlCacheBehavior [ RunTime:0.002283s ]
INFO: [ app_begin ] --END-- [ RunTime:0.002550s ]
SQL: SHOW COLUMNS FROM `order` [ RunTime:0.0175s ]
NOTIC: [2] Missing argument 1 for Think\Model::where(), called in D:\apa\PHP1\restaurant\restaurant\Application\Admin\Controller\SumController.class.php on line 16 and defined D:\apa\PHP1\restaurant\restaurant\ThinkPHP\Library\Think\Model.class.php 第 1797 行.
NOTIC: [8] Undefined variable: where D:\apa\PHP1\restaurant\restaurant\ThinkPHP\Library\Think\Model.class.php 第 1805 行.
NOTIC: [8] Undefined variable: where D:\apa\PHP1\restaurant\restaurant\ThinkPHP\Library\Think\Model.class.php 第 1808 行.
NOTIC: [8] Undefined variable: where D:\apa\PHP1\restaurant\restaurant\ThinkPHP\Library\Think\Model.class.php 第 1816 行.
ERR: SQLSTATE[42S22]: Column not found: 1054 Unknown column 'time' in 'order clause'

[ 2018-04-26T18:23:52+08:00 ] 127.0.0.1 /restaurant/restaurant/index.php/Admin/Sum/lists/p/1
INFO: [ app_init ] --START--
INFO: Run Behavior\BuildLiteBehavior [ RunTime:0.000043s ]
INFO: [ app_init ] --END-- [ RunTime:0.001047s ]
INFO: [ app_begin ] --START--
INFO: Run Behavior\ReadHtmlCacheBehavior [ RunTime:0.003137s ]
INFO: [ app_begin ] --END-- [ RunTime:0.003379s ]
SQL: SHOW COLUMNS FROM `order` [ RunTime:0.0164s ]
NOTIC: [2] Missing argument 1 for Think\Model::where(), called in D:\apa\PHP1\restaurant\restaurant\Application\Admin\Controller\SumController.class.php on line 16 and defined D:\apa\PHP1\restaurant\restaurant\ThinkPHP\Library\Think\Model.class.php 第 1797 行.
NOTIC: [8] Undefined variable: where D:\apa\PHP1\restaurant\restaurant\ThinkPHP\Library\Think\Model.class.php 第 1805 行.
NOTIC: [8] Undefined variable: where D:\apa\PHP1\restaurant\restaurant\ThinkPHP\Library\Think\Model.class.php 第 1808 行.
NOTIC: [8] Undefined variable: where D:\apa\PHP1\restaurant\restaurant\ThinkPHP\Library\Think\Model.class.php 第 1816 行.
SQL: SELECT * FROM `order` LIMIT 0,8   [ RunTime:0.0164s ]
SQL: SELECT COUNT(*) AS tp_count FROM `order` LIMIT 1   [ RunTime:0.0118s ]
INFO: [ view_parse ] --START--
INFO: [ template_filter ] --START--
INFO: Run Behavior\ContentReplaceBehavior [ RunTime:0.000264s ]
INFO: [ template_filter ] --END-- [ RunTime:0.000470s ]
INFO: Run Behavior\ParseTemplateBehavior [ RunTime:0.035765s ]
INFO: [ view_parse ] --END-- [ RunTime:0.036010s ]
INFO: [ view_filter ] --START--
INFO: Run Behavior\WriteHtmlCacheBehavior [ RunTime:0.000944s ]
INFO: [ view_filter ] --END-- [ RunTime:0.001235s ]
INFO: [ app_end ] --START--
INFO: Run Behavior\ShowPageTraceBehavior [ RunTime:0.005860s ]
INFO: [ app_end ] --END-- [ RunTime:0.006453s ]

[ 2018-04-26T18:29:30+08:00 ] 127.0.0.1 /restaurant/restaurant/index.php/Admin/Sum/lists/p/1
INFO: [ app_init ] --START--
INFO: Run Behavior\BuildLiteBehavior [ RunTime:0.000047s ]
INFO: [ app_init ] --END-- [ RunTime:0.001498s ]
INFO: [ app_begin ] --START--
INFO: Run Behavior\ReadHtmlCacheBehavior [ RunTime:0.002314s ]
INFO: [ app_begin ] --END-- [ RunTime:0.002592s ]
SQL: SHOW COLUMNS FROM `order` [ RunTime:0.0182s ]
NOTIC: [2] Missing argument 1 for Think\Model::where(), called in D:\apa\PHP1\restaurant\restaurant\Application\Admin\Controller\SumController.class.php on line 16 and defined D:\apa\PHP1\restaurant\restaurant\ThinkPHP\Library\Think\Model.class.php 第 1797 行.
NOTIC: [8] Undefined variable: where D:\apa\PHP1\restaurant\restaurant\ThinkPHP\Library\Think\Model.class.php 第 1805 行.
NOTIC: [8] Undefined variable: where D:\apa\PHP1\restaurant\restaurant\ThinkPHP\Library\Think\Model.class.php 第 1808 行.
NOTIC: [8] Undefined variable: where D:\apa\PHP1\restaurant\restaurant\ThinkPHP\Library\Think\Model.class.php 第 1816 行.
SQL: SELECT count(sum) num,`sum` FROM `order` GROUP BY sum ORDER BY num desc LIMIT 0,8   [ RunTime:0.0509s ]
SQL: SELECT COUNT(*) AS tp_count FROM `order` LIMIT 1   [ RunTime:0.0006s ]
INFO: [ view_parse ] --START--
INFO: [ template_filter ] --START--
INFO: Run Behavior\ContentReplaceBehavior [ RunTime:0.000279s ]
INFO: [ template_filter ] --END-- [ RunTime:0.000610s ]
NOTIC: [8] Undefined index: id D:\apa\PHP1\restaurant\restaurant\Application\Runtime\Cache\Admin\2e230bfbcf08ea141e5b5c48d90b0e8a.php 第 97 行.
NOTIC: [8] Undefined index: name D:\apa\PHP1\restaurant\restaurant\Application\Runtime\Cache\Admin\2e230bfbcf08ea141e5b5c48d90b0e8a.php 第 98 行.
NOTIC: [8] Undefined index: id D:\apa\PHP1\restaurant\restaurant\Application\Runtime\Cache\Admin\2e230bfbcf08ea141e5b5c48d90b0e8a.php 第 101 行.
INFO: Run Behavior\ParseTemplateBehavior [ RunTime:0.041175s ]
INFO: [ view_parse ] --END-- [ RunTime:0.041375s ]
INFO: [ view_filter ] --START--
INFO: Run Behavior\WriteHtmlCacheBehavior [ RunTime:0.001087s ]
INFO: [ view_filter ] --END-- [ RunTime:0.001261s ]
INFO: [ app_end ] --START--
INFO: Run Behavior\ShowPageTraceBehavior [ RunTime:0.001857s ]
INFO: [ app_end ] --END-- [ RunTime:0.002028s ]

[ 2018-04-26T18:34:19+08:00 ] 127.0.0.1 /restaurant/restaurant/index.php/Admin/Sum/lists/p/1
INFO: [ app_init ] --START--
INFO: Run Behavior\BuildLiteBehavior [ RunTime:0.000047s ]
INFO: [ app_init ] --END-- [ RunTime:0.001253s ]
INFO: [ app_begin ] --START--
INFO: Run Behavior\ReadHtmlCacheBehavior [ RunTime:0.001995s ]
INFO: [ app_begin ] --END-- [ RunTime:0.002202s ]
SQL: SHOW COLUMNS FROM `order` [ RunTime:0.0167s ]
NOTIC: [2] Missing argument 1 for Think\Model::where(), called in D:\apa\PHP1\restaurant\restaurant\Application\Admin\Controller\SumController.class.php on line 16 and defined D:\apa\PHP1\restaurant\restaurant\ThinkPHP\Library\Think\Model.class.php 第 1797 行.
NOTIC: [8] Undefined variable: where D:\apa\PHP1\restaurant\restaurant\ThinkPHP\Library\Think\Model.class.php 第 1805 行.
NOTIC: [8] Undefined variable: where D:\apa\PHP1\restaurant\restaurant\ThinkPHP\Library\Think\Model.class.php 第 1808 行.
NOTIC: [8] Undefined variable: where D:\apa\PHP1\restaurant\restaurant\ThinkPHP\Library\Think\Model.class.php 第 1816 行.
SQL: SELECT * FROM `order` LIMIT 0,8   [ RunTime:0.0012s ]
SQL: SELECT COUNT(*) AS tp_count FROM `order` LIMIT 1   [ RunTime:0.0008s ]
INFO: [ view_parse ] --START--
INFO: [ template_filter ] --START--
INFO: Run Behavior\ContentReplaceBehavior [ RunTime:0.000274s ]
INFO: [ template_filter ] --END-- [ RunTime:0.000494s ]
INFO: Run Behavior\ParseTemplateBehavior [ RunTime:0.039214s ]
INFO: [ view_parse ] --END-- [ RunTime:0.039508s ]
INFO: [ view_filter ] --START--
INFO: Run Behavior\WriteHtmlCacheBehavior [ RunTime:0.001153s ]
INFO: [ view_filter ] --END-- [ RunTime:0.001327s ]
INFO: [ app_end ] --START--
INFO: Run Behavior\ShowPageTraceBehavior [ RunTime:0.002647s ]
INFO: [ app_end ] --END-- [ RunTime:0.003139s ]

