[ 2018-04-11T15:31:52+08:00 ] 127.0.0.1 /restaurant/restaurant/index.php/admin
INFO: [ app_init ] --START--
INFO: Run Behavior\BuildLiteBehavior [ RunTime:0.000046s ]
INFO: [ app_init ] --END-- [ RunTime:0.001283s ]
INFO: [ app_begin ] --START--
INFO: Run Behavior\ReadHtmlCacheBehavior [ RunTime:0.002358s ]
INFO: [ app_begin ] --END-- [ RunTime:0.002626s ]
INFO: [ view_parse ] --START--
INFO: [ template_filter ] --START--
INFO: Run Behavior\ContentReplaceBehavior [ RunTime:0.000158s ]
INFO: [ template_filter ] --END-- [ RunTime:0.000387s ]
INFO: Run Behavior\ParseTemplateBehavior [ RunTime:0.026954s ]
INFO: [ view_parse ] --END-- [ RunTime:0.027173s ]
INFO: [ view_filter ] --START--
INFO: Run Behavior\WriteHtmlCacheBehavior [ RunTime:0.001185s ]
INFO: [ view_filter ] --END-- [ RunTime:0.001361s ]

[ 2018-04-11T15:31:55+08:00 ] 127.0.0.1 /restaurant/restaurant/index.php/Admin/Admin/login
INFO: [ app_init ] --START--
INFO: Run Behavior\BuildLiteBehavior [ RunTime:0.000053s ]
INFO: [ app_init ] --END-- [ RunTime:0.001543s ]
INFO: [ app_begin ] --START--
INFO: Run Behavior\ReadHtmlCacheBehavior [ RunTime:0.001604s ]
INFO: [ app_begin ] --END-- [ RunTime:0.001829s ]
INFO: [ view_parse ] --START--
INFO: [ template_filter ] --START--
INFO: Run Behavior\ContentReplaceBehavior [ RunTime:0.000299s ]
INFO: [ template_filter ] --END-- [ RunTime:0.000696s ]
INFO: Run Behavior\ParseTemplateBehavior [ RunTime:0.025395s ]
INFO: [ view_parse ] --END-- [ RunTime:0.025661s ]
INFO: [ view_filter ] --START--
INFO: Run Behavior\WriteHtmlCacheBehavior [ RunTime:0.001979s ]
INFO: [ view_filter ] --END-- [ RunTime:0.002198s ]
INFO: [ app_end ] --START--
INFO: Run Behavior\ShowPageTraceBehavior [ RunTime:0.002302s ]
INFO: [ app_end ] --END-- [ RunTime:0.002488s ]

[ 2018-04-11T15:32:07+08:00 ] 127.0.0.1 /restaurant/restaurant/index.php/Admin/Admin/login
INFO: [ app_init ] --START--
INFO: Run Behavior\BuildLiteBehavior [ RunTime:0.000045s ]
INFO: [ app_init ] --END-- [ RunTime:0.001226s ]
INFO: [ app_begin ] --START--
INFO: Run Behavior\ReadHtmlCacheBehavior [ RunTime:0.002463s ]
INFO: [ app_begin ] --END-- [ RunTime:0.002741s ]
SQL: SHOW COLUMNS FROM `admin_user` [ RunTime:0.0189s ]
SQL: SELECT COUNT(*) AS tp_count FROM `admin_user` WHERE `username` = 'gaoz' AND `password` = '123456' LIMIT 1   [ RunTime:0.0015s ]
INFO: [ view_parse ] --START--
INFO: [ template_filter ] --START--
INFO: Run Behavior\ContentReplaceBehavior [ RunTime:0.000162s ]
INFO: [ template_filter ] --END-- [ RunTime:0.000369s ]
INFO: Run Behavior\ParseTemplateBehavior [ RunTime:0.024755s ]
INFO: [ view_parse ] --END-- [ RunTime:0.024977s ]
INFO: [ view_filter ] --START--
INFO: Run Behavior\WriteHtmlCacheBehavior [ RunTime:0.001405s ]
INFO: [ view_filter ] --END-- [ RunTime:0.001581s ]

[ 2018-04-11T15:32:10+08:00 ] 127.0.0.1 /restaurant/restaurant/index.php/Admin/Admin/login
INFO: [ app_init ] --START--
INFO: Run Behavior\BuildLiteBehavior [ RunTime:0.000049s ]
INFO: [ app_init ] --END-- [ RunTime:0.001602s ]
INFO: [ app_begin ] --START--
INFO: Run Behavior\ReadHtmlCacheBehavior [ RunTime:0.003830s ]
INFO: [ app_begin ] --END-- [ RunTime:0.004093s ]
INFO: [ view_parse ] --START--
INFO: [ template_filter ] --START--
INFO: Run Behavior\ContentReplaceBehavior [ RunTime:0.000212s ]
INFO: [ template_filter ] --END-- [ RunTime:0.000463s ]
INFO: Run Behavior\ParseTemplateBehavior [ RunTime:0.027982s ]
INFO: [ view_parse ] --END-- [ RunTime:0.028228s ]
INFO: [ view_filter ] --START--
INFO: Run Behavior\WriteHtmlCacheBehavior [ RunTime:0.001553s ]
INFO: [ view_filter ] --END-- [ RunTime:0.001745s ]
INFO: [ app_end ] --START--
INFO: Run Behavior\ShowPageTraceBehavior [ RunTime:0.002788s ]
INFO: [ app_end ] --END-- [ RunTime:0.003020s ]

[ 2018-04-11T15:32:25+08:00 ] 127.0.0.1 /restaurant/restaurant/index.php/Admin/Admin/login
INFO: [ app_init ] --START--
INFO: Run Behavior\BuildLiteBehavior [ RunTime:0.000076s ]
INFO: [ app_init ] --END-- [ RunTime:0.001256s ]
INFO: [ app_begin ] --START--
INFO: Run Behavior\ReadHtmlCacheBehavior [ RunTime:0.002595s ]
INFO: [ app_begin ] --END-- [ RunTime:0.002968s ]
SQL: SHOW COLUMNS FROM `admin_user` [ RunTime:0.0206s ]
SQL: SELECT COUNT(*) AS tp_count FROM `admin_user` WHERE `username` = 'gaozhiqin' AND `password` = '123456' LIMIT 1   [ RunTime:0.0013s ]

[ 2018-04-11T15:32:25+08:00 ] 127.0.0.1 /restaurant/restaurant/index.php/Admin/Index/index
INFO: [ app_init ] --START--
INFO: Run Behavior\BuildLiteBehavior [ RunTime:0.000050s ]
INFO: [ app_init ] --END-- [ RunTime:0.001345s ]
INFO: [ app_begin ] --START--
INFO: Run Behavior\ReadHtmlCacheBehavior [ RunTime:0.002828s ]
INFO: [ app_begin ] --END-- [ RunTime:0.003096s ]
INFO: [ view_parse ] --START--
INFO: [ template_filter ] --START--
INFO: Run Behavior\ContentReplaceBehavior [ RunTime:0.000478s ]
INFO: [ template_filter ] --END-- [ RunTime:0.000792s ]
INFO: Run Behavior\ParseTemplateBehavior [ RunTime:0.043318s ]
INFO: [ view_parse ] --END-- [ RunTime:0.043557s ]
INFO: [ view_filter ] --START--
INFO: Run Behavior\WriteHtmlCacheBehavior [ RunTime:0.001612s ]
INFO: [ view_filter ] --END-- [ RunTime:0.001790s ]
INFO: [ app_end ] --START--
INFO: Run Behavior\ShowPageTraceBehavior [ RunTime:0.003238s ]
INFO: [ app_end ] --END-- [ RunTime:0.003476s ]

[ 2018-04-11T15:32:30+08:00 ] 127.0.0.1 /restaurant/restaurant/index.php/Admin/Food/add
INFO: [ app_init ] --START--
INFO: Run Behavior\BuildLiteBehavior [ RunTime:0.000046s ]
INFO: [ app_init ] --END-- [ RunTime:0.001391s ]
INFO: [ app_begin ] --START--
INFO: Run Behavior\ReadHtmlCacheBehavior [ RunTime:0.002983s ]
INFO: [ app_begin ] --END-- [ RunTime:0.003345s ]
SQL: SHOW COLUMNS FROM `foodtype` [ RunTime:0.0185s ]
NOTIC: [8] Undefined variable: id D:\apa\PHP1\restaurant\restaurant\Application\Admin\Controller\FoodController.class.php 第 29 行.
SQL: SELECT * FROM `foodtype`  [ RunTime:0.0014s ]
INFO: [ view_parse ] --START--
INFO: [ template_filter ] --START--
INFO: Run Behavior\ContentReplaceBehavior [ RunTime:0.000340s ]
INFO: [ template_filter ] --END-- [ RunTime:0.000572s ]
INFO: Run Behavior\ParseTemplateBehavior [ RunTime:0.041123s ]
INFO: [ view_parse ] --END-- [ RunTime:0.041361s ]
INFO: [ view_filter ] --START--
INFO: Run Behavior\WriteHtmlCacheBehavior [ RunTime:0.001579s ]
INFO: [ view_filter ] --END-- [ RunTime:0.001801s ]
INFO: [ app_end ] --START--
INFO: Run Behavior\ShowPageTraceBehavior [ RunTime:0.003450s ]
INFO: [ app_end ] --END-- [ RunTime:0.003754s ]

[ 2018-04-11T15:33:03+08:00 ] 127.0.0.1 /restaurant/restaurant/index.php/Admin/Food/add
INFO: [ app_init ] --START--
INFO: Run Behavior\BuildLiteBehavior [ RunTime:0.000044s ]
INFO: [ app_init ] --END-- [ RunTime:0.001082s ]
INFO: [ app_begin ] --START--
INFO: Run Behavior\ReadHtmlCacheBehavior [ RunTime:0.002106s ]
INFO: [ app_begin ] --END-- [ RunTime:0.002377s ]
SQL: SHOW COLUMNS FROM `foodtype` [ RunTime:0.0176s ]
NOTIC: [8] Undefined variable: id D:\apa\PHP1\restaurant\restaurant\Application\Admin\Controller\FoodController.class.php 第 29 行.
SQL: SELECT * FROM `foodtype`  [ RunTime:0.0010s ]
INFO: [ view_parse ] --START--
INFO: [ template_filter ] --START--
INFO: Run Behavior\ContentReplaceBehavior [ RunTime:0.000302s ]
INFO: [ template_filter ] --END-- [ RunTime:0.000523s ]
INFO: Run Behavior\ParseTemplateBehavior [ RunTime:0.040053s ]
INFO: [ view_parse ] --END-- [ RunTime:0.040272s ]
INFO: [ view_filter ] --START--
INFO: Run Behavior\WriteHtmlCacheBehavior [ RunTime:0.001406s ]
INFO: [ view_filter ] --END-- [ RunTime:0.001591s ]
INFO: [ app_end ] --START--
INFO: Run Behavior\ShowPageTraceBehavior [ RunTime:0.002777s ]
INFO: [ app_end ] --END-- [ RunTime:0.003013s ]

[ 2018-04-11T18:40:28+08:00 ] 127.0.0.1 /restaurant/restaurant/index.php/Admin/New/add
INFO: [ app_init ] --START--
INFO: Run Behavior\BuildLiteBehavior [ RunTime:0.000047s ]
INFO: [ app_init ] --END-- [ RunTime:0.001298s ]
INFO: [ app_begin ] --START--
INFO: Run Behavior\ReadHtmlCacheBehavior [ RunTime:0.002664s ]
INFO: [ app_begin ] --END-- [ RunTime:0.002909s ]
SQL: SHOW COLUMNS FROM `newstype` [ RunTime:0.0169s ]
NOTIC: [8] Undefined variable: id D:\apa\PHP1\restaurant\restaurant\Application\Admin\Controller\NewController.class.php 第 29 行.
SQL: SELECT * FROM `newstype`  [ RunTime:0.0014s ]
INFO: [ view_parse ] --START--
INFO: [ template_filter ] --START--
INFO: Run Behavior\ContentReplaceBehavior [ RunTime:0.000286s ]
INFO: [ template_filter ] --END-- [ RunTime:0.000501s ]
NOTIC: [8] Undefined variable: mewstypes D:\apa\PHP1\restaurant\restaurant\Application\Runtime\Cache\Admin\a1eea5157291c6369725f7bd5553e4af.php 第 120 行.
INFO: Run Behavior\ParseTemplateBehavior [ RunTime:0.040378s ]
INFO: [ view_parse ] --END-- [ RunTime:0.040700s ]
INFO: [ view_filter ] --START--
INFO: Run Behavior\WriteHtmlCacheBehavior [ RunTime:0.001750s ]
INFO: [ view_filter ] --END-- [ RunTime:0.001973s ]
INFO: [ app_end ] --START--
INFO: Run Behavior\ShowPageTraceBehavior [ RunTime:0.004439s ]
INFO: [ app_end ] --END-- [ RunTime:0.005295s ]

[ 2018-04-11T18:44:03+08:00 ] 127.0.0.1 /restaurant/restaurant/index.php/Admin/New/add
INFO: [ app_init ] --START--
INFO: Run Behavior\BuildLiteBehavior [ RunTime:0.000151s ]
INFO: [ app_init ] --END-- [ RunTime:0.002536s ]
INFO: [ app_begin ] --START--
INFO: Run Behavior\ReadHtmlCacheBehavior [ RunTime:0.002692s ]
INFO: [ app_begin ] --END-- [ RunTime:0.002961s ]
SQL: SHOW COLUMNS FROM `newstype` [ RunTime:0.0172s ]
NOTIC: [8] Undefined variable: id D:\apa\PHP1\restaurant\restaurant\Application\Admin\Controller\NewController.class.php 第 29 行.
SQL: SELECT * FROM `newstype`  [ RunTime:0.0010s ]
INFO: [ view_parse ] --START--
INFO: [ template_filter ] --START--
INFO: Run Behavior\ContentReplaceBehavior [ RunTime:0.000296s ]
INFO: [ template_filter ] --END-- [ RunTime:0.000710s ]
NOTIC: [8] Undefined variable: mewstypes D:\apa\PHP1\restaurant\restaurant\Application\Runtime\Cache\Admin\a1eea5157291c6369725f7bd5553e4af.php 第 120 行.
INFO: Run Behavior\ParseTemplateBehavior [ RunTime:0.041547s ]
INFO: [ view_parse ] --END-- [ RunTime:0.041755s ]
INFO: [ view_filter ] --START--
INFO: Run Behavior\WriteHtmlCacheBehavior [ RunTime:0.002320s ]
INFO: [ view_filter ] --END-- [ RunTime:0.002525s ]
INFO: [ app_end ] --START--
INFO: Run Behavior\ShowPageTraceBehavior [ RunTime:0.002910s ]
INFO: [ app_end ] --END-- [ RunTime:0.003525s ]

[ 2018-04-11T18:44:08+08:00 ] 127.0.0.1 /restaurant/restaurant/index.php/Admin/New/add
INFO: [ app_init ] --START--
INFO: Run Behavior\BuildLiteBehavior [ RunTime:0.000047s ]
INFO: [ app_init ] --END-- [ RunTime:0.001363s ]
INFO: [ app_begin ] --START--
INFO: Run Behavior\ReadHtmlCacheBehavior [ RunTime:0.002090s ]
INFO: [ app_begin ] --END-- [ RunTime:0.002313s ]
SQL: SHOW COLUMNS FROM `newstype` [ RunTime:0.0171s ]
NOTIC: [8] Undefined variable: id D:\apa\PHP1\restaurant\restaurant\Application\Admin\Controller\NewController.class.php 第 29 行.
SQL: SELECT * FROM `newstype`  [ RunTime:0.0008s ]
INFO: [ view_parse ] --START--
INFO: [ template_filter ] --START--
INFO: Run Behavior\ContentReplaceBehavior [ RunTime:0.000297s ]
INFO: [ template_filter ] --END-- [ RunTime:0.000521s ]
NOTIC: [8] Undefined variable: mewstypes D:\apa\PHP1\restaurant\restaurant\Application\Runtime\Cache\Admin\a1eea5157291c6369725f7bd5553e4af.php 第 120 行.
INFO: Run Behavior\ParseTemplateBehavior [ RunTime:0.042034s ]
INFO: [ view_parse ] --END-- [ RunTime:0.042242s ]
INFO: [ view_filter ] --START--
INFO: Run Behavior\WriteHtmlCacheBehavior [ RunTime:0.001793s ]
INFO: [ view_filter ] --END-- [ RunTime:0.002023s ]
INFO: [ app_end ] --START--
INFO: Run Behavior\ShowPageTraceBehavior [ RunTime:0.002893s ]
INFO: [ app_end ] --END-- [ RunTime:0.003122s ]

[ 2018-04-11T18:48:46+08:00 ] 127.0.0.1 /restaurant/restaurant/index.php/Admin/New/add
INFO: [ app_init ] --START--
INFO: Run Behavior\BuildLiteBehavior [ RunTime:0.000049s ]
INFO: [ app_init ] --END-- [ RunTime:0.001388s ]
INFO: [ app_begin ] --START--
INFO: Run Behavior\ReadHtmlCacheBehavior [ RunTime:0.003069s ]
INFO: [ app_begin ] --END-- [ RunTime:0.003320s ]
INFO: [ view_parse ] --START--
INFO: [ template_filter ] --START--
INFO: Run Behavior\ContentReplaceBehavior [ RunTime:0.000187s ]
INFO: [ template_filter ] --END-- [ RunTime:0.000422s ]
INFO: Run Behavior\ParseTemplateBehavior [ RunTime:0.027252s ]
INFO: [ view_parse ] --END-- [ RunTime:0.027506s ]
INFO: [ view_filter ] --START--
INFO: Run Behavior\WriteHtmlCacheBehavior [ RunTime:0.001313s ]
INFO: [ view_filter ] --END-- [ RunTime:0.001496s ]

[ 2018-04-11T18:48:49+08:00 ] 127.0.0.1 /restaurant/restaurant/index.php/Admin/Admin/login
INFO: [ app_init ] --START--
INFO: Run Behavior\BuildLiteBehavior [ RunTime:0.000055s ]
INFO: [ app_init ] --END-- [ RunTime:0.001762s ]
INFO: [ app_begin ] --START--
INFO: Run Behavior\ReadHtmlCacheBehavior [ RunTime:0.002250s ]
INFO: [ app_begin ] --END-- [ RunTime:0.002472s ]
INFO: [ view_parse ] --START--
INFO: [ template_filter ] --START--
INFO: Run Behavior\ContentReplaceBehavior [ RunTime:0.000257s ]
INFO: [ template_filter ] --END-- [ RunTime:0.000491s ]
INFO: Run Behavior\ParseTemplateBehavior [ RunTime:0.028177s ]
INFO: [ view_parse ] --END-- [ RunTime:0.028397s ]
INFO: [ view_filter ] --START--
INFO: Run Behavior\WriteHtmlCacheBehavior [ RunTime:0.001722s ]
INFO: [ view_filter ] --END-- [ RunTime:0.002415s ]
INFO: [ app_end ] --START--
INFO: Run Behavior\ShowPageTraceBehavior [ RunTime:0.002814s ]
INFO: [ app_end ] --END-- [ RunTime:0.003031s ]

[ 2018-04-11T18:48:58+08:00 ] 127.0.0.1 /restaurant/restaurant/index.php/Admin/Admin/login
INFO: [ app_init ] --START--
INFO: Run Behavior\BuildLiteBehavior [ RunTime:0.000053s ]
INFO: [ app_init ] --END-- [ RunTime:0.001594s ]
INFO: [ app_begin ] --START--
INFO: Run Behavior\ReadHtmlCacheBehavior [ RunTime:0.002361s ]
INFO: [ app_begin ] --END-- [ RunTime:0.002658s ]
SQL: SHOW COLUMNS FROM `admin_user` [ RunTime:0.0172s ]
SQL: SELECT COUNT(*) AS tp_count FROM `admin_user` WHERE `username` = 'gaozhiqin' AND `password` = '123456' LIMIT 1   [ RunTime:0.0012s ]

[ 2018-04-11T18:48:58+08:00 ] 127.0.0.1 /restaurant/restaurant/index.php/Admin/Index/index
INFO: [ app_init ] --START--
INFO: Run Behavior\BuildLiteBehavior [ RunTime:0.000046s ]
INFO: [ app_init ] --END-- [ RunTime:0.001236s ]
INFO: [ app_begin ] --START--
INFO: Run Behavior\ReadHtmlCacheBehavior [ RunTime:0.002178s ]
INFO: [ app_begin ] --END-- [ RunTime:0.002372s ]
INFO: [ view_parse ] --START--
INFO: [ template_filter ] --START--
INFO: Run Behavior\ContentReplaceBehavior [ RunTime:0.000297s ]
INFO: [ template_filter ] --END-- [ RunTime:0.000522s ]
INFO: Run Behavior\ParseTemplateBehavior [ RunTime:0.041183s ]
INFO: [ view_parse ] --END-- [ RunTime:0.041397s ]
INFO: [ view_filter ] --START--
INFO: Run Behavior\WriteHtmlCacheBehavior [ RunTime:0.001304s ]
INFO: [ view_filter ] --END-- [ RunTime:0.001695s ]
INFO: [ app_end ] --START--
INFO: Run Behavior\ShowPageTraceBehavior [ RunTime:0.005202s ]
INFO: [ app_end ] --END-- [ RunTime:0.005683s ]

[ 2018-04-11T18:49:07+08:00 ] 127.0.0.1 /restaurant/restaurant/index.php/Admin/New/add
INFO: [ app_init ] --START--
INFO: Run Behavior\BuildLiteBehavior [ RunTime:0.000047s ]
INFO: [ app_init ] --END-- [ RunTime:0.001275s ]
INFO: [ app_begin ] --START--
INFO: Run Behavior\ReadHtmlCacheBehavior [ RunTime:0.011284s ]
INFO: [ app_begin ] --END-- [ RunTime:0.012413s ]
SQL: SHOW COLUMNS FROM `newstype` [ RunTime:0.0190s ]
NOTIC: [8] Undefined variable: id D:\apa\PHP1\restaurant\restaurant\Application\Admin\Controller\NewController.class.php 第 29 行.
SQL: SELECT * FROM `newstype`  [ RunTime:0.0010s ]
INFO: [ view_parse ] --START--
INFO: [ template_filter ] --START--
INFO: Run Behavior\ContentReplaceBehavior [ RunTime:0.000295s ]
INFO: [ template_filter ] --END-- [ RunTime:0.000515s ]
NOTIC: [8] Undefined variable: mewstypes D:\apa\PHP1\restaurant\restaurant\Application\Runtime\Cache\Admin\a1eea5157291c6369725f7bd5553e4af.php 第 120 行.
INFO: Run Behavior\ParseTemplateBehavior [ RunTime:0.044353s ]
INFO: [ view_parse ] --END-- [ RunTime:0.044586s ]
INFO: [ view_filter ] --START--
INFO: Run Behavior\WriteHtmlCacheBehavior [ RunTime:0.001903s ]
INFO: [ view_filter ] --END-- [ RunTime:0.002126s ]
INFO: [ app_end ] --START--
INFO: Run Behavior\ShowPageTraceBehavior [ RunTime:0.004010s ]
INFO: [ app_end ] --END-- [ RunTime:0.004366s ]

[ 2018-04-11T18:52:36+08:00 ] 127.0.0.1 /restaurant/restaurant/index.php/Admin/New/add
INFO: [ app_init ] --START--
INFO: Run Behavior\BuildLiteBehavior [ RunTime:0.000053s ]
INFO: [ app_init ] --END-- [ RunTime:0.001381s ]
INFO: [ app_begin ] --START--
INFO: Run Behavior\ReadHtmlCacheBehavior [ RunTime:0.002869s ]
INFO: [ app_begin ] --END-- [ RunTime:0.003160s ]
SQL: SHOW COLUMNS FROM `newstype` [ RunTime:0.0162s ]
NOTIC: [8] Undefined variable: id D:\apa\PHP1\restaurant\restaurant\Application\Admin\Controller\NewController.class.php 第 29 行.
SQL: SELECT * FROM `newstype`  [ RunTime:0.0009s ]
INFO: [ view_parse ] --START--
INFO: [ template_filter ] --START--
INFO: Run Behavior\ContentReplaceBehavior [ RunTime:0.000286s ]
INFO: [ template_filter ] --END-- [ RunTime:0.000493s ]
NOTIC: [8] Undefined variable: mewstypes D:\apa\PHP1\restaurant\restaurant\Application\Runtime\Cache\Admin\a1eea5157291c6369725f7bd5553e4af.php 第 120 行.
INFO: Run Behavior\ParseTemplateBehavior [ RunTime:0.041495s ]
INFO: [ view_parse ] --END-- [ RunTime:0.041715s ]
INFO: [ view_filter ] --START--
INFO: Run Behavior\WriteHtmlCacheBehavior [ RunTime:0.001652s ]
INFO: [ view_filter ] --END-- [ RunTime:0.001827s ]
INFO: [ app_end ] --START--
INFO: Run Behavior\ShowPageTraceBehavior [ RunTime:0.003323s ]
INFO: [ app_end ] --END-- [ RunTime:0.003554s ]

[ 2018-04-11T18:53:41+08:00 ] 127.0.0.1 /restaurant/restaurant/index.php/Admin/New/add
INFO: [ app_init ] --START--
INFO: Run Behavior\BuildLiteBehavior [ RunTime:0.000051s ]
INFO: [ app_init ] --END-- [ RunTime:0.001298s ]
INFO: [ app_begin ] --START--
INFO: Run Behavior\ReadHtmlCacheBehavior [ RunTime:0.002920s ]
INFO: [ app_begin ] --END-- [ RunTime:0.003257s ]
SQL: SHOW COLUMNS FROM `newstype` [ RunTime:0.0173s ]
NOTIC: [8] Undefined variable: id D:\apa\PHP1\restaurant\restaurant\Application\Admin\Controller\NewController.class.php 第 29 行.
SQL: SELECT * FROM `newstype`  [ RunTime:0.0009s ]
INFO: [ view_parse ] --START--
INFO: [ template_filter ] --START--
INFO: Run Behavior\ContentReplaceBehavior [ RunTime:0.000373s ]
INFO: [ template_filter ] --END-- [ RunTime:0.000763s ]
NOTIC: [8] Undefined variable: mewstypes D:\apa\PHP1\restaurant\restaurant\Application\Runtime\Cache\Admin\a1eea5157291c6369725f7bd5553e4af.php 第 120 行.
INFO: Run Behavior\ParseTemplateBehavior [ RunTime:0.046835s ]
INFO: [ view_parse ] --END-- [ RunTime:0.047067s ]
INFO: [ view_filter ] --START--
INFO: Run Behavior\WriteHtmlCacheBehavior [ RunTime:0.001509s ]
INFO: [ view_filter ] --END-- [ RunTime:0.001705s ]
INFO: [ app_end ] --START--
INFO: Run Behavior\ShowPageTraceBehavior [ RunTime:0.005771s ]
INFO: [ app_end ] --END-- [ RunTime:0.006158s ]

[ 2018-04-11T18:54:52+08:00 ] 127.0.0.1 /restaurant/restaurant/index.php/Admin/New/add
INFO: [ app_init ] --START--
INFO: Run Behavior\BuildLiteBehavior [ RunTime:0.000048s ]
INFO: [ app_init ] --END-- [ RunTime:0.001234s ]
INFO: [ app_begin ] --START--
INFO: Run Behavior\ReadHtmlCacheBehavior [ RunTime:0.003433s ]
INFO: [ app_begin ] --END-- [ RunTime:0.003700s ]
SQL: SHOW COLUMNS FROM `newstype` [ RunTime:0.0188s ]
NOTIC: [8] Undefined variable: id D:\apa\PHP1\restaurant\restaurant\Application\Admin\Controller\NewController.class.php 第 29 行.
SQL: SELECT * FROM `newstype`  [ RunTime:0.0011s ]
INFO: [ view_parse ] --START--
INFO: [ template_filter ] --START--
INFO: Run Behavior\ContentReplaceBehavior [ RunTime:0.000299s ]
INFO: [ template_filter ] --END-- [ RunTime:0.000537s ]
INFO: Run Behavior\ParseTemplateBehavior [ RunTime:0.042863s ]
INFO: [ view_parse ] --END-- [ RunTime:0.043143s ]
INFO: [ view_filter ] --START--
INFO: Run Behavior\WriteHtmlCacheBehavior [ RunTime:0.002083s ]
INFO: [ view_filter ] --END-- [ RunTime:0.002326s ]
INFO: [ app_end ] --START--
INFO: Run Behavior\ShowPageTraceBehavior [ RunTime:0.005686s ]
INFO: [ app_end ] --END-- [ RunTime:0.005947s ]

[ 2018-04-11T18:59:53+08:00 ] 127.0.0.1 /restaurant/restaurant/index.php/Admin/New/add
INFO: [ app_init ] --START--
INFO: Run Behavior\BuildLiteBehavior [ RunTime:0.000045s ]
INFO: [ app_init ] --END-- [ RunTime:0.001235s ]
INFO: [ app_begin ] --START--
INFO: Run Behavior\ReadHtmlCacheBehavior [ RunTime:0.002025s ]
INFO: [ app_begin ] --END-- [ RunTime:0.002262s ]
SQL: SHOW COLUMNS FROM `newstype` [ RunTime:0.0185s ]
NOTIC: [8] Undefined variable: id D:\apa\PHP1\restaurant\restaurant\Application\Admin\Controller\NewController.class.php 第 29 行.
SQL: SELECT * FROM `newstype`  [ RunTime:0.0009s ]
INFO: [ view_parse ] --START--
INFO: [ template_filter ] --START--
INFO: Run Behavior\ContentReplaceBehavior [ RunTime:0.000289s ]
INFO: [ template_filter ] --END-- [ RunTime:0.000509s ]
INFO: Run Behavior\ParseTemplateBehavior [ RunTime:0.044130s ]
INFO: [ view_parse ] --END-- [ RunTime:0.044365s ]
INFO: [ view_filter ] --START--
INFO: Run Behavior\WriteHtmlCacheBehavior [ RunTime:0.002185s ]
INFO: [ view_filter ] --END-- [ RunTime:0.002536s ]
INFO: [ app_end ] --START--
INFO: Run Behavior\ShowPageTraceBehavior [ RunTime:0.004730s ]
INFO: [ app_end ] --END-- [ RunTime:0.004974s ]

