[ 2018-01-26T18:57:01+08:00 ] 127.0.0.1 /shanghua/index.php/admin
INFO: [ app_init ] --START--
INFO: Run Behavior\BuildLiteBehavior [ RunTime:0.000058s ]
INFO: [ app_init ] --END-- [ RunTime:0.002047s ]
INFO: [ app_begin ] --START--
INFO: Run Behavior\ReadHtmlCacheBehavior [ RunTime:0.001486s ]
INFO: [ app_begin ] --END-- [ RunTime:0.001625s ]
INFO: [ view_parse ] --START--
INFO: [ template_filter ] --START--
INFO: Run Behavior\ContentReplaceBehavior [ RunTime:0.000099s ]
INFO: [ template_filter ] --END-- [ RunTime:0.000231s ]
INFO: Run Behavior\ParseTemplateBehavior [ RunTime:0.065061s ]
INFO: [ view_parse ] --END-- [ RunTime:0.065212s ]
INFO: [ view_filter ] --START--
INFO: Run Behavior\WriteHtmlCacheBehavior [ RunTime:0.000802s ]
INFO: [ view_filter ] --END-- [ RunTime:0.000908s ]

[ 2018-01-26T18:57:05+08:00 ] 127.0.0.1 /shanghua/index.php/Admin/Admin/login
INFO: [ app_init ] --START--
INFO: Run Behavior\BuildLiteBehavior [ RunTime:0.000042s ]
INFO: [ app_init ] --END-- [ RunTime:0.001496s ]
INFO: [ app_begin ] --START--
INFO: Run Behavior\ReadHtmlCacheBehavior [ RunTime:0.001157s ]
INFO: [ app_begin ] --END-- [ RunTime:0.001285s ]
INFO: [ view_parse ] --START--
INFO: [ template_filter ] --START--
INFO: Run Behavior\ContentReplaceBehavior [ RunTime:0.000104s ]
INFO: [ template_filter ] --END-- [ RunTime:0.000243s ]
INFO: Run Behavior\ParseTemplateBehavior [ RunTime:0.021932s ]
INFO: [ view_parse ] --END-- [ RunTime:0.022101s ]
INFO: [ view_filter ] --START--
INFO: Run Behavior\WriteHtmlCacheBehavior [ RunTime:0.000603s ]
INFO: [ view_filter ] --END-- [ RunTime:0.000710s ]
INFO: [ app_end ] --START--
INFO: Run Behavior\ShowPageTraceBehavior [ RunTime:0.001270s ]
INFO: [ app_end ] --END-- [ RunTime:0.001380s ]

[ 2018-01-26T18:57:08+08:00 ] 127.0.0.1 /shanghua/index.php/Admin/Admin/login
INFO: [ app_init ] --START--
INFO: Run Behavior\BuildLiteBehavior [ RunTime:0.000027s ]
INFO: [ app_init ] --END-- [ RunTime:0.000813s ]
INFO: [ app_begin ] --START--
INFO: Run Behavior\ReadHtmlCacheBehavior [ RunTime:0.001221s ]
INFO: [ app_begin ] --END-- [ RunTime:0.001389s ]
SQL: SHOW COLUMNS FROM `admin_user` [ RunTime:0.0726s ]
SQL: SELECT COUNT(*) AS tp_count FROM `admin_user` WHERE `username` = 'wangna' AND `password` = '123456' LIMIT 1   [ RunTime:0.0013s ]

[ 2018-01-26T18:57:08+08:00 ] 127.0.0.1 /shanghua/index.php/Admin/Index/index
INFO: [ app_init ] --START--
INFO: Run Behavior\BuildLiteBehavior [ RunTime:0.000031s ]
INFO: [ app_init ] --END-- [ RunTime:0.000955s ]
INFO: [ app_begin ] --START--
INFO: Run Behavior\ReadHtmlCacheBehavior [ RunTime:0.001555s ]
INFO: [ app_begin ] --END-- [ RunTime:0.001729s ]
INFO: [ view_parse ] --START--
INFO: [ template_filter ] --START--
INFO: Run Behavior\ContentReplaceBehavior [ RunTime:0.000160s ]
INFO: [ template_filter ] --END-- [ RunTime:0.000302s ]
INFO: Run Behavior\ParseTemplateBehavior [ RunTime:0.084077s ]
INFO: [ view_parse ] --END-- [ RunTime:0.084234s ]
INFO: [ view_filter ] --START--
INFO: Run Behavior\WriteHtmlCacheBehavior [ RunTime:0.000741s ]
INFO: [ view_filter ] --END-- [ RunTime:0.000840s ]
INFO: [ app_end ] --START--
INFO: Run Behavior\ShowPageTraceBehavior [ RunTime:0.001515s ]
INFO: [ app_end ] --END-- [ RunTime:0.001665s ]

[ 2018-01-26T18:57:17+08:00 ] 127.0.0.1 /shanghua/index.php/Admin/Users/lists/p/1
INFO: [ app_init ] --START--
INFO: Run Behavior\BuildLiteBehavior [ RunTime:0.000027s ]
INFO: [ app_init ] --END-- [ RunTime:0.000856s ]
INFO: [ app_begin ] --START--
INFO: Run Behavior\ReadHtmlCacheBehavior [ RunTime:0.001126s ]
INFO: [ app_begin ] --END-- [ RunTime:0.001240s ]
SQL: SHOW COLUMNS FROM `admin_user` [ RunTime:0.0176s ]
NOTIC: [2] Missing argument 1 for Think\Model::where(), called in D:\soft\PHP1\shanghua\Application\Admin\Controller\UsersController.class.php on line 17 and defined D:\soft\PHP1\shanghua\ThinkPHP\Library\Think\Model.class.php 第 1797 行.
NOTIC: [8] Undefined variable: where D:\soft\PHP1\shanghua\ThinkPHP\Library\Think\Model.class.php 第 1805 行.
NOTIC: [8] Undefined variable: where D:\soft\PHP1\shanghua\ThinkPHP\Library\Think\Model.class.php 第 1808 行.
NOTIC: [8] Undefined variable: where D:\soft\PHP1\shanghua\ThinkPHP\Library\Think\Model.class.php 第 1816 行.
SQL: SELECT * FROM `admin_user` LIMIT 0,8   [ RunTime:0.0012s ]
SQL: SELECT COUNT(*) AS tp_count FROM `admin_user` LIMIT 1   [ RunTime:0.0007s ]
INFO: [ view_parse ] --START--
INFO: [ template_filter ] --START--
INFO: Run Behavior\ContentReplaceBehavior [ RunTime:0.000204s ]
INFO: [ template_filter ] --END-- [ RunTime:0.000370s ]
INFO: Run Behavior\ParseTemplateBehavior [ RunTime:0.093482s ]
INFO: [ view_parse ] --END-- [ RunTime:0.093688s ]
INFO: [ view_filter ] --START--
INFO: Run Behavior\WriteHtmlCacheBehavior [ RunTime:0.001163s ]
INFO: [ view_filter ] --END-- [ RunTime:0.001307s ]
INFO: [ app_end ] --START--
INFO: Run Behavior\ShowPageTraceBehavior [ RunTime:0.002031s ]
INFO: [ app_end ] --END-- [ RunTime:0.002236s ]

[ 2018-01-26T18:57:21+08:00 ] 127.0.0.1 /shanghua/index.php/Admin/Indexen/index
INFO: [ app_init ] --START--
INFO: Run Behavior\BuildLiteBehavior [ RunTime:0.000026s ]
INFO: [ app_init ] --END-- [ RunTime:0.000848s ]
INFO: [ app_begin ] --START--
INFO: Run Behavior\ReadHtmlCacheBehavior [ RunTime:0.001420s ]
INFO: [ app_begin ] --END-- [ RunTime:0.001566s ]
INFO: [ view_parse ] --START--
INFO: [ template_filter ] --START--
INFO: Run Behavior\ContentReplaceBehavior [ RunTime:0.000170s ]
INFO: [ template_filter ] --END-- [ RunTime:0.000294s ]
INFO: Run Behavior\ParseTemplateBehavior [ RunTime:0.045896s ]
INFO: [ view_parse ] --END-- [ RunTime:0.046050s ]
INFO: [ view_filter ] --START--
INFO: Run Behavior\WriteHtmlCacheBehavior [ RunTime:0.000990s ]
INFO: [ view_filter ] --END-- [ RunTime:0.001133s ]
INFO: [ app_end ] --START--
INFO: Run Behavior\ShowPageTraceBehavior [ RunTime:0.001456s ]
INFO: [ app_end ] --END-- [ RunTime:0.001584s ]

[ 2018-01-26T18:57:21+08:00 ] 127.0.0.1 /shanghua/index.php/Admin/Indexen/index
INFO: [ app_init ] --START--
INFO: Run Behavior\BuildLiteBehavior [ RunTime:0.000026s ]
INFO: [ app_init ] --END-- [ RunTime:0.000798s ]
INFO: [ app_begin ] --START--
INFO: Run Behavior\ReadHtmlCacheBehavior [ RunTime:0.001060s ]
INFO: [ app_begin ] --END-- [ RunTime:0.001168s ]
INFO: [ view_parse ] --START--
INFO: [ template_filter ] --START--
INFO: Run Behavior\ContentReplaceBehavior [ RunTime:0.000175s ]
INFO: [ template_filter ] --END-- [ RunTime:0.000315s ]
INFO: Run Behavior\ParseTemplateBehavior [ RunTime:0.034785s ]
INFO: [ view_parse ] --END-- [ RunTime:0.034927s ]
INFO: [ view_filter ] --START--
INFO: Run Behavior\WriteHtmlCacheBehavior [ RunTime:0.000627s ]
INFO: [ view_filter ] --END-- [ RunTime:0.000726s ]
INFO: [ app_end ] --START--
INFO: Run Behavior\ShowPageTraceBehavior [ RunTime:0.001403s ]
INFO: [ app_end ] --END-- [ RunTime:0.001534s ]

[ 2018-01-26T18:57:25+08:00 ] 127.0.0.1 /shanghua/index.php/Admin/Index/index
INFO: [ app_init ] --START--
INFO: Run Behavior\BuildLiteBehavior [ RunTime:0.000028s ]
INFO: [ app_init ] --END-- [ RunTime:0.000833s ]
INFO: [ app_begin ] --START--
INFO: Run Behavior\ReadHtmlCacheBehavior [ RunTime:0.001546s ]
INFO: [ app_begin ] --END-- [ RunTime:0.001690s ]
INFO: [ view_parse ] --START--
INFO: [ template_filter ] --START--
INFO: Run Behavior\ContentReplaceBehavior [ RunTime:0.000158s ]
INFO: [ template_filter ] --END-- [ RunTime:0.000295s ]
INFO: Run Behavior\ParseTemplateBehavior [ RunTime:0.021350s ]
INFO: [ view_parse ] --END-- [ RunTime:0.021497s ]
INFO: [ view_filter ] --START--
INFO: Run Behavior\WriteHtmlCacheBehavior [ RunTime:0.000966s ]
INFO: [ view_filter ] --END-- [ RunTime:0.001103s ]
INFO: [ app_end ] --START--
INFO: Run Behavior\ShowPageTraceBehavior [ RunTime:0.001475s ]
INFO: [ app_end ] --END-- [ RunTime:0.001632s ]

[ 2018-01-26T18:57:31+08:00 ] 127.0.0.1 /shanghua/index.php/Admin/New/lists/p/1
INFO: [ app_init ] --START--
INFO: Run Behavior\BuildLiteBehavior [ RunTime:0.000030s ]
INFO: [ app_init ] --END-- [ RunTime:0.000955s ]
INFO: [ app_begin ] --START--
INFO: Run Behavior\ReadHtmlCacheBehavior [ RunTime:0.001583s ]
INFO: [ app_begin ] --END-- [ RunTime:0.001741s ]
SQL: SHOW COLUMNS FROM `news` [ RunTime:0.0175s ]
NOTIC: [2] Missing argument 1 for Think\Model::where(), called in D:\soft\PHP1\shanghua\Application\Admin\Controller\NewController.class.php on line 16 and defined D:\soft\PHP1\shanghua\ThinkPHP\Library\Think\Model.class.php 第 1797 行.
NOTIC: [8] Undefined variable: where D:\soft\PHP1\shanghua\ThinkPHP\Library\Think\Model.class.php 第 1805 行.
NOTIC: [8] Undefined variable: where D:\soft\PHP1\shanghua\ThinkPHP\Library\Think\Model.class.php 第 1808 行.
NOTIC: [8] Undefined variable: where D:\soft\PHP1\shanghua\ThinkPHP\Library\Think\Model.class.php 第 1816 行.
SQL: SELECT * FROM `news` ORDER BY time desc LIMIT 0,8   [ RunTime:0.0013s ]
SQL: SELECT COUNT(*) AS tp_count FROM `news` LIMIT 1   [ RunTime:0.0006s ]
INFO: [ view_parse ] --START--
INFO: [ template_filter ] --START--
INFO: Run Behavior\ContentReplaceBehavior [ RunTime:0.000244s ]
INFO: [ template_filter ] --END-- [ RunTime:0.000430s ]
NOTIC: [8] Use of undefined constant ture - assumed 'ture' D:\soft\PHP1\shanghua\Application\Runtime\Cache\Admin\b82f6166dc7ce355fc0a2ad75d1410cb.php 第 117 行.
NOTIC: [8] Use of undefined constant ture - assumed 'ture' D:\soft\PHP1\shanghua\Application\Runtime\Cache\Admin\b82f6166dc7ce355fc0a2ad75d1410cb.php 第 118 行.
NOTIC: [8] Use of undefined constant ture - assumed 'ture' D:\soft\PHP1\shanghua\Application\Runtime\Cache\Admin\b82f6166dc7ce355fc0a2ad75d1410cb.php 第 117 行.
NOTIC: [8] Use of undefined constant ture - assumed 'ture' D:\soft\PHP1\shanghua\Application\Runtime\Cache\Admin\b82f6166dc7ce355fc0a2ad75d1410cb.php 第 118 行.
NOTIC: [8] Use of undefined constant ture - assumed 'ture' D:\soft\PHP1\shanghua\Application\Runtime\Cache\Admin\b82f6166dc7ce355fc0a2ad75d1410cb.php 第 117 行.
NOTIC: [8] Use of undefined constant ture - assumed 'ture' D:\soft\PHP1\shanghua\Application\Runtime\Cache\Admin\b82f6166dc7ce355fc0a2ad75d1410cb.php 第 118 行.
INFO: Run Behavior\ParseTemplateBehavior [ RunTime:0.072464s ]
INFO: [ view_parse ] --END-- [ RunTime:0.072656s ]
INFO: [ view_filter ] --START--
INFO: Run Behavior\WriteHtmlCacheBehavior [ RunTime:0.001210s ]
INFO: [ view_filter ] --END-- [ RunTime:0.001375s ]
INFO: [ app_end ] --START--
INFO: Run Behavior\ShowPageTraceBehavior [ RunTime:0.002128s ]
INFO: [ app_end ] --END-- [ RunTime:0.002316s ]

[ 2018-01-26T18:57:39+08:00 ] 127.0.0.1 /shanghua/index.php/Admin/Industry/lists/p/1
INFO: [ app_init ] --START--
INFO: Run Behavior\BuildLiteBehavior [ RunTime:0.000025s ]
INFO: [ app_init ] --END-- [ RunTime:0.000858s ]
INFO: [ app_begin ] --START--
INFO: Run Behavior\ReadHtmlCacheBehavior [ RunTime:0.001296s ]
INFO: [ app_begin ] --END-- [ RunTime:0.001414s ]
SQL: SHOW COLUMNS FROM `industry` [ RunTime:0.0651s ]
SQL: SELECT * FROM `industry`  [ RunTime:0.0019s ]
INFO: [ view_parse ] --START--
INFO: [ template_filter ] --START--
INFO: Run Behavior\ContentReplaceBehavior [ RunTime:0.000218s ]
INFO: [ template_filter ] --END-- [ RunTime:0.000389s ]
NOTIC: [8] Use of undefined constant ture - assumed 'ture' D:\soft\PHP1\shanghua\Application\Runtime\Cache\Admin\abd1255a7522e96e5c515da10dd63e97.php 第 114 行.
NOTIC: [8] Use of undefined constant ture - assumed 'ture' D:\soft\PHP1\shanghua\Application\Runtime\Cache\Admin\abd1255a7522e96e5c515da10dd63e97.php 第 115 行.
NOTIC: [8] Use of undefined constant ture - assumed 'ture' D:\soft\PHP1\shanghua\Application\Runtime\Cache\Admin\abd1255a7522e96e5c515da10dd63e97.php 第 114 行.
NOTIC: [8] Use of undefined constant ture - assumed 'ture' D:\soft\PHP1\shanghua\Application\Runtime\Cache\Admin\abd1255a7522e96e5c515da10dd63e97.php 第 115 行.
NOTIC: [8] Use of undefined constant ture - assumed 'ture' D:\soft\PHP1\shanghua\Application\Runtime\Cache\Admin\abd1255a7522e96e5c515da10dd63e97.php 第 114 行.
NOTIC: [8] Use of undefined constant ture - assumed 'ture' D:\soft\PHP1\shanghua\Application\Runtime\Cache\Admin\abd1255a7522e96e5c515da10dd63e97.php 第 115 行.
NOTIC: [8] Use of undefined constant ture - assumed 'ture' D:\soft\PHP1\shanghua\Application\Runtime\Cache\Admin\abd1255a7522e96e5c515da10dd63e97.php 第 114 行.
NOTIC: [8] Use of undefined constant ture - assumed 'ture' D:\soft\PHP1\shanghua\Application\Runtime\Cache\Admin\abd1255a7522e96e5c515da10dd63e97.php 第 115 行.
NOTIC: [8] Undefined variable: page D:\soft\PHP1\shanghua\Application\Runtime\Cache\Admin\abd1255a7522e96e5c515da10dd63e97.php 第 127 行.
INFO: Run Behavior\ParseTemplateBehavior [ RunTime:0.046330s ]
INFO: [ view_parse ] --END-- [ RunTime:0.046564s ]
INFO: [ view_filter ] --START--
INFO: Run Behavior\WriteHtmlCacheBehavior [ RunTime:0.001007s ]
INFO: [ view_filter ] --END-- [ RunTime:0.001131s ]
INFO: [ app_end ] --START--
INFO: Run Behavior\ShowPageTraceBehavior [ RunTime:0.002285s ]
INFO: [ app_end ] --END-- [ RunTime:0.002463s ]

[ 2018-01-26T18:57:42+08:00 ] 127.0.0.1 /shanghua/index.php/Admin/Users/add
INFO: [ app_init ] --START--
INFO: Run Behavior\BuildLiteBehavior [ RunTime:0.000030s ]
INFO: [ app_init ] --END-- [ RunTime:0.000941s ]
INFO: [ app_begin ] --START--
INFO: Run Behavior\ReadHtmlCacheBehavior [ RunTime:0.001090s ]
INFO: [ app_begin ] --END-- [ RunTime:0.001216s ]
INFO: [ view_parse ] --START--
INFO: [ template_filter ] --START--
INFO: Run Behavior\ContentReplaceBehavior [ RunTime:0.000168s ]
INFO: [ template_filter ] --END-- [ RunTime:0.000330s ]
INFO: Run Behavior\ParseTemplateBehavior [ RunTime:0.071257s ]
INFO: [ view_parse ] --END-- [ RunTime:0.071392s ]
INFO: [ view_filter ] --START--
INFO: Run Behavior\WriteHtmlCacheBehavior [ RunTime:0.000741s ]
INFO: [ view_filter ] --END-- [ RunTime:0.000837s ]
INFO: [ app_end ] --START--
INFO: Run Behavior\ShowPageTraceBehavior [ RunTime:0.001491s ]
INFO: [ app_end ] --END-- [ RunTime:0.001655s ]

[ 2018-01-26T18:57:44+08:00 ] 127.0.0.1 /shanghua/index.php/Admin/Users/pass
INFO: [ app_init ] --START--
INFO: Run Behavior\BuildLiteBehavior [ RunTime:0.000026s ]
INFO: [ app_init ] --END-- [ RunTime:0.000820s ]
INFO: [ app_begin ] --START--
INFO: Run Behavior\ReadHtmlCacheBehavior [ RunTime:0.001060s ]
INFO: [ app_begin ] --END-- [ RunTime:0.001172s ]
SQL: SHOW COLUMNS FROM `admin_user` [ RunTime:0.0150s ]
SQL: SELECT * FROM `admin_user` WHERE `username` = 'wangna' LIMIT 1   [ RunTime:0.0009s ]
INFO: [ view_parse ] --START--
INFO: [ template_filter ] --START--
INFO: Run Behavior\ContentReplaceBehavior [ RunTime:0.000159s ]
INFO: [ template_filter ] --END-- [ RunTime:0.000281s ]
INFO: Run Behavior\ParseTemplateBehavior [ RunTime:0.070384s ]
INFO: [ view_parse ] --END-- [ RunTime:0.070527s ]
INFO: [ view_filter ] --START--
INFO: Run Behavior\WriteHtmlCacheBehavior [ RunTime:0.000649s ]
INFO: [ view_filter ] --END-- [ RunTime:0.000753s ]
INFO: [ app_end ] --START--
INFO: Run Behavior\ShowPageTraceBehavior [ RunTime:0.001187s ]
INFO: [ app_end ] --END-- [ RunTime:0.001308s ]

[ 2018-01-26T18:57:48+08:00 ] 127.0.0.1 /shanghua/index.php/Admin/New/lists/p/1
INFO: [ app_init ] --START--
INFO: Run Behavior\BuildLiteBehavior [ RunTime:0.000026s ]
INFO: [ app_init ] --END-- [ RunTime:0.000807s ]
INFO: [ app_begin ] --START--
INFO: Run Behavior\ReadHtmlCacheBehavior [ RunTime:0.001079s ]
INFO: [ app_begin ] --END-- [ RunTime:0.001192s ]
SQL: SHOW COLUMNS FROM `news` [ RunTime:0.0126s ]
NOTIC: [2] Missing argument 1 for Think\Model::where(), called in D:\soft\PHP1\shanghua\Application\Admin\Controller\NewController.class.php on line 16 and defined D:\soft\PHP1\shanghua\ThinkPHP\Library\Think\Model.class.php 第 1797 行.
NOTIC: [8] Undefined variable: where D:\soft\PHP1\shanghua\ThinkPHP\Library\Think\Model.class.php 第 1805 行.
NOTIC: [8] Undefined variable: where D:\soft\PHP1\shanghua\ThinkPHP\Library\Think\Model.class.php 第 1808 行.
NOTIC: [8] Undefined variable: where D:\soft\PHP1\shanghua\ThinkPHP\Library\Think\Model.class.php 第 1816 行.
SQL: SELECT * FROM `news` ORDER BY time desc LIMIT 0,8   [ RunTime:0.0027s ]
SQL: SELECT COUNT(*) AS tp_count FROM `news` LIMIT 1   [ RunTime:0.0017s ]
INFO: [ view_parse ] --START--
INFO: [ template_filter ] --START--
INFO: Run Behavior\ContentReplaceBehavior [ RunTime:0.000166s ]
INFO: [ template_filter ] --END-- [ RunTime:0.000287s ]
NOTIC: [8] Use of undefined constant ture - assumed 'ture' D:\soft\PHP1\shanghua\Application\Runtime\Cache\Admin\b82f6166dc7ce355fc0a2ad75d1410cb.php 第 117 行.
NOTIC: [8] Use of undefined constant ture - assumed 'ture' D:\soft\PHP1\shanghua\Application\Runtime\Cache\Admin\b82f6166dc7ce355fc0a2ad75d1410cb.php 第 118 行.
NOTIC: [8] Use of undefined constant ture - assumed 'ture' D:\soft\PHP1\shanghua\Application\Runtime\Cache\Admin\b82f6166dc7ce355fc0a2ad75d1410cb.php 第 117 行.
NOTIC: [8] Use of undefined constant ture - assumed 'ture' D:\soft\PHP1\shanghua\Application\Runtime\Cache\Admin\b82f6166dc7ce355fc0a2ad75d1410cb.php 第 118 行.
NOTIC: [8] Use of undefined constant ture - assumed 'ture' D:\soft\PHP1\shanghua\Application\Runtime\Cache\Admin\b82f6166dc7ce355fc0a2ad75d1410cb.php 第 117 行.
NOTIC: [8] Use of undefined constant ture - assumed 'ture' D:\soft\PHP1\shanghua\Application\Runtime\Cache\Admin\b82f6166dc7ce355fc0a2ad75d1410cb.php 第 118 行.
INFO: Run Behavior\ParseTemplateBehavior [ RunTime:0.025497s ]
INFO: [ view_parse ] --END-- [ RunTime:0.025640s ]
INFO: [ view_filter ] --START--
INFO: Run Behavior\WriteHtmlCacheBehavior [ RunTime:0.000709s ]
INFO: [ view_filter ] --END-- [ RunTime:0.000804s ]
INFO: [ app_end ] --START--
INFO: Run Behavior\ShowPageTraceBehavior [ RunTime:0.001413s ]
INFO: [ app_end ] --END-- [ RunTime:0.002536s ]

[ 2018-01-26T18:57:53+08:00 ] 127.0.0.1 /shanghua/index.php/Admin/Product/lists/p/1
INFO: [ app_init ] --START--
INFO: Run Behavior\BuildLiteBehavior [ RunTime:0.000025s ]
INFO: [ app_init ] --END-- [ RunTime:0.000774s ]
INFO: [ app_begin ] --START--
INFO: Run Behavior\ReadHtmlCacheBehavior [ RunTime:0.001048s ]
INFO: [ app_begin ] --END-- [ RunTime:0.001158s ]
SQL: SHOW COLUMNS FROM `product` [ RunTime:0.0179s ]
NOTIC: [2] Missing argument 1 for Think\Model::where(), called in D:\soft\PHP1\shanghua\Application\Admin\Controller\ProductController.class.php on line 16 and defined D:\soft\PHP1\shanghua\ThinkPHP\Library\Think\Model.class.php 第 1797 行.
NOTIC: [8] Undefined variable: where D:\soft\PHP1\shanghua\ThinkPHP\Library\Think\Model.class.php 第 1805 行.
NOTIC: [8] Undefined variable: where D:\soft\PHP1\shanghua\ThinkPHP\Library\Think\Model.class.php 第 1808 行.
NOTIC: [8] Undefined variable: where D:\soft\PHP1\shanghua\ThinkPHP\Library\Think\Model.class.php 第 1816 行.
SQL: SELECT * FROM `product` LIMIT 0,8   [ RunTime:0.0023s ]
SQL: SELECT COUNT(*) AS tp_count FROM `product` LIMIT 1   [ RunTime:0.0016s ]
INFO: [ view_parse ] --START--
INFO: [ template_filter ] --START--
INFO: Run Behavior\ContentReplaceBehavior [ RunTime:0.000160s ]
INFO: [ template_filter ] --END-- [ RunTime:0.000281s ]
NOTIC: [8] Use of undefined constant ture - assumed 'ture' D:\soft\PHP1\shanghua\Application\Runtime\Cache\Admin\86f5f9f3a3d56112a6ce1247c7f71fbf.php 第 114 行.
NOTIC: [8] Use of undefined constant ture - assumed 'ture' D:\soft\PHP1\shanghua\Application\Runtime\Cache\Admin\86f5f9f3a3d56112a6ce1247c7f71fbf.php 第 115 行.
NOTIC: [8] Use of undefined constant ture - assumed 'ture' D:\soft\PHP1\shanghua\Application\Runtime\Cache\Admin\86f5f9f3a3d56112a6ce1247c7f71fbf.php 第 114 行.
NOTIC: [8] Use of undefined constant ture - assumed 'ture' D:\soft\PHP1\shanghua\Application\Runtime\Cache\Admin\86f5f9f3a3d56112a6ce1247c7f71fbf.php 第 115 行.
NOTIC: [8] Use of undefined constant ture - assumed 'ture' D:\soft\PHP1\shanghua\Application\Runtime\Cache\Admin\86f5f9f3a3d56112a6ce1247c7f71fbf.php 第 114 行.
NOTIC: [8] Use of undefined constant ture - assumed 'ture' D:\soft\PHP1\shanghua\Application\Runtime\Cache\Admin\86f5f9f3a3d56112a6ce1247c7f71fbf.php 第 115 行.
NOTIC: [8] Use of undefined constant ture - assumed 'ture' D:\soft\PHP1\shanghua\Application\Runtime\Cache\Admin\86f5f9f3a3d56112a6ce1247c7f71fbf.php 第 114 行.
NOTIC: [8] Use of undefined constant ture - assumed 'ture' D:\soft\PHP1\shanghua\Application\Runtime\Cache\Admin\86f5f9f3a3d56112a6ce1247c7f71fbf.php 第 115 行.
NOTIC: [8] Use of undefined constant ture - assumed 'ture' D:\soft\PHP1\shanghua\Application\Runtime\Cache\Admin\86f5f9f3a3d56112a6ce1247c7f71fbf.php 第 114 行.
NOTIC: [8] Use of undefined constant ture - assumed 'ture' D:\soft\PHP1\shanghua\Application\Runtime\Cache\Admin\86f5f9f3a3d56112a6ce1247c7f71fbf.php 第 115 行.
NOTIC: [8] Use of undefined constant ture - assumed 'ture' D:\soft\PHP1\shanghua\Application\Runtime\Cache\Admin\86f5f9f3a3d56112a6ce1247c7f71fbf.php 第 114 行.
NOTIC: [8] Use of undefined constant ture - assumed 'ture' D:\soft\PHP1\shanghua\Application\Runtime\Cache\Admin\86f5f9f3a3d56112a6ce1247c7f71fbf.php 第 115 行.
NOTIC: [8] Use of undefined constant ture - assumed 'ture' D:\soft\PHP1\shanghua\Application\Runtime\Cache\Admin\86f5f9f3a3d56112a6ce1247c7f71fbf.php 第 114 行.
NOTIC: [8] Use of undefined constant ture - assumed 'ture' D:\soft\PHP1\shanghua\Application\Runtime\Cache\Admin\86f5f9f3a3d56112a6ce1247c7f71fbf.php 第 115 行.
NOTIC: [8] Use of undefined constant ture - assumed 'ture' D:\soft\PHP1\shanghua\Application\Runtime\Cache\Admin\86f5f9f3a3d56112a6ce1247c7f71fbf.php 第 114 行.
NOTIC: [8] Use of undefined constant ture - assumed 'ture' D:\soft\PHP1\shanghua\Application\Runtime\Cache\Admin\86f5f9f3a3d56112a6ce1247c7f71fbf.php 第 115 行.
INFO: Run Behavior\ParseTemplateBehavior [ RunTime:0.045863s ]
INFO: [ view_parse ] --END-- [ RunTime:0.046049s ]
INFO: [ view_filter ] --START--
INFO: Run Behavior\WriteHtmlCacheBehavior [ RunTime:0.001040s ]
INFO: [ view_filter ] --END-- [ RunTime:0.001170s ]
INFO: [ app_end ] --START--
INFO: Run Behavior\ShowPageTraceBehavior [ RunTime:0.001790s ]
INFO: [ app_end ] --END-- [ RunTime:0.001940s ]

[ 2018-01-26T18:57:57+08:00 ] 127.0.0.1 /shanghua/index.php/Admin/Product/lists/p/2
INFO: [ app_init ] --START--
INFO: Run Behavior\BuildLiteBehavior [ RunTime:0.000026s ]
INFO: [ app_init ] --END-- [ RunTime:0.000862s ]
INFO: [ app_begin ] --START--
INFO: Run Behavior\ReadHtmlCacheBehavior [ RunTime:0.001240s ]
INFO: [ app_begin ] --END-- [ RunTime:0.001354s ]
SQL: SHOW COLUMNS FROM `product` [ RunTime:0.0165s ]
NOTIC: [2] Missing argument 1 for Think\Model::where(), called in D:\soft\PHP1\shanghua\Application\Admin\Controller\ProductController.class.php on line 16 and defined D:\soft\PHP1\shanghua\ThinkPHP\Library\Think\Model.class.php 第 1797 行.
NOTIC: [8] Undefined variable: where D:\soft\PHP1\shanghua\ThinkPHP\Library\Think\Model.class.php 第 1805 行.
NOTIC: [8] Undefined variable: where D:\soft\PHP1\shanghua\ThinkPHP\Library\Think\Model.class.php 第 1808 行.
NOTIC: [8] Undefined variable: where D:\soft\PHP1\shanghua\ThinkPHP\Library\Think\Model.class.php 第 1816 行.
SQL: SELECT * FROM `product` LIMIT 8,8   [ RunTime:0.0014s ]
SQL: SELECT COUNT(*) AS tp_count FROM `product` LIMIT 1   [ RunTime:0.0006s ]
INFO: [ view_parse ] --START--
INFO: [ template_filter ] --START--
INFO: Run Behavior\ContentReplaceBehavior [ RunTime:0.000211s ]
INFO: [ template_filter ] --END-- [ RunTime:0.000376s ]
NOTIC: [8] Use of undefined constant ture - assumed 'ture' D:\soft\PHP1\shanghua\Application\Runtime\Cache\Admin\86f5f9f3a3d56112a6ce1247c7f71fbf.php 第 114 行.
NOTIC: [8] Use of undefined constant ture - assumed 'ture' D:\soft\PHP1\shanghua\Application\Runtime\Cache\Admin\86f5f9f3a3d56112a6ce1247c7f71fbf.php 第 115 行.
NOTIC: [8] Use of undefined constant ture - assumed 'ture' D:\soft\PHP1\shanghua\Application\Runtime\Cache\Admin\86f5f9f3a3d56112a6ce1247c7f71fbf.php 第 114 行.
NOTIC: [8] Use of undefined constant ture - assumed 'ture' D:\soft\PHP1\shanghua\Application\Runtime\Cache\Admin\86f5f9f3a3d56112a6ce1247c7f71fbf.php 第 115 行.
NOTIC: [8] Use of undefined constant ture - assumed 'ture' D:\soft\PHP1\shanghua\Application\Runtime\Cache\Admin\86f5f9f3a3d56112a6ce1247c7f71fbf.php 第 114 行.
NOTIC: [8] Use of undefined constant ture - assumed 'ture' D:\soft\PHP1\shanghua\Application\Runtime\Cache\Admin\86f5f9f3a3d56112a6ce1247c7f71fbf.php 第 115 行.
NOTIC: [8] Use of undefined constant ture - assumed 'ture' D:\soft\PHP1\shanghua\Application\Runtime\Cache\Admin\86f5f9f3a3d56112a6ce1247c7f71fbf.php 第 114 行.
NOTIC: [8] Use of undefined constant ture - assumed 'ture' D:\soft\PHP1\shanghua\Application\Runtime\Cache\Admin\86f5f9f3a3d56112a6ce1247c7f71fbf.php 第 115 行.
NOTIC: [8] Use of undefined constant ture - assumed 'ture' D:\soft\PHP1\shanghua\Application\Runtime\Cache\Admin\86f5f9f3a3d56112a6ce1247c7f71fbf.php 第 114 行.
NOTIC: [8] Use of undefined constant ture - assumed 'ture' D:\soft\PHP1\shanghua\Application\Runtime\Cache\Admin\86f5f9f3a3d56112a6ce1247c7f71fbf.php 第 115 行.
NOTIC: [8] Use of undefined constant ture - assumed 'ture' D:\soft\PHP1\shanghua\Application\Runtime\Cache\Admin\86f5f9f3a3d56112a6ce1247c7f71fbf.php 第 114 行.
NOTIC: [8] Use of undefined constant ture - assumed 'ture' D:\soft\PHP1\shanghua\Application\Runtime\Cache\Admin\86f5f9f3a3d56112a6ce1247c7f71fbf.php 第 115 行.
NOTIC: [8] Use of undefined constant ture - assumed 'ture' D:\soft\PHP1\shanghua\Application\Runtime\Cache\Admin\86f5f9f3a3d56112a6ce1247c7f71fbf.php 第 114 行.
NOTIC: [8] Use of undefined constant ture - assumed 'ture' D:\soft\PHP1\shanghua\Application\Runtime\Cache\Admin\86f5f9f3a3d56112a6ce1247c7f71fbf.php 第 115 行.
NOTIC: [8] Use of undefined constant ture - assumed 'ture' D:\soft\PHP1\shanghua\Application\Runtime\Cache\Admin\86f5f9f3a3d56112a6ce1247c7f71fbf.php 第 114 行.
NOTIC: [8] Use of undefined constant ture - assumed 'ture' D:\soft\PHP1\shanghua\Application\Runtime\Cache\Admin\86f5f9f3a3d56112a6ce1247c7f71fbf.php 第 115 行.
INFO: Run Behavior\ParseTemplateBehavior [ RunTime:0.030758s ]
INFO: [ view_parse ] --END-- [ RunTime:0.030910s ]
INFO: [ view_filter ] --START--
INFO: Run Behavior\WriteHtmlCacheBehavior [ RunTime:0.000892s ]
INFO: [ view_filter ] --END-- [ RunTime:0.001015s ]
INFO: [ app_end ] --START--
INFO: Run Behavior\ShowPageTraceBehavior [ RunTime:0.002141s ]
INFO: [ app_end ] --END-- [ RunTime:0.002394s ]

[ 2018-01-26T18:58:07+08:00 ] 127.0.0.1 /shanghua/index.php/Admin/Case/lists/p/1
INFO: [ app_init ] --START--
INFO: Run Behavior\BuildLiteBehavior [ RunTime:0.000100s ]
INFO: [ app_init ] --END-- [ RunTime:0.001281s ]
INFO: [ app_begin ] --START--
INFO: Run Behavior\ReadHtmlCacheBehavior [ RunTime:0.001550s ]
INFO: [ app_begin ] --END-- [ RunTime:0.001725s ]
SQL: SHOW COLUMNS FROM `case` [ RunTime:0.0181s ]
NOTIC: [2] Missing argument 1 for Think\Model::where(), called in D:\soft\PHP1\shanghua\Application\Admin\Controller\CaseController.class.php on line 16 and defined D:\soft\PHP1\shanghua\ThinkPHP\Library\Think\Model.class.php 第 1797 行.
NOTIC: [8] Undefined variable: where D:\soft\PHP1\shanghua\ThinkPHP\Library\Think\Model.class.php 第 1805 行.
NOTIC: [8] Undefined variable: where D:\soft\PHP1\shanghua\ThinkPHP\Library\Think\Model.class.php 第 1808 行.
NOTIC: [8] Undefined variable: where D:\soft\PHP1\shanghua\ThinkPHP\Library\Think\Model.class.php 第 1816 行.
SQL: SELECT * FROM `case` LIMIT 0,8   [ RunTime:0.0017s ]
SQL: SELECT COUNT(*) AS tp_count FROM `case` LIMIT 1   [ RunTime:0.0012s ]
INFO: [ view_parse ] --START--
INFO: [ template_filter ] --START--
INFO: Run Behavior\ContentReplaceBehavior [ RunTime:0.000214s ]
INFO: [ template_filter ] --END-- [ RunTime:0.000388s ]
NOTIC: [8] Use of undefined constant ture - assumed 'ture' D:\soft\PHP1\shanghua\Application\Runtime\Cache\Admin\b190d67ea81a3a1c57d0504791efd73b.php 第 113 行.
NOTIC: [8] Use of undefined constant ture - assumed 'ture' D:\soft\PHP1\shanghua\Application\Runtime\Cache\Admin\b190d67ea81a3a1c57d0504791efd73b.php 第 114 行.
NOTIC: [8] Use of undefined constant ture - assumed 'ture' D:\soft\PHP1\shanghua\Application\Runtime\Cache\Admin\b190d67ea81a3a1c57d0504791efd73b.php 第 113 行.
NOTIC: [8] Use of undefined constant ture - assumed 'ture' D:\soft\PHP1\shanghua\Application\Runtime\Cache\Admin\b190d67ea81a3a1c57d0504791efd73b.php 第 114 行.
NOTIC: [8] Use of undefined constant ture - assumed 'ture' D:\soft\PHP1\shanghua\Application\Runtime\Cache\Admin\b190d67ea81a3a1c57d0504791efd73b.php 第 113 行.
NOTIC: [8] Use of undefined constant ture - assumed 'ture' D:\soft\PHP1\shanghua\Application\Runtime\Cache\Admin\b190d67ea81a3a1c57d0504791efd73b.php 第 114 行.
NOTIC: [8] Use of undefined constant ture - assumed 'ture' D:\soft\PHP1\shanghua\Application\Runtime\Cache\Admin\b190d67ea81a3a1c57d0504791efd73b.php 第 113 行.
NOTIC: [8] Use of undefined constant ture - assumed 'ture' D:\soft\PHP1\shanghua\Application\Runtime\Cache\Admin\b190d67ea81a3a1c57d0504791efd73b.php 第 114 行.
NOTIC: [8] Use of undefined constant ture - assumed 'ture' D:\soft\PHP1\shanghua\Application\Runtime\Cache\Admin\b190d67ea81a3a1c57d0504791efd73b.php 第 113 行.
NOTIC: [8] Use of undefined constant ture - assumed 'ture' D:\soft\PHP1\shanghua\Application\Runtime\Cache\Admin\b190d67ea81a3a1c57d0504791efd73b.php 第 114 行.
NOTIC: [8] Use of undefined constant ture - assumed 'ture' D:\soft\PHP1\shanghua\Application\Runtime\Cache\Admin\b190d67ea81a3a1c57d0504791efd73b.php 第 113 行.
NOTIC: [8] Use of undefined constant ture - assumed 'ture' D:\soft\PHP1\shanghua\Application\Runtime\Cache\Admin\b190d67ea81a3a1c57d0504791efd73b.php 第 114 行.
NOTIC: [8] Use of undefined constant ture - assumed 'ture' D:\soft\PHP1\shanghua\Application\Runtime\Cache\Admin\b190d67ea81a3a1c57d0504791efd73b.php 第 113 行.
NOTIC: [8] Use of undefined constant ture - assumed 'ture' D:\soft\PHP1\shanghua\Application\Runtime\Cache\Admin\b190d67ea81a3a1c57d0504791efd73b.php 第 114 行.
NOTIC: [8] Use of undefined constant ture - assumed 'ture' D:\soft\PHP1\shanghua\Application\Runtime\Cache\Admin\b190d67ea81a3a1c57d0504791efd73b.php 第 113 行.
NOTIC: [8] Use of undefined constant ture - assumed 'ture' D:\soft\PHP1\shanghua\Application\Runtime\Cache\Admin\b190d67ea81a3a1c57d0504791efd73b.php 第 114 行.
INFO: Run Behavior\ParseTemplateBehavior [ RunTime:0.055727s ]
INFO: [ view_parse ] --END-- [ RunTime:0.055952s ]
INFO: [ view_filter ] --START--
INFO: Run Behavior\WriteHtmlCacheBehavior [ RunTime:0.000806s ]
INFO: [ view_filter ] --END-- [ RunTime:0.000931s ]
INFO: [ app_end ] --START--
INFO: Run Behavior\ShowPageTraceBehavior [ RunTime:0.001685s ]
INFO: [ app_end ] --END-- [ RunTime:0.001853s ]

[ 2018-01-26T18:58:22+08:00 ] 127.0.0.1 /shanghua/index.php/Admin/Job/lists/p/1
INFO: [ app_init ] --START--
INFO: Run Behavior\BuildLiteBehavior [ RunTime:0.000025s ]
INFO: [ app_init ] --END-- [ RunTime:0.000773s ]
INFO: [ app_begin ] --START--
INFO: Run Behavior\ReadHtmlCacheBehavior [ RunTime:0.001170s ]
INFO: [ app_begin ] --END-- [ RunTime:0.001302s ]
SQL: SHOW COLUMNS FROM `job` [ RunTime:0.0571s ]
SQL: SELECT * FROM `job`  [ RunTime:0.0021s ]
INFO: [ view_parse ] --START--
INFO: [ template_filter ] --START--
INFO: Run Behavior\ContentReplaceBehavior [ RunTime:0.000238s ]
INFO: [ template_filter ] --END-- [ RunTime:0.000422s ]
NOTIC: [8] Use of undefined constant ture - assumed 'ture' D:\soft\PHP1\shanghua\Application\Runtime\Cache\Admin\de77eeaa0453fc11c4b43e298fe79f12.php 第 119 行.
NOTIC: [8] Use of undefined constant ture - assumed 'ture' D:\soft\PHP1\shanghua\Application\Runtime\Cache\Admin\de77eeaa0453fc11c4b43e298fe79f12.php 第 120 行.
NOTIC: [8] Use of undefined constant ture - assumed 'ture' D:\soft\PHP1\shanghua\Application\Runtime\Cache\Admin\de77eeaa0453fc11c4b43e298fe79f12.php 第 119 行.
NOTIC: [8] Use of undefined constant ture - assumed 'ture' D:\soft\PHP1\shanghua\Application\Runtime\Cache\Admin\de77eeaa0453fc11c4b43e298fe79f12.php 第 120 行.
NOTIC: [8] Use of undefined constant ture - assumed 'ture' D:\soft\PHP1\shanghua\Application\Runtime\Cache\Admin\de77eeaa0453fc11c4b43e298fe79f12.php 第 119 行.
NOTIC: [8] Use of undefined constant ture - assumed 'ture' D:\soft\PHP1\shanghua\Application\Runtime\Cache\Admin\de77eeaa0453fc11c4b43e298fe79f12.php 第 120 行.
NOTIC: [8] Use of undefined constant ture - assumed 'ture' D:\soft\PHP1\shanghua\Application\Runtime\Cache\Admin\de77eeaa0453fc11c4b43e298fe79f12.php 第 119 行.
NOTIC: [8] Use of undefined constant ture - assumed 'ture' D:\soft\PHP1\shanghua\Application\Runtime\Cache\Admin\de77eeaa0453fc11c4b43e298fe79f12.php 第 120 行.
NOTIC: [8] Use of undefined constant ture - assumed 'ture' D:\soft\PHP1\shanghua\Application\Runtime\Cache\Admin\de77eeaa0453fc11c4b43e298fe79f12.php 第 119 行.
NOTIC: [8] Use of undefined constant ture - assumed 'ture' D:\soft\PHP1\shanghua\Application\Runtime\Cache\Admin\de77eeaa0453fc11c4b43e298fe79f12.php 第 120 行.
NOTIC: [8] Undefined variable: page D:\soft\PHP1\shanghua\Application\Runtime\Cache\Admin\de77eeaa0453fc11c4b43e298fe79f12.php 第 131 行.
INFO: Run Behavior\ParseTemplateBehavior [ RunTime:0.059896s ]
INFO: [ view_parse ] --END-- [ RunTime:0.060140s ]
INFO: [ view_filter ] --START--
INFO: Run Behavior\WriteHtmlCacheBehavior [ RunTime:0.000869s ]
INFO: [ view_filter ] --END-- [ RunTime:0.001006s ]
INFO: [ app_end ] --START--
INFO: Run Behavior\ShowPageTraceBehavior [ RunTime:0.002053s ]
INFO: [ app_end ] --END-- [ RunTime:0.002247s ]

[ 2018-01-26T18:58:27+08:00 ] 127.0.0.1 /shanghua/index.php/Admin/Advice/lists/p/1
INFO: [ app_init ] --START--
INFO: Run Behavior\BuildLiteBehavior [ RunTime:0.000024s ]
INFO: [ app_init ] --END-- [ RunTime:0.000769s ]
INFO: [ app_begin ] --START--
INFO: Run Behavior\ReadHtmlCacheBehavior [ RunTime:0.001063s ]
INFO: [ app_begin ] --END-- [ RunTime:0.001173s ]
SQL: SHOW COLUMNS FROM `advice` [ RunTime:0.0333s ]
NOTIC: [2] Missing argument 1 for Think\Model::where(), called in D:\soft\PHP1\shanghua\Application\Admin\Controller\AdviceController.class.php on line 16 and defined D:\soft\PHP1\shanghua\ThinkPHP\Library\Think\Model.class.php 第 1797 行.
NOTIC: [8] Undefined variable: where D:\soft\PHP1\shanghua\ThinkPHP\Library\Think\Model.class.php 第 1805 行.
NOTIC: [8] Undefined variable: where D:\soft\PHP1\shanghua\ThinkPHP\Library\Think\Model.class.php 第 1808 行.
NOTIC: [8] Undefined variable: where D:\soft\PHP1\shanghua\ThinkPHP\Library\Think\Model.class.php 第 1816 行.
SQL: SELECT * FROM `advice` LIMIT 0,8   [ RunTime:0.0008s ]
SQL: SELECT COUNT(*) AS tp_count FROM `advice` LIMIT 1   [ RunTime:0.0005s ]
INFO: [ view_parse ] --START--
INFO: [ template_filter ] --START--
INFO: Run Behavior\ContentReplaceBehavior [ RunTime:0.000162s ]
INFO: [ template_filter ] --END-- [ RunTime:0.000294s ]
NOTIC: [8] Use of undefined constant ture - assumed 'ture' D:\soft\PHP1\shanghua\Application\Runtime\Cache\Admin\42b015d9fef8966450f1d0e24192cb99.php 第 117 行.
INFO: Run Behavior\ParseTemplateBehavior [ RunTime:0.053322s ]
INFO: [ view_parse ] --END-- [ RunTime:0.053447s ]
INFO: [ view_filter ] --START--
INFO: Run Behavior\WriteHtmlCacheBehavior [ RunTime:0.000603s ]
INFO: [ view_filter ] --END-- [ RunTime:0.000696s ]
INFO: [ app_end ] --START--
INFO: Run Behavior\ShowPageTraceBehavior [ RunTime:0.001072s ]
INFO: [ app_end ] --END-- [ RunTime:0.001167s ]

