[ 2018-04-18T10:32:11+08:00 ] 127.0.0.1 /restaurant/restaurant/index.php/admin
INFO: [ app_init ] --START--
INFO: Run Behavior\BuildLiteBehavior [ RunTime:0.000046s ]
INFO: [ app_init ] --END-- [ RunTime:0.001032s ]
INFO: [ app_begin ] --START--
INFO: Run Behavior\ReadHtmlCacheBehavior [ RunTime:0.001782s ]
INFO: [ app_begin ] --END-- [ RunTime:0.002011s ]
INFO: [ view_parse ] --START--
INFO: [ template_filter ] --START--
INFO: Run Behavior\ContentReplaceBehavior [ RunTime:0.000150s ]
INFO: [ template_filter ] --END-- [ RunTime:0.000354s ]
INFO: Run Behavior\ParseTemplateBehavior [ RunTime:0.039063s ]
INFO: [ view_parse ] --END-- [ RunTime:0.039319s ]
INFO: [ view_filter ] --START--
INFO: Run Behavior\WriteHtmlCacheBehavior [ RunTime:0.001484s ]
INFO: [ view_filter ] --END-- [ RunTime:0.001712s ]

[ 2018-04-18T10:32:14+08:00 ] 127.0.0.1 /restaurant/restaurant/index.php/Admin/Admin/login
INFO: [ app_init ] --START--
INFO: Run Behavior\BuildLiteBehavior [ RunTime:0.000061s ]
INFO: [ app_init ] --END-- [ RunTime:0.003232s ]
INFO: [ app_begin ] --START--
INFO: Run Behavior\ReadHtmlCacheBehavior [ RunTime:0.002621s ]
INFO: [ app_begin ] --END-- [ RunTime:0.002935s ]
INFO: [ view_parse ] --START--
INFO: [ template_filter ] --START--
INFO: Run Behavior\ContentReplaceBehavior [ RunTime:0.000185s ]
INFO: [ template_filter ] --END-- [ RunTime:0.000409s ]
INFO: Run Behavior\ParseTemplateBehavior [ RunTime:0.091994s ]
INFO: [ view_parse ] --END-- [ RunTime:0.092643s ]
INFO: [ view_filter ] --START--
INFO: Run Behavior\WriteHtmlCacheBehavior [ RunTime:0.000985s ]
INFO: [ view_filter ] --END-- [ RunTime:0.001457s ]
INFO: [ app_end ] --START--
INFO: Run Behavior\ShowPageTraceBehavior [ RunTime:0.001573s ]
INFO: [ app_end ] --END-- [ RunTime:0.001750s ]

[ 2018-04-18T10:32:23+08:00 ] 127.0.0.1 /restaurant/restaurant/index.php/Admin/Admin/login
INFO: [ app_init ] --START--
INFO: Run Behavior\BuildLiteBehavior [ RunTime:0.000047s ]
INFO: [ app_init ] --END-- [ RunTime:0.001234s ]
INFO: [ app_begin ] --START--
INFO: Run Behavior\ReadHtmlCacheBehavior [ RunTime:0.001893s ]
INFO: [ app_begin ] --END-- [ RunTime:0.002094s ]
SQL: SHOW COLUMNS FROM `admin_user` [ RunTime:0.0302s ]
SQL: SELECT COUNT(*) AS tp_count FROM `admin_user` WHERE `username` = 'gaozhiqin' AND `password` = '123456' LIMIT 1   [ RunTime:0.0014s ]

[ 2018-04-18T10:32:23+08:00 ] 127.0.0.1 /restaurant/restaurant/index.php/Admin/Index/index
INFO: [ app_init ] --START--
INFO: Run Behavior\BuildLiteBehavior [ RunTime:0.000048s ]
INFO: [ app_init ] --END-- [ RunTime:0.001507s ]
INFO: [ app_begin ] --START--
INFO: Run Behavior\ReadHtmlCacheBehavior [ RunTime:0.001893s ]
INFO: [ app_begin ] --END-- [ RunTime:0.002136s ]
INFO: [ view_parse ] --START--
INFO: [ template_filter ] --START--
INFO: Run Behavior\ContentReplaceBehavior [ RunTime:0.000290s ]
INFO: [ template_filter ] --END-- [ RunTime:0.000516s ]
INFO: Run Behavior\ParseTemplateBehavior [ RunTime:0.065186s ]
INFO: [ view_parse ] --END-- [ RunTime:0.065422s ]
INFO: [ view_filter ] --START--
INFO: Run Behavior\WriteHtmlCacheBehavior [ RunTime:0.000994s ]
INFO: [ view_filter ] --END-- [ RunTime:0.001172s ]
INFO: [ app_end ] --START--
INFO: Run Behavior\ShowPageTraceBehavior [ RunTime:0.002505s ]
INFO: [ app_end ] --END-- [ RunTime:0.002734s ]

[ 2018-04-18T10:32:30+08:00 ] 127.0.0.1 /restaurant/restaurant/index.php/Admin/New/add
INFO: [ app_init ] --START--
INFO: Run Behavior\BuildLiteBehavior [ RunTime:0.000052s ]
INFO: [ app_init ] --END-- [ RunTime:0.001450s ]
INFO: [ app_begin ] --START--
INFO: Run Behavior\ReadHtmlCacheBehavior [ RunTime:0.002966s ]
INFO: [ app_begin ] --END-- [ RunTime:0.003312s ]
SQL: SHOW COLUMNS FROM `newstype` [ RunTime:0.0173s ]
NOTIC: [8] Undefined variable: id D:\apa\PHP1\restaurant\restaurant\Application\Admin\Controller\NewController.class.php 第 29 行.
SQL: SELECT * FROM `newstype`  [ RunTime:0.0012s ]
INFO: [ view_parse ] --START--
INFO: [ template_filter ] --START--
INFO: Run Behavior\ContentReplaceBehavior [ RunTime:0.000313s ]
INFO: [ template_filter ] --END-- [ RunTime:0.000550s ]
INFO: Run Behavior\ParseTemplateBehavior [ RunTime:0.056362s ]
INFO: [ view_parse ] --END-- [ RunTime:0.056660s ]
INFO: [ view_filter ] --START--
INFO: Run Behavior\WriteHtmlCacheBehavior [ RunTime:0.000942s ]
INFO: [ view_filter ] --END-- [ RunTime:0.001127s ]
INFO: [ app_end ] --START--
INFO: Run Behavior\ShowPageTraceBehavior [ RunTime:0.002244s ]
INFO: [ app_end ] --END-- [ RunTime:0.002473s ]

[ 2018-04-18T10:33:15+08:00 ] 127.0.0.1 /restaurant/restaurant/index.php/Admin/New/doAdd
INFO: [ app_init ] --START--
INFO: Run Behavior\BuildLiteBehavior [ RunTime:0.000043s ]
INFO: [ app_init ] --END-- [ RunTime:0.001151s ]
INFO: [ app_begin ] --START--
INFO: Run Behavior\ReadHtmlCacheBehavior [ RunTime:0.002116s ]
INFO: [ app_begin ] --END-- [ RunTime:0.002364s ]
NOTIC: [2] call_user_func() expects parameter 1 to be a valid callback, no array or string given D:\apa\PHP1\restaurant\restaurant\ThinkPHP\Library\Think\Upload.class.php 第 170 行.
SQL: SHOW COLUMNS FROM `news` [ RunTime:0.0178s ]
NOTIC: [8] Undefined index: validate D:\apa\PHP1\restaurant\restaurant\ThinkPHP\Library\Think\Model.class.php 第 1185 行.
NOTIC: [8] Undefined index: auto D:\apa\PHP1\restaurant\restaurant\ThinkPHP\Library\Think\Model.class.php 第 1128 行.
SQL: INSERT INTO `news` (`title`,`time`,`type`,`content`,`thumb`) VALUES ('象征丰收和满载的和果子','2018-04-18','为您推荐','aeiw ','../Public/uploads/2018-04-18/5ad6ae6a202be.jpg') [ RunTime:0.1259s ]

[ 2018-04-18T10:33:16+08:00 ] 127.0.0.1 /restaurant/restaurant/index.php/Admin/New/lists/p/1
INFO: [ app_init ] --START--
INFO: Run Behavior\BuildLiteBehavior [ RunTime:0.000043s ]
INFO: [ app_init ] --END-- [ RunTime:0.001193s ]
INFO: [ app_begin ] --START--
INFO: Run Behavior\ReadHtmlCacheBehavior [ RunTime:0.004251s ]
INFO: [ app_begin ] --END-- [ RunTime:0.004507s ]
SQL: SHOW COLUMNS FROM `news` [ RunTime:0.0184s ]
NOTIC: [2] Missing argument 1 for Think\Model::where(), called in D:\apa\PHP1\restaurant\restaurant\Application\Admin\Controller\NewController.class.php on line 16 and defined D:\apa\PHP1\restaurant\restaurant\ThinkPHP\Library\Think\Model.class.php 第 1797 行.
NOTIC: [8] Undefined variable: where D:\apa\PHP1\restaurant\restaurant\ThinkPHP\Library\Think\Model.class.php 第 1805 行.
NOTIC: [8] Undefined variable: where D:\apa\PHP1\restaurant\restaurant\ThinkPHP\Library\Think\Model.class.php 第 1808 行.
NOTIC: [8] Undefined variable: where D:\apa\PHP1\restaurant\restaurant\ThinkPHP\Library\Think\Model.class.php 第 1816 行.
SQL: SELECT * FROM `news` ORDER BY time desc LIMIT 0,8   [ RunTime:0.0020s ]
SQL: SELECT COUNT(*) AS tp_count FROM `news` LIMIT 1   [ RunTime:0.0008s ]
INFO: [ view_parse ] --START--
INFO: [ template_filter ] --START--
INFO: Run Behavior\ContentReplaceBehavior [ RunTime:0.000321s ]
INFO: [ template_filter ] --END-- [ RunTime:0.000553s ]
NOTIC: [8] Use of undefined constant ture - assumed 'ture' D:\apa\PHP1\restaurant\restaurant\Application\Runtime\Cache\Admin\b82f6166dc7ce355fc0a2ad75d1410cb.php 第 123 行.
NOTIC: [8] Use of undefined constant ture - assumed 'ture' D:\apa\PHP1\restaurant\restaurant\Application\Runtime\Cache\Admin\b82f6166dc7ce355fc0a2ad75d1410cb.php 第 124 行.
NOTIC: [8] Use of undefined constant ture - assumed 'ture' D:\apa\PHP1\restaurant\restaurant\Application\Runtime\Cache\Admin\b82f6166dc7ce355fc0a2ad75d1410cb.php 第 123 行.
NOTIC: [8] Use of undefined constant ture - assumed 'ture' D:\apa\PHP1\restaurant\restaurant\Application\Runtime\Cache\Admin\b82f6166dc7ce355fc0a2ad75d1410cb.php 第 124 行.
NOTIC: [8] Use of undefined constant ture - assumed 'ture' D:\apa\PHP1\restaurant\restaurant\Application\Runtime\Cache\Admin\b82f6166dc7ce355fc0a2ad75d1410cb.php 第 123 行.
NOTIC: [8] Use of undefined constant ture - assumed 'ture' D:\apa\PHP1\restaurant\restaurant\Application\Runtime\Cache\Admin\b82f6166dc7ce355fc0a2ad75d1410cb.php 第 124 行.
NOTIC: [8] Use of undefined constant ture - assumed 'ture' D:\apa\PHP1\restaurant\restaurant\Application\Runtime\Cache\Admin\b82f6166dc7ce355fc0a2ad75d1410cb.php 第 123 行.
NOTIC: [8] Use of undefined constant ture - assumed 'ture' D:\apa\PHP1\restaurant\restaurant\Application\Runtime\Cache\Admin\b82f6166dc7ce355fc0a2ad75d1410cb.php 第 124 行.
NOTIC: [8] Use of undefined constant ture - assumed 'ture' D:\apa\PHP1\restaurant\restaurant\Application\Runtime\Cache\Admin\b82f6166dc7ce355fc0a2ad75d1410cb.php 第 123 行.
NOTIC: [8] Use of undefined constant ture - assumed 'ture' D:\apa\PHP1\restaurant\restaurant\Application\Runtime\Cache\Admin\b82f6166dc7ce355fc0a2ad75d1410cb.php 第 124 行.
NOTIC: [8] Use of undefined constant ture - assumed 'ture' D:\apa\PHP1\restaurant\restaurant\Application\Runtime\Cache\Admin\b82f6166dc7ce355fc0a2ad75d1410cb.php 第 123 行.
NOTIC: [8] Use of undefined constant ture - assumed 'ture' D:\apa\PHP1\restaurant\restaurant\Application\Runtime\Cache\Admin\b82f6166dc7ce355fc0a2ad75d1410cb.php 第 124 行.
NOTIC: [8] Use of undefined constant ture - assumed 'ture' D:\apa\PHP1\restaurant\restaurant\Application\Runtime\Cache\Admin\b82f6166dc7ce355fc0a2ad75d1410cb.php 第 123 行.
NOTIC: [8] Use of undefined constant ture - assumed 'ture' D:\apa\PHP1\restaurant\restaurant\Application\Runtime\Cache\Admin\b82f6166dc7ce355fc0a2ad75d1410cb.php 第 124 行.
NOTIC: [8] Use of undefined constant ture - assumed 'ture' D:\apa\PHP1\restaurant\restaurant\Application\Runtime\Cache\Admin\b82f6166dc7ce355fc0a2ad75d1410cb.php 第 123 行.
NOTIC: [8] Use of undefined constant ture - assumed 'ture' D:\apa\PHP1\restaurant\restaurant\Application\Runtime\Cache\Admin\b82f6166dc7ce355fc0a2ad75d1410cb.php 第 124 行.
INFO: Run Behavior\ParseTemplateBehavior [ RunTime:0.054879s ]
INFO: [ view_parse ] --END-- [ RunTime:0.055229s ]
INFO: [ view_filter ] --START--
INFO: Run Behavior\WriteHtmlCacheBehavior [ RunTime:0.003262s ]
INFO: [ view_filter ] --END-- [ RunTime:0.003545s ]
INFO: [ app_end ] --START--
INFO: Run Behavior\ShowPageTraceBehavior [ RunTime:0.003830s ]
INFO: [ app_end ] --END-- [ RunTime:0.004129s ]

[ 2018-04-18T10:33:28+08:00 ] 127.0.0.1 /restaurant/restaurant/index.php/Admin/New/add
INFO: [ app_init ] --START--
INFO: Run Behavior\BuildLiteBehavior [ RunTime:0.000053s ]
INFO: [ app_init ] --END-- [ RunTime:0.001231s ]
INFO: [ app_begin ] --START--
INFO: Run Behavior\ReadHtmlCacheBehavior [ RunTime:0.003024s ]
INFO: [ app_begin ] --END-- [ RunTime:0.003303s ]
SQL: SHOW COLUMNS FROM `newstype` [ RunTime:0.0165s ]
NOTIC: [8] Undefined variable: id D:\apa\PHP1\restaurant\restaurant\Application\Admin\Controller\NewController.class.php 第 29 行.
SQL: SELECT * FROM `newstype`  [ RunTime:0.0013s ]
INFO: [ view_parse ] --START--
INFO: [ template_filter ] --START--
INFO: Run Behavior\ContentReplaceBehavior [ RunTime:0.000347s ]
INFO: [ template_filter ] --END-- [ RunTime:0.000577s ]
INFO: Run Behavior\ParseTemplateBehavior [ RunTime:0.039369s ]
INFO: [ view_parse ] --END-- [ RunTime:0.039607s ]
INFO: [ view_filter ] --START--
INFO: Run Behavior\WriteHtmlCacheBehavior [ RunTime:0.001051s ]
INFO: [ view_filter ] --END-- [ RunTime:0.001219s ]
INFO: [ app_end ] --START--
INFO: Run Behavior\ShowPageTraceBehavior [ RunTime:0.005332s ]
INFO: [ app_end ] --END-- [ RunTime:0.005590s ]

[ 2018-04-18T10:33:38+08:00 ] 127.0.0.1 /restaurant/restaurant/index.php/Admin/New/doAdd
INFO: [ app_init ] --START--
INFO: Run Behavior\BuildLiteBehavior [ RunTime:0.000043s ]
INFO: [ app_init ] --END-- [ RunTime:0.001112s ]
INFO: [ app_begin ] --START--
INFO: Run Behavior\ReadHtmlCacheBehavior [ RunTime:0.001996s ]
INFO: [ app_begin ] --END-- [ RunTime:0.002325s ]
NOTIC: [2] call_user_func() expects parameter 1 to be a valid callback, no array or string given D:\apa\PHP1\restaurant\restaurant\ThinkPHP\Library\Think\Upload.class.php 第 170 行.
SQL: SHOW COLUMNS FROM `news` [ RunTime:0.0182s ]
NOTIC: [8] Undefined index: validate D:\apa\PHP1\restaurant\restaurant\ThinkPHP\Library\Think\Model.class.php 第 1185 行.
NOTIC: [8] Undefined index: auto D:\apa\PHP1\restaurant\restaurant\ThinkPHP\Library\Think\Model.class.php 第 1128 行.
SQL: INSERT INTO `news` (`title`,`time`,`type`,`content`,`thumb`) VALUES ('血液不流畅，8种食物活血化瘀','2018-04-18','健康饮食','sergrgr','../Public/uploads/2018-04-18/5ad6ae8135ce6.jpg') [ RunTime:0.2539s ]

[ 2018-04-18T10:33:39+08:00 ] 127.0.0.1 /restaurant/restaurant/index.php/Admin/New/lists/p/1
INFO: [ app_init ] --START--
INFO: Run Behavior\BuildLiteBehavior [ RunTime:0.000044s ]
INFO: [ app_init ] --END-- [ RunTime:0.001181s ]
INFO: [ app_begin ] --START--
INFO: Run Behavior\ReadHtmlCacheBehavior [ RunTime:0.002176s ]
INFO: [ app_begin ] --END-- [ RunTime:0.002396s ]
SQL: SHOW COLUMNS FROM `news` [ RunTime:0.0166s ]
NOTIC: [2] Missing argument 1 for Think\Model::where(), called in D:\apa\PHP1\restaurant\restaurant\Application\Admin\Controller\NewController.class.php on line 16 and defined D:\apa\PHP1\restaurant\restaurant\ThinkPHP\Library\Think\Model.class.php 第 1797 行.
NOTIC: [8] Undefined variable: where D:\apa\PHP1\restaurant\restaurant\ThinkPHP\Library\Think\Model.class.php 第 1805 行.
NOTIC: [8] Undefined variable: where D:\apa\PHP1\restaurant\restaurant\ThinkPHP\Library\Think\Model.class.php 第 1808 行.
NOTIC: [8] Undefined variable: where D:\apa\PHP1\restaurant\restaurant\ThinkPHP\Library\Think\Model.class.php 第 1816 行.
SQL: SELECT * FROM `news` ORDER BY time desc LIMIT 0,8   [ RunTime:0.0017s ]
SQL: SELECT COUNT(*) AS tp_count FROM `news` LIMIT 1   [ RunTime:0.0007s ]
INFO: [ view_parse ] --START--
INFO: [ template_filter ] --START--
INFO: Run Behavior\ContentReplaceBehavior [ RunTime:0.000315s ]
INFO: [ template_filter ] --END-- [ RunTime:0.000552s ]
NOTIC: [8] Use of undefined constant ture - assumed 'ture' D:\apa\PHP1\restaurant\restaurant\Application\Runtime\Cache\Admin\b82f6166dc7ce355fc0a2ad75d1410cb.php 第 123 行.
NOTIC: [8] Use of undefined constant ture - assumed 'ture' D:\apa\PHP1\restaurant\restaurant\Application\Runtime\Cache\Admin\b82f6166dc7ce355fc0a2ad75d1410cb.php 第 124 行.
NOTIC: [8] Use of undefined constant ture - assumed 'ture' D:\apa\PHP1\restaurant\restaurant\Application\Runtime\Cache\Admin\b82f6166dc7ce355fc0a2ad75d1410cb.php 第 123 行.
NOTIC: [8] Use of undefined constant ture - assumed 'ture' D:\apa\PHP1\restaurant\restaurant\Application\Runtime\Cache\Admin\b82f6166dc7ce355fc0a2ad75d1410cb.php 第 124 行.
NOTIC: [8] Use of undefined constant ture - assumed 'ture' D:\apa\PHP1\restaurant\restaurant\Application\Runtime\Cache\Admin\b82f6166dc7ce355fc0a2ad75d1410cb.php 第 123 行.
NOTIC: [8] Use of undefined constant ture - assumed 'ture' D:\apa\PHP1\restaurant\restaurant\Application\Runtime\Cache\Admin\b82f6166dc7ce355fc0a2ad75d1410cb.php 第 124 行.
NOTIC: [8] Use of undefined constant ture - assumed 'ture' D:\apa\PHP1\restaurant\restaurant\Application\Runtime\Cache\Admin\b82f6166dc7ce355fc0a2ad75d1410cb.php 第 123 行.
NOTIC: [8] Use of undefined constant ture - assumed 'ture' D:\apa\PHP1\restaurant\restaurant\Application\Runtime\Cache\Admin\b82f6166dc7ce355fc0a2ad75d1410cb.php 第 124 行.
NOTIC: [8] Use of undefined constant ture - assumed 'ture' D:\apa\PHP1\restaurant\restaurant\Application\Runtime\Cache\Admin\b82f6166dc7ce355fc0a2ad75d1410cb.php 第 123 行.
NOTIC: [8] Use of undefined constant ture - assumed 'ture' D:\apa\PHP1\restaurant\restaurant\Application\Runtime\Cache\Admin\b82f6166dc7ce355fc0a2ad75d1410cb.php 第 124 行.
NOTIC: [8] Use of undefined constant ture - assumed 'ture' D:\apa\PHP1\restaurant\restaurant\Application\Runtime\Cache\Admin\b82f6166dc7ce355fc0a2ad75d1410cb.php 第 123 行.
NOTIC: [8] Use of undefined constant ture - assumed 'ture' D:\apa\PHP1\restaurant\restaurant\Application\Runtime\Cache\Admin\b82f6166dc7ce355fc0a2ad75d1410cb.php 第 124 行.
NOTIC: [8] Use of undefined constant ture - assumed 'ture' D:\apa\PHP1\restaurant\restaurant\Application\Runtime\Cache\Admin\b82f6166dc7ce355fc0a2ad75d1410cb.php 第 123 行.
NOTIC: [8] Use of undefined constant ture - assumed 'ture' D:\apa\PHP1\restaurant\restaurant\Application\Runtime\Cache\Admin\b82f6166dc7ce355fc0a2ad75d1410cb.php 第 124 行.
NOTIC: [8] Use of undefined constant ture - assumed 'ture' D:\apa\PHP1\restaurant\restaurant\Application\Runtime\Cache\Admin\b82f6166dc7ce355fc0a2ad75d1410cb.php 第 123 行.
NOTIC: [8] Use of undefined constant ture - assumed 'ture' D:\apa\PHP1\restaurant\restaurant\Application\Runtime\Cache\Admin\b82f6166dc7ce355fc0a2ad75d1410cb.php 第 124 行.
INFO: Run Behavior\ParseTemplateBehavior [ RunTime:0.052134s ]
INFO: [ view_parse ] --END-- [ RunTime:0.052340s ]
INFO: [ view_filter ] --START--
INFO: Run Behavior\WriteHtmlCacheBehavior [ RunTime:0.001604s ]
INFO: [ view_filter ] --END-- [ RunTime:0.001800s ]
INFO: [ app_end ] --START--
INFO: Run Behavior\ShowPageTraceBehavior [ RunTime:0.003568s ]
INFO: [ app_end ] --END-- [ RunTime:0.003978s ]

[ 2018-04-18T10:33:45+08:00 ] 127.0.0.1 /restaurant/restaurant/index.php/Admin/New/delete/newsId/22
INFO: [ app_init ] --START--
INFO: Run Behavior\BuildLiteBehavior [ RunTime:0.000049s ]
INFO: [ app_init ] --END-- [ RunTime:0.001356s ]
INFO: [ app_begin ] --START--
INFO: Run Behavior\ReadHtmlCacheBehavior [ RunTime:0.002369s ]
INFO: [ app_begin ] --END-- [ RunTime:0.002624s ]
SQL: SHOW COLUMNS FROM `news` [ RunTime:0.0183s ]
SQL: DELETE FROM `news` WHERE ( id=22 ) [ RunTime:0.1035s ]

[ 2018-04-18T10:33:47+08:00 ] 127.0.0.1 /restaurant/restaurant/index.php/Admin/New/lists/p/1
INFO: [ app_init ] --START--
INFO: Run Behavior\BuildLiteBehavior [ RunTime:0.000045s ]
INFO: [ app_init ] --END-- [ RunTime:0.001131s ]
INFO: [ app_begin ] --START--
INFO: Run Behavior\ReadHtmlCacheBehavior [ RunTime:0.001568s ]
INFO: [ app_begin ] --END-- [ RunTime:0.001754s ]
SQL: SHOW COLUMNS FROM `news` [ RunTime:0.0180s ]
NOTIC: [2] Missing argument 1 for Think\Model::where(), called in D:\apa\PHP1\restaurant\restaurant\Application\Admin\Controller\NewController.class.php on line 16 and defined D:\apa\PHP1\restaurant\restaurant\ThinkPHP\Library\Think\Model.class.php 第 1797 行.
NOTIC: [8] Undefined variable: where D:\apa\PHP1\restaurant\restaurant\ThinkPHP\Library\Think\Model.class.php 第 1805 行.
NOTIC: [8] Undefined variable: where D:\apa\PHP1\restaurant\restaurant\ThinkPHP\Library\Think\Model.class.php 第 1808 行.
NOTIC: [8] Undefined variable: where D:\apa\PHP1\restaurant\restaurant\ThinkPHP\Library\Think\Model.class.php 第 1816 行.
SQL: SELECT * FROM `news` ORDER BY time desc LIMIT 0,8   [ RunTime:0.0019s ]
SQL: SELECT COUNT(*) AS tp_count FROM `news` LIMIT 1   [ RunTime:0.0008s ]
INFO: [ view_parse ] --START--
INFO: [ template_filter ] --START--
INFO: Run Behavior\ContentReplaceBehavior [ RunTime:0.000338s ]
INFO: [ template_filter ] --END-- [ RunTime:0.000573s ]
NOTIC: [8] Use of undefined constant ture - assumed 'ture' D:\apa\PHP1\restaurant\restaurant\Application\Runtime\Cache\Admin\b82f6166dc7ce355fc0a2ad75d1410cb.php 第 123 行.
NOTIC: [8] Use of undefined constant ture - assumed 'ture' D:\apa\PHP1\restaurant\restaurant\Application\Runtime\Cache\Admin\b82f6166dc7ce355fc0a2ad75d1410cb.php 第 124 行.
NOTIC: [8] Use of undefined constant ture - assumed 'ture' D:\apa\PHP1\restaurant\restaurant\Application\Runtime\Cache\Admin\b82f6166dc7ce355fc0a2ad75d1410cb.php 第 123 行.
NOTIC: [8] Use of undefined constant ture - assumed 'ture' D:\apa\PHP1\restaurant\restaurant\Application\Runtime\Cache\Admin\b82f6166dc7ce355fc0a2ad75d1410cb.php 第 124 行.
NOTIC: [8] Use of undefined constant ture - assumed 'ture' D:\apa\PHP1\restaurant\restaurant\Application\Runtime\Cache\Admin\b82f6166dc7ce355fc0a2ad75d1410cb.php 第 123 行.
NOTIC: [8] Use of undefined constant ture - assumed 'ture' D:\apa\PHP1\restaurant\restaurant\Application\Runtime\Cache\Admin\b82f6166dc7ce355fc0a2ad75d1410cb.php 第 124 行.
NOTIC: [8] Use of undefined constant ture - assumed 'ture' D:\apa\PHP1\restaurant\restaurant\Application\Runtime\Cache\Admin\b82f6166dc7ce355fc0a2ad75d1410cb.php 第 123 行.
NOTIC: [8] Use of undefined constant ture - assumed 'ture' D:\apa\PHP1\restaurant\restaurant\Application\Runtime\Cache\Admin\b82f6166dc7ce355fc0a2ad75d1410cb.php 第 124 行.
NOTIC: [8] Use of undefined constant ture - assumed 'ture' D:\apa\PHP1\restaurant\restaurant\Application\Runtime\Cache\Admin\b82f6166dc7ce355fc0a2ad75d1410cb.php 第 123 行.
NOTIC: [8] Use of undefined constant ture - assumed 'ture' D:\apa\PHP1\restaurant\restaurant\Application\Runtime\Cache\Admin\b82f6166dc7ce355fc0a2ad75d1410cb.php 第 124 行.
NOTIC: [8] Use of undefined constant ture - assumed 'ture' D:\apa\PHP1\restaurant\restaurant\Application\Runtime\Cache\Admin\b82f6166dc7ce355fc0a2ad75d1410cb.php 第 123 行.
NOTIC: [8] Use of undefined constant ture - assumed 'ture' D:\apa\PHP1\restaurant\restaurant\Application\Runtime\Cache\Admin\b82f6166dc7ce355fc0a2ad75d1410cb.php 第 124 行.
NOTIC: [8] Use of undefined constant ture - assumed 'ture' D:\apa\PHP1\restaurant\restaurant\Application\Runtime\Cache\Admin\b82f6166dc7ce355fc0a2ad75d1410cb.php 第 123 行.
NOTIC: [8] Use of undefined constant ture - assumed 'ture' D:\apa\PHP1\restaurant\restaurant\Application\Runtime\Cache\Admin\b82f6166dc7ce355fc0a2ad75d1410cb.php 第 124 行.
NOTIC: [8] Use of undefined constant ture - assumed 'ture' D:\apa\PHP1\restaurant\restaurant\Application\Runtime\Cache\Admin\b82f6166dc7ce355fc0a2ad75d1410cb.php 第 123 行.
NOTIC: [8] Use of undefined constant ture - assumed 'ture' D:\apa\PHP1\restaurant\restaurant\Application\Runtime\Cache\Admin\b82f6166dc7ce355fc0a2ad75d1410cb.php 第 124 行.
INFO: Run Behavior\ParseTemplateBehavior [ RunTime:0.041909s ]
INFO: [ view_parse ] --END-- [ RunTime:0.042139s ]
INFO: [ view_filter ] --START--
INFO: Run Behavior\WriteHtmlCacheBehavior [ RunTime:0.000709s ]
INFO: [ view_filter ] --END-- [ RunTime:0.000878s ]
INFO: [ app_end ] --START--
INFO: Run Behavior\ShowPageTraceBehavior [ RunTime:0.003961s ]
INFO: [ app_end ] --END-- [ RunTime:0.004434s ]

[ 2018-04-18T10:33:48+08:00 ] 127.0.0.1 /restaurant/restaurant/index.php/Admin/New/add
INFO: [ app_init ] --START--
INFO: Run Behavior\BuildLiteBehavior [ RunTime:0.000062s ]
INFO: [ app_init ] --END-- [ RunTime:0.002347s ]
INFO: [ app_begin ] --START--
INFO: Run Behavior\ReadHtmlCacheBehavior [ RunTime:0.002186s ]
INFO: [ app_begin ] --END-- [ RunTime:0.002449s ]
SQL: SHOW COLUMNS FROM `newstype` [ RunTime:0.0164s ]
NOTIC: [8] Undefined variable: id D:\apa\PHP1\restaurant\restaurant\Application\Admin\Controller\NewController.class.php 第 29 行.
SQL: SELECT * FROM `newstype`  [ RunTime:0.0009s ]
INFO: [ view_parse ] --START--
INFO: [ template_filter ] --START--
INFO: Run Behavior\ContentReplaceBehavior [ RunTime:0.000310s ]
INFO: [ template_filter ] --END-- [ RunTime:0.000535s ]
INFO: Run Behavior\ParseTemplateBehavior [ RunTime:0.038267s ]
INFO: [ view_parse ] --END-- [ RunTime:0.038518s ]
INFO: [ view_filter ] --START--
INFO: Run Behavior\WriteHtmlCacheBehavior [ RunTime:0.001002s ]
INFO: [ view_filter ] --END-- [ RunTime:0.001172s ]
INFO: [ app_end ] --START--
INFO: Run Behavior\ShowPageTraceBehavior [ RunTime:0.002098s ]
INFO: [ app_end ] --END-- [ RunTime:0.002313s ]

[ 2018-04-18T10:34:02+08:00 ] 127.0.0.1 /restaurant/restaurant/index.php/Admin/New/doAdd
INFO: [ app_init ] --START--
INFO: Run Behavior\BuildLiteBehavior [ RunTime:0.000044s ]
INFO: [ app_init ] --END-- [ RunTime:0.001055s ]
INFO: [ app_begin ] --START--
INFO: Run Behavior\ReadHtmlCacheBehavior [ RunTime:0.002539s ]
INFO: [ app_begin ] --END-- [ RunTime:0.002771s ]
NOTIC: [2] call_user_func() expects parameter 1 to be a valid callback, no array or string given D:\apa\PHP1\restaurant\restaurant\ThinkPHP\Library\Think\Upload.class.php 第 170 行.
SQL: SHOW COLUMNS FROM `news` [ RunTime:0.0189s ]
NOTIC: [8] Undefined index: validate D:\apa\PHP1\restaurant\restaurant\ThinkPHP\Library\Think\Model.class.php 第 1185 行.
NOTIC: [8] Undefined index: auto D:\apa\PHP1\restaurant\restaurant\ThinkPHP\Library\Think\Model.class.php 第 1128 行.
SQL: INSERT INTO `news` (`title`,`time`,`type`,`content`,`thumb`) VALUES ('血液不流畅，8种食物活血化瘀','2018-04-18','为您推荐','adwdwed','../Public/uploads/2018-04-18/5ad6ae99cb5a2.jpg') [ RunTime:0.0540s ]

[ 2018-04-18T10:34:04+08:00 ] 127.0.0.1 /restaurant/restaurant/index.php/Admin/New/lists/p/1
INFO: [ app_init ] --START--
INFO: Run Behavior\BuildLiteBehavior [ RunTime:0.000048s ]
INFO: [ app_init ] --END-- [ RunTime:0.001421s ]
INFO: [ app_begin ] --START--
INFO: Run Behavior\ReadHtmlCacheBehavior [ RunTime:0.002186s ]
INFO: [ app_begin ] --END-- [ RunTime:0.002396s ]
SQL: SHOW COLUMNS FROM `news` [ RunTime:0.0189s ]
NOTIC: [2] Missing argument 1 for Think\Model::where(), called in D:\apa\PHP1\restaurant\restaurant\Application\Admin\Controller\NewController.class.php on line 16 and defined D:\apa\PHP1\restaurant\restaurant\ThinkPHP\Library\Think\Model.class.php 第 1797 行.
NOTIC: [8] Undefined variable: where D:\apa\PHP1\restaurant\restaurant\ThinkPHP\Library\Think\Model.class.php 第 1805 行.
NOTIC: [8] Undefined variable: where D:\apa\PHP1\restaurant\restaurant\ThinkPHP\Library\Think\Model.class.php 第 1808 行.
NOTIC: [8] Undefined variable: where D:\apa\PHP1\restaurant\restaurant\ThinkPHP\Library\Think\Model.class.php 第 1816 行.
SQL: SELECT * FROM `news` ORDER BY time desc LIMIT 0,8   [ RunTime:0.0018s ]
SQL: SELECT COUNT(*) AS tp_count FROM `news` LIMIT 1   [ RunTime:0.0009s ]
INFO: [ view_parse ] --START--
INFO: [ template_filter ] --START--
INFO: Run Behavior\ContentReplaceBehavior [ RunTime:0.000351s ]
INFO: [ template_filter ] --END-- [ RunTime:0.000691s ]
NOTIC: [8] Use of undefined constant ture - assumed 'ture' D:\apa\PHP1\restaurant\restaurant\Application\Runtime\Cache\Admin\b82f6166dc7ce355fc0a2ad75d1410cb.php 第 123 行.
NOTIC: [8] Use of undefined constant ture - assumed 'ture' D:\apa\PHP1\restaurant\restaurant\Application\Runtime\Cache\Admin\b82f6166dc7ce355fc0a2ad75d1410cb.php 第 124 行.
NOTIC: [8] Use of undefined constant ture - assumed 'ture' D:\apa\PHP1\restaurant\restaurant\Application\Runtime\Cache\Admin\b82f6166dc7ce355fc0a2ad75d1410cb.php 第 123 行.
NOTIC: [8] Use of undefined constant ture - assumed 'ture' D:\apa\PHP1\restaurant\restaurant\Application\Runtime\Cache\Admin\b82f6166dc7ce355fc0a2ad75d1410cb.php 第 124 行.
NOTIC: [8] Use of undefined constant ture - assumed 'ture' D:\apa\PHP1\restaurant\restaurant\Application\Runtime\Cache\Admin\b82f6166dc7ce355fc0a2ad75d1410cb.php 第 123 行.
NOTIC: [8] Use of undefined constant ture - assumed 'ture' D:\apa\PHP1\restaurant\restaurant\Application\Runtime\Cache\Admin\b82f6166dc7ce355fc0a2ad75d1410cb.php 第 124 行.
NOTIC: [8] Use of undefined constant ture - assumed 'ture' D:\apa\PHP1\restaurant\restaurant\Application\Runtime\Cache\Admin\b82f6166dc7ce355fc0a2ad75d1410cb.php 第 123 行.
NOTIC: [8] Use of undefined constant ture - assumed 'ture' D:\apa\PHP1\restaurant\restaurant\Application\Runtime\Cache\Admin\b82f6166dc7ce355fc0a2ad75d1410cb.php 第 124 行.
NOTIC: [8] Use of undefined constant ture - assumed 'ture' D:\apa\PHP1\restaurant\restaurant\Application\Runtime\Cache\Admin\b82f6166dc7ce355fc0a2ad75d1410cb.php 第 123 行.
NOTIC: [8] Use of undefined constant ture - assumed 'ture' D:\apa\PHP1\restaurant\restaurant\Application\Runtime\Cache\Admin\b82f6166dc7ce355fc0a2ad75d1410cb.php 第 124 行.
NOTIC: [8] Use of undefined constant ture - assumed 'ture' D:\apa\PHP1\restaurant\restaurant\Application\Runtime\Cache\Admin\b82f6166dc7ce355fc0a2ad75d1410cb.php 第 123 行.
NOTIC: [8] Use of undefined constant ture - assumed 'ture' D:\apa\PHP1\restaurant\restaurant\Application\Runtime\Cache\Admin\b82f6166dc7ce355fc0a2ad75d1410cb.php 第 124 行.
NOTIC: [8] Use of undefined constant ture - assumed 'ture' D:\apa\PHP1\restaurant\restaurant\Application\Runtime\Cache\Admin\b82f6166dc7ce355fc0a2ad75d1410cb.php 第 123 行.
NOTIC: [8] Use of undefined constant ture - assumed 'ture' D:\apa\PHP1\restaurant\restaurant\Application\Runtime\Cache\Admin\b82f6166dc7ce355fc0a2ad75d1410cb.php 第 124 行.
NOTIC: [8] Use of undefined constant ture - assumed 'ture' D:\apa\PHP1\restaurant\restaurant\Application\Runtime\Cache\Admin\b82f6166dc7ce355fc0a2ad75d1410cb.php 第 123 行.
NOTIC: [8] Use of undefined constant ture - assumed 'ture' D:\apa\PHP1\restaurant\restaurant\Application\Runtime\Cache\Admin\b82f6166dc7ce355fc0a2ad75d1410cb.php 第 124 行.
INFO: Run Behavior\ParseTemplateBehavior [ RunTime:0.050806s ]
INFO: [ view_parse ] --END-- [ RunTime:0.051063s ]
INFO: [ view_filter ] --START--
INFO: Run Behavior\WriteHtmlCacheBehavior [ RunTime:0.001694s ]
INFO: [ view_filter ] --END-- [ RunTime:0.001970s ]
INFO: [ app_end ] --START--
INFO: Run Behavior\ShowPageTraceBehavior [ RunTime:0.003203s ]
INFO: [ app_end ] --END-- [ RunTime:0.003741s ]

