[ 2016-12-27T08:01:36+08:00 ] 127.0.0.1 /shanghua/Public/admin/js/showdate.js
INFO: [ app_init ] --START--
INFO: Run Behavior\BuildLiteBehavior [ RunTime:0.000064s ]
INFO: [ app_init ] --END-- [ RunTime:0.003446s ]
ERR: 无法加载模块:Public

[ 2016-12-27T08:01:45+08:00 ] 127.0.0.1 /shanghua/Public/admin/js/showdate.js
INFO: [ app_init ] --START--
INFO: Run Behavior\BuildLiteBehavior [ RunTime:0.000053s ]
INFO: [ app_init ] --END-- [ RunTime:0.010796s ]
ERR: 无法加载模块:Public

[ 2016-12-27T08:04:25+08:00 ] 127.0.0.1 /shanghua/Public/admin/js/showdate.js
INFO: [ app_init ] --START--
INFO: Run Behavior\BuildLiteBehavior [ RunTime:0.000064s ]
INFO: [ app_init ] --END-- [ RunTime:0.005285s ]
ERR: 无法加载模块:Public

[ 2016-12-27T08:04:39+08:00 ] 127.0.0.1 /shanghua/Public/admin/js/showdate.js
INFO: [ app_init ] --START--
INFO: Run Behavior\BuildLiteBehavior [ RunTime:0.000109s ]
INFO: [ app_init ] --END-- [ RunTime:0.005818s ]
ERR: 无法加载模块:Public

[ 2016-12-27T08:05:47+08:00 ] 127.0.0.1 /shanghua/Public/admin/js/showdate.js
INFO: [ app_init ] --START--
INFO: Run Behavior\BuildLiteBehavior [ RunTime:0.000056s ]
INFO: [ app_init ] --END-- [ RunTime:0.006578s ]
ERR: 无法加载模块:Public

[ 2016-12-27T08:14:34+08:00 ] 127.0.0.1 /shanghua/Public/admin/js/showdate.js
INFO: [ app_init ] --START--
INFO: Run Behavior\BuildLiteBehavior [ RunTime:0.000147s ]
INFO: [ app_init ] --END-- [ RunTime:0.001830s ]
ERR: 无法加载模块:Public

[ 2016-12-27T08:14:59+08:00 ] 127.0.0.1 /shanghua/Public/admin/js/showdate.js
INFO: [ app_init ] --START--
INFO: Run Behavior\BuildLiteBehavior [ RunTime:0.000232s ]
INFO: [ app_init ] --END-- [ RunTime:0.007767s ]
ERR: 无法加载模块:Public

[ 2016-12-27T08:15:21+08:00 ] 127.0.0.1 /shanghua/Public/admin/js/showdate.js
INFO: [ app_init ] --START--
INFO: Run Behavior\BuildLiteBehavior [ RunTime:0.000066s ]
INFO: [ app_init ] --END-- [ RunTime:0.002941s ]
ERR: 无法加载模块:Public

[ 2016-12-27T08:26:41+08:00 ] 127.0.0.1 /shanghua/Public/admin/js/showdate.js
INFO: [ app_init ] --START--
INFO: Run Behavior\BuildLiteBehavior [ RunTime:0.000055s ]
INFO: [ app_init ] --END-- [ RunTime:0.002034s ]
ERR: 无法加载模块:Public

[ 2016-12-27T08:35:15+08:00 ] 127.0.0.1 /shanghua/Public/home/images/r_b.png
INFO: [ app_init ] --START--
INFO: Run Behavior\BuildLiteBehavior [ RunTime:0.000055s ]
INFO: [ app_init ] --END-- [ RunTime:0.003717s ]
ERR: 无法加载模块:Public

[ 2016-12-27T08:59:17+08:00 ] 127.0.0.1 /shanghua/Public/admin/js/showdate.js
INFO: [ app_init ] --START--
INFO: Run Behavior\BuildLiteBehavior [ RunTime:0.000049s ]
INFO: [ app_init ] --END-- [ RunTime:0.001759s ]
ERR: 无法加载模块:Public

[ 2016-12-27T08:59:22+08:00 ] 127.0.0.1 /shanghua/Public/admin/js/showdate.js
INFO: [ app_init ] --START--
INFO: Run Behavior\BuildLiteBehavior [ RunTime:0.000053s ]
INFO: [ app_init ] --END-- [ RunTime:0.002043s ]
ERR: 无法加载模块:Public

[ 2016-12-27T08:59:24+08:00 ] 127.0.0.1 /shanghua/Public/admin/js/showdate.js
INFO: [ app_init ] --START--
INFO: Run Behavior\BuildLiteBehavior [ RunTime:0.000066s ]
INFO: [ app_init ] --END-- [ RunTime:0.004638s ]
ERR: 无法加载模块:Public

[ 2016-12-27T08:59:28+08:00 ] 127.0.0.1 /shanghua/Public/admin/js/showdate.js
INFO: [ app_init ] --START--
INFO: Run Behavior\BuildLiteBehavior [ RunTime:0.000043s ]
INFO: [ app_init ] --END-- [ RunTime:0.001517s ]
ERR: 无法加载模块:Public

[ 2016-12-27T09:00:10+08:00 ] 127.0.0.1 /shanghua/Public/admin/js/showdate.js
INFO: [ app_init ] --START--
INFO: Run Behavior\BuildLiteBehavior [ RunTime:0.000054s ]
INFO: [ app_init ] --END-- [ RunTime:0.004916s ]
ERR: 无法加载模块:Public

[ 2016-12-27T09:00:27+08:00 ] 127.0.0.1 /shanghua/Public/admin/js/showdate.js
INFO: [ app_init ] --START--
INFO: Run Behavior\BuildLiteBehavior [ RunTime:0.000057s ]
INFO: [ app_init ] --END-- [ RunTime:0.003540s ]
ERR: 无法加载模块:Public

[ 2016-12-27T09:01:21+08:00 ] 127.0.0.1 /shanghua/Public/admin/js/showdate.js
INFO: [ app_init ] --START--
INFO: Run Behavior\BuildLiteBehavior [ RunTime:0.000048s ]
INFO: [ app_init ] --END-- [ RunTime:0.001673s ]
ERR: 无法加载模块:Public

[ 2016-12-27T09:04:35+08:00 ] 127.0.0.1 /shanghua/Public/admin/js/showdate.js
INFO: [ app_init ] --START--
INFO: Run Behavior\BuildLiteBehavior [ RunTime:0.000045s ]
INFO: [ app_init ] --END-- [ RunTime:0.002492s ]
ERR: 无法加载模块:Public

[ 2016-12-27T09:05:29+08:00 ] 127.0.0.1 /shanghua/Public/admin/js/showdate.js
INFO: [ app_init ] --START--
INFO: Run Behavior\BuildLiteBehavior [ RunTime:0.000054s ]
INFO: [ app_init ] --END-- [ RunTime:0.003536s ]
ERR: 无法加载模块:Public

[ 2016-12-27T09:11:33+08:00 ] 127.0.0.1 /shanghua/Public/admin/js/showdate.js
INFO: [ app_init ] --START--
INFO: Run Behavior\BuildLiteBehavior [ RunTime:0.000038s ]
INFO: [ app_init ] --END-- [ RunTime:0.001290s ]
ERR: 无法加载模块:Public

[ 2016-12-27T09:11:36+08:00 ] 127.0.0.1 /shanghua/Public/admin/js/showdate.js
INFO: [ app_init ] --START--
INFO: Run Behavior\BuildLiteBehavior [ RunTime:0.000055s ]
INFO: [ app_init ] --END-- [ RunTime:0.009009s ]
ERR: 无法加载模块:Public

[ 2016-12-27T09:11:38+08:00 ] 127.0.0.1 /shanghua/Public/admin/js/showdate.js
INFO: [ app_init ] --START--
INFO: Run Behavior\BuildLiteBehavior [ RunTime:0.000050s ]
INFO: [ app_init ] --END-- [ RunTime:0.001685s ]
ERR: 无法加载模块:Public

[ 2016-12-27T14:04:54+08:00 ] 127.0.0.1 /shanghua/Public/admin/js/showdate.js
INFO: [ app_init ] --START--
INFO: Run Behavior\BuildLiteBehavior [ RunTime:0.000054s ]
INFO: [ app_init ] --END-- [ RunTime:0.002183s ]
ERR: 无法加载模块:Public

[ 2016-12-27T14:04:58+08:00 ] 127.0.0.1 /shanghua/Public/admin/js/showdate.js
INFO: [ app_init ] --START--
INFO: Run Behavior\BuildLiteBehavior [ RunTime:0.000094s ]
INFO: [ app_init ] --END-- [ RunTime:0.002429s ]
ERR: 无法加载模块:Public

[ 2016-12-27T14:05:02+08:00 ] 127.0.0.1 /shanghua/Public/admin/js/showdate.js
INFO: [ app_init ] --START--
INFO: Run Behavior\BuildLiteBehavior [ RunTime:0.001329s ]
INFO: [ app_init ] --END-- [ RunTime:0.004398s ]
ERR: 无法加载模块:Public

[ 2016-12-27T14:07:00+08:00 ] 127.0.0.1 /shanghua/Public/admin/js/showdate.js
INFO: [ app_init ] --START--
INFO: Run Behavior\BuildLiteBehavior [ RunTime:0.000054s ]
INFO: [ app_init ] --END-- [ RunTime:0.003411s ]
ERR: 无法加载模块:Public

[ 2016-12-27T14:07:19+08:00 ] 127.0.0.1 /shanghua/Public/admin/js/showdate.js
INFO: [ app_init ] --START--
INFO: Run Behavior\BuildLiteBehavior [ RunTime:0.000043s ]
INFO: [ app_init ] --END-- [ RunTime:0.003184s ]
ERR: 无法加载模块:Public

[ 2016-12-27T14:07:30+08:00 ] 127.0.0.1 /shanghua/Public/admin/js/showdate.js
INFO: [ app_init ] --START--
INFO: Run Behavior\BuildLiteBehavior [ RunTime:0.000064s ]
INFO: [ app_init ] --END-- [ RunTime:0.002208s ]
ERR: 无法加载模块:Public

[ 2016-12-27T14:07:50+08:00 ] 127.0.0.1 /shanghua/Public/admin/js/showdate.js
INFO: [ app_init ] --START--
INFO: Run Behavior\BuildLiteBehavior [ RunTime:0.000061s ]
INFO: [ app_init ] --END-- [ RunTime:0.002479s ]
ERR: 无法加载模块:Public

[ 2016-12-27T14:08:05+08:00 ] 127.0.0.1 /shanghua/Public/admin/js/showdate.js
INFO: [ app_init ] --START--
INFO: Run Behavior\BuildLiteBehavior [ RunTime:0.000062s ]
INFO: [ app_init ] --END-- [ RunTime:0.010460s ]
ERR: 无法加载模块:Public

[ 2016-12-27T14:15:34+08:00 ] 127.0.0.1 /shanghua/Public/admin/js/showdate.js
INFO: [ app_init ] --START--
INFO: Run Behavior\BuildLiteBehavior [ RunTime:0.000052s ]
INFO: [ app_init ] --END-- [ RunTime:0.002931s ]
ERR: 无法加载模块:Public

[ 2016-12-27T14:15:50+08:00 ] 127.0.0.1 /shanghua/Public/admin/js/showdate.js
INFO: [ app_init ] --START--
INFO: Run Behavior\BuildLiteBehavior [ RunTime:0.000054s ]
INFO: [ app_init ] --END-- [ RunTime:0.001994s ]
ERR: 无法加载模块:Public

[ 2016-12-27T14:36:32+08:00 ] 127.0.0.1 /shanghua/Public/admin/js/showdate.js
INFO: [ app_init ] --START--
INFO: Run Behavior\BuildLiteBehavior [ RunTime:0.000051s ]
INFO: [ app_init ] --END-- [ RunTime:0.002084s ]
ERR: 无法加载模块:Public

[ 2016-12-27T14:36:46+08:00 ] 127.0.0.1 /shanghua/Public/admin/js/showdate.js
INFO: [ app_init ] --START--
INFO: Run Behavior\BuildLiteBehavior [ RunTime:0.000056s ]
INFO: [ app_init ] --END-- [ RunTime:0.002507s ]
ERR: 无法加载模块:Public

[ 2016-12-27T14:37:10+08:00 ] 127.0.0.1 /shanghua/Public/admin/js/showdate.js
INFO: [ app_init ] --START--
INFO: Run Behavior\BuildLiteBehavior [ RunTime:0.000054s ]
INFO: [ app_init ] --END-- [ RunTime:0.003013s ]
ERR: 无法加载模块:Public

[ 2016-12-27T14:37:21+08:00 ] 127.0.0.1 /shanghua/Public/admin/js/showdate.js
INFO: [ app_init ] --START--
INFO: Run Behavior\BuildLiteBehavior [ RunTime:0.000331s ]
INFO: [ app_init ] --END-- [ RunTime:0.005816s ]
ERR: 无法加载模块:Public

[ 2016-12-27T14:37:43+08:00 ] 127.0.0.1 /shanghua/Public/admin/js/showdate.js
INFO: [ app_init ] --START--
INFO: Run Behavior\BuildLiteBehavior [ RunTime:0.000087s ]
INFO: [ app_init ] --END-- [ RunTime:0.006892s ]
ERR: 无法加载模块:Public

[ 2016-12-27T14:39:00+08:00 ] 127.0.0.1 /shanghua/Public/admin/js/showdate.js
INFO: [ app_init ] --START--
INFO: Run Behavior\BuildLiteBehavior [ RunTime:0.000055s ]
INFO: [ app_init ] --END-- [ RunTime:0.002792s ]
ERR: 无法加载模块:Public

[ 2016-12-27T14:39:04+08:00 ] 127.0.0.1 /shanghua/Public/admin/js/showdate.js
INFO: [ app_init ] --START--
INFO: Run Behavior\BuildLiteBehavior [ RunTime:0.000064s ]
INFO: [ app_init ] --END-- [ RunTime:0.004409s ]
ERR: 无法加载模块:Public

[ 2016-12-27T14:39:13+08:00 ] 127.0.0.1 /shanghua/Public/admin/js/showdate.js
INFO: [ app_init ] --START--
INFO: Run Behavior\BuildLiteBehavior [ RunTime:0.000065s ]
INFO: [ app_init ] --END-- [ RunTime:0.013936s ]
ERR: 无法加载模块:Public

[ 2016-12-27T14:39:28+08:00 ] 127.0.0.1 /shanghua/Public/admin/js/showdate.js
INFO: [ app_init ] --START--
INFO: Run Behavior\BuildLiteBehavior [ RunTime:0.000057s ]
INFO: [ app_init ] --END-- [ RunTime:0.003150s ]
ERR: 无法加载模块:Public

[ 2016-12-27T14:40:09+08:00 ] 127.0.0.1 /shanghua/Public/admin/js/showdate.js
INFO: [ app_init ] --START--
INFO: Run Behavior\BuildLiteBehavior [ RunTime:0.000035s ]
INFO: [ app_init ] --END-- [ RunTime:0.001205s ]
ERR: 无法加载模块:Public

[ 2016-12-27T14:40:13+08:00 ] 127.0.0.1 /shanghua/Public/admin/js/showdate.js
INFO: [ app_init ] --START--
INFO: Run Behavior\BuildLiteBehavior [ RunTime:0.000037s ]
INFO: [ app_init ] --END-- [ RunTime:0.001448s ]
ERR: 无法加载模块:Public

[ 2016-12-27T14:40:15+08:00 ] 127.0.0.1 /shanghua/Public/admin/js/showdate.js
INFO: [ app_init ] --START--
INFO: Run Behavior\BuildLiteBehavior [ RunTime:0.000037s ]
INFO: [ app_init ] --END-- [ RunTime:0.001836s ]
ERR: 无法加载模块:Public

[ 2016-12-27T14:41:13+08:00 ] 127.0.0.1 /shanghua/Public/admin/js/showdate.js
INFO: [ app_init ] --START--
INFO: Run Behavior\BuildLiteBehavior [ RunTime:0.000056s ]
INFO: [ app_init ] --END-- [ RunTime:0.009710s ]
ERR: 无法加载模块:Public

[ 2016-12-27T14:41:17+08:00 ] 127.0.0.1 /shanghua/Public/admin/js/showdate.js
INFO: [ app_init ] --START--
INFO: Run Behavior\BuildLiteBehavior [ RunTime:0.000055s ]
INFO: [ app_init ] --END-- [ RunTime:0.003387s ]
ERR: 无法加载模块:Public

[ 2016-12-27T14:41:56+08:00 ] 127.0.0.1 /shanghua/Public/admin/js/showdate.js
INFO: [ app_init ] --START--
INFO: Run Behavior\BuildLiteBehavior [ RunTime:0.000056s ]
INFO: [ app_init ] --END-- [ RunTime:0.002152s ]
ERR: 无法加载模块:Public

[ 2016-12-27T14:42:01+08:00 ] 127.0.0.1 /shanghua/Public/admin/js/showdate.js
INFO: [ app_init ] --START--
INFO: Run Behavior\BuildLiteBehavior [ RunTime:0.000058s ]
INFO: [ app_init ] --END-- [ RunTime:0.002403s ]
ERR: 无法加载模块:Public

[ 2016-12-27T14:42:07+08:00 ] 127.0.0.1 /shanghua/Public/admin/js/showdate.js
INFO: [ app_init ] --START--
INFO: Run Behavior\BuildLiteBehavior [ RunTime:0.000053s ]
INFO: [ app_init ] --END-- [ RunTime:0.002128s ]
ERR: 无法加载模块:Public

[ 2016-12-27T14:42:20+08:00 ] 127.0.0.1 /shanghua/Public/admin/js/showdate.js
INFO: [ app_init ] --START--
INFO: Run Behavior\BuildLiteBehavior [ RunTime:0.000054s ]
INFO: [ app_init ] --END-- [ RunTime:0.003110s ]
ERR: 无法加载模块:Public

[ 2016-12-27T14:42:25+08:00 ] 127.0.0.1 /shanghua/Public/admin/js/showdate.js
INFO: [ app_init ] --START--
INFO: Run Behavior\BuildLiteBehavior [ RunTime:0.000064s ]
INFO: [ app_init ] --END-- [ RunTime:0.002709s ]
ERR: 无法加载模块:Public

[ 2016-12-27T14:42:36+08:00 ] 127.0.0.1 /shanghua/Public/admin/js/showdate.js
INFO: [ app_init ] --START--
INFO: Run Behavior\BuildLiteBehavior [ RunTime:0.000052s ]
INFO: [ app_init ] --END-- [ RunTime:0.001895s ]
ERR: 无法加载模块:Public

[ 2016-12-27T14:42:42+08:00 ] 127.0.0.1 /shanghua/Public/admin/js/showdate.js
INFO: [ app_init ] --START--
INFO: Run Behavior\BuildLiteBehavior [ RunTime:0.000061s ]
INFO: [ app_init ] --END-- [ RunTime:0.009502s ]
ERR: 无法加载模块:Public

[ 2016-12-27T14:42:47+08:00 ] 127.0.0.1 /shanghua/Public/admin/js/showdate.js
INFO: [ app_init ] --START--
INFO: Run Behavior\BuildLiteBehavior [ RunTime:0.000055s ]
INFO: [ app_init ] --END-- [ RunTime:0.007781s ]
ERR: 无法加载模块:Public

[ 2016-12-27T14:42:51+08:00 ] 127.0.0.1 /shanghua/Public/admin/js/showdate.js
INFO: [ app_init ] --START--
INFO: Run Behavior\BuildLiteBehavior [ RunTime:0.000041s ]
INFO: [ app_init ] --END-- [ RunTime:0.001465s ]
ERR: 无法加载模块:Public

[ 2016-12-27T14:43:01+08:00 ] 127.0.0.1 /shanghua/Public/admin/js/showdate.js
INFO: [ app_init ] --START--
INFO: Run Behavior\BuildLiteBehavior [ RunTime:0.000048s ]
INFO: [ app_init ] --END-- [ RunTime:0.015948s ]
ERR: 无法加载模块:Public

[ 2016-12-27T14:43:05+08:00 ] 127.0.0.1 /shanghua/Public/admin/js/showdate.js
INFO: [ app_init ] --START--
INFO: Run Behavior\BuildLiteBehavior [ RunTime:0.000057s ]
INFO: [ app_init ] --END-- [ RunTime:0.004040s ]
ERR: 无法加载模块:Public

[ 2016-12-27T14:43:18+08:00 ] 127.0.0.1 /shanghua/Public/admin/js/showdate.js
INFO: [ app_init ] --START--
INFO: Run Behavior\BuildLiteBehavior [ RunTime:0.000068s ]
INFO: [ app_init ] --END-- [ RunTime:0.002412s ]
ERR: 无法加载模块:Public

[ 2016-12-27T14:43:22+08:00 ] 127.0.0.1 /shanghua/Public/admin/js/showdate.js
INFO: [ app_init ] --START--
INFO: Run Behavior\BuildLiteBehavior [ RunTime:0.000065s ]
INFO: [ app_init ] --END-- [ RunTime:0.004486s ]
ERR: 无法加载模块:Public

[ 2016-12-27T14:43:25+08:00 ] 127.0.0.1 /shanghua/Public/admin/js/showdate.js
INFO: [ app_init ] --START--
INFO: Run Behavior\BuildLiteBehavior [ RunTime:0.000055s ]
INFO: [ app_init ] --END-- [ RunTime:0.005284s ]
ERR: 无法加载模块:Public

[ 2016-12-27T14:45:12+08:00 ] 127.0.0.1 /shanghua/Public/admin/js/showdate.js
INFO: [ app_init ] --START--
INFO: Run Behavior\BuildLiteBehavior [ RunTime:0.000055s ]
INFO: [ app_init ] --END-- [ RunTime:0.004441s ]
ERR: 无法加载模块:Public

[ 2016-12-27T14:45:23+08:00 ] 127.0.0.1 /shanghua/Public/admin/js/showdate.js
INFO: [ app_init ] --START--
INFO: Run Behavior\BuildLiteBehavior [ RunTime:0.000052s ]
INFO: [ app_init ] --END-- [ RunTime:0.003685s ]
ERR: 无法加载模块:Public

[ 2016-12-27T14:45:26+08:00 ] 127.0.0.1 /shanghua/Public/admin/js/showdate.js
INFO: [ app_init ] --START--
INFO: Run Behavior\BuildLiteBehavior [ RunTime:0.000060s ]
INFO: [ app_init ] --END-- [ RunTime:0.001577s ]
ERR: 无法加载模块:Public

[ 2016-12-27T14:45:31+08:00 ] 127.0.0.1 /shanghua/Public/admin/js/showdate.js
INFO: [ app_init ] --START--
INFO: Run Behavior\BuildLiteBehavior [ RunTime:0.000043s ]
INFO: [ app_init ] --END-- [ RunTime:0.024858s ]
ERR: 无法加载模块:Public

[ 2016-12-27T14:45:37+08:00 ] 127.0.0.1 /shanghua/Public/admin/js/showdate.js
INFO: [ app_init ] --START--
INFO: Run Behavior\BuildLiteBehavior [ RunTime:0.000049s ]
INFO: [ app_init ] --END-- [ RunTime:0.001635s ]
ERR: 无法加载模块:Public

[ 2016-12-27T14:45:43+08:00 ] 127.0.0.1 /shanghua/Public/admin/js/showdate.js
INFO: [ app_init ] --START--
INFO: Run Behavior\BuildLiteBehavior [ RunTime:0.000079s ]
INFO: [ app_init ] --END-- [ RunTime:0.005765s ]
ERR: 无法加载模块:Public

[ 2016-12-27T14:45:50+08:00 ] 127.0.0.1 /shanghua/Public/admin/js/showdate.js
INFO: [ app_init ] --START--
INFO: Run Behavior\BuildLiteBehavior [ RunTime:0.000065s ]
INFO: [ app_init ] --END-- [ RunTime:0.009442s ]
ERR: 无法加载模块:Public

[ 2016-12-27T14:45:53+08:00 ] 127.0.0.1 /shanghua/Public/admin/js/showdate.js
INFO: [ app_init ] --START--
INFO: Run Behavior\BuildLiteBehavior [ RunTime:0.000063s ]
INFO: [ app_init ] --END-- [ RunTime:0.005003s ]
ERR: 无法加载模块:Public

[ 2016-12-27T14:46:05+08:00 ] 127.0.0.1 /shanghua/Public/admin/js/showdate.js
INFO: [ app_init ] --START--
INFO: Run Behavior\BuildLiteBehavior [ RunTime:0.000084s ]
INFO: [ app_init ] --END-- [ RunTime:0.002010s ]
ERR: 无法加载模块:Public

[ 2016-12-27T14:46:08+08:00 ] 127.0.0.1 /shanghua/Public/admin/js/showdate.js
INFO: [ app_init ] --START--
INFO: Run Behavior\BuildLiteBehavior [ RunTime:0.000053s ]
INFO: [ app_init ] --END-- [ RunTime:0.006691s ]
ERR: 无法加载模块:Public

[ 2016-12-27T14:46:12+08:00 ] 127.0.0.1 /shanghua/Public/admin/js/showdate.js
INFO: [ app_init ] --START--
INFO: Run Behavior\BuildLiteBehavior [ RunTime:0.000053s ]
INFO: [ app_init ] --END-- [ RunTime:0.002989s ]
ERR: 无法加载模块:Public

[ 2016-12-27T14:46:24+08:00 ] 127.0.0.1 /shanghua/Public/admin/js/showdate.js
INFO: [ app_init ] --START--
INFO: Run Behavior\BuildLiteBehavior [ RunTime:0.000054s ]
INFO: [ app_init ] --END-- [ RunTime:0.002035s ]
ERR: 无法加载模块:Public

[ 2016-12-27T14:46:28+08:00 ] 127.0.0.1 /shanghua/Public/admin/js/showdate.js
INFO: [ app_init ] --START--
INFO: Run Behavior\BuildLiteBehavior [ RunTime:0.000054s ]
INFO: [ app_init ] --END-- [ RunTime:0.006377s ]
ERR: 无法加载模块:Public

[ 2016-12-27T14:46:33+08:00 ] 127.0.0.1 /shanghua/Public/admin/js/showdate.js
INFO: [ app_init ] --START--
INFO: Run Behavior\BuildLiteBehavior [ RunTime:0.000054s ]
INFO: [ app_init ] --END-- [ RunTime:0.004201s ]
ERR: 无法加载模块:Public

[ 2016-12-27T14:46:41+08:00 ] 127.0.0.1 /shanghua/Public/admin/js/showdate.js
INFO: [ app_init ] --START--
INFO: Run Behavior\BuildLiteBehavior [ RunTime:0.000052s ]
INFO: [ app_init ] --END-- [ RunTime:0.001804s ]
ERR: 无法加载模块:Public

[ 2016-12-27T14:46:45+08:00 ] 127.0.0.1 /shanghua/Public/admin/js/showdate.js
INFO: [ app_init ] --START--
INFO: Run Behavior\BuildLiteBehavior [ RunTime:0.000055s ]
INFO: [ app_init ] --END-- [ RunTime:0.001947s ]
ERR: 无法加载模块:Public

[ 2016-12-27T14:47:06+08:00 ] 127.0.0.1 /shanghua/Public/admin/js/showdate.js
INFO: [ app_init ] --START--
INFO: Run Behavior\BuildLiteBehavior [ RunTime:0.000068s ]
INFO: [ app_init ] --END-- [ RunTime:0.005813s ]
ERR: 无法加载模块:Public

[ 2016-12-27T14:47:11+08:00 ] 127.0.0.1 /shanghua/Public/admin/js/showdate.js
INFO: [ app_init ] --START--
INFO: Run Behavior\BuildLiteBehavior [ RunTime:0.000069s ]
INFO: [ app_init ] --END-- [ RunTime:0.007033s ]
ERR: 无法加载模块:Public

[ 2016-12-27T14:47:19+08:00 ] 127.0.0.1 /shanghua/Public/admin/js/showdate.js
INFO: [ app_init ] --START--
INFO: Run Behavior\BuildLiteBehavior [ RunTime:0.000061s ]
INFO: [ app_init ] --END-- [ RunTime:0.002251s ]
ERR: 无法加载模块:Public

[ 2016-12-27T14:47:24+08:00 ] 127.0.0.1 /shanghua/Public/admin/js/showdate.js
INFO: [ app_init ] --START--
INFO: Run Behavior\BuildLiteBehavior [ RunTime:0.000063s ]
INFO: [ app_init ] --END-- [ RunTime:0.007761s ]
ERR: 无法加载模块:Public

[ 2016-12-27T14:47:30+08:00 ] 127.0.0.1 /shanghua/Public/admin/js/showdate.js
INFO: [ app_init ] --START--
INFO: Run Behavior\BuildLiteBehavior [ RunTime:0.000069s ]
INFO: [ app_init ] --END-- [ RunTime:0.003163s ]
ERR: 无法加载模块:Public

[ 2016-12-27T14:47:55+08:00 ] 127.0.0.1 /shanghua/Public/admin/js/showdate.js
INFO: [ app_init ] --START--
INFO: Run Behavior\BuildLiteBehavior [ RunTime:0.000054s ]
INFO: [ app_init ] --END-- [ RunTime:0.001931s ]
ERR: 无法加载模块:Public

[ 2016-12-27T14:47:59+08:00 ] 127.0.0.1 /shanghua/Public/admin/js/showdate.js
INFO: [ app_init ] --START--
INFO: Run Behavior\BuildLiteBehavior [ RunTime:0.000053s ]
INFO: [ app_init ] --END-- [ RunTime:0.003245s ]
ERR: 无法加载模块:Public

[ 2016-12-27T14:48:04+08:00 ] 127.0.0.1 /shanghua/Public/admin/js/showdate.js
INFO: [ app_init ] --START--
INFO: Run Behavior\BuildLiteBehavior [ RunTime:0.000054s ]
INFO: [ app_init ] --END-- [ RunTime:0.002017s ]
ERR: 无法加载模块:Public

[ 2016-12-27T14:48:15+08:00 ] 127.0.0.1 /shanghua/Public/admin/js/showdate.js
INFO: [ app_init ] --START--
INFO: Run Behavior\BuildLiteBehavior [ RunTime:0.000072s ]
INFO: [ app_init ] --END-- [ RunTime:0.013565s ]
ERR: 无法加载模块:Public

[ 2016-12-27T14:48:20+08:00 ] 127.0.0.1 /shanghua/Public/admin/js/showdate.js
INFO: [ app_init ] --START--
INFO: Run Behavior\BuildLiteBehavior [ RunTime:0.000056s ]
INFO: [ app_init ] --END-- [ RunTime:0.014227s ]
ERR: 无法加载模块:Public

[ 2016-12-27T14:48:26+08:00 ] 127.0.0.1 /shanghua/Public/admin/js/showdate.js
INFO: [ app_init ] --START--
INFO: Run Behavior\BuildLiteBehavior [ RunTime:0.000065s ]
INFO: [ app_init ] --END-- [ RunTime:0.007008s ]
ERR: 无法加载模块:Public

[ 2016-12-27T14:48:28+08:00 ] 127.0.0.1 /shanghua/Public/admin/js/showdate.js
INFO: [ app_init ] --START--
INFO: Run Behavior\BuildLiteBehavior [ RunTime:0.000052s ]
INFO: [ app_init ] --END-- [ RunTime:0.008778s ]
ERR: 无法加载模块:Public

[ 2016-12-27T14:48:31+08:00 ] 127.0.0.1 /shanghua/Public/admin/js/showdate.js
INFO: [ app_init ] --START--
INFO: Run Behavior\BuildLiteBehavior [ RunTime:0.000056s ]
INFO: [ app_init ] --END-- [ RunTime:0.007829s ]
ERR: 无法加载模块:Public

[ 2016-12-27T14:48:33+08:00 ] 127.0.0.1 /shanghua/Public/admin/js/showdate.js
INFO: [ app_init ] --START--
INFO: Run Behavior\BuildLiteBehavior [ RunTime:0.000049s ]
INFO: [ app_init ] --END-- [ RunTime:0.004725s ]
ERR: 无法加载模块:Public

[ 2016-12-27T14:48:35+08:00 ] 127.0.0.1 /shanghua/Public/admin/js/showdate.js
INFO: [ app_init ] --START--
INFO: Run Behavior\BuildLiteBehavior [ RunTime:0.000064s ]
INFO: [ app_init ] --END-- [ RunTime:0.035296s ]
ERR: 无法加载模块:Public

[ 2016-12-27T14:48:37+08:00 ] 127.0.0.1 /shanghua/Public/admin/js/showdate.js
INFO: [ app_init ] --START--
INFO: Run Behavior\BuildLiteBehavior [ RunTime:0.000045s ]
INFO: [ app_init ] --END-- [ RunTime:0.001541s ]
ERR: 无法加载模块:Public

[ 2016-12-27T14:48:40+08:00 ] 127.0.0.1 /shanghua/Public/admin/js/showdate.js
INFO: [ app_init ] --START--
INFO: Run Behavior\BuildLiteBehavior [ RunTime:0.000060s ]
INFO: [ app_init ] --END-- [ RunTime:0.002509s ]
ERR: 无法加载模块:Public

[ 2016-12-27T14:48:42+08:00 ] 127.0.0.1 /shanghua/Public/admin/js/showdate.js
INFO: [ app_init ] --START--
INFO: Run Behavior\BuildLiteBehavior [ RunTime:0.000048s ]
INFO: [ app_init ] --END-- [ RunTime:0.002872s ]
ERR: 无法加载模块:Public

[ 2016-12-27T14:48:45+08:00 ] 127.0.0.1 /shanghua/Public/admin/js/showdate.js
INFO: [ app_init ] --START--
INFO: Run Behavior\BuildLiteBehavior [ RunTime:0.000063s ]
INFO: [ app_init ] --END-- [ RunTime:0.003045s ]
ERR: 无法加载模块:Public

[ 2016-12-27T14:49:27+08:00 ] 127.0.0.1 /shanghua/Public/admin/js/showdate.js
INFO: [ app_init ] --START--
INFO: Run Behavior\BuildLiteBehavior [ RunTime:0.000054s ]
INFO: [ app_init ] --END-- [ RunTime:0.001846s ]
ERR: 无法加载模块:Public

[ 2016-12-27T14:49:29+08:00 ] 127.0.0.1 /shanghua/Public/admin/js/showdate.js
INFO: [ app_init ] --START--
INFO: Run Behavior\BuildLiteBehavior [ RunTime:0.000083s ]
INFO: [ app_init ] --END-- [ RunTime:0.004355s ]
ERR: 无法加载模块:Public

[ 2016-12-27T14:49:34+08:00 ] 127.0.0.1 /shanghua/Public/admin/js/showdate.js
INFO: [ app_init ] --START--
INFO: Run Behavior\BuildLiteBehavior [ RunTime:0.000052s ]
INFO: [ app_init ] --END-- [ RunTime:0.001920s ]
ERR: 无法加载模块:Public

[ 2016-12-27T14:49:39+08:00 ] 127.0.0.1 /shanghua/Public/admin/js/showdate.js
INFO: [ app_init ] --START--
INFO: Run Behavior\BuildLiteBehavior [ RunTime:0.000053s ]
INFO: [ app_init ] --END-- [ RunTime:0.010116s ]
ERR: 无法加载模块:Public

[ 2016-12-27T14:49:43+08:00 ] 127.0.0.1 /shanghua/Public/admin/js/showdate.js
INFO: [ app_init ] --START--
INFO: Run Behavior\BuildLiteBehavior [ RunTime:0.000052s ]
INFO: [ app_init ] --END-- [ RunTime:0.001992s ]
ERR: 无法加载模块:Public

[ 2016-12-27T14:49:50+08:00 ] 127.0.0.1 /shanghua/Public/admin/js/showdate.js
INFO: [ app_init ] --START--
INFO: Run Behavior\BuildLiteBehavior [ RunTime:0.000082s ]
INFO: [ app_init ] --END-- [ RunTime:0.009540s ]
ERR: 无法加载模块:Public

[ 2016-12-27T14:49:55+08:00 ] 127.0.0.1 /shanghua/Public/admin/js/showdate.js
INFO: [ app_init ] --START--
INFO: Run Behavior\BuildLiteBehavior [ RunTime:0.000052s ]
INFO: [ app_init ] --END-- [ RunTime:0.001867s ]
ERR: 无法加载模块:Public

[ 2016-12-27T14:49:59+08:00 ] 127.0.0.1 /shanghua/Public/admin/js/showdate.js
INFO: [ app_init ] --START--
INFO: Run Behavior\BuildLiteBehavior [ RunTime:0.000176s ]
INFO: [ app_init ] --END-- [ RunTime:0.002807s ]
ERR: 无法加载模块:Public

[ 2016-12-27T14:50:04+08:00 ] 127.0.0.1 /shanghua/Public/admin/js/showdate.js
INFO: [ app_init ] --START--
INFO: Run Behavior\BuildLiteBehavior [ RunTime:0.000071s ]
INFO: [ app_init ] --END-- [ RunTime:0.006095s ]
ERR: 无法加载模块:Public

[ 2016-12-27T14:50:08+08:00 ] 127.0.0.1 /shanghua/Public/admin/js/showdate.js
INFO: [ app_init ] --START--
INFO: Run Behavior\BuildLiteBehavior [ RunTime:0.000052s ]
INFO: [ app_init ] --END-- [ RunTime:0.001846s ]
ERR: 无法加载模块:Public

[ 2016-12-27T14:54:46+08:00 ] 127.0.0.1 /shanghua/Public/admin/js/showdate.js
INFO: [ app_init ] --START--
INFO: Run Behavior\BuildLiteBehavior [ RunTime:0.000062s ]
INFO: [ app_init ] --END-- [ RunTime:0.002061s ]
ERR: 无法加载模块:Public

[ 2016-12-27T14:54:50+08:00 ] 127.0.0.1 /shanghua/Public/admin/js/showdate.js
INFO: [ app_init ] --START--
INFO: Run Behavior\BuildLiteBehavior [ RunTime:0.000055s ]
INFO: [ app_init ] --END-- [ RunTime:0.002921s ]
ERR: 无法加载模块:Public

[ 2016-12-27T14:54:53+08:00 ] 127.0.0.1 /shanghua/Public/admin/js/showdate.js
INFO: [ app_init ] --START--
INFO: Run Behavior\BuildLiteBehavior [ RunTime:0.000048s ]
INFO: [ app_init ] --END-- [ RunTime:0.001770s ]
ERR: 无法加载模块:Public

[ 2016-12-27T14:54:58+08:00 ] 127.0.0.1 /shanghua/Public/admin/js/showdate.js
INFO: [ app_init ] --START--
INFO: Run Behavior\BuildLiteBehavior [ RunTime:0.000073s ]
INFO: [ app_init ] --END-- [ RunTime:0.005108s ]
ERR: 无法加载模块:Public

[ 2016-12-27T14:55:15+08:00 ] 127.0.0.1 /shanghua/Public/admin/js/showdate.js
INFO: [ app_init ] --START--
INFO: Run Behavior\BuildLiteBehavior [ RunTime:0.000069s ]
INFO: [ app_init ] --END-- [ RunTime:0.002862s ]
ERR: 无法加载模块:Public

[ 2016-12-27T14:55:26+08:00 ] 127.0.0.1 /shanghua/Public/admin/js/showdate.js
INFO: [ app_init ] --START--
INFO: Run Behavior\BuildLiteBehavior [ RunTime:0.000063s ]
INFO: [ app_init ] --END-- [ RunTime:0.002363s ]
ERR: 无法加载模块:Public

[ 2016-12-27T14:55:39+08:00 ] 127.0.0.1 /shanghua/Public/admin/js/showdate.js
INFO: [ app_init ] --START--
INFO: Run Behavior\BuildLiteBehavior [ RunTime:0.000144s ]
INFO: [ app_init ] --END-- [ RunTime:0.002875s ]
ERR: 无法加载模块:Public

[ 2016-12-27T14:55:42+08:00 ] 127.0.0.1 /shanghua/Public/admin/js/showdate.js
INFO: [ app_init ] --START--
INFO: Run Behavior\BuildLiteBehavior [ RunTime:0.000057s ]
INFO: [ app_init ] --END-- [ RunTime:0.009223s ]
ERR: 无法加载模块:Public

[ 2016-12-27T14:56:01+08:00 ] 127.0.0.1 /shanghua/Public/admin/js/showdate.js
INFO: [ app_init ] --START--
INFO: Run Behavior\BuildLiteBehavior [ RunTime:0.000043s ]
INFO: [ app_init ] --END-- [ RunTime:0.001702s ]
ERR: 无法加载模块:Public

[ 2016-12-27T14:56:05+08:00 ] 127.0.0.1 /shanghua/Public/admin/js/showdate.js
INFO: [ app_init ] --START--
INFO: Run Behavior\BuildLiteBehavior [ RunTime:0.000053s ]
INFO: [ app_init ] --END-- [ RunTime:0.005666s ]
ERR: 无法加载模块:Public

[ 2016-12-27T14:56:08+08:00 ] 127.0.0.1 /shanghua/Public/admin/js/showdate.js
INFO: [ app_init ] --START--
INFO: Run Behavior\BuildLiteBehavior [ RunTime:0.000064s ]
INFO: [ app_init ] --END-- [ RunTime:0.006941s ]
ERR: 无法加载模块:Public

[ 2016-12-27T14:56:21+08:00 ] 127.0.0.1 /shanghua/Public/admin/js/showdate.js
INFO: [ app_init ] --START--
INFO: Run Behavior\BuildLiteBehavior [ RunTime:0.000066s ]
INFO: [ app_init ] --END-- [ RunTime:0.006352s ]
ERR: 无法加载模块:Public

[ 2016-12-27T14:56:25+08:00 ] 127.0.0.1 /shanghua/Public/admin/js/showdate.js
INFO: [ app_init ] --START--
INFO: Run Behavior\BuildLiteBehavior [ RunTime:0.000055s ]
INFO: [ app_init ] --END-- [ RunTime:0.017726s ]
ERR: 无法加载模块:Public

[ 2016-12-27T14:56:29+08:00 ] 127.0.0.1 /shanghua/Public/admin/js/showdate.js
INFO: [ app_init ] --START--
INFO: Run Behavior\BuildLiteBehavior [ RunTime:0.000046s ]
INFO: [ app_init ] --END-- [ RunTime:0.001630s ]
ERR: 无法加载模块:Public

[ 2016-12-27T14:56:33+08:00 ] 127.0.0.1 /shanghua/Public/admin/js/showdate.js
INFO: [ app_init ] --START--
INFO: Run Behavior\BuildLiteBehavior [ RunTime:0.000054s ]
INFO: [ app_init ] --END-- [ RunTime:0.010038s ]
ERR: 无法加载模块:Public

[ 2016-12-27T14:56:42+08:00 ] 127.0.0.1 /shanghua/Public/admin/js/showdate.js
INFO: [ app_init ] --START--
INFO: Run Behavior\BuildLiteBehavior [ RunTime:0.000054s ]
INFO: [ app_init ] --END-- [ RunTime:0.005858s ]
ERR: 无法加载模块:Public

[ 2016-12-27T15:03:52+08:00 ] 127.0.0.1 /shanghua/Public/home/images/r_b.png
INFO: [ app_init ] --START--
INFO: Run Behavior\BuildLiteBehavior [ RunTime:0.000045s ]
INFO: [ app_init ] --END-- [ RunTime:0.004861s ]
ERR: 无法加载模块:Public

[ 2016-12-27T15:10:24+08:00 ] 127.0.0.1 /shanghua/Public/home/images/r_b.png
INFO: [ app_init ] --START--
INFO: Run Behavior\BuildLiteBehavior [ RunTime:0.000047s ]
INFO: [ app_init ] --END-- [ RunTime:0.001826s ]
ERR: 无法加载模块:Public

[ 2016-12-27T15:12:12+08:00 ] 127.0.0.1 /shanghua/Public/home/images/r_b.png
INFO: [ app_init ] --START--
INFO: Run Behavior\BuildLiteBehavior [ RunTime:0.000036s ]
INFO: [ app_init ] --END-- [ RunTime:0.001918s ]
ERR: 无法加载模块:Public

[ 2016-12-27T15:12:18+08:00 ] 127.0.0.1 /shanghua/Public/home/images/r_b.png
INFO: [ app_init ] --START--
INFO: Run Behavior\BuildLiteBehavior [ RunTime:0.000163s ]
INFO: [ app_init ] --END-- [ RunTime:0.005249s ]
ERR: 无法加载模块:Public

